[0.141s] Invoking command in '/home/khw/simulation_ws/build/turtlebot3_msgs': CMAKE_PREFIX_PATH=${CMAKE_PREFIX_PATH}:/opt/ros/humble:/home/khw/simulation_ws/install/turtlebot3_teleop:/home/khw/simulation_ws/install/turtlebot3_example:/home/khw/simulation_ws/install/odom_tools /usr/bin/cmake --build /home/khw/simulation_ws/build/turtlebot3_msgs -- -j12 -l12
[1.944s] [ 11%] Built target turtlebot3_msgs__rosidl_generator_c
[1.947s] [ 12%] Built target turtlebot3_msgs__cpp
[1.948s] [ 12%] Built target ament_cmake_python_symlink_turtlebot3_msgs
[1.951s] [ 24%] Built target turtlebot3_msgs__rosidl_typesupport_fastrtps_c
[1.951s] [ 35%] Built target turtlebot3_msgs__rosidl_typesupport_introspection_c
[1.952s] [ 46%] Built target turtlebot3_msgs__rosidl_typesupport_c
[1.953s] [ 58%] Built target turtlebot3_msgs__rosidl_typesupport_introspection_cpp
[1.954s] [ 69%] Built target turtlebot3_msgs__rosidl_typesupport_fastrtps_cpp
[1.954s] [ 81%] Built target turtlebot3_msgs__rosidl_typesupport_cpp
[1.954s] [ 81%] Built target turtlebot3_msgs
[1.956s] [ 82%] Built target turtlebot3_msgs__py
[1.956s] [ 92%] Built target turtlebot3_msgs__rosidl_generator_py
[1.956s] [ 94%] Built target turtlebot3_msgs__rosidl_typesupport_introspection_c__pyext
[1.956s] [ 97%] Built target turtlebot3_msgs__rosidl_typesupport_fastrtps_c__pyext
[1.956s] [100%] Built target turtlebot3_msgs__rosidl_typesupport_c__pyext
[2.222s] running egg_info
[2.303s] writing turtlebot3_msgs.egg-info/PKG-INFO
[2.303s] writing dependency_links to turtlebot3_msgs.egg-info/dependency_links.txt
[2.304s] writing top-level names to turtlebot3_msgs.egg-info/top_level.txt
[2.568s] reading manifest file 'turtlebot3_msgs.egg-info/SOURCES.txt'
[2.572s] writing manifest file 'turtlebot3_msgs.egg-info/SOURCES.txt'
[2.736s] [100%] Built target ament_cmake_python_build_turtlebot3_msgs_egg
[3.467s] Invoked command in '/home/khw/simulation_ws/build/turtlebot3_msgs' returned '0': CMAKE_PREFIX_PATH=${CMAKE_PREFIX_PATH}:/opt/ros/humble:/home/khw/simulation_ws/install/turtlebot3_teleop:/home/khw/simulation_ws/install/turtlebot3_example:/home/khw/simulation_ws/install/odom_tools /usr/bin/cmake --build /home/khw/simulation_ws/build/turtlebot3_msgs -- -j12 -l12
[3.487s] Invoking command in '/home/khw/simulation_ws/build/turtlebot3_msgs': CMAKE_PREFIX_PATH=${CMAKE_PREFIX_PATH}:/opt/ros/humble:/home/khw/simulation_ws/install/turtlebot3_teleop:/home/khw/simulation_ws/install/turtlebot3_example:/home/khw/simulation_ws/install/odom_tools /usr/bin/cmake --install /home/khw/simulation_ws/build/turtlebot3_msgs
[3.709s] -- Install configuration: ""
[3.710s] -- Execute custom install script
[3.710s] -- Up-to-date symlink: /home/khw/simulation_ws/install/turtlebot3_msgs/share/ament_index/resource_index/rosidl_interfaces/turtlebot3_msgs
[3.711s] -- Up-to-date symlink: /home/khw/simulation_ws/install/turtlebot3_msgs/include/turtlebot3_msgs/turtlebot3_msgs/action/detail/patrol__functions.h
[3.711s] -- Up-to-date symlink: /home/khw/simulation_ws/install/turtlebot3_msgs/include/turtlebot3_msgs/turtlebot3_msgs/action/detail/patrol__struct.h
[3.711s] -- Up-to-date symlink: /home/khw/simulation_ws/install/turtlebot3_msgs/include/turtlebot3_msgs/turtlebot3_msgs/action/detail/patrol__type_support.h
[3.712s] -- Up-to-date symlink: /home/khw/simulation_ws/install/turtlebot3_msgs/include/turtlebot3_msgs/turtlebot3_msgs/action/patrol.h
[3.712s] -- Up-to-date symlink: /home/khw/simulation_ws/install/turtlebot3_msgs/include/turtlebot3_msgs/turtlebot3_msgs/msg/detail/sensor_state__functions.h
[3.737s] -- Up-to-date symlink: /home/khw/simulation_ws/install/turtlebot3_msgs/include/turtlebot3_msgs/turtlebot3_msgs/msg/detail/sensor_state__struct.h
[3.741s] -- Up-to-date symlink: /home/khw/simulation_ws/install/turtlebot3_msgs/include/turtlebot3_msgs/turtlebot3_msgs/msg/detail/sensor_state__type_support.h
[3.747s] -- Up-to-date symlink: /home/khw/simulation_ws/install/turtlebot3_msgs/include/turtlebot3_msgs/turtlebot3_msgs/msg/detail/sound__functions.h
[3.763s] -- Up-to-date symlink: /home/khw/simulation_ws/install/turtlebot3_msgs/include/turtlebot3_msgs/turtlebot3_msgs/msg/detail/sound__struct.h
[3.785s] -- Up-to-date symlink: /home/khw/simulation_ws/install/turtlebot3_msgs/include/turtlebot3_msgs/turtlebot3_msgs/msg/detail/sound__type_support.h
[3.786s] -- Up-to-date symlink: /home/khw/simulation_ws/install/turtlebot3_msgs/include/turtlebot3_msgs/turtlebot3_msgs/msg/detail/version_info__functions.h
[3.786s] -- Up-to-date symlink: /home/khw/simulation_ws/install/turtlebot3_msgs/include/turtlebot3_msgs/turtlebot3_msgs/msg/detail/version_info__struct.h
[3.787s] -- Up-to-date symlink: /home/khw/simulation_ws/install/turtlebot3_msgs/include/turtlebot3_msgs/turtlebot3_msgs/msg/detail/version_info__type_support.h
[3.787s] -- Up-to-date symlink: /home/khw/simulation_ws/install/turtlebot3_msgs/include/turtlebot3_msgs/turtlebot3_msgs/msg/rosidl_generator_c__visibility_control.h
[3.819s] -- Up-to-date symlink: /home/khw/simulation_ws/install/turtlebot3_msgs/include/turtlebot3_msgs/turtlebot3_msgs/msg/sensor_state.h
[3.819s] -- Up-to-date symlink: /home/khw/simulation_ws/install/turtlebot3_msgs/include/turtlebot3_msgs/turtlebot3_msgs/msg/sound.h
[3.820s] -- Up-to-date symlink: /home/khw/simulation_ws/install/turtlebot3_msgs/include/turtlebot3_msgs/turtlebot3_msgs/msg/version_info.h
[3.820s] -- Up-to-date symlink: /home/khw/simulation_ws/install/turtlebot3_msgs/include/turtlebot3_msgs/turtlebot3_msgs/srv/detail/dqn__functions.h
[3.826s] -- Up-to-date symlink: /home/khw/simulation_ws/install/turtlebot3_msgs/include/turtlebot3_msgs/turtlebot3_msgs/srv/detail/dqn__struct.h
[3.826s] -- Up-to-date symlink: /home/khw/simulation_ws/install/turtlebot3_msgs/include/turtlebot3_msgs/turtlebot3_msgs/srv/detail/dqn__type_support.h
[3.826s] -- Up-to-date symlink: /home/khw/simulation_ws/install/turtlebot3_msgs/include/turtlebot3_msgs/turtlebot3_msgs/srv/detail/goal__functions.h
[3.827s] -- Up-to-date symlink: /home/khw/simulation_ws/install/turtlebot3_msgs/include/turtlebot3_msgs/turtlebot3_msgs/srv/detail/goal__struct.h
[3.827s] -- Up-to-date symlink: /home/khw/simulation_ws/install/turtlebot3_msgs/include/turtlebot3_msgs/turtlebot3_msgs/srv/detail/goal__type_support.h
[3.828s] -- Up-to-date symlink: /home/khw/simulation_ws/install/turtlebot3_msgs/include/turtlebot3_msgs/turtlebot3_msgs/srv/detail/sound__functions.h
[3.828s] -- Up-to-date symlink: /home/khw/simulation_ws/install/turtlebot3_msgs/include/turtlebot3_msgs/turtlebot3_msgs/srv/detail/sound__struct.h
[3.829s] -- Up-to-date symlink: /home/khw/simulation_ws/install/turtlebot3_msgs/include/turtlebot3_msgs/turtlebot3_msgs/srv/detail/sound__type_support.h
[3.830s] -- Up-to-date symlink: /home/khw/simulation_ws/install/turtlebot3_msgs/include/turtlebot3_msgs/turtlebot3_msgs/srv/dqn.h
[3.830s] -- Up-to-date symlink: /home/khw/simulation_ws/install/turtlebot3_msgs/include/turtlebot3_msgs/turtlebot3_msgs/srv/goal.h
[3.838s] -- Up-to-date symlink: /home/khw/simulation_ws/install/turtlebot3_msgs/include/turtlebot3_msgs/turtlebot3_msgs/srv/sound.h
[3.839s] -- Up-to-date symlink: /home/khw/simulation_ws/install/turtlebot3_msgs/share/turtlebot3_msgs/environment/library_path.sh
[3.839s] -- Up-to-date symlink: /home/khw/simulation_ws/install/turtlebot3_msgs/share/turtlebot3_msgs/environment/library_path.dsv
[3.848s] -- Up-to-date symlink: /home/khw/simulation_ws/install/turtlebot3_msgs/include/turtlebot3_msgs/turtlebot3_msgs/action/detail/patrol__rosidl_typesupport_fastrtps_c.h
[3.848s] -- Up-to-date symlink: /home/khw/simulation_ws/install/turtlebot3_msgs/include/turtlebot3_msgs/turtlebot3_msgs/msg/detail/sensor_state__rosidl_typesupport_fastrtps_c.h
[3.849s] -- Up-to-date symlink: /home/khw/simulation_ws/install/turtlebot3_msgs/include/turtlebot3_msgs/turtlebot3_msgs/msg/detail/sound__rosidl_typesupport_fastrtps_c.h
[3.868s] -- Up-to-date symlink: /home/khw/simulation_ws/install/turtlebot3_msgs/include/turtlebot3_msgs/turtlebot3_msgs/msg/detail/version_info__rosidl_typesupport_fastrtps_c.h
[3.872s] -- Up-to-date symlink: /home/khw/simulation_ws/install/turtlebot3_msgs/include/turtlebot3_msgs/turtlebot3_msgs/msg/rosidl_typesupport_fastrtps_c__visibility_control.h
[3.872s] -- Up-to-date symlink: /home/khw/simulation_ws/install/turtlebot3_msgs/include/turtlebot3_msgs/turtlebot3_msgs/srv/detail/dqn__rosidl_typesupport_fastrtps_c.h
[3.873s] -- Up-to-date symlink: /home/khw/simulation_ws/install/turtlebot3_msgs/include/turtlebot3_msgs/turtlebot3_msgs/srv/detail/goal__rosidl_typesupport_fastrtps_c.h
[3.873s] -- Up-to-date symlink: /home/khw/simulation_ws/install/turtlebot3_msgs/include/turtlebot3_msgs/turtlebot3_msgs/srv/detail/sound__rosidl_typesupport_fastrtps_c.h
[3.873s] -- Up-to-date symlink: /home/khw/simulation_ws/install/turtlebot3_msgs/include/turtlebot3_msgs/turtlebot3_msgs/action/detail/patrol__builder.hpp
[3.874s] -- Up-to-date symlink: /home/khw/simulation_ws/install/turtlebot3_msgs/include/turtlebot3_msgs/turtlebot3_msgs/action/detail/patrol__struct.hpp
[3.874s] -- Up-to-date symlink: /home/khw/simulation_ws/install/turtlebot3_msgs/include/turtlebot3_msgs/turtlebot3_msgs/action/detail/patrol__traits.hpp
[3.874s] -- Up-to-date symlink: /home/khw/simulation_ws/install/turtlebot3_msgs/include/turtlebot3_msgs/turtlebot3_msgs/action/detail/patrol__type_support.hpp
[3.875s] -- Up-to-date symlink: /home/khw/simulation_ws/install/turtlebot3_msgs/include/turtlebot3_msgs/turtlebot3_msgs/action/patrol.hpp
[3.875s] -- Up-to-date symlink: /home/khw/simulation_ws/install/turtlebot3_msgs/include/turtlebot3_msgs/turtlebot3_msgs/msg/detail/sensor_state__builder.hpp
[3.884s] -- Up-to-date symlink: /home/khw/simulation_ws/install/turtlebot3_msgs/include/turtlebot3_msgs/turtlebot3_msgs/msg/detail/sensor_state__struct.hpp
[3.887s] -- Up-to-date symlink: /home/khw/simulation_ws/install/turtlebot3_msgs/include/turtlebot3_msgs/turtlebot3_msgs/msg/detail/sensor_state__traits.hpp
[3.887s] -- Up-to-date symlink: /home/khw/simulation_ws/install/turtlebot3_msgs/include/turtlebot3_msgs/turtlebot3_msgs/msg/detail/sensor_state__type_support.hpp
[3.888s] -- Up-to-date symlink: /home/khw/simulation_ws/install/turtlebot3_msgs/include/turtlebot3_msgs/turtlebot3_msgs/msg/detail/sound__builder.hpp
[3.888s] -- Up-to-date symlink: /home/khw/simulation_ws/install/turtlebot3_msgs/include/turtlebot3_msgs/turtlebot3_msgs/msg/detail/sound__struct.hpp
[3.888s] -- Up-to-date symlink: /home/khw/simulation_ws/install/turtlebot3_msgs/include/turtlebot3_msgs/turtlebot3_msgs/msg/detail/sound__traits.hpp
[3.889s] -- Up-to-date symlink: /home/khw/simulation_ws/install/turtlebot3_msgs/include/turtlebot3_msgs/turtlebot3_msgs/msg/detail/sound__type_support.hpp
[3.889s] -- Up-to-date symlink: /home/khw/simulation_ws/install/turtlebot3_msgs/include/turtlebot3_msgs/turtlebot3_msgs/msg/detail/version_info__builder.hpp
[3.889s] -- Up-to-date symlink: /home/khw/simulation_ws/install/turtlebot3_msgs/include/turtlebot3_msgs/turtlebot3_msgs/msg/detail/version_info__struct.hpp
[3.890s] -- Up-to-date symlink: /home/khw/simulation_ws/install/turtlebot3_msgs/include/turtlebot3_msgs/turtlebot3_msgs/msg/detail/version_info__traits.hpp
[3.902s] -- Up-to-date symlink: /home/khw/simulation_ws/install/turtlebot3_msgs/include/turtlebot3_msgs/turtlebot3_msgs/msg/detail/version_info__type_support.hpp
[3.902s] -- Up-to-date symlink: /home/khw/simulation_ws/install/turtlebot3_msgs/include/turtlebot3_msgs/turtlebot3_msgs/msg/rosidl_generator_cpp__visibility_control.hpp
[3.905s] -- Up-to-date symlink: /home/khw/simulation_ws/install/turtlebot3_msgs/include/turtlebot3_msgs/turtlebot3_msgs/msg/sensor_state.hpp
[3.905s] -- Up-to-date symlink: /home/khw/simulation_ws/install/turtlebot3_msgs/include/turtlebot3_msgs/turtlebot3_msgs/msg/sound.hpp
[3.905s] -- Up-to-date symlink: /home/khw/simulation_ws/install/turtlebot3_msgs/include/turtlebot3_msgs/turtlebot3_msgs/msg/version_info.hpp
[3.906s] -- Up-to-date symlink: /home/khw/simulation_ws/install/turtlebot3_msgs/include/turtlebot3_msgs/turtlebot3_msgs/srv/detail/dqn__builder.hpp
[3.906s] -- Up-to-date symlink: /home/khw/simulation_ws/install/turtlebot3_msgs/include/turtlebot3_msgs/turtlebot3_msgs/srv/detail/dqn__struct.hpp
[3.906s] -- Up-to-date symlink: /home/khw/simulation_ws/install/turtlebot3_msgs/include/turtlebot3_msgs/turtlebot3_msgs/srv/detail/dqn__traits.hpp
[3.909s] -- Up-to-date symlink: /home/khw/simulation_ws/install/turtlebot3_msgs/include/turtlebot3_msgs/turtlebot3_msgs/srv/detail/dqn__type_support.hpp
[3.909s] -- Up-to-date symlink: /home/khw/simulation_ws/install/turtlebot3_msgs/include/turtlebot3_msgs/turtlebot3_msgs/srv/detail/goal__builder.hpp
[3.910s] -- Up-to-date symlink: /home/khw/simulation_ws/install/turtlebot3_msgs/include/turtlebot3_msgs/turtlebot3_msgs/srv/detail/goal__struct.hpp
[3.910s] -- Up-to-date symlink: /home/khw/simulation_ws/install/turtlebot3_msgs/include/turtlebot3_msgs/turtlebot3_msgs/srv/detail/goal__traits.hpp
[3.910s] -- Up-to-date symlink: /home/khw/simulation_ws/install/turtlebot3_msgs/include/turtlebot3_msgs/turtlebot3_msgs/srv/detail/goal__type_support.hpp
[3.911s] -- Up-to-date symlink: /home/khw/simulation_ws/install/turtlebot3_msgs/include/turtlebot3_msgs/turtlebot3_msgs/srv/detail/sound__builder.hpp
[3.911s] -- Up-to-date symlink: /home/khw/simulation_ws/install/turtlebot3_msgs/include/turtlebot3_msgs/turtlebot3_msgs/srv/detail/sound__struct.hpp
[3.911s] -- Up-to-date symlink: /home/khw/simulation_ws/install/turtlebot3_msgs/include/turtlebot3_msgs/turtlebot3_msgs/srv/detail/sound__traits.hpp
[3.912s] -- Up-to-date symlink: /home/khw/simulation_ws/install/turtlebot3_msgs/include/turtlebot3_msgs/turtlebot3_msgs/srv/detail/sound__type_support.hpp
[3.912s] -- Up-to-date symlink: /home/khw/simulation_ws/install/turtlebot3_msgs/include/turtlebot3_msgs/turtlebot3_msgs/srv/dqn.hpp
[3.920s] -- Up-to-date symlink: /home/khw/simulation_ws/install/turtlebot3_msgs/include/turtlebot3_msgs/turtlebot3_msgs/srv/goal.hpp
[3.921s] -- Up-to-date symlink: /home/khw/simulation_ws/install/turtlebot3_msgs/include/turtlebot3_msgs/turtlebot3_msgs/srv/sound.hpp
[3.921s] -- Up-to-date symlink: /home/khw/simulation_ws/install/turtlebot3_msgs/include/turtlebot3_msgs/turtlebot3_msgs/action/detail/patrol__rosidl_typesupport_fastrtps_cpp.hpp
[3.922s] -- Up-to-date symlink: /home/khw/simulation_ws/install/turtlebot3_msgs/include/turtlebot3_msgs/turtlebot3_msgs/msg/detail/sensor_state__rosidl_typesupport_fastrtps_cpp.hpp
[4.008s] -- Up-to-date symlink: /home/khw/simulation_ws/install/turtlebot3_msgs/include/turtlebot3_msgs/turtlebot3_msgs/msg/detail/sound__rosidl_typesupport_fastrtps_cpp.hpp
[4.008s] -- Up-to-date symlink: /home/khw/simulation_ws/install/turtlebot3_msgs/include/turtlebot3_msgs/turtlebot3_msgs/msg/detail/version_info__rosidl_typesupport_fastrtps_cpp.hpp
[4.008s] -- Up-to-date symlink: /home/khw/simulation_ws/install/turtlebot3_msgs/include/turtlebot3_msgs/turtlebot3_msgs/msg/rosidl_typesupport_fastrtps_cpp__visibility_control.h
[4.009s] -- Up-to-date symlink: /home/khw/simulation_ws/install/turtlebot3_msgs/include/turtlebot3_msgs/turtlebot3_msgs/srv/detail/dqn__rosidl_typesupport_fastrtps_cpp.hpp
[4.009s] -- Up-to-date symlink: /home/khw/simulation_ws/install/turtlebot3_msgs/include/turtlebot3_msgs/turtlebot3_msgs/srv/detail/goal__rosidl_typesupport_fastrtps_cpp.hpp
[4.009s] -- Up-to-date symlink: /home/khw/simulation_ws/install/turtlebot3_msgs/include/turtlebot3_msgs/turtlebot3_msgs/srv/detail/sound__rosidl_typesupport_fastrtps_cpp.hpp
[4.010s] -- Up-to-date symlink: /home/khw/simulation_ws/install/turtlebot3_msgs/include/turtlebot3_msgs/turtlebot3_msgs/action/detail/patrol__rosidl_typesupport_introspection_c.h
[4.010s] -- Up-to-date symlink: /home/khw/simulation_ws/install/turtlebot3_msgs/include/turtlebot3_msgs/turtlebot3_msgs/msg/detail/sensor_state__rosidl_typesupport_introspection_c.h
[4.010s] -- Up-to-date symlink: /home/khw/simulation_ws/install/turtlebot3_msgs/include/turtlebot3_msgs/turtlebot3_msgs/msg/detail/sound__rosidl_typesupport_introspection_c.h
[4.017s] -- Up-to-date symlink: /home/khw/simulation_ws/install/turtlebot3_msgs/include/turtlebot3_msgs/turtlebot3_msgs/msg/detail/version_info__rosidl_typesupport_introspection_c.h
[4.017s] -- Up-to-date symlink: /home/khw/simulation_ws/install/turtlebot3_msgs/include/turtlebot3_msgs/turtlebot3_msgs/msg/rosidl_typesupport_introspection_c__visibility_control.h
[4.018s] -- Up-to-date symlink: /home/khw/simulation_ws/install/turtlebot3_msgs/include/turtlebot3_msgs/turtlebot3_msgs/srv/detail/dqn__rosidl_typesupport_introspection_c.h
[4.018s] -- Up-to-date symlink: /home/khw/simulation_ws/install/turtlebot3_msgs/include/turtlebot3_msgs/turtlebot3_msgs/srv/detail/goal__rosidl_typesupport_introspection_c.h
[4.018s] -- Up-to-date symlink: /home/khw/simulation_ws/install/turtlebot3_msgs/include/turtlebot3_msgs/turtlebot3_msgs/srv/detail/sound__rosidl_typesupport_introspection_c.h
[4.018s] -- Up-to-date symlink: /home/khw/simulation_ws/install/turtlebot3_msgs/include/turtlebot3_msgs/turtlebot3_msgs/action/detail/patrol__rosidl_typesupport_introspection_cpp.hpp
[4.019s] -- Up-to-date symlink: /home/khw/simulation_ws/install/turtlebot3_msgs/include/turtlebot3_msgs/turtlebot3_msgs/msg/detail/sensor_state__rosidl_typesupport_introspection_cpp.hpp
[4.019s] -- Up-to-date symlink: /home/khw/simulation_ws/install/turtlebot3_msgs/include/turtlebot3_msgs/turtlebot3_msgs/msg/detail/sound__rosidl_typesupport_introspection_cpp.hpp
[4.019s] -- Up-to-date symlink: /home/khw/simulation_ws/install/turtlebot3_msgs/include/turtlebot3_msgs/turtlebot3_msgs/msg/detail/version_info__rosidl_typesupport_introspection_cpp.hpp
[4.020s] -- Up-to-date symlink: /home/khw/simulation_ws/install/turtlebot3_msgs/include/turtlebot3_msgs/turtlebot3_msgs/srv/detail/dqn__rosidl_typesupport_introspection_cpp.hpp
[4.020s] -- Up-to-date symlink: /home/khw/simulation_ws/install/turtlebot3_msgs/include/turtlebot3_msgs/turtlebot3_msgs/srv/detail/goal__rosidl_typesupport_introspection_cpp.hpp
[4.020s] -- Up-to-date symlink: /home/khw/simulation_ws/install/turtlebot3_msgs/include/turtlebot3_msgs/turtlebot3_msgs/srv/detail/sound__rosidl_typesupport_introspection_cpp.hpp
[4.025s] -- Up-to-date symlink: /home/khw/simulation_ws/install/turtlebot3_msgs/share/turtlebot3_msgs/environment/pythonpath.sh
[4.026s] -- Up-to-date symlink: /home/khw/simulation_ws/install/turtlebot3_msgs/share/turtlebot3_msgs/environment/pythonpath.dsv
[4.026s] -- Up-to-date symlink: /home/khw/simulation_ws/install/turtlebot3_msgs/local/lib/python3.10/dist-packages/turtlebot3_msgs-2.4.0-py3.10.egg-info/PKG-INFO
[4.026s] -- Up-to-date symlink: /home/khw/simulation_ws/install/turtlebot3_msgs/local/lib/python3.10/dist-packages/turtlebot3_msgs-2.4.0-py3.10.egg-info/SOURCES.txt
[4.027s] -- Up-to-date symlink: /home/khw/simulation_ws/install/turtlebot3_msgs/local/lib/python3.10/dist-packages/turtlebot3_msgs-2.4.0-py3.10.egg-info/dependency_links.txt
[4.027s] -- Up-to-date symlink: /home/khw/simulation_ws/install/turtlebot3_msgs/local/lib/python3.10/dist-packages/turtlebot3_msgs-2.4.0-py3.10.egg-info/top_level.txt
[4.027s] -- Up-to-date symlink: /home/khw/simulation_ws/install/turtlebot3_msgs/local/lib/python3.10/dist-packages/turtlebot3_msgs/__init__.py
[4.028s] -- Up-to-date symlink: /home/khw/simulation_ws/install/turtlebot3_msgs/local/lib/python3.10/dist-packages/turtlebot3_msgs/_turtlebot3_msgs_s.ep.rosidl_typesupport_c.c
[4.028s] -- Up-to-date symlink: /home/khw/simulation_ws/install/turtlebot3_msgs/local/lib/python3.10/dist-packages/turtlebot3_msgs/_turtlebot3_msgs_s.ep.rosidl_typesupport_fastrtps_c.c
[4.032s] -- Up-to-date symlink: /home/khw/simulation_ws/install/turtlebot3_msgs/local/lib/python3.10/dist-packages/turtlebot3_msgs/_turtlebot3_msgs_s.ep.rosidl_typesupport_introspection_c.c
[4.033s] -- Up-to-date symlink: /home/khw/simulation_ws/install/turtlebot3_msgs/local/lib/python3.10/dist-packages/turtlebot3_msgs/action/__init__.py
[4.034s] -- Up-to-date symlink: /home/khw/simulation_ws/install/turtlebot3_msgs/local/lib/python3.10/dist-packages/turtlebot3_msgs/action/_patrol.py
[4.034s] -- Up-to-date symlink: /home/khw/simulation_ws/install/turtlebot3_msgs/local/lib/python3.10/dist-packages/turtlebot3_msgs/action/_patrol_s.c
[4.034s] -- Up-to-date symlink: /home/khw/simulation_ws/install/turtlebot3_msgs/local/lib/python3.10/dist-packages/turtlebot3_msgs/libturtlebot3_msgs__rosidl_generator_py.so
[4.035s] -- Up-to-date symlink: /home/khw/simulation_ws/install/turtlebot3_msgs/local/lib/python3.10/dist-packages/turtlebot3_msgs/msg/__init__.py
[4.035s] -- Up-to-date symlink: /home/khw/simulation_ws/install/turtlebot3_msgs/local/lib/python3.10/dist-packages/turtlebot3_msgs/msg/_sensor_state.py
[4.035s] -- Up-to-date symlink: /home/khw/simulation_ws/install/turtlebot3_msgs/local/lib/python3.10/dist-packages/turtlebot3_msgs/msg/_sensor_state_s.c
[4.036s] -- Up-to-date symlink: /home/khw/simulation_ws/install/turtlebot3_msgs/local/lib/python3.10/dist-packages/turtlebot3_msgs/msg/_sound.py
[4.041s] -- Up-to-date symlink: /home/khw/simulation_ws/install/turtlebot3_msgs/local/lib/python3.10/dist-packages/turtlebot3_msgs/msg/_sound_s.c
[4.041s] -- Up-to-date symlink: /home/khw/simulation_ws/install/turtlebot3_msgs/local/lib/python3.10/dist-packages/turtlebot3_msgs/msg/_version_info.py
[4.042s] -- Up-to-date symlink: /home/khw/simulation_ws/install/turtlebot3_msgs/local/lib/python3.10/dist-packages/turtlebot3_msgs/msg/_version_info_s.c
[4.043s] -- Up-to-date symlink: /home/khw/simulation_ws/install/turtlebot3_msgs/local/lib/python3.10/dist-packages/turtlebot3_msgs/srv/__init__.py
[4.044s] -- Up-to-date symlink: /home/khw/simulation_ws/install/turtlebot3_msgs/local/lib/python3.10/dist-packages/turtlebot3_msgs/srv/_dqn.py
[4.044s] -- Up-to-date symlink: /home/khw/simulation_ws/install/turtlebot3_msgs/local/lib/python3.10/dist-packages/turtlebot3_msgs/srv/_dqn_s.c
[4.047s] -- Up-to-date symlink: /home/khw/simulation_ws/install/turtlebot3_msgs/local/lib/python3.10/dist-packages/turtlebot3_msgs/srv/_goal.py
[4.048s] -- Up-to-date symlink: /home/khw/simulation_ws/install/turtlebot3_msgs/local/lib/python3.10/dist-packages/turtlebot3_msgs/srv/_goal_s.c
[4.049s] -- Up-to-date symlink: /home/khw/simulation_ws/install/turtlebot3_msgs/local/lib/python3.10/dist-packages/turtlebot3_msgs/srv/_sound.py
[4.050s] -- Up-to-date symlink: /home/khw/simulation_ws/install/turtlebot3_msgs/local/lib/python3.10/dist-packages/turtlebot3_msgs/srv/_sound_s.c
[4.056s] -- Up-to-date symlink: /home/khw/simulation_ws/install/turtlebot3_msgs/local/lib/python3.10/dist-packages/turtlebot3_msgs/turtlebot3_msgs_s__rosidl_typesupport_c.cpython-310-x86_64-linux-gnu.so
[4.059s] -- Up-to-date symlink: /home/khw/simulation_ws/install/turtlebot3_msgs/local/lib/python3.10/dist-packages/turtlebot3_msgs/turtlebot3_msgs_s__rosidl_typesupport_fastrtps_c.cpython-310-x86_64-linux-gnu.so
[4.060s] -- Up-to-date symlink: /home/khw/simulation_ws/install/turtlebot3_msgs/local/lib/python3.10/dist-packages/turtlebot3_msgs/turtlebot3_msgs_s__rosidl_typesupport_introspection_c.cpython-310-x86_64-linux-gnu.so
[4.061s] -- Up-to-date symlink: /home/khw/simulation_ws/install/turtlebot3_msgs/local/lib/python3.10/dist-packages/turtlebot3_msgs/turtlebot3_msgs_s__rosidl_typesupport_fastrtps_c.cpython-310-x86_64-linux-gnu.so
[4.061s] -- Up-to-date symlink: /home/khw/simulation_ws/install/turtlebot3_msgs/local/lib/python3.10/dist-packages/turtlebot3_msgs/turtlebot3_msgs_s__rosidl_typesupport_introspection_c.cpython-310-x86_64-linux-gnu.so
[4.067s] -- Up-to-date symlink: /home/khw/simulation_ws/install/turtlebot3_msgs/local/lib/python3.10/dist-packages/turtlebot3_msgs/turtlebot3_msgs_s__rosidl_typesupport_c.cpython-310-x86_64-linux-gnu.so
[4.068s] -- Up-to-date symlink: /home/khw/simulation_ws/install/turtlebot3_msgs/share/turtlebot3_msgs/msg/SensorState.idl
[4.069s] -- Up-to-date symlink: /home/khw/simulation_ws/install/turtlebot3_msgs/share/turtlebot3_msgs/msg/Sound.idl
[4.070s] -- Up-to-date symlink: /home/khw/simulation_ws/install/turtlebot3_msgs/share/turtlebot3_msgs/msg/VersionInfo.idl
[4.070s] -- Up-to-date symlink: /home/khw/simulation_ws/install/turtlebot3_msgs/share/turtlebot3_msgs/srv/Sound.idl
[4.070s] -- Up-to-date symlink: /home/khw/simulation_ws/install/turtlebot3_msgs/share/turtlebot3_msgs/srv/Dqn.idl
[4.071s] -- Up-to-date symlink: /home/khw/simulation_ws/install/turtlebot3_msgs/share/turtlebot3_msgs/srv/Goal.idl
[4.071s] -- Up-to-date symlink: /home/khw/simulation_ws/install/turtlebot3_msgs/share/turtlebot3_msgs/action/Patrol.idl
[4.072s] -- Up-to-date symlink: /home/khw/simulation_ws/install/turtlebot3_msgs/share/turtlebot3_msgs/msg/SensorState.msg
[4.073s] -- Up-to-date symlink: /home/khw/simulation_ws/install/turtlebot3_msgs/share/turtlebot3_msgs/msg/Sound.msg
[4.073s] -- Up-to-date symlink: /home/khw/simulation_ws/install/turtlebot3_msgs/share/turtlebot3_msgs/msg/VersionInfo.msg
[4.073s] -- Up-to-date symlink: /home/khw/simulation_ws/install/turtlebot3_msgs/share/turtlebot3_msgs/srv/Sound.srv
[4.074s] -- Up-to-date symlink: /home/khw/simulation_ws/install/turtlebot3_msgs/share/turtlebot3_msgs/srv/Sound_Request.msg
[4.074s] -- Up-to-date symlink: /home/khw/simulation_ws/install/turtlebot3_msgs/share/turtlebot3_msgs/srv/Sound_Response.msg
[4.075s] -- Up-to-date symlink: /home/khw/simulation_ws/install/turtlebot3_msgs/share/turtlebot3_msgs/srv/Dqn.srv
[4.075s] -- Up-to-date symlink: /home/khw/simulation_ws/install/turtlebot3_msgs/share/turtlebot3_msgs/srv/Dqn_Request.msg
[4.076s] -- Up-to-date symlink: /home/khw/simulation_ws/install/turtlebot3_msgs/share/turtlebot3_msgs/srv/Dqn_Response.msg
[4.076s] -- Up-to-date symlink: /home/khw/simulation_ws/install/turtlebot3_msgs/share/turtlebot3_msgs/srv/Goal.srv
[4.076s] -- Up-to-date symlink: /home/khw/simulation_ws/install/turtlebot3_msgs/share/turtlebot3_msgs/srv/Goal_Request.msg
[4.077s] -- Up-to-date symlink: /home/khw/simulation_ws/install/turtlebot3_msgs/share/turtlebot3_msgs/srv/Goal_Response.msg
[4.078s] -- Up-to-date symlink: /home/khw/simulation_ws/install/turtlebot3_msgs/share/turtlebot3_msgs/action/Patrol.action
[4.078s] -- Up-to-date symlink: /home/khw/simulation_ws/install/turtlebot3_msgs/share/ament_index/resource_index/package_run_dependencies/turtlebot3_msgs
[4.078s] -- Up-to-date symlink: /home/khw/simulation_ws/install/turtlebot3_msgs/share/ament_index/resource_index/parent_prefix_path/turtlebot3_msgs
[4.079s] -- Up-to-date symlink: /home/khw/simulation_ws/install/turtlebot3_msgs/share/turtlebot3_msgs/environment/ament_prefix_path.sh
[4.079s] -- Up-to-date symlink: /home/khw/simulation_ws/install/turtlebot3_msgs/share/turtlebot3_msgs/environment/ament_prefix_path.dsv
[4.084s] -- Up-to-date symlink: /home/khw/simulation_ws/install/turtlebot3_msgs/share/turtlebot3_msgs/environment/path.sh
[4.085s] -- Up-to-date symlink: /home/khw/simulation_ws/install/turtlebot3_msgs/share/turtlebot3_msgs/environment/path.dsv
[4.085s] -- Up-to-date symlink: /home/khw/simulation_ws/install/turtlebot3_msgs/share/turtlebot3_msgs/local_setup.bash
[4.087s] -- Up-to-date symlink: /home/khw/simulation_ws/install/turtlebot3_msgs/share/turtlebot3_msgs/local_setup.sh
[4.087s] -- Up-to-date symlink: /home/khw/simulation_ws/install/turtlebot3_msgs/share/turtlebot3_msgs/local_setup.zsh
[4.088s] -- Up-to-date symlink: /home/khw/simulation_ws/install/turtlebot3_msgs/share/turtlebot3_msgs/local_setup.dsv
[4.088s] -- Symlinking: /home/khw/simulation_ws/install/turtlebot3_msgs/share/turtlebot3_msgs/package.dsv
[4.088s] -- Up-to-date symlink: /home/khw/simulation_ws/install/turtlebot3_msgs/share/ament_index/resource_index/packages/turtlebot3_msgs
[4.089s] -- Up-to-date symlink: /home/khw/simulation_ws/install/turtlebot3_msgs/share/turtlebot3_msgs/cmake/rosidl_cmake-extras.cmake
[4.089s] -- Up-to-date symlink: /home/khw/simulation_ws/install/turtlebot3_msgs/share/turtlebot3_msgs/cmake/ament_cmake_export_dependencies-extras.cmake
[4.089s] -- Up-to-date symlink: /home/khw/simulation_ws/install/turtlebot3_msgs/share/turtlebot3_msgs/cmake/ament_cmake_export_include_directories-extras.cmake
[4.089s] -- Up-to-date symlink: /home/khw/simulation_ws/install/turtlebot3_msgs/share/turtlebot3_msgs/cmake/ament_cmake_export_libraries-extras.cmake
[4.090s] -- Up-to-date symlink: /home/khw/simulation_ws/install/turtlebot3_msgs/share/turtlebot3_msgs/cmake/ament_cmake_export_targets-extras.cmake
[4.090s] -- Up-to-date symlink: /home/khw/simulation_ws/install/turtlebot3_msgs/share/turtlebot3_msgs/cmake/rosidl_cmake_export_typesupport_targets-extras.cmake
[4.094s] -- Up-to-date symlink: /home/khw/simulation_ws/install/turtlebot3_msgs/share/turtlebot3_msgs/cmake/rosidl_cmake_export_typesupport_libraries-extras.cmake
[4.095s] -- Up-to-date symlink: /home/khw/simulation_ws/install/turtlebot3_msgs/share/turtlebot3_msgs/cmake/turtlebot3_msgsConfig.cmake
[4.096s] -- Up-to-date symlink: /home/khw/simulation_ws/install/turtlebot3_msgs/share/turtlebot3_msgs/cmake/turtlebot3_msgsConfig-version.cmake
[4.096s] -- Up-to-date symlink: /home/khw/simulation_ws/install/turtlebot3_msgs/share/turtlebot3_msgs/package.xml
[4.096s] -- Up-to-date: /home/khw/simulation_ws/install/turtlebot3_msgs/lib/libturtlebot3_msgs__rosidl_generator_c.so
[4.097s] -- Up-to-date: /home/khw/simulation_ws/install/turtlebot3_msgs/lib/libturtlebot3_msgs__rosidl_typesupport_fastrtps_c.so
[4.097s] -- Up-to-date: /home/khw/simulation_ws/install/turtlebot3_msgs/lib/libturtlebot3_msgs__rosidl_typesupport_fastrtps_cpp.so
[4.097s] -- Up-to-date: /home/khw/simulation_ws/install/turtlebot3_msgs/lib/libturtlebot3_msgs__rosidl_typesupport_introspection_c.so
[4.097s] -- Up-to-date: /home/khw/simulation_ws/install/turtlebot3_msgs/lib/libturtlebot3_msgs__rosidl_typesupport_c.so
[4.098s] -- Up-to-date: /home/khw/simulation_ws/install/turtlebot3_msgs/lib/libturtlebot3_msgs__rosidl_typesupport_introspection_cpp.so
[4.103s] -- Up-to-date: /home/khw/simulation_ws/install/turtlebot3_msgs/lib/libturtlebot3_msgs__rosidl_typesupport_cpp.so
[4.119s] Listing '/home/khw/simulation_ws/install/turtlebot3_msgs/local/lib/python3.10/dist-packages/turtlebot3_msgs'...
[4.119s] Listing '/home/khw/simulation_ws/install/turtlebot3_msgs/local/lib/python3.10/dist-packages/turtlebot3_msgs/action'...
[4.119s] Listing '/home/khw/simulation_ws/install/turtlebot3_msgs/local/lib/python3.10/dist-packages/turtlebot3_msgs/msg'...
[4.120s] Listing '/home/khw/simulation_ws/install/turtlebot3_msgs/local/lib/python3.10/dist-packages/turtlebot3_msgs/srv'...
[4.120s] -- Up-to-date: /home/khw/simulation_ws/install/turtlebot3_msgs/lib/libturtlebot3_msgs__rosidl_generator_py.so
[4.120s] -- Up-to-date: /home/khw/simulation_ws/install/turtlebot3_msgs/share/turtlebot3_msgs/cmake/export_turtlebot3_msgs__rosidl_generator_cExport.cmake
[4.121s] -- Up-to-date: /home/khw/simulation_ws/install/turtlebot3_msgs/share/turtlebot3_msgs/cmake/export_turtlebot3_msgs__rosidl_generator_cExport-noconfig.cmake
[4.121s] -- Up-to-date: /home/khw/simulation_ws/install/turtlebot3_msgs/share/turtlebot3_msgs/cmake/export_turtlebot3_msgs__rosidl_typesupport_fastrtps_cExport.cmake
[4.121s] -- Up-to-date: /home/khw/simulation_ws/install/turtlebot3_msgs/share/turtlebot3_msgs/cmake/export_turtlebot3_msgs__rosidl_typesupport_fastrtps_cExport-noconfig.cmake
[4.126s] -- Up-to-date: /home/khw/simulation_ws/install/turtlebot3_msgs/share/turtlebot3_msgs/cmake/export_turtlebot3_msgs__rosidl_generator_cppExport.cmake
[4.126s] -- Up-to-date: /home/khw/simulation_ws/install/turtlebot3_msgs/share/turtlebot3_msgs/cmake/export_turtlebot3_msgs__rosidl_typesupport_fastrtps_cppExport.cmake
[4.127s] -- Up-to-date: /home/khw/simulation_ws/install/turtlebot3_msgs/share/turtlebot3_msgs/cmake/export_turtlebot3_msgs__rosidl_typesupport_fastrtps_cppExport-noconfig.cmake
[4.127s] -- Up-to-date: /home/khw/simulation_ws/install/turtlebot3_msgs/share/turtlebot3_msgs/cmake/turtlebot3_msgs__rosidl_typesupport_introspection_cExport.cmake
[4.128s] -- Up-to-date: /home/khw/simulation_ws/install/turtlebot3_msgs/share/turtlebot3_msgs/cmake/turtlebot3_msgs__rosidl_typesupport_introspection_cExport-noconfig.cmake
[4.128s] -- Up-to-date: /home/khw/simulation_ws/install/turtlebot3_msgs/share/turtlebot3_msgs/cmake/turtlebot3_msgs__rosidl_typesupport_cExport.cmake
[4.128s] -- Up-to-date: /home/khw/simulation_ws/install/turtlebot3_msgs/share/turtlebot3_msgs/cmake/turtlebot3_msgs__rosidl_typesupport_cExport-noconfig.cmake
[4.129s] -- Up-to-date: /home/khw/simulation_ws/install/turtlebot3_msgs/share/turtlebot3_msgs/cmake/turtlebot3_msgs__rosidl_typesupport_introspection_cppExport.cmake
[4.129s] -- Up-to-date: /home/khw/simulation_ws/install/turtlebot3_msgs/share/turtlebot3_msgs/cmake/turtlebot3_msgs__rosidl_typesupport_introspection_cppExport-noconfig.cmake
[4.134s] -- Up-to-date: /home/khw/simulation_ws/install/turtlebot3_msgs/share/turtlebot3_msgs/cmake/turtlebot3_msgs__rosidl_typesupport_cppExport.cmake
[4.134s] -- Up-to-date: /home/khw/simulation_ws/install/turtlebot3_msgs/share/turtlebot3_msgs/cmake/turtlebot3_msgs__rosidl_typesupport_cppExport-noconfig.cmake
[4.134s] -- Up-to-date: /home/khw/simulation_ws/install/turtlebot3_msgs/share/turtlebot3_msgs/cmake/export_turtlebot3_msgs__rosidl_generator_pyExport.cmake
[4.135s] -- Up-to-date: /home/khw/simulation_ws/install/turtlebot3_msgs/share/turtlebot3_msgs/cmake/export_turtlebot3_msgs__rosidl_generator_pyExport-noconfig.cmake
[4.285s] Invoked command in '/home/khw/simulation_ws/build/turtlebot3_msgs' returned '0': CMAKE_PREFIX_PATH=${CMAKE_PREFIX_PATH}:/opt/ros/humble:/home/khw/simulation_ws/install/turtlebot3_teleop:/home/khw/simulation_ws/install/turtlebot3_example:/home/khw/simulation_ws/install/odom_tools /usr/bin/cmake --install /home/khw/simulation_ws/build/turtlebot3_msgs
