[0.053s] Invoking command in '/home/khw/simulation_ws/src/build/dynamixel_sdk': CMAKE_PREFIX_PATH=${CMAKE_PREFIX_PATH}:/opt/ros/humble:/home/khw/simulation_ws/install/turtlebot3_teleop:/home/khw/simulation_ws/install/turtlebot3_example:/home/khw/simulation_ws/install/odom_tools /usr/bin/cmake --build /home/khw/simulation_ws/src/build/dynamixel_sdk -- -j12 -l12
[2.586s] [35m[1mConsolidate compiler generated dependencies of target dynamixel_sdk[0m
[2.586s] [100%] Built target dynamixel_sdk
[2.586s] [100%] Built target ament_cmake_python_copy_dynamixel_sdk
[2.588s] running egg_info
[2.589s] writing dynamixel_sdk.egg-info/PKG-INFO
[2.589s] writing dependency_links to dynamixel_sdk.egg-info/dependency_links.txt
[2.589s] writing top-level names to dynamixel_sdk.egg-info/top_level.txt
[2.589s] reading manifest file 'dynamixel_sdk.egg-info/SOURCES.txt'
[2.589s] writing manifest file 'dynamixel_sdk.egg-info/SOURCES.txt'
[2.589s] [100%] Built target ament_cmake_python_build_dynamixel_sdk_egg
[2.672s] Invoked command in '/home/khw/simulation_ws/src/build/dynamixel_sdk' returned '0': CMAKE_PREFIX_PATH=${CMAKE_PREFIX_PATH}:/opt/ros/humble:/home/khw/simulation_ws/install/turtlebot3_teleop:/home/khw/simulation_ws/install/turtlebot3_example:/home/khw/simulation_ws/install/odom_tools /usr/bin/cmake --build /home/khw/simulation_ws/src/build/dynamixel_sdk -- -j12 -l12
[2.673s] Invoking command in '/home/khw/simulation_ws/src/build/dynamixel_sdk': CMAKE_PREFIX_PATH=${CMAKE_PREFIX_PATH}:/opt/ros/humble:/home/khw/simulation_ws/install/turtlebot3_teleop:/home/khw/simulation_ws/install/turtlebot3_example:/home/khw/simulation_ws/install/odom_tools /usr/bin/cmake --install /home/khw/simulation_ws/src/build/dynamixel_sdk
[2.720s] -- Install configuration: ""
[2.720s] -- Up-to-date: /home/khw/simulation_ws/src/install/dynamixel_sdk/include/
[2.720s] -- Up-to-date: /home/khw/simulation_ws/src/install/dynamixel_sdk/include//dynamixel_sdk
[2.720s] -- Up-to-date: /home/khw/simulation_ws/src/install/dynamixel_sdk/include//dynamixel_sdk/group_fast_bulk_read.h
[2.721s] -- Up-to-date: /home/khw/simulation_ws/src/install/dynamixel_sdk/include//dynamixel_sdk/group_bulk_write.h
[2.721s] -- Up-to-date: /home/khw/simulation_ws/src/install/dynamixel_sdk/include//dynamixel_sdk/group_sync_write.h
[2.721s] -- Up-to-date: /home/khw/simulation_ws/src/install/dynamixel_sdk/include//dynamixel_sdk/port_handler_mac.h
[2.721s] -- Up-to-date: /home/khw/simulation_ws/src/install/dynamixel_sdk/include//dynamixel_sdk/packet_handler.h
[2.721s] -- Up-to-date: /home/khw/simulation_ws/src/install/dynamixel_sdk/include//dynamixel_sdk/port_handler_arduino.h
[2.721s] -- Up-to-date: /home/khw/simulation_ws/src/install/dynamixel_sdk/include//dynamixel_sdk/protocol1_packet_handler.h
[2.721s] -- Up-to-date: /home/khw/simulation_ws/src/install/dynamixel_sdk/include//dynamixel_sdk/group_sync_read.h
[2.721s] -- Up-to-date: /home/khw/simulation_ws/src/install/dynamixel_sdk/include//dynamixel_sdk/group_handler.h
[2.721s] -- Up-to-date: /home/khw/simulation_ws/src/install/dynamixel_sdk/include//dynamixel_sdk/group_fast_sync_read.h
[2.721s] -- Up-to-date: /home/khw/simulation_ws/src/install/dynamixel_sdk/include//dynamixel_sdk/port_handler.h
[2.721s] -- Up-to-date: /home/khw/simulation_ws/src/install/dynamixel_sdk/include//dynamixel_sdk/dynamixel_sdk.h
[2.721s] -- Up-to-date: /home/khw/simulation_ws/src/install/dynamixel_sdk/include//dynamixel_sdk/port_handler_linux.h
[2.722s] -- Up-to-date: /home/khw/simulation_ws/src/install/dynamixel_sdk/include//dynamixel_sdk/group_bulk_read.h
[2.722s] -- Up-to-date: /home/khw/simulation_ws/src/install/dynamixel_sdk/include//dynamixel_sdk/port_handler_windows.h
[2.722s] -- Up-to-date: /home/khw/simulation_ws/src/install/dynamixel_sdk/include//dynamixel_sdk/protocol2_packet_handler.h
[2.722s] -- Up-to-date: /home/khw/simulation_ws/src/install/dynamixel_sdk/lib/libdynamixel_sdk.so
[2.722s] -- Up-to-date: /home/khw/simulation_ws/src/install/dynamixel_sdk/share/dynamixel_sdk/environment/pythonpath.sh
[2.722s] -- Up-to-date: /home/khw/simulation_ws/src/install/dynamixel_sdk/share/dynamixel_sdk/environment/pythonpath.dsv
[2.722s] -- Up-to-date: /home/khw/simulation_ws/src/install/dynamixel_sdk/local/lib/python3.10/dist-packages/dynamixel_sdk-3.8.3-py3.10.egg-info
[2.722s] -- Installing: /home/khw/simulation_ws/src/install/dynamixel_sdk/local/lib/python3.10/dist-packages/dynamixel_sdk-3.8.3-py3.10.egg-info/dependency_links.txt
[2.722s] -- Installing: /home/khw/simulation_ws/src/install/dynamixel_sdk/local/lib/python3.10/dist-packages/dynamixel_sdk-3.8.3-py3.10.egg-info/top_level.txt
[2.722s] -- Installing: /home/khw/simulation_ws/src/install/dynamixel_sdk/local/lib/python3.10/dist-packages/dynamixel_sdk-3.8.3-py3.10.egg-info/PKG-INFO
[2.722s] -- Installing: /home/khw/simulation_ws/src/install/dynamixel_sdk/local/lib/python3.10/dist-packages/dynamixel_sdk-3.8.3-py3.10.egg-info/SOURCES.txt
[2.722s] -- Up-to-date: /home/khw/simulation_ws/src/install/dynamixel_sdk/local/lib/python3.10/dist-packages/dynamixel_sdk
[2.723s] -- Up-to-date: /home/khw/simulation_ws/src/install/dynamixel_sdk/local/lib/python3.10/dist-packages/dynamixel_sdk/group_handler.cpp
[2.723s] -- Up-to-date: /home/khw/simulation_ws/src/install/dynamixel_sdk/local/lib/python3.10/dist-packages/dynamixel_sdk/group_bulk_read.cpp
[2.723s] -- Up-to-date: /home/khw/simulation_ws/src/install/dynamixel_sdk/local/lib/python3.10/dist-packages/dynamixel_sdk/protocol1_packet_handler.cpp
[2.723s] -- Up-to-date: /home/khw/simulation_ws/src/install/dynamixel_sdk/local/lib/python3.10/dist-packages/dynamixel_sdk/group_fast_bulk_read.cpp
[2.723s] -- Up-to-date: /home/khw/simulation_ws/src/install/dynamixel_sdk/local/lib/python3.10/dist-packages/dynamixel_sdk/protocol1_packet_handler.py
[2.723s] -- Up-to-date: /home/khw/simulation_ws/src/install/dynamixel_sdk/local/lib/python3.10/dist-packages/dynamixel_sdk/port_handler.cpp
[2.723s] -- Up-to-date: /home/khw/simulation_ws/src/install/dynamixel_sdk/local/lib/python3.10/dist-packages/dynamixel_sdk/group_sync_write.py
[2.723s] -- Up-to-date: /home/khw/simulation_ws/src/install/dynamixel_sdk/local/lib/python3.10/dist-packages/dynamixel_sdk/group_bulk_write.py
[2.723s] -- Up-to-date: /home/khw/simulation_ws/src/install/dynamixel_sdk/local/lib/python3.10/dist-packages/dynamixel_sdk/protocol2_packet_handler.cpp
[2.723s] -- Up-to-date: /home/khw/simulation_ws/src/install/dynamixel_sdk/local/lib/python3.10/dist-packages/dynamixel_sdk/port_handler_mac.cpp
[2.738s] -- Up-to-date: /home/khw/simulation_ws/src/install/dynamixel_sdk/local/lib/python3.10/dist-packages/dynamixel_sdk/port_handler_windows.cpp
[2.738s] -- Up-to-date: /home/khw/simulation_ws/src/install/dynamixel_sdk/local/lib/python3.10/dist-packages/dynamixel_sdk/robotis_def.py
[2.739s] -- Up-to-date: /home/khw/simulation_ws/src/install/dynamixel_sdk/local/lib/python3.10/dist-packages/dynamixel_sdk/port_handler_linux.cpp
[2.739s] -- Up-to-date: /home/khw/simulation_ws/src/install/dynamixel_sdk/local/lib/python3.10/dist-packages/dynamixel_sdk/group_bulk_write.cpp
[2.739s] -- Up-to-date: /home/khw/simulation_ws/src/install/dynamixel_sdk/local/lib/python3.10/dist-packages/dynamixel_sdk/packet_handler.py
[2.740s] -- Up-to-date: /home/khw/simulation_ws/src/install/dynamixel_sdk/local/lib/python3.10/dist-packages/dynamixel_sdk/packet_handler.cpp
[2.743s] -- Up-to-date: /home/khw/simulation_ws/src/install/dynamixel_sdk/local/lib/python3.10/dist-packages/dynamixel_sdk/port_handler.py
[2.747s] -- Up-to-date: /home/khw/simulation_ws/src/install/dynamixel_sdk/local/lib/python3.10/dist-packages/dynamixel_sdk/protocol2_packet_handler.py
[2.749s] -- Up-to-date: /home/khw/simulation_ws/src/install/dynamixel_sdk/local/lib/python3.10/dist-packages/dynamixel_sdk/port_handler_arduino.cpp
[2.749s] -- Up-to-date: /home/khw/simulation_ws/src/install/dynamixel_sdk/local/lib/python3.10/dist-packages/dynamixel_sdk/group_sync_read.py
[2.757s] -- Up-to-date: /home/khw/simulation_ws/src/install/dynamixel_sdk/local/lib/python3.10/dist-packages/dynamixel_sdk/group_sync_read.cpp
[2.758s] -- Up-to-date: /home/khw/simulation_ws/src/install/dynamixel_sdk/local/lib/python3.10/dist-packages/dynamixel_sdk/group_sync_write.cpp
[2.758s] -- Up-to-date: /home/khw/simulation_ws/src/install/dynamixel_sdk/local/lib/python3.10/dist-packages/dynamixel_sdk/__init__.py
[2.758s] -- Up-to-date: /home/khw/simulation_ws/src/install/dynamixel_sdk/local/lib/python3.10/dist-packages/dynamixel_sdk/group_bulk_read.py
[2.758s] -- Up-to-date: /home/khw/simulation_ws/src/install/dynamixel_sdk/local/lib/python3.10/dist-packages/dynamixel_sdk/group_fast_sync_read.cpp
[2.891s] Listing '/home/khw/simulation_ws/src/install/dynamixel_sdk/local/lib/python3.10/dist-packages/dynamixel_sdk'...
[2.891s] -- Up-to-date: /home/khw/simulation_ws/src/install/dynamixel_sdk/share/dynamixel_sdk/environment/library_path.sh
[2.891s] -- Up-to-date: /home/khw/simulation_ws/src/install/dynamixel_sdk/share/dynamixel_sdk/environment/library_path.dsv
[2.891s] -- Up-to-date: /home/khw/simulation_ws/src/install/dynamixel_sdk/share/ament_index/resource_index/package_run_dependencies/dynamixel_sdk
[2.891s] -- Up-to-date: /home/khw/simulation_ws/src/install/dynamixel_sdk/share/ament_index/resource_index/parent_prefix_path/dynamixel_sdk
[2.891s] -- Up-to-date: /home/khw/simulation_ws/src/install/dynamixel_sdk/share/dynamixel_sdk/environment/ament_prefix_path.sh
[2.891s] -- Up-to-date: /home/khw/simulation_ws/src/install/dynamixel_sdk/share/dynamixel_sdk/environment/ament_prefix_path.dsv
[2.891s] -- Up-to-date: /home/khw/simulation_ws/src/install/dynamixel_sdk/share/dynamixel_sdk/environment/path.sh
[2.891s] -- Up-to-date: /home/khw/simulation_ws/src/install/dynamixel_sdk/share/dynamixel_sdk/environment/path.dsv
[2.891s] -- Up-to-date: /home/khw/simulation_ws/src/install/dynamixel_sdk/share/dynamixel_sdk/local_setup.bash
[2.892s] -- Up-to-date: /home/khw/simulation_ws/src/install/dynamixel_sdk/share/dynamixel_sdk/local_setup.sh
[2.892s] -- Up-to-date: /home/khw/simulation_ws/src/install/dynamixel_sdk/share/dynamixel_sdk/local_setup.zsh
[2.892s] -- Up-to-date: /home/khw/simulation_ws/src/install/dynamixel_sdk/share/dynamixel_sdk/local_setup.dsv
[2.892s] -- Installing: /home/khw/simulation_ws/src/install/dynamixel_sdk/share/dynamixel_sdk/package.dsv
[2.892s] -- Up-to-date: /home/khw/simulation_ws/src/install/dynamixel_sdk/share/ament_index/resource_index/packages/dynamixel_sdk
[2.892s] -- Up-to-date: /home/khw/simulation_ws/src/install/dynamixel_sdk/share/dynamixel_sdk/cmake/ament_cmake_export_include_directories-extras.cmake
[2.892s] -- Up-to-date: /home/khw/simulation_ws/src/install/dynamixel_sdk/share/dynamixel_sdk/cmake/ament_cmake_export_libraries-extras.cmake
[2.892s] -- Up-to-date: /home/khw/simulation_ws/src/install/dynamixel_sdk/share/dynamixel_sdk/cmake/dynamixel_sdkConfig.cmake
[2.892s] -- Up-to-date: /home/khw/simulation_ws/src/install/dynamixel_sdk/share/dynamixel_sdk/cmake/dynamixel_sdkConfig-version.cmake
[2.892s] -- Up-to-date: /home/khw/simulation_ws/src/install/dynamixel_sdk/share/dynamixel_sdk/package.xml
[3.020s] Invoked command in '/home/khw/simulation_ws/src/build/dynamixel_sdk' returned '0': CMAKE_PREFIX_PATH=${CMAKE_PREFIX_PATH}:/opt/ros/humble:/home/khw/simulation_ws/install/turtlebot3_teleop:/home/khw/simulation_ws/install/turtlebot3_example:/home/khw/simulation_ws/install/odom_tools /usr/bin/cmake --install /home/khw/simulation_ws/src/build/dynamixel_sdk
