[0.108s] Invoking command in '/home/khw/simulation_ws/build/turtlebot3_cartographer': CMAKE_PREFIX_PATH=${CMAKE_PREFIX_PATH}:/opt/ros/humble:/home/khw/simulation_ws/install/turtlebot3_teleop:/home/khw/simulation_ws/install/turtlebot3_example:/home/khw/simulation_ws/install/odom_tools /usr/bin/cmake --build /home/khw/simulation_ws/build/turtlebot3_cartographer -- -j12 -l12
[3.618s] -- Found ament_cmake: 1.3.11 (/opt/ros/humble/share/ament_cmake/cmake)
[3.618s] -- Override CMake install command with custom implementation using symlinks instead of copying resources
[3.618s] -- Configuring done
[3.618s] -- Generating done
[3.619s] -- Build files have been written to: /home/khw/simulation_ws/build/turtlebot3_cartographer
[3.620s] Invoked command in '/home/khw/simulation_ws/build/turtlebot3_cartographer' returned '0': CMAKE_PREFIX_PATH=${CMAKE_PREFIX_PATH}:/opt/ros/humble:/home/khw/simulation_ws/install/turtlebot3_teleop:/home/khw/simulation_ws/install/turtlebot3_example:/home/khw/simulation_ws/install/odom_tools /usr/bin/cmake --build /home/khw/simulation_ws/build/turtlebot3_cartographer -- -j12 -l12
[3.633s] Invoking command in '/home/khw/simulation_ws/build/turtlebot3_cartographer': CMAKE_PREFIX_PATH=${CMAKE_PREFIX_PATH}:/opt/ros/humble:/home/khw/simulation_ws/install/turtlebot3_teleop:/home/khw/simulation_ws/install/turtlebot3_example:/home/khw/simulation_ws/install/odom_tools /usr/bin/cmake --install /home/khw/simulation_ws/build/turtlebot3_cartographer
[3.666s] -- Install configuration: ""
[3.669s] -- Execute custom install script
[3.670s] -- Up-to-date symlink: /home/khw/simulation_ws/install/turtlebot3_cartographer/share/turtlebot3_cartographer/config/turtlebot3_lds_2d.lua
[3.670s] -- Up-to-date symlink: /home/khw/simulation_ws/install/turtlebot3_cartographer/share/turtlebot3_cartographer/launch/cartographer.launch.py
[3.671s] -- Up-to-date symlink: /home/khw/simulation_ws/install/turtlebot3_cartographer/share/turtlebot3_cartographer/launch/occupancy_grid.launch.py
[3.672s] -- Up-to-date symlink: /home/khw/simulation_ws/install/turtlebot3_cartographer/share/turtlebot3_cartographer/rviz/tb3_cartographer.rviz
[3.673s] -- Up-to-date symlink: /home/khw/simulation_ws/install/turtlebot3_cartographer/share/ament_index/resource_index/package_run_dependencies/turtlebot3_cartographer
[3.673s] -- Up-to-date symlink: /home/khw/simulation_ws/install/turtlebot3_cartographer/share/ament_index/resource_index/parent_prefix_path/turtlebot3_cartographer
[3.674s] -- Up-to-date symlink: /home/khw/simulation_ws/install/turtlebot3_cartographer/share/turtlebot3_cartographer/environment/ament_prefix_path.sh
[3.674s] -- Up-to-date symlink: /home/khw/simulation_ws/install/turtlebot3_cartographer/share/turtlebot3_cartographer/environment/ament_prefix_path.dsv
[3.677s] -- Up-to-date symlink: /home/khw/simulation_ws/install/turtlebot3_cartographer/share/turtlebot3_cartographer/environment/path.sh
[3.678s] -- Up-to-date symlink: /home/khw/simulation_ws/install/turtlebot3_cartographer/share/turtlebot3_cartographer/environment/path.dsv
[3.678s] -- Up-to-date symlink: /home/khw/simulation_ws/install/turtlebot3_cartographer/share/turtlebot3_cartographer/local_setup.bash
[3.679s] -- Up-to-date symlink: /home/khw/simulation_ws/install/turtlebot3_cartographer/share/turtlebot3_cartographer/local_setup.sh
[3.679s] -- Up-to-date symlink: /home/khw/simulation_ws/install/turtlebot3_cartographer/share/turtlebot3_cartographer/local_setup.zsh
[3.680s] -- Up-to-date symlink: /home/khw/simulation_ws/install/turtlebot3_cartographer/share/turtlebot3_cartographer/local_setup.dsv
[3.684s] -- Symlinking: /home/khw/simulation_ws/install/turtlebot3_cartographer/share/turtlebot3_cartographer/package.dsv
[3.721s] -- Up-to-date symlink: /home/khw/simulation_ws/install/turtlebot3_cartographer/share/ament_index/resource_index/packages/turtlebot3_cartographer
[3.722s] -- Up-to-date symlink: /home/khw/simulation_ws/install/turtlebot3_cartographer/share/turtlebot3_cartographer/cmake/turtlebot3_cartographerConfig.cmake
[3.722s] -- Up-to-date symlink: /home/khw/simulation_ws/install/turtlebot3_cartographer/share/turtlebot3_cartographer/cmake/turtlebot3_cartographerConfig-version.cmake
[3.723s] -- Up-to-date symlink: /home/khw/simulation_ws/install/turtlebot3_cartographer/share/turtlebot3_cartographer/package.xml
[3.742s] Invoked command in '/home/khw/simulation_ws/build/turtlebot3_cartographer' returned '0': CMAKE_PREFIX_PATH=${CMAKE_PREFIX_PATH}:/opt/ros/humble:/home/khw/simulation_ws/install/turtlebot3_teleop:/home/khw/simulation_ws/install/turtlebot3_example:/home/khw/simulation_ws/install/odom_tools /usr/bin/cmake --install /home/khw/simulation_ws/build/turtlebot3_cartographer
