[0.058s] Invoking command in '/home/khw/simulation_ws/build/turtlebot3_bringup': CMAKE_PREFIX_PATH=/home/khw/simulation_ws/install/turtlebot3_node:/home/khw/simulation_ws/install/turtlebot3_msgs:/home/khw/simulation_ws/install/turtlebot3_description:/home/khw/simulation_ws/install/dynamixel_sdk:/home/khw/simulation_ws/install/turtlebot3:/home/khw/simulation_ws/install/turtlebot3_bringup:/home/khw/simulation_ws/install/turtlebot3_navigation2:/home/khw/simulation_ws/install/turtlebot3_cartographer:/home/khw/simulation_ws/install/dynamixel_sdk_examples:/home/khw/simulation_ws/install/dynamixel_sdk_custom_interfaces:/opt/ros/humble:/home/khw/simulation_ws/install/turtlebot3_teleop:/home/khw/simulation_ws/install/turtlebot3_example:/home/khw/simulation_ws/install/odom_tools LD_LIBRARY_PATH=/home/khw/simulation_ws/install/turtlebot3_msgs/lib:/home/khw/simulation_ws/install/dynamixel_sdk/lib:/usr/lib/x86_64-linux-gnu/gazebo-11/plugins:/opt/ros/humble/opt/rviz_ogre_vendor/lib:/opt/ros/humble/lib/x86_64-linux-gnu:/opt/ros/humble/lib:/home/khw/simulation_ws/install/dynamixel_sdk_custom_interfaces/lib:/usr/lib/x86_64-linux-gnu/gazebo-11/plugins:/usr/lib/x86_64-linux-gnu/gazebo-11/plugins:/usr/lib/x86_64-linux-gnu/gazebo-11/plugins:/usr/lib/x86_64-linux-gnu/gazebo-11/plugins:/usr/lib/x86_64-linux-gnu/gazebo-11/plugins:/usr/lib/x86_64-linux-gnu/gazebo-11/plugins /usr/bin/cmake --build /home/khw/simulation_ws/build/turtlebot3_bringup -- -j12 -l12
[0.250s] Invoked command in '/home/khw/simulation_ws/build/turtlebot3_bringup' returned '0': CMAKE_PREFIX_PATH=/home/khw/simulation_ws/install/turtlebot3_node:/home/khw/simulation_ws/install/turtlebot3_msgs:/home/khw/simulation_ws/install/turtlebot3_description:/home/khw/simulation_ws/install/dynamixel_sdk:/home/khw/simulation_ws/install/turtlebot3:/home/khw/simulation_ws/install/turtlebot3_bringup:/home/khw/simulation_ws/install/turtlebot3_navigation2:/home/khw/simulation_ws/install/turtlebot3_cartographer:/home/khw/simulation_ws/install/dynamixel_sdk_examples:/home/khw/simulation_ws/install/dynamixel_sdk_custom_interfaces:/opt/ros/humble:/home/khw/simulation_ws/install/turtlebot3_teleop:/home/khw/simulation_ws/install/turtlebot3_example:/home/khw/simulation_ws/install/odom_tools LD_LIBRARY_PATH=/home/khw/simulation_ws/install/turtlebot3_msgs/lib:/home/khw/simulation_ws/install/dynamixel_sdk/lib:/usr/lib/x86_64-linux-gnu/gazebo-11/plugins:/opt/ros/humble/opt/rviz_ogre_vendor/lib:/opt/ros/humble/lib/x86_64-linux-gnu:/opt/ros/humble/lib:/home/khw/simulation_ws/install/dynamixel_sdk_custom_interfaces/lib:/usr/lib/x86_64-linux-gnu/gazebo-11/plugins:/usr/lib/x86_64-linux-gnu/gazebo-11/plugins:/usr/lib/x86_64-linux-gnu/gazebo-11/plugins:/usr/lib/x86_64-linux-gnu/gazebo-11/plugins:/usr/lib/x86_64-linux-gnu/gazebo-11/plugins:/usr/lib/x86_64-linux-gnu/gazebo-11/plugins /usr/bin/cmake --build /home/khw/simulation_ws/build/turtlebot3_bringup -- -j12 -l12
[0.254s] Invoking command in '/home/khw/simulation_ws/build/turtlebot3_bringup': CMAKE_PREFIX_PATH=/home/khw/simulation_ws/install/turtlebot3_node:/home/khw/simulation_ws/install/turtlebot3_msgs:/home/khw/simulation_ws/install/turtlebot3_description:/home/khw/simulation_ws/install/dynamixel_sdk:/home/khw/simulation_ws/install/turtlebot3:/home/khw/simulation_ws/install/turtlebot3_bringup:/home/khw/simulation_ws/install/turtlebot3_navigation2:/home/khw/simulation_ws/install/turtlebot3_cartographer:/home/khw/simulation_ws/install/dynamixel_sdk_examples:/home/khw/simulation_ws/install/dynamixel_sdk_custom_interfaces:/opt/ros/humble:/home/khw/simulation_ws/install/turtlebot3_teleop:/home/khw/simulation_ws/install/turtlebot3_example:/home/khw/simulation_ws/install/odom_tools LD_LIBRARY_PATH=/home/khw/simulation_ws/install/turtlebot3_msgs/lib:/home/khw/simulation_ws/install/dynamixel_sdk/lib:/usr/lib/x86_64-linux-gnu/gazebo-11/plugins:/opt/ros/humble/opt/rviz_ogre_vendor/lib:/opt/ros/humble/lib/x86_64-linux-gnu:/opt/ros/humble/lib:/home/khw/simulation_ws/install/dynamixel_sdk_custom_interfaces/lib:/usr/lib/x86_64-linux-gnu/gazebo-11/plugins:/usr/lib/x86_64-linux-gnu/gazebo-11/plugins:/usr/lib/x86_64-linux-gnu/gazebo-11/plugins:/usr/lib/x86_64-linux-gnu/gazebo-11/plugins:/usr/lib/x86_64-linux-gnu/gazebo-11/plugins:/usr/lib/x86_64-linux-gnu/gazebo-11/plugins /usr/bin/cmake --install /home/khw/simulation_ws/build/turtlebot3_bringup
[0.283s] -- Install configuration: ""
[0.285s] -- Execute custom install script
[0.286s] -- Up-to-date symlink: /home/khw/simulation_ws/install/turtlebot3_bringup/share/turtlebot3_bringup/launch/robot.launch.py
[0.287s] -- Up-to-date symlink: /home/khw/simulation_ws/install/turtlebot3_bringup/share/turtlebot3_bringup/launch/rviz2.launch.py
[0.287s] -- Up-to-date symlink: /home/khw/simulation_ws/install/turtlebot3_bringup/share/turtlebot3_bringup/launch/turtlebot3_state_publisher.launch.py
[0.288s] -- Up-to-date symlink: /home/khw/simulation_ws/install/turtlebot3_bringup/share/turtlebot3_bringup/param/burger.yaml
[0.289s] -- Up-to-date symlink: /home/khw/simulation_ws/install/turtlebot3_bringup/share/turtlebot3_bringup/param/humble/burger.yaml
[0.289s] -- Up-to-date symlink: /home/khw/simulation_ws/install/turtlebot3_bringup/share/turtlebot3_bringup/param/humble/waffle.yaml
[0.289s] -- Up-to-date symlink: /home/khw/simulation_ws/install/turtlebot3_bringup/share/turtlebot3_bringup/param/humble/waffle_pi.yaml
[0.289s] -- Up-to-date symlink: /home/khw/simulation_ws/install/turtlebot3_bringup/share/turtlebot3_bringup/param/waffle.yaml
[0.290s] -- Up-to-date symlink: /home/khw/simulation_ws/install/turtlebot3_bringup/share/turtlebot3_bringup/param/waffle_pi.yaml
[0.290s] -- Up-to-date symlink: /home/khw/simulation_ws/install/turtlebot3_bringup/share/turtlebot3_bringup/script/99-turtlebot3-cdc.rules
[0.290s] -- Up-to-date symlink: /home/khw/simulation_ws/install/turtlebot3_bringup/share/turtlebot3_bringup/script/create_udev_rules
[0.291s] -- Up-to-date symlink: /home/khw/simulation_ws/install/turtlebot3_bringup/share/ament_index/resource_index/package_run_dependencies/turtlebot3_bringup
[0.291s] -- Up-to-date symlink: /home/khw/simulation_ws/install/turtlebot3_bringup/share/ament_index/resource_index/parent_prefix_path/turtlebot3_bringup
[0.292s] -- Up-to-date symlink: /home/khw/simulation_ws/install/turtlebot3_bringup/share/turtlebot3_bringup/environment/ament_prefix_path.sh
[0.293s] -- Up-to-date symlink: /home/khw/simulation_ws/install/turtlebot3_bringup/share/turtlebot3_bringup/environment/ament_prefix_path.dsv
[0.294s] -- Up-to-date symlink: /home/khw/simulation_ws/install/turtlebot3_bringup/share/turtlebot3_bringup/environment/path.sh
[0.295s] -- Up-to-date symlink: /home/khw/simulation_ws/install/turtlebot3_bringup/share/turtlebot3_bringup/environment/path.dsv
[0.295s] -- Up-to-date symlink: /home/khw/simulation_ws/install/turtlebot3_bringup/share/turtlebot3_bringup/local_setup.bash
[0.295s] -- Up-to-date symlink: /home/khw/simulation_ws/install/turtlebot3_bringup/share/turtlebot3_bringup/local_setup.sh
[0.296s] -- Up-to-date symlink: /home/khw/simulation_ws/install/turtlebot3_bringup/share/turtlebot3_bringup/local_setup.zsh
[0.296s] -- Up-to-date symlink: /home/khw/simulation_ws/install/turtlebot3_bringup/share/turtlebot3_bringup/local_setup.dsv
[0.297s] -- Symlinking: /home/khw/simulation_ws/install/turtlebot3_bringup/share/turtlebot3_bringup/package.dsv
[0.328s] -- Up-to-date symlink: /home/khw/simulation_ws/install/turtlebot3_bringup/share/ament_index/resource_index/packages/turtlebot3_bringup
[0.329s] -- Up-to-date symlink: /home/khw/simulation_ws/install/turtlebot3_bringup/share/turtlebot3_bringup/cmake/turtlebot3_bringupConfig.cmake
[0.330s] -- Up-to-date symlink: /home/khw/simulation_ws/install/turtlebot3_bringup/share/turtlebot3_bringup/cmake/turtlebot3_bringupConfig-version.cmake
[0.330s] -- Up-to-date symlink: /home/khw/simulation_ws/install/turtlebot3_bringup/share/turtlebot3_bringup/package.xml
[0.338s] Invoked command in '/home/khw/simulation_ws/build/turtlebot3_bringup' returned '0': CMAKE_PREFIX_PATH=/home/khw/simulation_ws/install/turtlebot3_node:/home/khw/simulation_ws/install/turtlebot3_msgs:/home/khw/simulation_ws/install/turtlebot3_description:/home/khw/simulation_ws/install/dynamixel_sdk:/home/khw/simulation_ws/install/turtlebot3:/home/khw/simulation_ws/install/turtlebot3_bringup:/home/khw/simulation_ws/install/turtlebot3_navigation2:/home/khw/simulation_ws/install/turtlebot3_cartographer:/home/khw/simulation_ws/install/dynamixel_sdk_examples:/home/khw/simulation_ws/install/dynamixel_sdk_custom_interfaces:/opt/ros/humble:/home/khw/simulation_ws/install/turtlebot3_teleop:/home/khw/simulation_ws/install/turtlebot3_example:/home/khw/simulation_ws/install/odom_tools LD_LIBRARY_PATH=/home/khw/simulation_ws/install/turtlebot3_msgs/lib:/home/khw/simulation_ws/install/dynamixel_sdk/lib:/usr/lib/x86_64-linux-gnu/gazebo-11/plugins:/opt/ros/humble/opt/rviz_ogre_vendor/lib:/opt/ros/humble/lib/x86_64-linux-gnu:/opt/ros/humble/lib:/home/khw/simulation_ws/install/dynamixel_sdk_custom_interfaces/lib:/usr/lib/x86_64-linux-gnu/gazebo-11/plugins:/usr/lib/x86_64-linux-gnu/gazebo-11/plugins:/usr/lib/x86_64-linux-gnu/gazebo-11/plugins:/usr/lib/x86_64-linux-gnu/gazebo-11/plugins:/usr/lib/x86_64-linux-gnu/gazebo-11/plugins:/usr/lib/x86_64-linux-gnu/gazebo-11/plugins /usr/bin/cmake --install /home/khw/simulation_ws/build/turtlebot3_bringup
