[0.074s] Invoking command in '/home/khw/simulation_ws/build/turtlebot3_node': CMAKE_PREFIX_PATH=/home/khw/simulation_ws/install/turtlebot3_msgs:/home/khw/simulation_ws/install/dynamixel_sdk:/home/khw/simulation_ws/install/turtlebot3:/home/khw/simulation_ws/install/turtlebot3_bringup:/home/khw/simulation_ws/install/turtlebot3_node:/home/khw/simulation_ws/install/turtlebot3_navigation2:/home/khw/simulation_ws/install/turtlebot3_description:/home/khw/simulation_ws/install/turtlebot3_cartographer:/home/khw/simulation_ws/install/dynamixel_sdk_examples:/home/khw/simulation_ws/install/dynamixel_sdk_custom_interfaces:/opt/ros/humble:/home/khw/simulation_ws/install/turtlebot3_teleop:/home/khw/simulation_ws/install/turtlebot3_example:/home/khw/simulation_ws/install/odom_tools LD_LIBRARY_PATH=/home/khw/simulation_ws/install/turtlebot3_msgs/lib:/home/khw/simulation_ws/install/dynamixel_sdk/lib:/usr/lib/x86_64-linux-gnu/gazebo-11/plugins:/opt/ros/humble/opt/rviz_ogre_vendor/lib:/opt/ros/humble/lib/x86_64-linux-gnu:/opt/ros/humble/lib:/home/khw/simulation_ws/install/dynamixel_sdk_custom_interfaces/lib:/usr/lib/x86_64-linux-gnu/gazebo-11/plugins /usr/bin/cmake --build /home/khw/simulation_ws/build/turtlebot3_node -- -j12 -l12
[1.265s] [35m[1mConsolidate compiler generated dependencies of target turtlebot3_node_lib[0m
[1.266s] [ 85%] Built target turtlebot3_node_lib
[1.267s] [35m[1mConsolidate compiler generated dependencies of target turtlebot3_ros[0m
[1.267s] [100%] Built target turtlebot3_ros
[1.278s] Invoked command in '/home/khw/simulation_ws/build/turtlebot3_node' returned '0': CMAKE_PREFIX_PATH=/home/khw/simulation_ws/install/turtlebot3_msgs:/home/khw/simulation_ws/install/dynamixel_sdk:/home/khw/simulation_ws/install/turtlebot3:/home/khw/simulation_ws/install/turtlebot3_bringup:/home/khw/simulation_ws/install/turtlebot3_node:/home/khw/simulation_ws/install/turtlebot3_navigation2:/home/khw/simulation_ws/install/turtlebot3_description:/home/khw/simulation_ws/install/turtlebot3_cartographer:/home/khw/simulation_ws/install/dynamixel_sdk_examples:/home/khw/simulation_ws/install/dynamixel_sdk_custom_interfaces:/opt/ros/humble:/home/khw/simulation_ws/install/turtlebot3_teleop:/home/khw/simulation_ws/install/turtlebot3_example:/home/khw/simulation_ws/install/odom_tools LD_LIBRARY_PATH=/home/khw/simulation_ws/install/turtlebot3_msgs/lib:/home/khw/simulation_ws/install/dynamixel_sdk/lib:/usr/lib/x86_64-linux-gnu/gazebo-11/plugins:/opt/ros/humble/opt/rviz_ogre_vendor/lib:/opt/ros/humble/lib/x86_64-linux-gnu:/opt/ros/humble/lib:/home/khw/simulation_ws/install/dynamixel_sdk_custom_interfaces/lib:/usr/lib/x86_64-linux-gnu/gazebo-11/plugins /usr/bin/cmake --build /home/khw/simulation_ws/build/turtlebot3_node -- -j12 -l12
[1.284s] Invoking command in '/home/khw/simulation_ws/build/turtlebot3_node': CMAKE_PREFIX_PATH=/home/khw/simulation_ws/install/turtlebot3_msgs:/home/khw/simulation_ws/install/dynamixel_sdk:/home/khw/simulation_ws/install/turtlebot3:/home/khw/simulation_ws/install/turtlebot3_bringup:/home/khw/simulation_ws/install/turtlebot3_node:/home/khw/simulation_ws/install/turtlebot3_navigation2:/home/khw/simulation_ws/install/turtlebot3_description:/home/khw/simulation_ws/install/turtlebot3_cartographer:/home/khw/simulation_ws/install/dynamixel_sdk_examples:/home/khw/simulation_ws/install/dynamixel_sdk_custom_interfaces:/opt/ros/humble:/home/khw/simulation_ws/install/turtlebot3_teleop:/home/khw/simulation_ws/install/turtlebot3_example:/home/khw/simulation_ws/install/odom_tools LD_LIBRARY_PATH=/home/khw/simulation_ws/install/turtlebot3_msgs/lib:/home/khw/simulation_ws/install/dynamixel_sdk/lib:/usr/lib/x86_64-linux-gnu/gazebo-11/plugins:/opt/ros/humble/opt/rviz_ogre_vendor/lib:/opt/ros/humble/lib/x86_64-linux-gnu:/opt/ros/humble/lib:/home/khw/simulation_ws/install/dynamixel_sdk_custom_interfaces/lib:/usr/lib/x86_64-linux-gnu/gazebo-11/plugins /usr/bin/cmake --install /home/khw/simulation_ws/build/turtlebot3_node
[1.303s] -- Install configuration: ""
[1.306s] -- Execute custom install script
[1.308s] -- Up-to-date symlink: /home/khw/simulation_ws/install/turtlebot3_node/share/turtlebot3_node/param/burger.yaml
[1.308s] -- Up-to-date symlink: /home/khw/simulation_ws/install/turtlebot3_node/share/turtlebot3_node/param/waffle.yaml
[1.309s] -- Up-to-date symlink: /home/khw/simulation_ws/install/turtlebot3_node/share/turtlebot3_node/param/waffle_pi.yaml
[1.311s] -- Up-to-date symlink: /home/khw/simulation_ws/install/turtlebot3_node/lib/turtlebot3_node/turtlebot3_ros
[1.312s] -- Up-to-date symlink: /home/khw/simulation_ws/install/turtlebot3_node/share/ament_index/resource_index/package_run_dependencies/turtlebot3_node
[1.312s] -- Up-to-date symlink: /home/khw/simulation_ws/install/turtlebot3_node/share/ament_index/resource_index/parent_prefix_path/turtlebot3_node
[1.314s] -- Up-to-date symlink: /home/khw/simulation_ws/install/turtlebot3_node/share/turtlebot3_node/environment/ament_prefix_path.sh
[1.314s] -- Up-to-date symlink: /home/khw/simulation_ws/install/turtlebot3_node/share/turtlebot3_node/environment/ament_prefix_path.dsv
[1.315s] -- Up-to-date symlink: /home/khw/simulation_ws/install/turtlebot3_node/share/turtlebot3_node/environment/path.sh
[1.316s] -- Up-to-date symlink: /home/khw/simulation_ws/install/turtlebot3_node/share/turtlebot3_node/environment/path.dsv
[1.317s] -- Up-to-date symlink: /home/khw/simulation_ws/install/turtlebot3_node/share/turtlebot3_node/local_setup.bash
[1.317s] -- Up-to-date symlink: /home/khw/simulation_ws/install/turtlebot3_node/share/turtlebot3_node/local_setup.sh
[1.317s] -- Up-to-date symlink: /home/khw/simulation_ws/install/turtlebot3_node/share/turtlebot3_node/local_setup.zsh
[1.318s] -- Up-to-date symlink: /home/khw/simulation_ws/install/turtlebot3_node/share/turtlebot3_node/local_setup.dsv
[1.318s] -- Symlinking: /home/khw/simulation_ws/install/turtlebot3_node/share/turtlebot3_node/package.dsv
[1.341s] -- Up-to-date symlink: /home/khw/simulation_ws/install/turtlebot3_node/share/ament_index/resource_index/packages/turtlebot3_node
[1.341s] -- Up-to-date symlink: /home/khw/simulation_ws/install/turtlebot3_node/share/turtlebot3_node/cmake/ament_cmake_export_include_directories-extras.cmake
[1.341s] -- Up-to-date symlink: /home/khw/simulation_ws/install/turtlebot3_node/share/turtlebot3_node/cmake/turtlebot3_nodeConfig.cmake
[1.342s] -- Up-to-date symlink: /home/khw/simulation_ws/install/turtlebot3_node/share/turtlebot3_node/cmake/turtlebot3_nodeConfig-version.cmake
[1.342s] -- Up-to-date symlink: /home/khw/simulation_ws/install/turtlebot3_node/share/turtlebot3_node/package.xml
[1.348s] Invoked command in '/home/khw/simulation_ws/build/turtlebot3_node' returned '0': CMAKE_PREFIX_PATH=/home/khw/simulation_ws/install/turtlebot3_msgs:/home/khw/simulation_ws/install/dynamixel_sdk:/home/khw/simulation_ws/install/turtlebot3:/home/khw/simulation_ws/install/turtlebot3_bringup:/home/khw/simulation_ws/install/turtlebot3_node:/home/khw/simulation_ws/install/turtlebot3_navigation2:/home/khw/simulation_ws/install/turtlebot3_description:/home/khw/simulation_ws/install/turtlebot3_cartographer:/home/khw/simulation_ws/install/dynamixel_sdk_examples:/home/khw/simulation_ws/install/dynamixel_sdk_custom_interfaces:/opt/ros/humble:/home/khw/simulation_ws/install/turtlebot3_teleop:/home/khw/simulation_ws/install/turtlebot3_example:/home/khw/simulation_ws/install/odom_tools LD_LIBRARY_PATH=/home/khw/simulation_ws/install/turtlebot3_msgs/lib:/home/khw/simulation_ws/install/dynamixel_sdk/lib:/usr/lib/x86_64-linux-gnu/gazebo-11/plugins:/opt/ros/humble/opt/rviz_ogre_vendor/lib:/opt/ros/humble/lib/x86_64-linux-gnu:/opt/ros/humble/lib:/home/khw/simulation_ws/install/dynamixel_sdk_custom_interfaces/lib:/usr/lib/x86_64-linux-gnu/gazebo-11/plugins /usr/bin/cmake --install /home/khw/simulation_ws/build/turtlebot3_node
