[3.605s] Invoking command in '/home/khw/simulation_ws/src/turtlebot3/turtlebot3_teleop': PYTHONPATH=/home/khw/simulation_ws/src/build/turtlebot3_teleop/prefix_override:/usr/lib/python3/dist-packages/colcon_core/task/python/colcon_distutils_commands:/home/khw/simulation_ws/src/install/turtlebot3_teleop/lib/python3.10/site-packages:${PYTHONPATH} /usr/bin/python3 -W ignore:setup.py install is deprecated -W ignore:easy_install command is deprecated setup.py egg_info --egg-base ../../build/turtlebot3_teleop build --build-base /home/khw/simulation_ws/src/build/turtlebot3_teleop/build install --record /home/khw/simulation_ws/src/build/turtlebot3_teleop/install.log --single-version-externally-managed install_data
[4.305s] running egg_info
[4.307s] writing ../../build/turtlebot3_teleop/turtlebot3_teleop.egg-info/PKG-INFO
[4.308s] writing dependency_links to ../../build/turtlebot3_teleop/turtlebot3_teleop.egg-info/dependency_links.txt
[4.309s] writing entry points to ../../build/turtlebot3_teleop/turtlebot3_teleop.egg-info/entry_points.txt
[4.310s] writing requirements to ../../build/turtlebot3_teleop/turtlebot3_teleop.egg-info/requires.txt
[4.310s] writing top-level names to ../../build/turtlebot3_teleop/turtlebot3_teleop.egg-info/top_level.txt
[4.314s] reading manifest file '../../build/turtlebot3_teleop/turtlebot3_teleop.egg-info/SOURCES.txt'
[4.318s] writing manifest file '../../build/turtlebot3_teleop/turtlebot3_teleop.egg-info/SOURCES.txt'
[4.318s] running build
[4.318s] running build_py
[4.320s] running install
[4.320s] running install_lib
[4.322s] running install_data
[4.323s] running install_egg_info
[4.326s] removing '/home/khw/simulation_ws/src/install/turtlebot3_teleop/lib/python3.10/site-packages/turtlebot3_teleop-2.2.8-py3.10.egg-info' (and everything under it)
[4.327s] Copying ../../build/turtlebot3_teleop/turtlebot3_teleop.egg-info to /home/khw/simulation_ws/src/install/turtlebot3_teleop/lib/python3.10/site-packages/turtlebot3_teleop-2.2.8-py3.10.egg-info
[4.328s] running install_scripts
[4.366s] Installing teleop_keyboard script to /home/khw/simulation_ws/src/install/turtlebot3_teleop/lib/turtlebot3_teleop
[4.367s] writing list of installed files to '/home/khw/simulation_ws/src/build/turtlebot3_teleop/install.log'
[4.416s] Invoked command in '/home/khw/simulation_ws/src/turtlebot3/turtlebot3_teleop' returned '0': PYTHONPATH=/home/khw/simulation_ws/src/build/turtlebot3_teleop/prefix_override:/usr/lib/python3/dist-packages/colcon_core/task/python/colcon_distutils_commands:/home/khw/simulation_ws/src/install/turtlebot3_teleop/lib/python3.10/site-packages:${PYTHONPATH} /usr/bin/python3 -W ignore:setup.py install is deprecated -W ignore:easy_install command is deprecated setup.py egg_info --egg-base ../../build/turtlebot3_teleop build --build-base /home/khw/simulation_ws/src/build/turtlebot3_teleop/build install --record /home/khw/simulation_ws/src/build/turtlebot3_teleop/install.log --single-version-externally-managed install_data
