[5.447s] Invoking command in '/home/khw/simulation_ws/src/odom_tools': PYTHONPATH=/home/khw/simulation_ws/build/odom_tools/prefix_override:/usr/lib/python3/dist-packages/colcon_core/task/python/colcon_distutils_commands:/home/khw/simulation_ws/install/odom_tools/lib/python3.10/site-packages:${PYTHONPATH} /usr/bin/python3 -W ignore:setup.py install is deprecated -W ignore:easy_install command is deprecated setup.py egg_info --egg-base ../../build/odom_tools build --build-base /home/khw/simulation_ws/build/odom_tools/build install --record /home/khw/simulation_ws/build/odom_tools/install.log --single-version-externally-managed install_data
[6.780s] running egg_info
[6.823s] writing ../../build/odom_tools/odom_tools.egg-info/PKG-INFO
[6.824s] writing dependency_links to ../../build/odom_tools/odom_tools.egg-info/dependency_links.txt
[6.824s] writing entry points to ../../build/odom_tools/odom_tools.egg-info/entry_points.txt
[6.825s] writing requirements to ../../build/odom_tools/odom_tools.egg-info/requires.txt
[6.825s] writing top-level names to ../../build/odom_tools/odom_tools.egg-info/top_level.txt
[6.905s] reading manifest file '../../build/odom_tools/odom_tools.egg-info/SOURCES.txt'
[6.907s] writing manifest file '../../build/odom_tools/odom_tools.egg-info/SOURCES.txt'
[6.908s] running build
[6.908s] running build_py
[6.909s] running install
[6.924s] running install_lib
[6.993s] running install_data
[6.994s] running install_egg_info
[7.044s] removing '/home/khw/simulation_ws/install/odom_tools/lib/python3.10/site-packages/odom_tools-0.0.0-py3.10.egg-info' (and everything under it)
[7.044s] Copying ../../build/odom_tools/odom_tools.egg-info to /home/khw/simulation_ws/install/odom_tools/lib/python3.10/site-packages/odom_tools-0.0.0-py3.10.egg-info
[7.046s] running install_scripts
[7.192s] Installing kiosk script to /home/khw/simulation_ws/install/odom_tools/lib/odom_tools
[7.193s] Installing move_turtlebot script to /home/khw/simulation_ws/install/odom_tools/lib/odom_tools
[7.194s] Installing mqtt_goal_sender script to /home/khw/simulation_ws/install/odom_tools/lib/odom_tools
[7.194s] Installing mqtt_receiver script to /home/khw/simulation_ws/install/odom_tools/lib/odom_tools
[7.194s] Installing object_detection script to /home/khw/simulation_ws/install/odom_tools/lib/odom_tools
[7.194s] Installing odom_listener script to /home/khw/simulation_ws/install/odom_tools/lib/odom_tools
[7.194s] Installing video_publisher script to /home/khw/simulation_ws/install/odom_tools/lib/odom_tools
[7.195s] writing list of installed files to '/home/khw/simulation_ws/build/odom_tools/install.log'
[7.321s] Invoked command in '/home/khw/simulation_ws/src/odom_tools' returned '0': PYTHONPATH=/home/khw/simulation_ws/build/odom_tools/prefix_override:/usr/lib/python3/dist-packages/colcon_core/task/python/colcon_distutils_commands:/home/khw/simulation_ws/install/odom_tools/lib/python3.10/site-packages:${PYTHONPATH} /usr/bin/python3 -W ignore:setup.py install is deprecated -W ignore:easy_install command is deprecated setup.py egg_info --egg-base ../../build/odom_tools build --build-base /home/khw/simulation_ws/build/odom_tools/build install --record /home/khw/simulation_ws/build/odom_tools/install.log --single-version-externally-managed install_data
