[1.391s] Invoking command in '/home/khw/simulation_ws/src/odom_tools': PYTHONPATH=/home/khw/simulation_ws/build/odom_tools/prefix_override:/usr/lib/python3/dist-packages/colcon_core/task/python/colcon_distutils_commands:/home/khw/simulation_ws/install/odom_tools/lib/python3.10/site-packages: /usr/bin/python3 -W ignore:setup.py install is deprecated -W ignore:easy_install command is deprecated setup.py egg_info --egg-base ../../build/odom_tools build --build-base /home/khw/simulation_ws/build/odom_tools/build install --record /home/khw/simulation_ws/build/odom_tools/install.log --single-version-externally-managed install_data
[1.793s] running egg_info
[1.808s] writing ../../build/odom_tools/odom_tools.egg-info/PKG-INFO
[1.808s] writing dependency_links to ../../build/odom_tools/odom_tools.egg-info/dependency_links.txt
[1.809s] writing entry points to ../../build/odom_tools/odom_tools.egg-info/entry_points.txt
[1.809s] writing requirements to ../../build/odom_tools/odom_tools.egg-info/requires.txt
[1.809s] writing top-level names to ../../build/odom_tools/odom_tools.egg-info/top_level.txt
[1.841s] reading manifest file '../../build/odom_tools/odom_tools.egg-info/SOURCES.txt'
[1.843s] writing manifest file '../../build/odom_tools/odom_tools.egg-info/SOURCES.txt'
[1.843s] running build
[1.843s] running build_py
[1.843s] copying odom_tools/move_turtlebot.py -> /home/khw/simulation_ws/build/odom_tools/build/lib/odom_tools
[1.843s] copying odom_tools/latency_measurement.py -> /home/khw/simulation_ws/build/odom_tools/build/lib/odom_tools
[1.843s] copying odom_tools/temp_move_turtlebot.py -> /home/khw/simulation_ws/build/odom_tools/build/lib/odom_tools
[1.844s] running install
[1.850s] running install_lib
[1.867s] copying /home/khw/simulation_ws/build/odom_tools/build/lib/odom_tools/move_turtlebot.py -> /home/khw/simulation_ws/install/odom_tools/lib/python3.10/site-packages/odom_tools
[1.867s] copying /home/khw/simulation_ws/build/odom_tools/build/lib/odom_tools/latency_measurement.py -> /home/khw/simulation_ws/install/odom_tools/lib/python3.10/site-packages/odom_tools
[1.867s] copying /home/khw/simulation_ws/build/odom_tools/build/lib/odom_tools/temp_move_turtlebot.py -> /home/khw/simulation_ws/install/odom_tools/lib/python3.10/site-packages/odom_tools
[1.868s] byte-compiling /home/khw/simulation_ws/install/odom_tools/lib/python3.10/site-packages/odom_tools/move_turtlebot.py to move_turtlebot.cpython-310.pyc
[1.871s] byte-compiling /home/khw/simulation_ws/install/odom_tools/lib/python3.10/site-packages/odom_tools/latency_measurement.py to latency_measurement.cpython-310.pyc
[1.872s] byte-compiling /home/khw/simulation_ws/install/odom_tools/lib/python3.10/site-packages/odom_tools/temp_move_turtlebot.py to temp_move_turtlebot.cpython-310.pyc
[1.874s] running install_data
[1.874s] running install_egg_info
[1.893s] removing '/home/khw/simulation_ws/install/odom_tools/lib/python3.10/site-packages/odom_tools-0.0.0-py3.10.egg-info' (and everything under it)
[1.893s] Copying ../../build/odom_tools/odom_tools.egg-info to /home/khw/simulation_ws/install/odom_tools/lib/python3.10/site-packages/odom_tools-0.0.0-py3.10.egg-info
[1.894s] running install_scripts
[1.977s] Installing kiosk script to /home/khw/simulation_ws/install/odom_tools/lib/odom_tools
[1.978s] Installing latency_measurement script to /home/khw/simulation_ws/install/odom_tools/lib/odom_tools
[1.978s] Installing move_turtlebot script to /home/khw/simulation_ws/install/odom_tools/lib/odom_tools
[1.978s] Installing mqtt_goal_sender script to /home/khw/simulation_ws/install/odom_tools/lib/odom_tools
[1.978s] Installing mqtt_receiver script to /home/khw/simulation_ws/install/odom_tools/lib/odom_tools
[1.978s] Installing object_detection script to /home/khw/simulation_ws/install/odom_tools/lib/odom_tools
[1.978s] Installing odom_listener script to /home/khw/simulation_ws/install/odom_tools/lib/odom_tools
[1.978s] Installing video_publisher script to /home/khw/simulation_ws/install/odom_tools/lib/odom_tools
[1.979s] writing list of installed files to '/home/khw/simulation_ws/build/odom_tools/install.log'
[2.028s] Invoked command in '/home/khw/simulation_ws/src/odom_tools' returned '0': PYTHONPATH=/home/khw/simulation_ws/build/odom_tools/prefix_override:/usr/lib/python3/dist-packages/colcon_core/task/python/colcon_distutils_commands:/home/khw/simulation_ws/install/odom_tools/lib/python3.10/site-packages: /usr/bin/python3 -W ignore:setup.py install is deprecated -W ignore:easy_install command is deprecated setup.py egg_info --egg-base ../../build/odom_tools build --build-base /home/khw/simulation_ws/build/odom_tools/build install --record /home/khw/simulation_ws/build/odom_tools/install.log --single-version-externally-managed install_data
