[0.030s] Invoking command in '/home/khw/simulation_ws/src/build/turtlebot3_navigation2': CMAKE_PREFIX_PATH=${CMAKE_PREFIX_PATH}:/opt/ros/humble:/home/khw/simulation_ws/install/turtlebot3_teleop:/home/khw/simulation_ws/install/turtlebot3_example:/home/khw/simulation_ws/install/odom_tools /usr/bin/cmake --build /home/khw/simulation_ws/src/build/turtlebot3_navigation2 -- -j12 -l12
[0.490s] Invoked command in '/home/khw/simulation_ws/src/build/turtlebot3_navigation2' returned '0': CMAKE_PREFIX_PATH=${CMAKE_PREFIX_PATH}:/opt/ros/humble:/home/khw/simulation_ws/install/turtlebot3_teleop:/home/khw/simulation_ws/install/turtlebot3_example:/home/khw/simulation_ws/install/odom_tools /usr/bin/cmake --build /home/khw/simulation_ws/src/build/turtlebot3_navigation2 -- -j12 -l12
[0.491s] Invoking command in '/home/khw/simulation_ws/src/build/turtlebot3_navigation2': CMAKE_PREFIX_PATH=${CMAKE_PREFIX_PATH}:/opt/ros/humble:/home/khw/simulation_ws/install/turtlebot3_teleop:/home/khw/simulation_ws/install/turtlebot3_example:/home/khw/simulation_ws/install/odom_tools /usr/bin/cmake --install /home/khw/simulation_ws/src/build/turtlebot3_navigation2
[0.504s] -- Install configuration: ""
[0.504s] -- Up-to-date: /home/khw/simulation_ws/src/install/turtlebot3_navigation2/share/turtlebot3_navigation2/launch
[0.504s] -- Up-to-date: /home/khw/simulation_ws/src/install/turtlebot3_navigation2/share/turtlebot3_navigation2/launch/navigation2.launch.py
[0.504s] -- Up-to-date: /home/khw/simulation_ws/src/install/turtlebot3_navigation2/share/turtlebot3_navigation2/map
[0.504s] -- Up-to-date: /home/khw/simulation_ws/src/install/turtlebot3_navigation2/share/turtlebot3_navigation2/map/map.yaml
[0.505s] -- Up-to-date: /home/khw/simulation_ws/src/install/turtlebot3_navigation2/share/turtlebot3_navigation2/map/map.pgm
[0.505s] -- Up-to-date: /home/khw/simulation_ws/src/install/turtlebot3_navigation2/share/turtlebot3_navigation2/param
[0.505s] -- Up-to-date: /home/khw/simulation_ws/src/install/turtlebot3_navigation2/share/turtlebot3_navigation2/param/waffle_pi.yaml
[0.505s] -- Up-to-date: /home/khw/simulation_ws/src/install/turtlebot3_navigation2/share/turtlebot3_navigation2/param/burger.yaml
[0.505s] -- Up-to-date: /home/khw/simulation_ws/src/install/turtlebot3_navigation2/share/turtlebot3_navigation2/param/waffle.yaml
[0.505s] -- Up-to-date: /home/khw/simulation_ws/src/install/turtlebot3_navigation2/share/turtlebot3_navigation2/param/humble
[0.505s] -- Up-to-date: /home/khw/simulation_ws/src/install/turtlebot3_navigation2/share/turtlebot3_navigation2/param/humble/waffle_pi.yaml
[0.505s] -- Up-to-date: /home/khw/simulation_ws/src/install/turtlebot3_navigation2/share/turtlebot3_navigation2/param/humble/burger.yaml
[0.505s] -- Up-to-date: /home/khw/simulation_ws/src/install/turtlebot3_navigation2/share/turtlebot3_navigation2/param/humble/waffle.yaml
[0.505s] -- Up-to-date: /home/khw/simulation_ws/src/install/turtlebot3_navigation2/share/turtlebot3_navigation2/param/humble/burger_cam.yaml
[0.505s] -- Up-to-date: /home/khw/simulation_ws/src/install/turtlebot3_navigation2/share/turtlebot3_navigation2/param/burger_cam.yaml
[0.505s] -- Up-to-date: /home/khw/simulation_ws/src/install/turtlebot3_navigation2/share/turtlebot3_navigation2/rviz
[0.505s] -- Up-to-date: /home/khw/simulation_ws/src/install/turtlebot3_navigation2/share/turtlebot3_navigation2/rviz/tb3_navigation2.rviz
[0.505s] -- Up-to-date: /home/khw/simulation_ws/src/install/turtlebot3_navigation2/share/ament_index/resource_index/package_run_dependencies/turtlebot3_navigation2
[0.505s] -- Up-to-date: /home/khw/simulation_ws/src/install/turtlebot3_navigation2/share/ament_index/resource_index/parent_prefix_path/turtlebot3_navigation2
[0.505s] -- Up-to-date: /home/khw/simulation_ws/src/install/turtlebot3_navigation2/share/turtlebot3_navigation2/environment/ament_prefix_path.sh
[0.506s] -- Up-to-date: /home/khw/simulation_ws/src/install/turtlebot3_navigation2/share/turtlebot3_navigation2/environment/ament_prefix_path.dsv
[0.506s] -- Up-to-date: /home/khw/simulation_ws/src/install/turtlebot3_navigation2/share/turtlebot3_navigation2/environment/path.sh
[0.506s] -- Up-to-date: /home/khw/simulation_ws/src/install/turtlebot3_navigation2/share/turtlebot3_navigation2/environment/path.dsv
[0.506s] -- Up-to-date: /home/khw/simulation_ws/src/install/turtlebot3_navigation2/share/turtlebot3_navigation2/local_setup.bash
[0.506s] -- Up-to-date: /home/khw/simulation_ws/src/install/turtlebot3_navigation2/share/turtlebot3_navigation2/local_setup.sh
[0.506s] -- Up-to-date: /home/khw/simulation_ws/src/install/turtlebot3_navigation2/share/turtlebot3_navigation2/local_setup.zsh
[0.506s] -- Up-to-date: /home/khw/simulation_ws/src/install/turtlebot3_navigation2/share/turtlebot3_navigation2/local_setup.dsv
[0.506s] -- Installing: /home/khw/simulation_ws/src/install/turtlebot3_navigation2/share/turtlebot3_navigation2/package.dsv
[0.506s] -- Up-to-date: /home/khw/simulation_ws/src/install/turtlebot3_navigation2/share/ament_index/resource_index/packages/turtlebot3_navigation2
[0.506s] -- Up-to-date: /home/khw/simulation_ws/src/install/turtlebot3_navigation2/share/turtlebot3_navigation2/cmake/turtlebot3_navigation2Config.cmake
[0.506s] -- Up-to-date: /home/khw/simulation_ws/src/install/turtlebot3_navigation2/share/turtlebot3_navigation2/cmake/turtlebot3_navigation2Config-version.cmake
[0.506s] -- Up-to-date: /home/khw/simulation_ws/src/install/turtlebot3_navigation2/share/turtlebot3_navigation2/package.xml
[0.596s] Invoked command in '/home/khw/simulation_ws/src/build/turtlebot3_navigation2' returned '0': CMAKE_PREFIX_PATH=${CMAKE_PREFIX_PATH}:/opt/ros/humble:/home/khw/simulation_ws/install/turtlebot3_teleop:/home/khw/simulation_ws/install/turtlebot3_example:/home/khw/simulation_ws/install/odom_tools /usr/bin/cmake --install /home/khw/simulation_ws/src/build/turtlebot3_navigation2
