[0.118s] Invoking command in '/home/khw/simulation_ws/build/turtlebot3_msgs': CMAKE_PREFIX_PATH=${CMAKE_PREFIX_PATH}:/opt/ros/humble:/home/khw/simulation_ws/install/turtlebot3_teleop:/home/khw/simulation_ws/install/turtlebot3_example:/home/khw/simulation_ws/install/odom_tools /usr/bin/cmake --build /home/khw/simulation_ws/build/turtlebot3_msgs -- -j12 -l12
[3.647s] -- Found action_msgs: 1.2.1 (/opt/ros/humble/share/action_msgs/cmake)
[3.647s] -- Override CMake install command with custom implementation using symlinks instead of copying resources
[3.647s] -- Found rosidl_generator_c: 3.1.6 (/opt/ros/humble/share/rosidl_generator_c/cmake)
[3.647s] -- Found rosidl_adapter: 3.1.6 (/opt/ros/humble/share/rosidl_adapter/cmake)
[3.647s] -- Found rosidl_generator_cpp: 3.1.6 (/opt/ros/humble/share/rosidl_generator_cpp/cmake)
[3.648s] -- Using all available rosidl_typesupport_c: rosidl_typesupport_fastrtps_c;rosidl_typesupport_introspection_c
[3.648s] -- Using all available rosidl_typesupport_cpp: rosidl_typesupport_fastrtps_cpp;rosidl_typesupport_introspection_cpp
[3.648s] -- Found rosidl_default_generators: 1.2.0 (/opt/ros/humble/share/rosidl_default_generators/cmake)
[3.648s] -- Found std_msgs: 4.8.0 (/opt/ros/humble/share/std_msgs/cmake)
[3.648s] -- Found geometry_msgs: 4.8.0 (/opt/ros/humble/share/geometry_msgs/cmake)
[3.649s] -- Found ament_cmake_cppcheck: 0.12.12 (/opt/ros/humble/share/ament_cmake_cppcheck/cmake)
[3.649s] -- Found ament_cmake_cpplint: 0.12.12 (/opt/ros/humble/share/ament_cmake_cpplint/cmake)
[3.649s] -- Found ament_cmake_uncrustify: 0.12.12 (/opt/ros/humble/share/ament_cmake_uncrustify/cmake)
[3.649s] -- Found ament_cmake_ros: 0.10.0 (/opt/ros/humble/share/ament_cmake_ros/cmake)
[4.856s] -- Using all available rosidl_typesupport_c: rosidl_typesupport_fastrtps_c;rosidl_typesupport_introspection_c
[5.458s] -- Using all available rosidl_typesupport_cpp: rosidl_typesupport_fastrtps_cpp;rosidl_typesupport_introspection_cpp
[5.557s] -- Found python_cmake_module: 0.10.0 (/opt/ros/humble/share/python_cmake_module/cmake)
[5.663s] -- Using PYTHON_EXECUTABLE: /usr/bin/python3
[5.663s] -- Using PYTHON_INCLUDE_DIRS: /usr/include/python3.10
[5.664s] -- Using PYTHON_LIBRARIES: /usr/lib/x86_64-linux-gnu/libpython3.10.so
[5.862s] -- Found ament_cmake_flake8: 0.12.12 (/opt/ros/humble/share/ament_cmake_flake8/cmake)
[5.863s] -- Found ament_cmake_pep257: 0.12.12 (/opt/ros/humble/share/ament_cmake_pep257/cmake)
[5.906s] -- Configuring done
[6.090s] -- Generating done
[6.140s] -- Build files have been written to: /home/khw/simulation_ws/build/turtlebot3_msgs
[6.252s] [35m[1mConsolidate compiler generated dependencies of target turtlebot3_msgs__rosidl_generator_c[0m
[6.285s] [  1%] Built target turtlebot3_msgs__cpp
[6.315s] [ 12%] Built target turtlebot3_msgs__rosidl_generator_c
[6.328s] [ 12%] Built target ament_cmake_python_symlink_turtlebot3_msgs
[6.356s] [35m[1mConsolidate compiler generated dependencies of target turtlebot3_msgs__rosidl_typesupport_cpp[0m
[6.367s] [35m[1mConsolidate compiler generated dependencies of target turtlebot3_msgs__rosidl_typesupport_introspection_cpp[0m
[6.379s] [35m[1mConsolidate compiler generated dependencies of target turtlebot3_msgs__rosidl_typesupport_introspection_c[0m
[6.380s] [35m[1mConsolidate compiler generated dependencies of target turtlebot3_msgs__rosidl_typesupport_fastrtps_cpp[0m
[6.389s] [35m[1mConsolidate compiler generated dependencies of target turtlebot3_msgs__rosidl_typesupport_fastrtps_c[0m
[6.414s] [35m[1mConsolidate compiler generated dependencies of target turtlebot3_msgs__rosidl_typesupport_c[0m
[6.466s] [ 24%] Built target turtlebot3_msgs__rosidl_typesupport_introspection_c
[6.471s] [ 35%] Built target turtlebot3_msgs__rosidl_typesupport_introspection_cpp
[6.475s] [ 46%] Built target turtlebot3_msgs__rosidl_typesupport_fastrtps_cpp
[6.496s] [ 63%] Built target turtlebot3_msgs__rosidl_typesupport_cpp
[6.500s] [ 69%] Built target turtlebot3_msgs__rosidl_typesupport_c
[6.560s] [ 81%] Built target turtlebot3_msgs__rosidl_typesupport_fastrtps_c
[6.634s] [ 81%] Built target turtlebot3_msgs
[6.713s] [ 82%] Built target turtlebot3_msgs__py
[6.764s] [35m[1mConsolidate compiler generated dependencies of target turtlebot3_msgs__rosidl_generator_py[0m
[6.821s] [ 92%] Built target turtlebot3_msgs__rosidl_generator_py
[6.865s] [35m[1mConsolidate compiler generated dependencies of target turtlebot3_msgs__rosidl_typesupport_introspection_c__pyext[0m
[6.868s] [35m[1mConsolidate compiler generated dependencies of target turtlebot3_msgs__rosidl_typesupport_fastrtps_c__pyext[0m
[6.872s] [35m[1mConsolidate compiler generated dependencies of target turtlebot3_msgs__rosidl_typesupport_c__pyext[0m
[6.921s] [ 94%] Built target turtlebot3_msgs__rosidl_typesupport_introspection_c__pyext
[6.928s] [ 97%] Built target turtlebot3_msgs__rosidl_typesupport_fastrtps_c__pyext
[6.942s] [100%] Built target turtlebot3_msgs__rosidl_typesupport_c__pyext
[7.845s] running egg_info
[7.922s] writing turtlebot3_msgs.egg-info/PKG-INFO
[7.923s] writing dependency_links to turtlebot3_msgs.egg-info/dependency_links.txt
[7.924s] writing top-level names to turtlebot3_msgs.egg-info/top_level.txt
[8.189s] reading manifest file 'turtlebot3_msgs.egg-info/SOURCES.txt'
[8.191s] writing manifest file 'turtlebot3_msgs.egg-info/SOURCES.txt'
[8.405s] [100%] Built target ament_cmake_python_build_turtlebot3_msgs_egg
[8.460s] Invoked command in '/home/khw/simulation_ws/build/turtlebot3_msgs' returned '0': CMAKE_PREFIX_PATH=${CMAKE_PREFIX_PATH}:/opt/ros/humble:/home/khw/simulation_ws/install/turtlebot3_teleop:/home/khw/simulation_ws/install/turtlebot3_example:/home/khw/simulation_ws/install/odom_tools /usr/bin/cmake --build /home/khw/simulation_ws/build/turtlebot3_msgs -- -j12 -l12
[8.474s] Invoking command in '/home/khw/simulation_ws/build/turtlebot3_msgs': CMAKE_PREFIX_PATH=${CMAKE_PREFIX_PATH}:/opt/ros/humble:/home/khw/simulation_ws/install/turtlebot3_teleop:/home/khw/simulation_ws/install/turtlebot3_example:/home/khw/simulation_ws/install/odom_tools /usr/bin/cmake --install /home/khw/simulation_ws/build/turtlebot3_msgs
[8.508s] -- Install configuration: ""
[8.512s] -- Execute custom install script
[8.513s] -- Up-to-date symlink: /home/khw/simulation_ws/install/turtlebot3_msgs/share/ament_index/resource_index/rosidl_interfaces/turtlebot3_msgs
[8.515s] -- Up-to-date symlink: /home/khw/simulation_ws/install/turtlebot3_msgs/include/turtlebot3_msgs/turtlebot3_msgs/action/detail/patrol__functions.h
[8.516s] -- Up-to-date symlink: /home/khw/simulation_ws/install/turtlebot3_msgs/include/turtlebot3_msgs/turtlebot3_msgs/action/detail/patrol__struct.h
[8.518s] -- Up-to-date symlink: /home/khw/simulation_ws/install/turtlebot3_msgs/include/turtlebot3_msgs/turtlebot3_msgs/action/detail/patrol__type_support.h
[8.519s] -- Up-to-date symlink: /home/khw/simulation_ws/install/turtlebot3_msgs/include/turtlebot3_msgs/turtlebot3_msgs/action/patrol.h
[8.523s] -- Up-to-date symlink: /home/khw/simulation_ws/install/turtlebot3_msgs/include/turtlebot3_msgs/turtlebot3_msgs/msg/detail/sensor_state__functions.h
[8.528s] -- Up-to-date symlink: /home/khw/simulation_ws/install/turtlebot3_msgs/include/turtlebot3_msgs/turtlebot3_msgs/msg/detail/sensor_state__struct.h
[8.529s] -- Up-to-date symlink: /home/khw/simulation_ws/install/turtlebot3_msgs/include/turtlebot3_msgs/turtlebot3_msgs/msg/detail/sensor_state__type_support.h
[8.529s] -- Up-to-date symlink: /home/khw/simulation_ws/install/turtlebot3_msgs/include/turtlebot3_msgs/turtlebot3_msgs/msg/detail/sound__functions.h
[8.530s] -- Up-to-date symlink: /home/khw/simulation_ws/install/turtlebot3_msgs/include/turtlebot3_msgs/turtlebot3_msgs/msg/detail/sound__struct.h
[8.530s] -- Up-to-date symlink: /home/khw/simulation_ws/install/turtlebot3_msgs/include/turtlebot3_msgs/turtlebot3_msgs/msg/detail/sound__type_support.h
[8.531s] -- Up-to-date symlink: /home/khw/simulation_ws/install/turtlebot3_msgs/include/turtlebot3_msgs/turtlebot3_msgs/msg/detail/version_info__functions.h
[8.532s] -- Up-to-date symlink: /home/khw/simulation_ws/install/turtlebot3_msgs/include/turtlebot3_msgs/turtlebot3_msgs/msg/detail/version_info__struct.h
[8.532s] -- Up-to-date symlink: /home/khw/simulation_ws/install/turtlebot3_msgs/include/turtlebot3_msgs/turtlebot3_msgs/msg/detail/version_info__type_support.h
[8.533s] -- Up-to-date symlink: /home/khw/simulation_ws/install/turtlebot3_msgs/include/turtlebot3_msgs/turtlebot3_msgs/msg/rosidl_generator_c__visibility_control.h
[8.533s] -- Up-to-date symlink: /home/khw/simulation_ws/install/turtlebot3_msgs/include/turtlebot3_msgs/turtlebot3_msgs/msg/sensor_state.h
[8.533s] -- Up-to-date symlink: /home/khw/simulation_ws/install/turtlebot3_msgs/include/turtlebot3_msgs/turtlebot3_msgs/msg/sound.h
[8.534s] -- Up-to-date symlink: /home/khw/simulation_ws/install/turtlebot3_msgs/include/turtlebot3_msgs/turtlebot3_msgs/msg/version_info.h
[8.534s] -- Up-to-date symlink: /home/khw/simulation_ws/install/turtlebot3_msgs/include/turtlebot3_msgs/turtlebot3_msgs/srv/detail/dqn__functions.h
[8.535s] -- Up-to-date symlink: /home/khw/simulation_ws/install/turtlebot3_msgs/include/turtlebot3_msgs/turtlebot3_msgs/srv/detail/dqn__struct.h
[8.535s] -- Up-to-date symlink: /home/khw/simulation_ws/install/turtlebot3_msgs/include/turtlebot3_msgs/turtlebot3_msgs/srv/detail/dqn__type_support.h
[8.536s] -- Up-to-date symlink: /home/khw/simulation_ws/install/turtlebot3_msgs/include/turtlebot3_msgs/turtlebot3_msgs/srv/detail/goal__functions.h
[8.536s] -- Up-to-date symlink: /home/khw/simulation_ws/install/turtlebot3_msgs/include/turtlebot3_msgs/turtlebot3_msgs/srv/detail/goal__struct.h
[8.537s] -- Up-to-date symlink: /home/khw/simulation_ws/install/turtlebot3_msgs/include/turtlebot3_msgs/turtlebot3_msgs/srv/detail/goal__type_support.h
[8.537s] -- Up-to-date symlink: /home/khw/simulation_ws/install/turtlebot3_msgs/include/turtlebot3_msgs/turtlebot3_msgs/srv/detail/sound__functions.h
[8.537s] -- Up-to-date symlink: /home/khw/simulation_ws/install/turtlebot3_msgs/include/turtlebot3_msgs/turtlebot3_msgs/srv/detail/sound__struct.h
[8.539s] -- Up-to-date symlink: /home/khw/simulation_ws/install/turtlebot3_msgs/include/turtlebot3_msgs/turtlebot3_msgs/srv/detail/sound__type_support.h
[8.539s] -- Up-to-date symlink: /home/khw/simulation_ws/install/turtlebot3_msgs/include/turtlebot3_msgs/turtlebot3_msgs/srv/dqn.h
[8.540s] -- Up-to-date symlink: /home/khw/simulation_ws/install/turtlebot3_msgs/include/turtlebot3_msgs/turtlebot3_msgs/srv/goal.h
[8.541s] -- Up-to-date symlink: /home/khw/simulation_ws/install/turtlebot3_msgs/include/turtlebot3_msgs/turtlebot3_msgs/srv/sound.h
[8.541s] -- Up-to-date symlink: /home/khw/simulation_ws/install/turtlebot3_msgs/share/turtlebot3_msgs/environment/library_path.sh
[8.542s] -- Up-to-date symlink: /home/khw/simulation_ws/install/turtlebot3_msgs/share/turtlebot3_msgs/environment/library_path.dsv
[8.542s] -- Up-to-date symlink: /home/khw/simulation_ws/install/turtlebot3_msgs/include/turtlebot3_msgs/turtlebot3_msgs/action/detail/patrol__rosidl_typesupport_fastrtps_c.h
[8.542s] -- Up-to-date symlink: /home/khw/simulation_ws/install/turtlebot3_msgs/include/turtlebot3_msgs/turtlebot3_msgs/msg/detail/sensor_state__rosidl_typesupport_fastrtps_c.h
[8.543s] -- Up-to-date symlink: /home/khw/simulation_ws/install/turtlebot3_msgs/include/turtlebot3_msgs/turtlebot3_msgs/msg/detail/sound__rosidl_typesupport_fastrtps_c.h
[8.543s] -- Up-to-date symlink: /home/khw/simulation_ws/install/turtlebot3_msgs/include/turtlebot3_msgs/turtlebot3_msgs/msg/detail/version_info__rosidl_typesupport_fastrtps_c.h
[8.543s] -- Up-to-date symlink: /home/khw/simulation_ws/install/turtlebot3_msgs/include/turtlebot3_msgs/turtlebot3_msgs/msg/rosidl_typesupport_fastrtps_c__visibility_control.h
[8.544s] -- Up-to-date symlink: /home/khw/simulation_ws/install/turtlebot3_msgs/include/turtlebot3_msgs/turtlebot3_msgs/srv/detail/dqn__rosidl_typesupport_fastrtps_c.h
[8.544s] -- Up-to-date symlink: /home/khw/simulation_ws/install/turtlebot3_msgs/include/turtlebot3_msgs/turtlebot3_msgs/srv/detail/goal__rosidl_typesupport_fastrtps_c.h
[8.545s] -- Up-to-date symlink: /home/khw/simulation_ws/install/turtlebot3_msgs/include/turtlebot3_msgs/turtlebot3_msgs/srv/detail/sound__rosidl_typesupport_fastrtps_c.h
[8.545s] -- Up-to-date symlink: /home/khw/simulation_ws/install/turtlebot3_msgs/include/turtlebot3_msgs/turtlebot3_msgs/action/detail/patrol__builder.hpp
[8.546s] -- Up-to-date symlink: /home/khw/simulation_ws/install/turtlebot3_msgs/include/turtlebot3_msgs/turtlebot3_msgs/action/detail/patrol__struct.hpp
[8.547s] -- Up-to-date symlink: /home/khw/simulation_ws/install/turtlebot3_msgs/include/turtlebot3_msgs/turtlebot3_msgs/action/detail/patrol__traits.hpp
[8.547s] -- Up-to-date symlink: /home/khw/simulation_ws/install/turtlebot3_msgs/include/turtlebot3_msgs/turtlebot3_msgs/action/detail/patrol__type_support.hpp
[8.547s] -- Up-to-date symlink: /home/khw/simulation_ws/install/turtlebot3_msgs/include/turtlebot3_msgs/turtlebot3_msgs/action/patrol.hpp
[8.548s] -- Up-to-date symlink: /home/khw/simulation_ws/install/turtlebot3_msgs/include/turtlebot3_msgs/turtlebot3_msgs/msg/detail/sensor_state__builder.hpp
[8.548s] -- Up-to-date symlink: /home/khw/simulation_ws/install/turtlebot3_msgs/include/turtlebot3_msgs/turtlebot3_msgs/msg/detail/sensor_state__struct.hpp
[8.549s] -- Up-to-date symlink: /home/khw/simulation_ws/install/turtlebot3_msgs/include/turtlebot3_msgs/turtlebot3_msgs/msg/detail/sensor_state__traits.hpp
[8.549s] -- Up-to-date symlink: /home/khw/simulation_ws/install/turtlebot3_msgs/include/turtlebot3_msgs/turtlebot3_msgs/msg/detail/sensor_state__type_support.hpp
[8.550s] -- Up-to-date symlink: /home/khw/simulation_ws/install/turtlebot3_msgs/include/turtlebot3_msgs/turtlebot3_msgs/msg/detail/sound__builder.hpp
[8.551s] -- Up-to-date symlink: /home/khw/simulation_ws/install/turtlebot3_msgs/include/turtlebot3_msgs/turtlebot3_msgs/msg/detail/sound__struct.hpp
[8.552s] -- Up-to-date symlink: /home/khw/simulation_ws/install/turtlebot3_msgs/include/turtlebot3_msgs/turtlebot3_msgs/msg/detail/sound__traits.hpp
[8.552s] -- Up-to-date symlink: /home/khw/simulation_ws/install/turtlebot3_msgs/include/turtlebot3_msgs/turtlebot3_msgs/msg/detail/sound__type_support.hpp
[8.553s] -- Up-to-date symlink: /home/khw/simulation_ws/install/turtlebot3_msgs/include/turtlebot3_msgs/turtlebot3_msgs/msg/detail/version_info__builder.hpp
[8.553s] -- Up-to-date symlink: /home/khw/simulation_ws/install/turtlebot3_msgs/include/turtlebot3_msgs/turtlebot3_msgs/msg/detail/version_info__struct.hpp
[8.553s] -- Up-to-date symlink: /home/khw/simulation_ws/install/turtlebot3_msgs/include/turtlebot3_msgs/turtlebot3_msgs/msg/detail/version_info__traits.hpp
[8.554s] -- Up-to-date symlink: /home/khw/simulation_ws/install/turtlebot3_msgs/include/turtlebot3_msgs/turtlebot3_msgs/msg/detail/version_info__type_support.hpp
[8.554s] -- Up-to-date symlink: /home/khw/simulation_ws/install/turtlebot3_msgs/include/turtlebot3_msgs/turtlebot3_msgs/msg/rosidl_generator_cpp__visibility_control.hpp
[8.555s] -- Up-to-date symlink: /home/khw/simulation_ws/install/turtlebot3_msgs/include/turtlebot3_msgs/turtlebot3_msgs/msg/sensor_state.hpp
[8.555s] -- Up-to-date symlink: /home/khw/simulation_ws/install/turtlebot3_msgs/include/turtlebot3_msgs/turtlebot3_msgs/msg/sound.hpp
[8.555s] -- Up-to-date symlink: /home/khw/simulation_ws/install/turtlebot3_msgs/include/turtlebot3_msgs/turtlebot3_msgs/msg/version_info.hpp
[8.556s] -- Up-to-date symlink: /home/khw/simulation_ws/install/turtlebot3_msgs/include/turtlebot3_msgs/turtlebot3_msgs/srv/detail/dqn__builder.hpp
[8.556s] -- Up-to-date symlink: /home/khw/simulation_ws/install/turtlebot3_msgs/include/turtlebot3_msgs/turtlebot3_msgs/srv/detail/dqn__struct.hpp
[8.557s] -- Up-to-date symlink: /home/khw/simulation_ws/install/turtlebot3_msgs/include/turtlebot3_msgs/turtlebot3_msgs/srv/detail/dqn__traits.hpp
[8.558s] -- Up-to-date symlink: /home/khw/simulation_ws/install/turtlebot3_msgs/include/turtlebot3_msgs/turtlebot3_msgs/srv/detail/dqn__type_support.hpp
[8.558s] -- Up-to-date symlink: /home/khw/simulation_ws/install/turtlebot3_msgs/include/turtlebot3_msgs/turtlebot3_msgs/srv/detail/goal__builder.hpp
[8.559s] -- Up-to-date symlink: /home/khw/simulation_ws/install/turtlebot3_msgs/include/turtlebot3_msgs/turtlebot3_msgs/srv/detail/goal__struct.hpp
[8.559s] -- Up-to-date symlink: /home/khw/simulation_ws/install/turtlebot3_msgs/include/turtlebot3_msgs/turtlebot3_msgs/srv/detail/goal__traits.hpp
[8.559s] -- Up-to-date symlink: /home/khw/simulation_ws/install/turtlebot3_msgs/include/turtlebot3_msgs/turtlebot3_msgs/srv/detail/goal__type_support.hpp
[8.559s] -- Up-to-date symlink: /home/khw/simulation_ws/install/turtlebot3_msgs/include/turtlebot3_msgs/turtlebot3_msgs/srv/detail/sound__builder.hpp
[8.560s] -- Up-to-date symlink: /home/khw/simulation_ws/install/turtlebot3_msgs/include/turtlebot3_msgs/turtlebot3_msgs/srv/detail/sound__struct.hpp
[8.560s] -- Up-to-date symlink: /home/khw/simulation_ws/install/turtlebot3_msgs/include/turtlebot3_msgs/turtlebot3_msgs/srv/detail/sound__traits.hpp
[8.560s] -- Up-to-date symlink: /home/khw/simulation_ws/install/turtlebot3_msgs/include/turtlebot3_msgs/turtlebot3_msgs/srv/detail/sound__type_support.hpp
[8.560s] -- Up-to-date symlink: /home/khw/simulation_ws/install/turtlebot3_msgs/include/turtlebot3_msgs/turtlebot3_msgs/srv/dqn.hpp
[8.561s] -- Up-to-date symlink: /home/khw/simulation_ws/install/turtlebot3_msgs/include/turtlebot3_msgs/turtlebot3_msgs/srv/goal.hpp
[8.561s] -- Up-to-date symlink: /home/khw/simulation_ws/install/turtlebot3_msgs/include/turtlebot3_msgs/turtlebot3_msgs/srv/sound.hpp
[8.564s] -- Up-to-date symlink: /home/khw/simulation_ws/install/turtlebot3_msgs/include/turtlebot3_msgs/turtlebot3_msgs/action/detail/patrol__rosidl_typesupport_fastrtps_cpp.hpp
[8.564s] -- Up-to-date symlink: /home/khw/simulation_ws/install/turtlebot3_msgs/include/turtlebot3_msgs/turtlebot3_msgs/msg/detail/sensor_state__rosidl_typesupport_fastrtps_cpp.hpp
[8.567s] -- Up-to-date symlink: /home/khw/simulation_ws/install/turtlebot3_msgs/include/turtlebot3_msgs/turtlebot3_msgs/msg/detail/sound__rosidl_typesupport_fastrtps_cpp.hpp
[8.567s] -- Up-to-date symlink: /home/khw/simulation_ws/install/turtlebot3_msgs/include/turtlebot3_msgs/turtlebot3_msgs/msg/detail/version_info__rosidl_typesupport_fastrtps_cpp.hpp
[8.567s] -- Up-to-date symlink: /home/khw/simulation_ws/install/turtlebot3_msgs/include/turtlebot3_msgs/turtlebot3_msgs/msg/rosidl_typesupport_fastrtps_cpp__visibility_control.h
[8.567s] -- Up-to-date symlink: /home/khw/simulation_ws/install/turtlebot3_msgs/include/turtlebot3_msgs/turtlebot3_msgs/srv/detail/dqn__rosidl_typesupport_fastrtps_cpp.hpp
[8.567s] -- Up-to-date symlink: /home/khw/simulation_ws/install/turtlebot3_msgs/include/turtlebot3_msgs/turtlebot3_msgs/srv/detail/goal__rosidl_typesupport_fastrtps_cpp.hpp
[8.568s] -- Up-to-date symlink: /home/khw/simulation_ws/install/turtlebot3_msgs/include/turtlebot3_msgs/turtlebot3_msgs/srv/detail/sound__rosidl_typesupport_fastrtps_cpp.hpp
[8.570s] -- Up-to-date symlink: /home/khw/simulation_ws/install/turtlebot3_msgs/include/turtlebot3_msgs/turtlebot3_msgs/action/detail/patrol__rosidl_typesupport_introspection_c.h
[8.570s] -- Up-to-date symlink: /home/khw/simulation_ws/install/turtlebot3_msgs/include/turtlebot3_msgs/turtlebot3_msgs/msg/detail/sensor_state__rosidl_typesupport_introspection_c.h
[8.570s] -- Up-to-date symlink: /home/khw/simulation_ws/install/turtlebot3_msgs/include/turtlebot3_msgs/turtlebot3_msgs/msg/detail/sound__rosidl_typesupport_introspection_c.h
[8.571s] -- Up-to-date symlink: /home/khw/simulation_ws/install/turtlebot3_msgs/include/turtlebot3_msgs/turtlebot3_msgs/msg/detail/version_info__rosidl_typesupport_introspection_c.h
[8.572s] -- Up-to-date symlink: /home/khw/simulation_ws/install/turtlebot3_msgs/include/turtlebot3_msgs/turtlebot3_msgs/msg/rosidl_typesupport_introspection_c__visibility_control.h
[8.572s] -- Up-to-date symlink: /home/khw/simulation_ws/install/turtlebot3_msgs/include/turtlebot3_msgs/turtlebot3_msgs/srv/detail/dqn__rosidl_typesupport_introspection_c.h
[8.572s] -- Up-to-date symlink: /home/khw/simulation_ws/install/turtlebot3_msgs/include/turtlebot3_msgs/turtlebot3_msgs/srv/detail/goal__rosidl_typesupport_introspection_c.h
[8.572s] -- Up-to-date symlink: /home/khw/simulation_ws/install/turtlebot3_msgs/include/turtlebot3_msgs/turtlebot3_msgs/srv/detail/sound__rosidl_typesupport_introspection_c.h
[8.574s] -- Up-to-date symlink: /home/khw/simulation_ws/install/turtlebot3_msgs/include/turtlebot3_msgs/turtlebot3_msgs/action/detail/patrol__rosidl_typesupport_introspection_cpp.hpp
[8.574s] -- Up-to-date symlink: /home/khw/simulation_ws/install/turtlebot3_msgs/include/turtlebot3_msgs/turtlebot3_msgs/msg/detail/sensor_state__rosidl_typesupport_introspection_cpp.hpp
[8.574s] -- Up-to-date symlink: /home/khw/simulation_ws/install/turtlebot3_msgs/include/turtlebot3_msgs/turtlebot3_msgs/msg/detail/sound__rosidl_typesupport_introspection_cpp.hpp
[8.575s] -- Up-to-date symlink: /home/khw/simulation_ws/install/turtlebot3_msgs/include/turtlebot3_msgs/turtlebot3_msgs/msg/detail/version_info__rosidl_typesupport_introspection_cpp.hpp
[8.576s] -- Up-to-date symlink: /home/khw/simulation_ws/install/turtlebot3_msgs/include/turtlebot3_msgs/turtlebot3_msgs/srv/detail/dqn__rosidl_typesupport_introspection_cpp.hpp
[8.576s] -- Up-to-date symlink: /home/khw/simulation_ws/install/turtlebot3_msgs/include/turtlebot3_msgs/turtlebot3_msgs/srv/detail/goal__rosidl_typesupport_introspection_cpp.hpp
[8.576s] -- Up-to-date symlink: /home/khw/simulation_ws/install/turtlebot3_msgs/include/turtlebot3_msgs/turtlebot3_msgs/srv/detail/sound__rosidl_typesupport_introspection_cpp.hpp
[8.577s] -- Up-to-date symlink: /home/khw/simulation_ws/install/turtlebot3_msgs/share/turtlebot3_msgs/environment/pythonpath.sh
[8.578s] -- Up-to-date symlink: /home/khw/simulation_ws/install/turtlebot3_msgs/share/turtlebot3_msgs/environment/pythonpath.dsv
[8.579s] -- Up-to-date symlink: /home/khw/simulation_ws/install/turtlebot3_msgs/local/lib/python3.10/dist-packages/turtlebot3_msgs-2.4.0-py3.10.egg-info/PKG-INFO
[8.583s] -- Up-to-date symlink: /home/khw/simulation_ws/install/turtlebot3_msgs/local/lib/python3.10/dist-packages/turtlebot3_msgs-2.4.0-py3.10.egg-info/SOURCES.txt
[8.584s] -- Up-to-date symlink: /home/khw/simulation_ws/install/turtlebot3_msgs/local/lib/python3.10/dist-packages/turtlebot3_msgs-2.4.0-py3.10.egg-info/dependency_links.txt
[8.584s] -- Up-to-date symlink: /home/khw/simulation_ws/install/turtlebot3_msgs/local/lib/python3.10/dist-packages/turtlebot3_msgs-2.4.0-py3.10.egg-info/top_level.txt
[8.585s] -- Up-to-date symlink: /home/khw/simulation_ws/install/turtlebot3_msgs/local/lib/python3.10/dist-packages/turtlebot3_msgs/__init__.py
[8.586s] -- Up-to-date symlink: /home/khw/simulation_ws/install/turtlebot3_msgs/local/lib/python3.10/dist-packages/turtlebot3_msgs/_turtlebot3_msgs_s.ep.rosidl_typesupport_c.c
[8.587s] -- Up-to-date symlink: /home/khw/simulation_ws/install/turtlebot3_msgs/local/lib/python3.10/dist-packages/turtlebot3_msgs/_turtlebot3_msgs_s.ep.rosidl_typesupport_fastrtps_c.c
[8.588s] -- Up-to-date symlink: /home/khw/simulation_ws/install/turtlebot3_msgs/local/lib/python3.10/dist-packages/turtlebot3_msgs/_turtlebot3_msgs_s.ep.rosidl_typesupport_introspection_c.c
[8.589s] -- Up-to-date symlink: /home/khw/simulation_ws/install/turtlebot3_msgs/local/lib/python3.10/dist-packages/turtlebot3_msgs/action/__init__.py
[8.589s] -- Up-to-date symlink: /home/khw/simulation_ws/install/turtlebot3_msgs/local/lib/python3.10/dist-packages/turtlebot3_msgs/action/_patrol.py
[8.590s] -- Up-to-date symlink: /home/khw/simulation_ws/install/turtlebot3_msgs/local/lib/python3.10/dist-packages/turtlebot3_msgs/action/_patrol_s.c
[8.592s] -- Up-to-date symlink: /home/khw/simulation_ws/install/turtlebot3_msgs/local/lib/python3.10/dist-packages/turtlebot3_msgs/libturtlebot3_msgs__rosidl_generator_py.so
[8.592s] -- Up-to-date symlink: /home/khw/simulation_ws/install/turtlebot3_msgs/local/lib/python3.10/dist-packages/turtlebot3_msgs/msg/__init__.py
[8.593s] -- Up-to-date symlink: /home/khw/simulation_ws/install/turtlebot3_msgs/local/lib/python3.10/dist-packages/turtlebot3_msgs/msg/_sensor_state.py
[8.593s] -- Up-to-date symlink: /home/khw/simulation_ws/install/turtlebot3_msgs/local/lib/python3.10/dist-packages/turtlebot3_msgs/msg/_sensor_state_s.c
[8.594s] -- Up-to-date symlink: /home/khw/simulation_ws/install/turtlebot3_msgs/local/lib/python3.10/dist-packages/turtlebot3_msgs/msg/_sound.py
[8.594s] -- Up-to-date symlink: /home/khw/simulation_ws/install/turtlebot3_msgs/local/lib/python3.10/dist-packages/turtlebot3_msgs/msg/_sound_s.c
[8.594s] -- Up-to-date symlink: /home/khw/simulation_ws/install/turtlebot3_msgs/local/lib/python3.10/dist-packages/turtlebot3_msgs/msg/_version_info.py
[8.595s] -- Up-to-date symlink: /home/khw/simulation_ws/install/turtlebot3_msgs/local/lib/python3.10/dist-packages/turtlebot3_msgs/msg/_version_info_s.c
[8.595s] -- Up-to-date symlink: /home/khw/simulation_ws/install/turtlebot3_msgs/local/lib/python3.10/dist-packages/turtlebot3_msgs/srv/__init__.py
[8.595s] -- Up-to-date symlink: /home/khw/simulation_ws/install/turtlebot3_msgs/local/lib/python3.10/dist-packages/turtlebot3_msgs/srv/_dqn.py
[8.596s] -- Up-to-date symlink: /home/khw/simulation_ws/install/turtlebot3_msgs/local/lib/python3.10/dist-packages/turtlebot3_msgs/srv/_dqn_s.c
[8.596s] -- Up-to-date symlink: /home/khw/simulation_ws/install/turtlebot3_msgs/local/lib/python3.10/dist-packages/turtlebot3_msgs/srv/_goal.py
[8.596s] -- Up-to-date symlink: /home/khw/simulation_ws/install/turtlebot3_msgs/local/lib/python3.10/dist-packages/turtlebot3_msgs/srv/_goal_s.c
[8.596s] -- Up-to-date symlink: /home/khw/simulation_ws/install/turtlebot3_msgs/local/lib/python3.10/dist-packages/turtlebot3_msgs/srv/_sound.py
[8.597s] -- Up-to-date symlink: /home/khw/simulation_ws/install/turtlebot3_msgs/local/lib/python3.10/dist-packages/turtlebot3_msgs/srv/_sound_s.c
[8.597s] -- Up-to-date symlink: /home/khw/simulation_ws/install/turtlebot3_msgs/local/lib/python3.10/dist-packages/turtlebot3_msgs/turtlebot3_msgs_s__rosidl_typesupport_c.cpython-310-x86_64-linux-gnu.so
[8.597s] -- Up-to-date symlink: /home/khw/simulation_ws/install/turtlebot3_msgs/local/lib/python3.10/dist-packages/turtlebot3_msgs/turtlebot3_msgs_s__rosidl_typesupport_fastrtps_c.cpython-310-x86_64-linux-gnu.so
[8.598s] -- Up-to-date symlink: /home/khw/simulation_ws/install/turtlebot3_msgs/local/lib/python3.10/dist-packages/turtlebot3_msgs/turtlebot3_msgs_s__rosidl_typesupport_introspection_c.cpython-310-x86_64-linux-gnu.so
[8.599s] -- Up-to-date symlink: /home/khw/simulation_ws/install/turtlebot3_msgs/local/lib/python3.10/dist-packages/turtlebot3_msgs/turtlebot3_msgs_s__rosidl_typesupport_fastrtps_c.cpython-310-x86_64-linux-gnu.so
[8.599s] -- Up-to-date symlink: /home/khw/simulation_ws/install/turtlebot3_msgs/local/lib/python3.10/dist-packages/turtlebot3_msgs/turtlebot3_msgs_s__rosidl_typesupport_introspection_c.cpython-310-x86_64-linux-gnu.so
[8.600s] -- Up-to-date symlink: /home/khw/simulation_ws/install/turtlebot3_msgs/local/lib/python3.10/dist-packages/turtlebot3_msgs/turtlebot3_msgs_s__rosidl_typesupport_c.cpython-310-x86_64-linux-gnu.so
[8.600s] -- Up-to-date symlink: /home/khw/simulation_ws/install/turtlebot3_msgs/share/turtlebot3_msgs/msg/SensorState.idl
[8.601s] -- Up-to-date symlink: /home/khw/simulation_ws/install/turtlebot3_msgs/share/turtlebot3_msgs/msg/Sound.idl
[8.601s] -- Up-to-date symlink: /home/khw/simulation_ws/install/turtlebot3_msgs/share/turtlebot3_msgs/msg/VersionInfo.idl
[8.601s] -- Up-to-date symlink: /home/khw/simulation_ws/install/turtlebot3_msgs/share/turtlebot3_msgs/srv/Sound.idl
[8.602s] -- Up-to-date symlink: /home/khw/simulation_ws/install/turtlebot3_msgs/share/turtlebot3_msgs/srv/Dqn.idl
[8.603s] -- Up-to-date symlink: /home/khw/simulation_ws/install/turtlebot3_msgs/share/turtlebot3_msgs/srv/Goal.idl
[8.604s] -- Up-to-date symlink: /home/khw/simulation_ws/install/turtlebot3_msgs/share/turtlebot3_msgs/action/Patrol.idl
[8.604s] -- Up-to-date symlink: /home/khw/simulation_ws/install/turtlebot3_msgs/share/turtlebot3_msgs/msg/SensorState.msg
[8.605s] -- Up-to-date symlink: /home/khw/simulation_ws/install/turtlebot3_msgs/share/turtlebot3_msgs/msg/Sound.msg
[8.605s] -- Up-to-date symlink: /home/khw/simulation_ws/install/turtlebot3_msgs/share/turtlebot3_msgs/msg/VersionInfo.msg
[8.606s] -- Up-to-date symlink: /home/khw/simulation_ws/install/turtlebot3_msgs/share/turtlebot3_msgs/srv/Sound.srv
[8.606s] -- Up-to-date symlink: /home/khw/simulation_ws/install/turtlebot3_msgs/share/turtlebot3_msgs/srv/Sound_Request.msg
[8.607s] -- Up-to-date symlink: /home/khw/simulation_ws/install/turtlebot3_msgs/share/turtlebot3_msgs/srv/Sound_Response.msg
[8.607s] -- Up-to-date symlink: /home/khw/simulation_ws/install/turtlebot3_msgs/share/turtlebot3_msgs/srv/Dqn.srv
[8.608s] -- Up-to-date symlink: /home/khw/simulation_ws/install/turtlebot3_msgs/share/turtlebot3_msgs/srv/Dqn_Request.msg
[8.608s] -- Up-to-date symlink: /home/khw/simulation_ws/install/turtlebot3_msgs/share/turtlebot3_msgs/srv/Dqn_Response.msg
[8.609s] -- Up-to-date symlink: /home/khw/simulation_ws/install/turtlebot3_msgs/share/turtlebot3_msgs/srv/Goal.srv
[8.610s] -- Up-to-date symlink: /home/khw/simulation_ws/install/turtlebot3_msgs/share/turtlebot3_msgs/srv/Goal_Request.msg
[8.612s] -- Up-to-date symlink: /home/khw/simulation_ws/install/turtlebot3_msgs/share/turtlebot3_msgs/srv/Goal_Response.msg
[8.613s] -- Up-to-date symlink: /home/khw/simulation_ws/install/turtlebot3_msgs/share/turtlebot3_msgs/action/Patrol.action
[8.613s] -- Up-to-date symlink: /home/khw/simulation_ws/install/turtlebot3_msgs/share/ament_index/resource_index/package_run_dependencies/turtlebot3_msgs
[8.614s] -- Up-to-date symlink: /home/khw/simulation_ws/install/turtlebot3_msgs/share/ament_index/resource_index/parent_prefix_path/turtlebot3_msgs
[8.614s] -- Up-to-date symlink: /home/khw/simulation_ws/install/turtlebot3_msgs/share/turtlebot3_msgs/environment/ament_prefix_path.sh
[8.614s] -- Up-to-date symlink: /home/khw/simulation_ws/install/turtlebot3_msgs/share/turtlebot3_msgs/environment/ament_prefix_path.dsv
[8.615s] -- Up-to-date symlink: /home/khw/simulation_ws/install/turtlebot3_msgs/share/turtlebot3_msgs/environment/path.sh
[8.615s] -- Up-to-date symlink: /home/khw/simulation_ws/install/turtlebot3_msgs/share/turtlebot3_msgs/environment/path.dsv
[8.616s] -- Up-to-date symlink: /home/khw/simulation_ws/install/turtlebot3_msgs/share/turtlebot3_msgs/local_setup.bash
[8.616s] -- Up-to-date symlink: /home/khw/simulation_ws/install/turtlebot3_msgs/share/turtlebot3_msgs/local_setup.sh
[8.618s] -- Up-to-date symlink: /home/khw/simulation_ws/install/turtlebot3_msgs/share/turtlebot3_msgs/local_setup.zsh
[8.618s] -- Up-to-date symlink: /home/khw/simulation_ws/install/turtlebot3_msgs/share/turtlebot3_msgs/local_setup.dsv
[8.619s] -- Symlinking: /home/khw/simulation_ws/install/turtlebot3_msgs/share/turtlebot3_msgs/package.dsv
[8.652s] -- Up-to-date symlink: /home/khw/simulation_ws/install/turtlebot3_msgs/share/ament_index/resource_index/packages/turtlebot3_msgs
[8.653s] -- Up-to-date symlink: /home/khw/simulation_ws/install/turtlebot3_msgs/share/turtlebot3_msgs/cmake/rosidl_cmake-extras.cmake
[8.653s] -- Up-to-date symlink: /home/khw/simulation_ws/install/turtlebot3_msgs/share/turtlebot3_msgs/cmake/ament_cmake_export_dependencies-extras.cmake
[8.654s] -- Up-to-date symlink: /home/khw/simulation_ws/install/turtlebot3_msgs/share/turtlebot3_msgs/cmake/ament_cmake_export_include_directories-extras.cmake
[8.655s] -- Up-to-date symlink: /home/khw/simulation_ws/install/turtlebot3_msgs/share/turtlebot3_msgs/cmake/ament_cmake_export_libraries-extras.cmake
[8.656s] -- Up-to-date symlink: /home/khw/simulation_ws/install/turtlebot3_msgs/share/turtlebot3_msgs/cmake/ament_cmake_export_targets-extras.cmake
[8.656s] -- Up-to-date symlink: /home/khw/simulation_ws/install/turtlebot3_msgs/share/turtlebot3_msgs/cmake/rosidl_cmake_export_typesupport_targets-extras.cmake
[8.657s] -- Up-to-date symlink: /home/khw/simulation_ws/install/turtlebot3_msgs/share/turtlebot3_msgs/cmake/rosidl_cmake_export_typesupport_libraries-extras.cmake
[8.657s] -- Up-to-date symlink: /home/khw/simulation_ws/install/turtlebot3_msgs/share/turtlebot3_msgs/cmake/turtlebot3_msgsConfig.cmake
[8.658s] -- Up-to-date symlink: /home/khw/simulation_ws/install/turtlebot3_msgs/share/turtlebot3_msgs/cmake/turtlebot3_msgsConfig-version.cmake
[8.658s] -- Up-to-date symlink: /home/khw/simulation_ws/install/turtlebot3_msgs/share/turtlebot3_msgs/package.xml
[8.659s] -- Up-to-date: /home/khw/simulation_ws/install/turtlebot3_msgs/lib/libturtlebot3_msgs__rosidl_generator_c.so
[8.660s] -- Up-to-date: /home/khw/simulation_ws/install/turtlebot3_msgs/lib/libturtlebot3_msgs__rosidl_typesupport_fastrtps_c.so
[8.665s] -- Up-to-date: /home/khw/simulation_ws/install/turtlebot3_msgs/lib/libturtlebot3_msgs__rosidl_typesupport_fastrtps_cpp.so
[8.665s] -- Up-to-date: /home/khw/simulation_ws/install/turtlebot3_msgs/lib/libturtlebot3_msgs__rosidl_typesupport_introspection_c.so
[8.665s] -- Up-to-date: /home/khw/simulation_ws/install/turtlebot3_msgs/lib/libturtlebot3_msgs__rosidl_typesupport_c.so
[8.668s] -- Up-to-date: /home/khw/simulation_ws/install/turtlebot3_msgs/lib/libturtlebot3_msgs__rosidl_typesupport_introspection_cpp.so
[8.668s] -- Up-to-date: /home/khw/simulation_ws/install/turtlebot3_msgs/lib/libturtlebot3_msgs__rosidl_typesupport_cpp.so
[8.832s] Listing '/home/khw/simulation_ws/install/turtlebot3_msgs/local/lib/python3.10/dist-packages/turtlebot3_msgs'...
[8.832s] Compiling '/home/khw/simulation_ws/install/turtlebot3_msgs/local/lib/python3.10/dist-packages/turtlebot3_msgs/__init__.py'...
[8.833s] Listing '/home/khw/simulation_ws/install/turtlebot3_msgs/local/lib/python3.10/dist-packages/turtlebot3_msgs/action'...
[8.833s] Listing '/home/khw/simulation_ws/install/turtlebot3_msgs/local/lib/python3.10/dist-packages/turtlebot3_msgs/msg'...
[8.833s] Listing '/home/khw/simulation_ws/install/turtlebot3_msgs/local/lib/python3.10/dist-packages/turtlebot3_msgs/srv'...
[8.854s] -- Up-to-date: /home/khw/simulation_ws/install/turtlebot3_msgs/lib/libturtlebot3_msgs__rosidl_generator_py.so
[8.856s] -- Up-to-date: /home/khw/simulation_ws/install/turtlebot3_msgs/share/turtlebot3_msgs/cmake/export_turtlebot3_msgs__rosidl_generator_cExport.cmake
[8.856s] -- Up-to-date: /home/khw/simulation_ws/install/turtlebot3_msgs/share/turtlebot3_msgs/cmake/export_turtlebot3_msgs__rosidl_generator_cExport-noconfig.cmake
[8.856s] -- Up-to-date: /home/khw/simulation_ws/install/turtlebot3_msgs/share/turtlebot3_msgs/cmake/export_turtlebot3_msgs__rosidl_typesupport_fastrtps_cExport.cmake
[8.857s] -- Up-to-date: /home/khw/simulation_ws/install/turtlebot3_msgs/share/turtlebot3_msgs/cmake/export_turtlebot3_msgs__rosidl_typesupport_fastrtps_cExport-noconfig.cmake
[8.857s] -- Up-to-date: /home/khw/simulation_ws/install/turtlebot3_msgs/share/turtlebot3_msgs/cmake/export_turtlebot3_msgs__rosidl_generator_cppExport.cmake
[8.858s] -- Up-to-date: /home/khw/simulation_ws/install/turtlebot3_msgs/share/turtlebot3_msgs/cmake/export_turtlebot3_msgs__rosidl_typesupport_fastrtps_cppExport.cmake
[8.859s] -- Up-to-date: /home/khw/simulation_ws/install/turtlebot3_msgs/share/turtlebot3_msgs/cmake/export_turtlebot3_msgs__rosidl_typesupport_fastrtps_cppExport-noconfig.cmake
[8.859s] -- Up-to-date: /home/khw/simulation_ws/install/turtlebot3_msgs/share/turtlebot3_msgs/cmake/turtlebot3_msgs__rosidl_typesupport_introspection_cExport.cmake
[8.860s] -- Up-to-date: /home/khw/simulation_ws/install/turtlebot3_msgs/share/turtlebot3_msgs/cmake/turtlebot3_msgs__rosidl_typesupport_introspection_cExport-noconfig.cmake
[8.860s] -- Up-to-date: /home/khw/simulation_ws/install/turtlebot3_msgs/share/turtlebot3_msgs/cmake/turtlebot3_msgs__rosidl_typesupport_cExport.cmake
[8.860s] -- Up-to-date: /home/khw/simulation_ws/install/turtlebot3_msgs/share/turtlebot3_msgs/cmake/turtlebot3_msgs__rosidl_typesupport_cExport-noconfig.cmake
[8.861s] -- Up-to-date: /home/khw/simulation_ws/install/turtlebot3_msgs/share/turtlebot3_msgs/cmake/turtlebot3_msgs__rosidl_typesupport_introspection_cppExport.cmake
[8.861s] -- Up-to-date: /home/khw/simulation_ws/install/turtlebot3_msgs/share/turtlebot3_msgs/cmake/turtlebot3_msgs__rosidl_typesupport_introspection_cppExport-noconfig.cmake
[8.861s] -- Up-to-date: /home/khw/simulation_ws/install/turtlebot3_msgs/share/turtlebot3_msgs/cmake/turtlebot3_msgs__rosidl_typesupport_cppExport.cmake
[8.861s] -- Up-to-date: /home/khw/simulation_ws/install/turtlebot3_msgs/share/turtlebot3_msgs/cmake/turtlebot3_msgs__rosidl_typesupport_cppExport-noconfig.cmake
[8.861s] -- Up-to-date: /home/khw/simulation_ws/install/turtlebot3_msgs/share/turtlebot3_msgs/cmake/export_turtlebot3_msgs__rosidl_generator_pyExport.cmake
[8.861s] -- Up-to-date: /home/khw/simulation_ws/install/turtlebot3_msgs/share/turtlebot3_msgs/cmake/export_turtlebot3_msgs__rosidl_generator_pyExport-noconfig.cmake
[8.893s] Invoked command in '/home/khw/simulation_ws/build/turtlebot3_msgs' returned '0': CMAKE_PREFIX_PATH=${CMAKE_PREFIX_PATH}:/opt/ros/humble:/home/khw/simulation_ws/install/turtlebot3_teleop:/home/khw/simulation_ws/install/turtlebot3_example:/home/khw/simulation_ws/install/odom_tools /usr/bin/cmake --install /home/khw/simulation_ws/build/turtlebot3_msgs
