[6.662s] Invoking command in '/home/khw/simulation_ws/src/odom_tools': PYTHONPATH=/home/khw/simulation_ws/build/odom_tools/prefix_override:/usr/lib/python3/dist-packages/colcon_core/task/python/colcon_distutils_commands:/home/khw/simulation_ws/install/odom_tools/lib/python3.10/site-packages:${PYTHONPATH} /usr/bin/python3 -W ignore:setup.py install is deprecated -W ignore:easy_install command is deprecated setup.py egg_info --egg-base ../../build/odom_tools build --build-base /home/khw/simulation_ws/build/odom_tools/build install --record /home/khw/simulation_ws/build/odom_tools/install.log --single-version-externally-managed install_data
[8.349s] running egg_info
[8.404s] writing ../../build/odom_tools/odom_tools.egg-info/PKG-INFO
[8.405s] writing dependency_links to ../../build/odom_tools/odom_tools.egg-info/dependency_links.txt
[8.406s] writing entry points to ../../build/odom_tools/odom_tools.egg-info/entry_points.txt
[8.406s] writing requirements to ../../build/odom_tools/odom_tools.egg-info/requires.txt
[8.406s] writing top-level names to ../../build/odom_tools/odom_tools.egg-info/top_level.txt
[8.509s] reading manifest file '../../build/odom_tools/odom_tools.egg-info/SOURCES.txt'
[8.512s] writing manifest file '../../build/odom_tools/odom_tools.egg-info/SOURCES.txt'
[8.513s] running build
[8.513s] running build_py
[8.514s] copying odom_tools/move_turtlebot.py -> /home/khw/simulation_ws/build/odom_tools/build/lib/odom_tools
[8.515s] running install
[8.532s] running install_lib
[8.578s] copying /home/khw/simulation_ws/build/odom_tools/build/lib/odom_tools/move_turtlebot.py -> /home/khw/simulation_ws/install/odom_tools/lib/python3.10/site-packages/odom_tools
[8.581s] byte-compiling /home/khw/simulation_ws/install/odom_tools/lib/python3.10/site-packages/odom_tools/move_turtlebot.py to move_turtlebot.cpython-310.pyc
[8.585s] running install_data
[8.586s] running install_egg_info
[8.639s] removing '/home/khw/simulation_ws/install/odom_tools/lib/python3.10/site-packages/odom_tools-0.0.0-py3.10.egg-info' (and everything under it)
[8.639s] Copying ../../build/odom_tools/odom_tools.egg-info to /home/khw/simulation_ws/install/odom_tools/lib/python3.10/site-packages/odom_tools-0.0.0-py3.10.egg-info
[8.641s] running install_scripts
[8.945s] Installing kiosk script to /home/khw/simulation_ws/install/odom_tools/lib/odom_tools
[8.946s] Installing move_turtlebot script to /home/khw/simulation_ws/install/odom_tools/lib/odom_tools
[8.946s] Installing mqtt_goal_sender script to /home/khw/simulation_ws/install/odom_tools/lib/odom_tools
[8.947s] Installing mqtt_receiver script to /home/khw/simulation_ws/install/odom_tools/lib/odom_tools
[8.948s] Installing object_detection script to /home/khw/simulation_ws/install/odom_tools/lib/odom_tools
[8.948s] Installing odom_listener script to /home/khw/simulation_ws/install/odom_tools/lib/odom_tools
[8.948s] Installing video_publisher script to /home/khw/simulation_ws/install/odom_tools/lib/odom_tools
[8.952s] writing list of installed files to '/home/khw/simulation_ws/build/odom_tools/install.log'
[9.156s] Invoked command in '/home/khw/simulation_ws/src/odom_tools' returned '0': PYTHONPATH=/home/khw/simulation_ws/build/odom_tools/prefix_override:/usr/lib/python3/dist-packages/colcon_core/task/python/colcon_distutils_commands:/home/khw/simulation_ws/install/odom_tools/lib/python3.10/site-packages:${PYTHONPATH} /usr/bin/python3 -W ignore:setup.py install is deprecated -W ignore:easy_install command is deprecated setup.py egg_info --egg-base ../../build/odom_tools build --build-base /home/khw/simulation_ws/build/odom_tools/build install --record /home/khw/simulation_ws/build/odom_tools/install.log --single-version-externally-managed install_data
