[1.390s] Invoking command in '/home/khw/simulation_ws/build/turtlebot3_teleop': PYTHONPATH=/home/khw/simulation_ws/build/turtlebot3_teleop/prefix_override:/usr/lib/python3/dist-packages/colcon_core/task/python/colcon_distutils_commands:/home/khw/simulation_ws/install/turtlebot3_teleop/lib/python3.10/site-packages:${PYTHONPATH} /usr/bin/python3 -W ignore:setup.py install is deprecated -W ignore:easy_install command is deprecated setup.py develop --uninstall --editable --build-directory /home/khw/simulation_ws/build/turtlebot3_teleop/build
[1.793s] running develop
[2.001s] Removing /home/khw/simulation_ws/install/turtlebot3_teleop/lib/python3.10/site-packages/turtlebot3-teleop.egg-link (link to .)
[2.071s] Invoked command in '/home/khw/simulation_ws/build/turtlebot3_teleop' returned '0': PYTHONPATH=/home/khw/simulation_ws/build/turtlebot3_teleop/prefix_override:/usr/lib/python3/dist-packages/colcon_core/task/python/colcon_distutils_commands:/home/khw/simulation_ws/install/turtlebot3_teleop/lib/python3.10/site-packages:${PYTHONPATH} /usr/bin/python3 -W ignore:setup.py install is deprecated -W ignore:easy_install command is deprecated setup.py develop --uninstall --editable --build-directory /home/khw/simulation_ws/build/turtlebot3_teleop/build
[2.073s] Invoking command in '/home/khw/simulation_ws/src/turtlebot3/turtlebot3_teleop': PYTHONPATH=/home/khw/simulation_ws/build/turtlebot3_teleop/prefix_override:/usr/lib/python3/dist-packages/colcon_core/task/python/colcon_distutils_commands:/home/khw/simulation_ws/install/turtlebot3_teleop/lib/python3.10/site-packages:${PYTHONPATH} /usr/bin/python3 -W ignore:setup.py install is deprecated -W ignore:easy_install command is deprecated setup.py egg_info --egg-base ../../../build/turtlebot3_teleop build --build-base /home/khw/simulation_ws/build/turtlebot3_teleop/build install --record /home/khw/simulation_ws/build/turtlebot3_teleop/install.log --single-version-externally-managed install_data --force
[2.509s] running egg_info
[2.523s] writing ../../../build/turtlebot3_teleop/turtlebot3_teleop.egg-info/PKG-INFO
[2.523s] writing dependency_links to ../../../build/turtlebot3_teleop/turtlebot3_teleop.egg-info/dependency_links.txt
[2.524s] writing entry points to ../../../build/turtlebot3_teleop/turtlebot3_teleop.egg-info/entry_points.txt
[2.524s] writing requirements to ../../../build/turtlebot3_teleop/turtlebot3_teleop.egg-info/requires.txt
[2.524s] writing top-level names to ../../../build/turtlebot3_teleop/turtlebot3_teleop.egg-info/top_level.txt
[2.551s] reading manifest file '../../../build/turtlebot3_teleop/turtlebot3_teleop.egg-info/SOURCES.txt'
[2.552s] writing manifest file '../../../build/turtlebot3_teleop/turtlebot3_teleop.egg-info/SOURCES.txt'
[2.552s] running build
[2.552s] running build_py
[2.552s] running install
[2.557s] running install_lib
[2.572s] creating /home/khw/simulation_ws/install/turtlebot3_teleop/lib/python3.10/site-packages/turtlebot3_teleop
[2.572s] creating /home/khw/simulation_ws/install/turtlebot3_teleop/lib/python3.10/site-packages/turtlebot3_teleop/script
[2.572s] copying /home/khw/simulation_ws/build/turtlebot3_teleop/build/lib/turtlebot3_teleop/script/teleop_keyboard.py -> /home/khw/simulation_ws/install/turtlebot3_teleop/lib/python3.10/site-packages/turtlebot3_teleop/script
[2.572s] copying /home/khw/simulation_ws/build/turtlebot3_teleop/build/lib/turtlebot3_teleop/script/__init__.py -> /home/khw/simulation_ws/install/turtlebot3_teleop/lib/python3.10/site-packages/turtlebot3_teleop/script
[2.572s] copying /home/khw/simulation_ws/build/turtlebot3_teleop/build/lib/turtlebot3_teleop/__init__.py -> /home/khw/simulation_ws/install/turtlebot3_teleop/lib/python3.10/site-packages/turtlebot3_teleop
[2.572s] byte-compiling /home/khw/simulation_ws/install/turtlebot3_teleop/lib/python3.10/site-packages/turtlebot3_teleop/script/teleop_keyboard.py to teleop_keyboard.cpython-310.pyc
[2.574s] byte-compiling /home/khw/simulation_ws/install/turtlebot3_teleop/lib/python3.10/site-packages/turtlebot3_teleop/script/__init__.py to __init__.cpython-310.pyc
[2.574s] byte-compiling /home/khw/simulation_ws/install/turtlebot3_teleop/lib/python3.10/site-packages/turtlebot3_teleop/__init__.py to __init__.cpython-310.pyc
[2.574s] running install_data
[2.574s] copying resource/turtlebot3_teleop -> /home/khw/simulation_ws/install/turtlebot3_teleop/share/ament_index/resource_index/packages
[2.574s] copying package.xml -> /home/khw/simulation_ws/install/turtlebot3_teleop/share/turtlebot3_teleop
[2.574s] running install_egg_info
[2.589s] Copying ../../../build/turtlebot3_teleop/turtlebot3_teleop.egg-info to /home/khw/simulation_ws/install/turtlebot3_teleop/lib/python3.10/site-packages/turtlebot3_teleop-2.2.9-py3.10.egg-info
[2.590s] running install_scripts
[2.646s] Installing teleop_keyboard script to /home/khw/simulation_ws/install/turtlebot3_teleop/lib/turtlebot3_teleop
[2.646s] writing list of installed files to '/home/khw/simulation_ws/build/turtlebot3_teleop/install.log'
[2.815s] Invoked command in '/home/khw/simulation_ws/src/turtlebot3/turtlebot3_teleop' returned '0': PYTHONPATH=/home/khw/simulation_ws/build/turtlebot3_teleop/prefix_override:/usr/lib/python3/dist-packages/colcon_core/task/python/colcon_distutils_commands:/home/khw/simulation_ws/install/turtlebot3_teleop/lib/python3.10/site-packages:${PYTHONPATH} /usr/bin/python3 -W ignore:setup.py install is deprecated -W ignore:easy_install command is deprecated setup.py egg_info --egg-base ../../../build/turtlebot3_teleop build --build-base /home/khw/simulation_ws/build/turtlebot3_teleop/build install --record /home/khw/simulation_ws/build/turtlebot3_teleop/install.log --single-version-externally-managed install_data --force
