[0.014s] Invoking command in '/home/khw/simulation_ws/build/dynamixel_sdk': /usr/bin/cmake /home/khw/simulation_ws/src/DynamixelSDK/ros/dynamixel_sdk -DCMAKE_INSTALL_PREFIX=/home/khw/simulation_ws/install/dynamixel_sdk
[0.648s] -- Found ament_cmake: 1.3.11 (/opt/ros/humble/share/ament_cmake/cmake)
[0.649s] -- Configuring incomplete, errors occurred!
[0.649s] See also "/home/khw/simulation_ws/build/dynamixel_sdk/CMakeFiles/CMakeOutput.log".
[0.653s] Traceback (most recent call last):
[0.653s]   File "/opt/ros/humble/share/ament_cmake_core/cmake/package_templates/templates_2_cmake.py", line 21, in <module>
[0.653s]     from ament_package.templates import get_environment_hook_template_path
[0.653s] ModuleNotFoundError: No module named 'ament_package'
[0.653s] [31mCMake Error at /opt/ros/humble/share/ament_cmake_core/cmake/ament_cmake_package_templates-extras.cmake:41 (message):
[0.653s]   execute_process(/usr/bin/python3
[0.653s]   /opt/ros/humble/share/ament_cmake_core/cmake/package_templates/templates_2_cmake.py
[0.653s]   /home/khw/simulation_ws/build/dynamixel_sdk/ament_cmake_package_templates/templates.cmake)
[0.654s]   returned error code 1
[0.654s] Call Stack (most recent call first):
[0.654s]   /opt/ros/humble/share/ament_cmake_core/cmake/ament_cmake_coreConfig.cmake:41 (include)
[0.654s]   /opt/ros/humble/share/ament_cmake/cmake/ament_cmake_export_dependencies-extras.cmake:15 (find_package)
[0.654s]   /opt/ros/humble/share/ament_cmake/cmake/ament_cmakeConfig.cmake:41 (include)
[0.654s]   CMakeLists.txt:18 (find_package)
[0.654s] 
[0.654s] [0m
[0.683s] Invoked command in '/home/khw/simulation_ws/build/dynamixel_sdk' returned '1': /usr/bin/cmake /home/khw/simulation_ws/src/DynamixelSDK/ros/dynamixel_sdk -DCMAKE_INSTALL_PREFIX=/home/khw/simulation_ws/install/dynamixel_sdk
