[3.641s] Invoking command in '/home/khw/simulation_ws/src/turtlebot3/turtlebot3_example': AMENT_PREFIX_PATH=/home/khw/simulation_ws/src/install/turtlebot3_msgs:${AMENT_PREFIX_PATH} CMAKE_PREFIX_PATH=/home/khw/simulation_ws/src/install/turtlebot3_msgs:${CMAKE_PREFIX_PATH} LD_LIBRARY_PATH=/home/khw/simulation_ws/src/install/turtlebot3_msgs/lib:/usr/lib/x86_64-linux-gnu/gazebo-11/plugins:/opt/ros/humble/opt/rviz_ogre_vendor/lib:/opt/ros/humble/lib/x86_64-linux-gnu:/opt/ros/humble/lib:/home/khw/simulation_ws/install/turtlebot3_msgs/lib:/home/khw/simulation_ws/install/dynamixel_sdk_custom_interfaces/lib:/home/khw/simulation_ws/install/dynamixel_sdk/lib:/usr/lib/x86_64-linux-gnu/gazebo-11/plugins:/usr/lib/x86_64-linux-gnu/gazebo-11/plugins:/usr/lib/x86_64-linux-gnu/gazebo-11/plugins:/usr/lib/x86_64-linux-gnu/gazebo-11/plugins:/usr/lib/x86_64-linux-gnu/gazebo-11/plugins:/usr/lib/x86_64-linux-gnu/gazebo-11/plugins:/usr/lib/x86_64-linux-gnu/gazebo-11/plugins:/usr/lib/x86_64-linux-gnu/gazebo-11/plugins:/usr/lib/x86_64-linux-gnu/gazebo-11/plugins:/usr/lib/x86_64-linux-gnu/gazebo-11/plugins:/usr/lib/x86_64-linux-gnu/gazebo-11/plugins:/usr/lib/x86_64-linux-gnu/gazebo-11/plugins:/usr/lib/x86_64-linux-gnu/gazebo-11/plugins:/usr/lib/x86_64-linux-gnu/gazebo-11/plugins:/usr/lib/x86_64-linux-gnu/gazebo-11/plugins PYTHONPATH=/home/khw/simulation_ws/src/build/turtlebot3_example/prefix_override:/usr/lib/python3/dist-packages/colcon_core/task/python/colcon_distutils_commands:/home/khw/simulation_ws/src/install/turtlebot3_example/lib/python3.10/site-packages:/home/khw/simulation_ws/src/install/turtlebot3_msgs/local/lib/python3.10/dist-packages:${PYTHONPATH} /usr/bin/python3 -W ignore:setup.py install is deprecated -W ignore:easy_install command is deprecated setup.py egg_info --egg-base ../../build/turtlebot3_example build --build-base /home/khw/simulation_ws/src/build/turtlebot3_example/build install --record /home/khw/simulation_ws/src/build/turtlebot3_example/install.log --single-version-externally-managed install_data
[7.100s] running egg_info
[7.336s] writing ../../build/turtlebot3_example/turtlebot3_example.egg-info/PKG-INFO
[7.348s] writing dependency_links to ../../build/turtlebot3_example/turtlebot3_example.egg-info/dependency_links.txt
[7.349s] writing entry points to ../../build/turtlebot3_example/turtlebot3_example.egg-info/entry_points.txt
[7.360s] writing requirements to ../../build/turtlebot3_example/turtlebot3_example.egg-info/requires.txt
[7.366s] writing top-level names to ../../build/turtlebot3_example/turtlebot3_example.egg-info/top_level.txt
[7.753s] reading manifest file '../../build/turtlebot3_example/turtlebot3_example.egg-info/SOURCES.txt'
[7.772s] writing manifest file '../../build/turtlebot3_example/turtlebot3_example.egg-info/SOURCES.txt'
[7.773s] running build
[7.773s] running build_py
[7.774s] copying turtlebot3_example/__init__.py -> /home/khw/simulation_ws/src/build/turtlebot3_example/build/lib/turtlebot3_example
[7.778s] copying turtlebot3_example/turtlebot3_relative_move/turtlebot3_relative_move.py -> /home/khw/simulation_ws/src/build/turtlebot3_example/build/lib/turtlebot3_example/turtlebot3_relative_move
[7.778s] copying turtlebot3_example/turtlebot3_relative_move/__init__.py -> /home/khw/simulation_ws/src/build/turtlebot3_example/build/lib/turtlebot3_example/turtlebot3_relative_move
[7.779s] copying turtlebot3_example/turtlebot3_absolute_move/turtlebot3_absolute_move.py -> /home/khw/simulation_ws/src/build/turtlebot3_example/build/lib/turtlebot3_example/turtlebot3_absolute_move
[7.786s] copying turtlebot3_example/turtlebot3_absolute_move/__init__.py -> /home/khw/simulation_ws/src/build/turtlebot3_example/build/lib/turtlebot3_example/turtlebot3_absolute_move
[7.795s] copying turtlebot3_example/turtlebot3_interactive_marker/turtlebot3_interactive_marker.py -> /home/khw/simulation_ws/src/build/turtlebot3_example/build/lib/turtlebot3_example/turtlebot3_interactive_marker
[7.796s] copying turtlebot3_example/turtlebot3_interactive_marker/__init__.py -> /home/khw/simulation_ws/src/build/turtlebot3_example/build/lib/turtlebot3_example/turtlebot3_interactive_marker
[7.797s] copying turtlebot3_example/turtlebot3_obstacle_detection/turtlebot3_obstacle_detection.py -> /home/khw/simulation_ws/src/build/turtlebot3_example/build/lib/turtlebot3_example/turtlebot3_obstacle_detection
[7.799s] copying turtlebot3_example/turtlebot3_obstacle_detection/__init__.py -> /home/khw/simulation_ws/src/build/turtlebot3_example/build/lib/turtlebot3_example/turtlebot3_obstacle_detection
[7.806s] copying turtlebot3_example/turtlebot3_patrol/turtlebot3_patrol_client.py -> /home/khw/simulation_ws/src/build/turtlebot3_example/build/lib/turtlebot3_example/turtlebot3_patrol
[7.809s] copying turtlebot3_example/turtlebot3_patrol/turtlebot3_patrol_server.py -> /home/khw/simulation_ws/src/build/turtlebot3_example/build/lib/turtlebot3_example/turtlebot3_patrol
[7.809s] copying turtlebot3_example/turtlebot3_patrol/__init__.py -> /home/khw/simulation_ws/src/build/turtlebot3_example/build/lib/turtlebot3_example/turtlebot3_patrol
[7.818s] running install
[7.862s] running install_lib
[8.072s] copying /home/khw/simulation_ws/src/build/turtlebot3_example/build/lib/turtlebot3_example/turtlebot3_relative_move/turtlebot3_relative_move.py -> /home/khw/simulation_ws/src/install/turtlebot3_example/lib/python3.10/site-packages/turtlebot3_example/turtlebot3_relative_move
[8.075s] copying /home/khw/simulation_ws/src/build/turtlebot3_example/build/lib/turtlebot3_example/turtlebot3_relative_move/__init__.py -> /home/khw/simulation_ws/src/install/turtlebot3_example/lib/python3.10/site-packages/turtlebot3_example/turtlebot3_relative_move
[8.076s] copying /home/khw/simulation_ws/src/build/turtlebot3_example/build/lib/turtlebot3_example/turtlebot3_absolute_move/turtlebot3_absolute_move.py -> /home/khw/simulation_ws/src/install/turtlebot3_example/lib/python3.10/site-packages/turtlebot3_example/turtlebot3_absolute_move
[8.081s] copying /home/khw/simulation_ws/src/build/turtlebot3_example/build/lib/turtlebot3_example/turtlebot3_absolute_move/__init__.py -> /home/khw/simulation_ws/src/install/turtlebot3_example/lib/python3.10/site-packages/turtlebot3_example/turtlebot3_absolute_move
[8.086s] copying /home/khw/simulation_ws/src/build/turtlebot3_example/build/lib/turtlebot3_example/turtlebot3_interactive_marker/turtlebot3_interactive_marker.py -> /home/khw/simulation_ws/src/install/turtlebot3_example/lib/python3.10/site-packages/turtlebot3_example/turtlebot3_interactive_marker
[8.092s] copying /home/khw/simulation_ws/src/build/turtlebot3_example/build/lib/turtlebot3_example/turtlebot3_interactive_marker/__init__.py -> /home/khw/simulation_ws/src/install/turtlebot3_example/lib/python3.10/site-packages/turtlebot3_example/turtlebot3_interactive_marker
[8.092s] copying /home/khw/simulation_ws/src/build/turtlebot3_example/build/lib/turtlebot3_example/turtlebot3_obstacle_detection/turtlebot3_obstacle_detection.py -> /home/khw/simulation_ws/src/install/turtlebot3_example/lib/python3.10/site-packages/turtlebot3_example/turtlebot3_obstacle_detection
[8.096s] copying /home/khw/simulation_ws/src/build/turtlebot3_example/build/lib/turtlebot3_example/turtlebot3_obstacle_detection/__init__.py -> /home/khw/simulation_ws/src/install/turtlebot3_example/lib/python3.10/site-packages/turtlebot3_example/turtlebot3_obstacle_detection
[8.103s] copying /home/khw/simulation_ws/src/build/turtlebot3_example/build/lib/turtlebot3_example/turtlebot3_patrol/turtlebot3_patrol_client.py -> /home/khw/simulation_ws/src/install/turtlebot3_example/lib/python3.10/site-packages/turtlebot3_example/turtlebot3_patrol
[8.103s] copying /home/khw/simulation_ws/src/build/turtlebot3_example/build/lib/turtlebot3_example/turtlebot3_patrol/turtlebot3_patrol_server.py -> /home/khw/simulation_ws/src/install/turtlebot3_example/lib/python3.10/site-packages/turtlebot3_example/turtlebot3_patrol
[8.104s] copying /home/khw/simulation_ws/src/build/turtlebot3_example/build/lib/turtlebot3_example/turtlebot3_patrol/__init__.py -> /home/khw/simulation_ws/src/install/turtlebot3_example/lib/python3.10/site-packages/turtlebot3_example/turtlebot3_patrol
[8.110s] copying /home/khw/simulation_ws/src/build/turtlebot3_example/build/lib/turtlebot3_example/__init__.py -> /home/khw/simulation_ws/src/install/turtlebot3_example/lib/python3.10/site-packages/turtlebot3_example
[8.119s] byte-compiling /home/khw/simulation_ws/src/install/turtlebot3_example/lib/python3.10/site-packages/turtlebot3_example/turtlebot3_relative_move/turtlebot3_relative_move.py to turtlebot3_relative_move.cpython-310.pyc
[8.138s] byte-compiling /home/khw/simulation_ws/src/install/turtlebot3_example/lib/python3.10/site-packages/turtlebot3_example/turtlebot3_relative_move/__init__.py to __init__.cpython-310.pyc
[8.138s] byte-compiling /home/khw/simulation_ws/src/install/turtlebot3_example/lib/python3.10/site-packages/turtlebot3_example/turtlebot3_absolute_move/turtlebot3_absolute_move.py to turtlebot3_absolute_move.cpython-310.pyc
[8.148s] byte-compiling /home/khw/simulation_ws/src/install/turtlebot3_example/lib/python3.10/site-packages/turtlebot3_example/turtlebot3_absolute_move/__init__.py to __init__.cpython-310.pyc
[8.149s] byte-compiling /home/khw/simulation_ws/src/install/turtlebot3_example/lib/python3.10/site-packages/turtlebot3_example/turtlebot3_interactive_marker/turtlebot3_interactive_marker.py to turtlebot3_interactive_marker.cpython-310.pyc
[8.152s] byte-compiling /home/khw/simulation_ws/src/install/turtlebot3_example/lib/python3.10/site-packages/turtlebot3_example/turtlebot3_interactive_marker/__init__.py to __init__.cpython-310.pyc
[8.159s] byte-compiling /home/khw/simulation_ws/src/install/turtlebot3_example/lib/python3.10/site-packages/turtlebot3_example/turtlebot3_obstacle_detection/turtlebot3_obstacle_detection.py to turtlebot3_obstacle_detection.cpython-310.pyc
[8.173s] byte-compiling /home/khw/simulation_ws/src/install/turtlebot3_example/lib/python3.10/site-packages/turtlebot3_example/turtlebot3_obstacle_detection/__init__.py to __init__.cpython-310.pyc
[8.181s] byte-compiling /home/khw/simulation_ws/src/install/turtlebot3_example/lib/python3.10/site-packages/turtlebot3_example/turtlebot3_patrol/turtlebot3_patrol_client.py to turtlebot3_patrol_client.cpython-310.pyc
[8.182s] byte-compiling /home/khw/simulation_ws/src/install/turtlebot3_example/lib/python3.10/site-packages/turtlebot3_example/turtlebot3_patrol/turtlebot3_patrol_server.py to turtlebot3_patrol_server.cpython-310.pyc
[8.196s] byte-compiling /home/khw/simulation_ws/src/install/turtlebot3_example/lib/python3.10/site-packages/turtlebot3_example/turtlebot3_patrol/__init__.py to __init__.cpython-310.pyc
[8.196s] byte-compiling /home/khw/simulation_ws/src/install/turtlebot3_example/lib/python3.10/site-packages/turtlebot3_example/__init__.py to __init__.cpython-310.pyc
[8.197s] running install_data
[8.197s] copying resource/turtlebot3_example -> /home/khw/simulation_ws/src/install/turtlebot3_example/share/ament_index/resource_index/packages
[8.210s] copying package.xml -> /home/khw/simulation_ws/src/install/turtlebot3_example/share/turtlebot3_example
[8.211s] running install_egg_info
[8.464s] Copying ../../build/turtlebot3_example/turtlebot3_example.egg-info to /home/khw/simulation_ws/src/install/turtlebot3_example/lib/python3.10/site-packages/turtlebot3_example-2.2.9-py3.10.egg-info
[8.477s] running install_scripts
[9.231s] Installing turtlebot3_absolute_move script to /home/khw/simulation_ws/src/install/turtlebot3_example/lib/turtlebot3_example
[9.238s] Installing turtlebot3_interactive_marker script to /home/khw/simulation_ws/src/install/turtlebot3_example/lib/turtlebot3_example
[9.238s] Installing turtlebot3_obstacle_detection script to /home/khw/simulation_ws/src/install/turtlebot3_example/lib/turtlebot3_example
[9.239s] Installing turtlebot3_patrol_client script to /home/khw/simulation_ws/src/install/turtlebot3_example/lib/turtlebot3_example
[9.239s] Installing turtlebot3_patrol_server script to /home/khw/simulation_ws/src/install/turtlebot3_example/lib/turtlebot3_example
[9.240s] Installing turtlebot3_relative_move script to /home/khw/simulation_ws/src/install/turtlebot3_example/lib/turtlebot3_example
[9.246s] writing list of installed files to '/home/khw/simulation_ws/src/build/turtlebot3_example/install.log'
[9.626s] Invoked command in '/home/khw/simulation_ws/src/turtlebot3/turtlebot3_example' returned '0': AMENT_PREFIX_PATH=/home/khw/simulation_ws/src/install/turtlebot3_msgs:${AMENT_PREFIX_PATH} CMAKE_PREFIX_PATH=/home/khw/simulation_ws/src/install/turtlebot3_msgs:${CMAKE_PREFIX_PATH} LD_LIBRARY_PATH=/home/khw/simulation_ws/src/install/turtlebot3_msgs/lib:/usr/lib/x86_64-linux-gnu/gazebo-11/plugins:/opt/ros/humble/opt/rviz_ogre_vendor/lib:/opt/ros/humble/lib/x86_64-linux-gnu:/opt/ros/humble/lib:/home/khw/simulation_ws/install/turtlebot3_msgs/lib:/home/khw/simulation_ws/install/dynamixel_sdk_custom_interfaces/lib:/home/khw/simulation_ws/install/dynamixel_sdk/lib:/usr/lib/x86_64-linux-gnu/gazebo-11/plugins:/usr/lib/x86_64-linux-gnu/gazebo-11/plugins:/usr/lib/x86_64-linux-gnu/gazebo-11/plugins:/usr/lib/x86_64-linux-gnu/gazebo-11/plugins:/usr/lib/x86_64-linux-gnu/gazebo-11/plugins:/usr/lib/x86_64-linux-gnu/gazebo-11/plugins:/usr/lib/x86_64-linux-gnu/gazebo-11/plugins:/usr/lib/x86_64-linux-gnu/gazebo-11/plugins:/usr/lib/x86_64-linux-gnu/gazebo-11/plugins:/usr/lib/x86_64-linux-gnu/gazebo-11/plugins:/usr/lib/x86_64-linux-gnu/gazebo-11/plugins:/usr/lib/x86_64-linux-gnu/gazebo-11/plugins:/usr/lib/x86_64-linux-gnu/gazebo-11/plugins:/usr/lib/x86_64-linux-gnu/gazebo-11/plugins:/usr/lib/x86_64-linux-gnu/gazebo-11/plugins PYTHONPATH=/home/khw/simulation_ws/src/build/turtlebot3_example/prefix_override:/usr/lib/python3/dist-packages/colcon_core/task/python/colcon_distutils_commands:/home/khw/simulation_ws/src/install/turtlebot3_example/lib/python3.10/site-packages:/home/khw/simulation_ws/src/install/turtlebot3_msgs/local/lib/python3.10/dist-packages:${PYTHONPATH} /usr/bin/python3 -W ignore:setup.py install is deprecated -W ignore:easy_install command is deprecated setup.py egg_info --egg-base ../../build/turtlebot3_example build --build-base /home/khw/simulation_ws/src/build/turtlebot3_example/build install --record /home/khw/simulation_ws/src/build/turtlebot3_example/install.log --single-version-externally-managed install_data
