[1.927s] Invoking command in '/home/khw/simulation_ws/src/odom_tools': PYTHONPATH=/home/khw/simulation_ws/build/odom_tools/prefix_override:/usr/lib/python3/dist-packages/colcon_core/task/python/colcon_distutils_commands:/home/khw/simulation_ws/install/odom_tools/lib/python3.10/site-packages:${PYTHONPATH} /usr/bin/python3 -W ignore:setup.py install is deprecated -W ignore:easy_install command is deprecated setup.py egg_info --egg-base ../../build/odom_tools build --build-base /home/khw/simulation_ws/build/odom_tools/build install --record /home/khw/simulation_ws/build/odom_tools/install.log --single-version-externally-managed install_data
[2.368s] running egg_info
[2.394s] writing ../../build/odom_tools/odom_tools.egg-info/PKG-INFO
[2.395s] writing dependency_links to ../../build/odom_tools/odom_tools.egg-info/dependency_links.txt
[2.395s] writing entry points to ../../build/odom_tools/odom_tools.egg-info/entry_points.txt
[2.395s] writing requirements to ../../build/odom_tools/odom_tools.egg-info/requires.txt
[2.396s] writing top-level names to ../../build/odom_tools/odom_tools.egg-info/top_level.txt
[2.450s] reading manifest file '../../build/odom_tools/odom_tools.egg-info/SOURCES.txt'
[2.451s] writing manifest file '../../build/odom_tools/odom_tools.egg-info/SOURCES.txt'
[2.451s] running build
[2.451s] running build_py
[2.452s] running install
[2.458s] running install_lib
[2.484s] running install_data
[2.484s] running install_egg_info
[2.510s] removing '/home/khw/simulation_ws/install/odom_tools/lib/python3.10/site-packages/odom_tools-0.0.0-py3.10.egg-info' (and everything under it)
[2.511s] Copying ../../build/odom_tools/odom_tools.egg-info to /home/khw/simulation_ws/install/odom_tools/lib/python3.10/site-packages/odom_tools-0.0.0-py3.10.egg-info
[2.512s] running install_scripts
[2.607s] Installing kiosk script to /home/khw/simulation_ws/install/odom_tools/lib/odom_tools
[2.607s] Installing latency_measurement script to /home/khw/simulation_ws/install/odom_tools/lib/odom_tools
[2.607s] Installing move_turtlebot script to /home/khw/simulation_ws/install/odom_tools/lib/odom_tools
[2.607s] Installing mqtt_goal_sender script to /home/khw/simulation_ws/install/odom_tools/lib/odom_tools
[2.607s] Installing mqtt_receiver script to /home/khw/simulation_ws/install/odom_tools/lib/odom_tools
[2.608s] Installing object_detection script to /home/khw/simulation_ws/install/odom_tools/lib/odom_tools
[2.608s] Installing odom_listener script to /home/khw/simulation_ws/install/odom_tools/lib/odom_tools
[2.608s] Installing temp_kiosk script to /home/khw/simulation_ws/install/odom_tools/lib/odom_tools
[2.608s] Installing video_publisher script to /home/khw/simulation_ws/install/odom_tools/lib/odom_tools
[2.608s] writing list of installed files to '/home/khw/simulation_ws/build/odom_tools/install.log'
[2.658s] Invoked command in '/home/khw/simulation_ws/src/odom_tools' returned '0': PYTHONPATH=/home/khw/simulation_ws/build/odom_tools/prefix_override:/usr/lib/python3/dist-packages/colcon_core/task/python/colcon_distutils_commands:/home/khw/simulation_ws/install/odom_tools/lib/python3.10/site-packages:${PYTHONPATH} /usr/bin/python3 -W ignore:setup.py install is deprecated -W ignore:easy_install command is deprecated setup.py egg_info --egg-base ../../build/odom_tools build --build-base /home/khw/simulation_ws/build/odom_tools/build install --record /home/khw/simulation_ws/build/odom_tools/install.log --single-version-externally-managed install_data
