[0.134s] Invoking command in '/home/khw/simulation_ws/build/turtlebot3_description': CMAKE_PREFIX_PATH=${CMAKE_PREFIX_PATH}:/opt/ros/humble:/home/khw/simulation_ws/install/turtlebot3_teleop:/home/khw/simulation_ws/install/turtlebot3_example:/home/khw/simulation_ws/install/odom_tools /usr/bin/cmake /home/khw/simulation_ws/src/turtlebot3/turtlebot3_description -DAMENT_CMAKE_SYMLINK_INSTALL=1 -DCMAKE_INSTALL_PREFIX=/home/khw/simulation_ws/install/turtlebot3_description
[1.918s] -- The C compiler identification is GNU 11.4.0
[1.919s] -- The CXX compiler identification is GNU 11.4.0
[1.919s] -- Detecting C compiler ABI info
[1.919s] -- Detecting C compiler ABI info - done
[1.919s] -- Check for working C compiler: /usr/bin/cc - skipped
[1.920s] -- Detecting C compile features
[1.920s] -- Detecting C compile features - done
[1.920s] -- Detecting CXX compiler ABI info
[1.920s] -- Detecting CXX compiler ABI info - done
[1.921s] -- Check for working CXX compiler: /usr/bin/c++ - skipped
[1.921s] -- Detecting CXX compile features
[1.921s] -- Detecting CXX compile features - done
[1.921s] -- Found ament_cmake: 1.3.11 (/opt/ros/humble/share/ament_cmake/cmake)
[4.381s] -- Found Python3: /usr/bin/python3 (found version "3.10.12") found components: Interpreter 
[4.629s] -- Override CMake install command with custom implementation using symlinks instead of copying resources
[4.729s] -- Found urdf: 2.6.1 (/opt/ros/humble/share/urdf/cmake)
[5.193s] -- Configuring done
[5.205s] -- Generating done
[5.212s] -- Build files have been written to: /home/khw/simulation_ws/build/turtlebot3_description
[5.237s] Invoked command in '/home/khw/simulation_ws/build/turtlebot3_description' returned '0': CMAKE_PREFIX_PATH=${CMAKE_PREFIX_PATH}:/opt/ros/humble:/home/khw/simulation_ws/install/turtlebot3_teleop:/home/khw/simulation_ws/install/turtlebot3_example:/home/khw/simulation_ws/install/odom_tools /usr/bin/cmake /home/khw/simulation_ws/src/turtlebot3/turtlebot3_description -DAMENT_CMAKE_SYMLINK_INSTALL=1 -DCMAKE_INSTALL_PREFIX=/home/khw/simulation_ws/install/turtlebot3_description
[5.241s] Invoking command in '/home/khw/simulation_ws/build/turtlebot3_description': CMAKE_PREFIX_PATH=${CMAKE_PREFIX_PATH}:/opt/ros/humble:/home/khw/simulation_ws/install/turtlebot3_teleop:/home/khw/simulation_ws/install/turtlebot3_example:/home/khw/simulation_ws/install/odom_tools /usr/bin/cmake --build /home/khw/simulation_ws/build/turtlebot3_description -- -j12 -l12
[5.405s] Invoked command in '/home/khw/simulation_ws/build/turtlebot3_description' returned '0': CMAKE_PREFIX_PATH=${CMAKE_PREFIX_PATH}:/opt/ros/humble:/home/khw/simulation_ws/install/turtlebot3_teleop:/home/khw/simulation_ws/install/turtlebot3_example:/home/khw/simulation_ws/install/odom_tools /usr/bin/cmake --build /home/khw/simulation_ws/build/turtlebot3_description -- -j12 -l12
[5.407s] Invoking command in '/home/khw/simulation_ws/build/turtlebot3_description': CMAKE_PREFIX_PATH=${CMAKE_PREFIX_PATH}:/opt/ros/humble:/home/khw/simulation_ws/install/turtlebot3_teleop:/home/khw/simulation_ws/install/turtlebot3_example:/home/khw/simulation_ws/install/odom_tools /usr/bin/cmake --install /home/khw/simulation_ws/build/turtlebot3_description
[5.440s] -- Install configuration: ""
[5.442s] -- Execute custom install script
[5.450s] -- Symlinking: /home/khw/simulation_ws/install/turtlebot3_description/share/turtlebot3_description/meshes/bases/burger_base.stl
[5.486s] -- Symlinking: /home/khw/simulation_ws/install/turtlebot3_description/share/turtlebot3_description/meshes/bases/waffle_base.stl
[5.616s] -- Symlinking: /home/khw/simulation_ws/install/turtlebot3_description/share/turtlebot3_description/meshes/bases/waffle_pi_base.stl
[5.742s] -- Symlinking: /home/khw/simulation_ws/install/turtlebot3_description/share/turtlebot3_description/meshes/sensors/astra.dae
[5.812s] -- Symlinking: /home/khw/simulation_ws/install/turtlebot3_description/share/turtlebot3_description/meshes/sensors/astra.jpg
[5.916s] -- Symlinking: /home/khw/simulation_ws/install/turtlebot3_description/share/turtlebot3_description/meshes/sensors/lds.stl
[5.979s] -- Symlinking: /home/khw/simulation_ws/install/turtlebot3_description/share/turtlebot3_description/meshes/sensors/r200.dae
[6.089s] -- Symlinking: /home/khw/simulation_ws/install/turtlebot3_description/share/turtlebot3_description/meshes/sensors/r200.jpg
[6.195s] -- Symlinking: /home/khw/simulation_ws/install/turtlebot3_description/share/turtlebot3_description/meshes/wheels/left_tire.stl
[6.314s] -- Symlinking: /home/khw/simulation_ws/install/turtlebot3_description/share/turtlebot3_description/meshes/wheels/right_tire.stl
[6.503s] -- Symlinking: /home/khw/simulation_ws/install/turtlebot3_description/share/turtlebot3_description/rviz/model.rviz
[6.617s] -- Symlinking: /home/khw/simulation_ws/install/turtlebot3_description/share/turtlebot3_description/urdf/common_properties.urdf
[6.742s] -- Symlinking: /home/khw/simulation_ws/install/turtlebot3_description/share/turtlebot3_description/urdf/turtlebot3_burger.urdf
[6.794s] -- Symlinking: /home/khw/simulation_ws/install/turtlebot3_description/share/turtlebot3_description/urdf/turtlebot3_waffle.urdf
[6.873s] -- Symlinking: /home/khw/simulation_ws/install/turtlebot3_description/share/turtlebot3_description/urdf/turtlebot3_waffle_pi.urdf
[6.898s] -- Symlinking: /home/khw/simulation_ws/install/turtlebot3_description/share/ament_index/resource_index/package_run_dependencies/turtlebot3_description
[6.955s] -- Symlinking: /home/khw/simulation_ws/install/turtlebot3_description/share/ament_index/resource_index/parent_prefix_path/turtlebot3_description
[6.994s] -- Symlinking: /home/khw/simulation_ws/install/turtlebot3_description/share/turtlebot3_description/environment/ament_prefix_path.sh
[7.034s] -- Symlinking: /home/khw/simulation_ws/install/turtlebot3_description/share/turtlebot3_description/environment/ament_prefix_path.dsv
[7.088s] -- Symlinking: /home/khw/simulation_ws/install/turtlebot3_description/share/turtlebot3_description/environment/path.sh
[7.140s] -- Symlinking: /home/khw/simulation_ws/install/turtlebot3_description/share/turtlebot3_description/environment/path.dsv
[7.185s] -- Symlinking: /home/khw/simulation_ws/install/turtlebot3_description/share/turtlebot3_description/local_setup.bash
[7.273s] -- Symlinking: /home/khw/simulation_ws/install/turtlebot3_description/share/turtlebot3_description/local_setup.sh
[7.363s] -- Symlinking: /home/khw/simulation_ws/install/turtlebot3_description/share/turtlebot3_description/local_setup.zsh
[7.452s] -- Symlinking: /home/khw/simulation_ws/install/turtlebot3_description/share/turtlebot3_description/local_setup.dsv
[7.518s] -- Symlinking: /home/khw/simulation_ws/install/turtlebot3_description/share/turtlebot3_description/package.dsv
[7.592s] -- Symlinking: /home/khw/simulation_ws/install/turtlebot3_description/share/ament_index/resource_index/packages/turtlebot3_description
[7.629s] -- Symlinking: /home/khw/simulation_ws/install/turtlebot3_description/share/turtlebot3_description/cmake/turtlebot3_descriptionConfig.cmake
[7.688s] -- Symlinking: /home/khw/simulation_ws/install/turtlebot3_description/share/turtlebot3_description/cmake/turtlebot3_descriptionConfig-version.cmake
[7.897s] -- Symlinking: /home/khw/simulation_ws/install/turtlebot3_description/share/turtlebot3_description/package.xml
[7.983s] Invoked command in '/home/khw/simulation_ws/build/turtlebot3_description' returned '0': CMAKE_PREFIX_PATH=${CMAKE_PREFIX_PATH}:/opt/ros/humble:/home/khw/simulation_ws/install/turtlebot3_teleop:/home/khw/simulation_ws/install/turtlebot3_example:/home/khw/simulation_ws/install/odom_tools /usr/bin/cmake --install /home/khw/simulation_ws/build/turtlebot3_description
