[0.052s] Invoking command in '/home/khw/simulation_ws/src/build/turtlebot3_cartographer': CMAKE_PREFIX_PATH=${CMAKE_PREFIX_PATH}:/opt/ros/humble:/home/khw/simulation_ws/install/turtlebot3_teleop:/home/khw/simulation_ws/install/turtlebot3_example:/home/khw/simulation_ws/install/odom_tools /usr/bin/cmake --build /home/khw/simulation_ws/src/build/turtlebot3_cartographer -- -j12 -l12
[0.991s] Invoked command in '/home/khw/simulation_ws/src/build/turtlebot3_cartographer' returned '0': CMAKE_PREFIX_PATH=${CMAKE_PREFIX_PATH}:/opt/ros/humble:/home/khw/simulation_ws/install/turtlebot3_teleop:/home/khw/simulation_ws/install/turtlebot3_example:/home/khw/simulation_ws/install/odom_tools /usr/bin/cmake --build /home/khw/simulation_ws/src/build/turtlebot3_cartographer -- -j12 -l12
[1.000s] Invoking command in '/home/khw/simulation_ws/src/build/turtlebot3_cartographer': CMAKE_PREFIX_PATH=${CMAKE_PREFIX_PATH}:/opt/ros/humble:/home/khw/simulation_ws/install/turtlebot3_teleop:/home/khw/simulation_ws/install/turtlebot3_example:/home/khw/simulation_ws/install/odom_tools /usr/bin/cmake --install /home/khw/simulation_ws/src/build/turtlebot3_cartographer
[1.010s] -- Install configuration: ""
[1.011s] -- Up-to-date: /home/khw/simulation_ws/src/install/turtlebot3_cartographer/share/turtlebot3_cartographer/config
[1.012s] -- Up-to-date: /home/khw/simulation_ws/src/install/turtlebot3_cartographer/share/turtlebot3_cartographer/config/turtlebot3_lds_2d.lua
[1.012s] -- Up-to-date: /home/khw/simulation_ws/src/install/turtlebot3_cartographer/share/turtlebot3_cartographer/launch
[1.012s] -- Up-to-date: /home/khw/simulation_ws/src/install/turtlebot3_cartographer/share/turtlebot3_cartographer/launch/occupancy_grid.launch.py
[1.012s] -- Up-to-date: /home/khw/simulation_ws/src/install/turtlebot3_cartographer/share/turtlebot3_cartographer/launch/cartographer.launch.py
[1.012s] -- Up-to-date: /home/khw/simulation_ws/src/install/turtlebot3_cartographer/share/turtlebot3_cartographer/rviz
[1.012s] -- Up-to-date: /home/khw/simulation_ws/src/install/turtlebot3_cartographer/share/turtlebot3_cartographer/rviz/tb3_cartographer.rviz
[1.012s] -- Up-to-date: /home/khw/simulation_ws/src/install/turtlebot3_cartographer/share/ament_index/resource_index/package_run_dependencies/turtlebot3_cartographer
[1.013s] -- Up-to-date: /home/khw/simulation_ws/src/install/turtlebot3_cartographer/share/ament_index/resource_index/parent_prefix_path/turtlebot3_cartographer
[1.013s] -- Up-to-date: /home/khw/simulation_ws/src/install/turtlebot3_cartographer/share/turtlebot3_cartographer/environment/ament_prefix_path.sh
[1.013s] -- Up-to-date: /home/khw/simulation_ws/src/install/turtlebot3_cartographer/share/turtlebot3_cartographer/environment/ament_prefix_path.dsv
[1.013s] -- Up-to-date: /home/khw/simulation_ws/src/install/turtlebot3_cartographer/share/turtlebot3_cartographer/environment/path.sh
[1.013s] -- Up-to-date: /home/khw/simulation_ws/src/install/turtlebot3_cartographer/share/turtlebot3_cartographer/environment/path.dsv
[1.013s] -- Up-to-date: /home/khw/simulation_ws/src/install/turtlebot3_cartographer/share/turtlebot3_cartographer/local_setup.bash
[1.014s] -- Up-to-date: /home/khw/simulation_ws/src/install/turtlebot3_cartographer/share/turtlebot3_cartographer/local_setup.sh
[1.014s] -- Up-to-date: /home/khw/simulation_ws/src/install/turtlebot3_cartographer/share/turtlebot3_cartographer/local_setup.zsh
[1.014s] -- Up-to-date: /home/khw/simulation_ws/src/install/turtlebot3_cartographer/share/turtlebot3_cartographer/local_setup.dsv
[1.014s] -- Installing: /home/khw/simulation_ws/src/install/turtlebot3_cartographer/share/turtlebot3_cartographer/package.dsv
[1.014s] -- Up-to-date: /home/khw/simulation_ws/src/install/turtlebot3_cartographer/share/ament_index/resource_index/packages/turtlebot3_cartographer
[1.014s] -- Up-to-date: /home/khw/simulation_ws/src/install/turtlebot3_cartographer/share/turtlebot3_cartographer/cmake/turtlebot3_cartographerConfig.cmake
[1.014s] -- Up-to-date: /home/khw/simulation_ws/src/install/turtlebot3_cartographer/share/turtlebot3_cartographer/cmake/turtlebot3_cartographerConfig-version.cmake
[1.015s] -- Up-to-date: /home/khw/simulation_ws/src/install/turtlebot3_cartographer/share/turtlebot3_cartographer/package.xml
[1.115s] Invoked command in '/home/khw/simulation_ws/src/build/turtlebot3_cartographer' returned '0': CMAKE_PREFIX_PATH=${CMAKE_PREFIX_PATH}:/opt/ros/humble:/home/khw/simulation_ws/install/turtlebot3_teleop:/home/khw/simulation_ws/install/turtlebot3_example:/home/khw/simulation_ws/install/odom_tools /usr/bin/cmake --install /home/khw/simulation_ws/src/build/turtlebot3_cartographer
