[0.131s] Invoking command in '/home/khw/simulation_ws/src/build/turtlebot3_msgs': CMAKE_PREFIX_PATH=${CMAKE_PREFIX_PATH}:/opt/ros/humble:/home/khw/simulation_ws/install/turtlebot3_teleop:/home/khw/simulation_ws/install/turtlebot3_example:/home/khw/simulation_ws/install/odom_tools /usr/bin/cmake --build /home/khw/simulation_ws/src/build/turtlebot3_msgs -- -j12 -l12
[4.766s] -- Found action_msgs: 1.2.1 (/opt/ros/humble/share/action_msgs/cmake)
[4.766s] -- Found rosidl_generator_c: 3.1.6 (/opt/ros/humble/share/rosidl_generator_c/cmake)
[4.766s] -- Found rosidl_adapter: 3.1.6 (/opt/ros/humble/share/rosidl_adapter/cmake)
[4.766s] -- Found rosidl_generator_cpp: 3.1.6 (/opt/ros/humble/share/rosidl_generator_cpp/cmake)
[4.767s] -- Using all available rosidl_typesupport_c: rosidl_typesupport_fastrtps_c;rosidl_typesupport_introspection_c
[4.767s] -- Using all available rosidl_typesupport_cpp: rosidl_typesupport_fastrtps_cpp;rosidl_typesupport_introspection_cpp
[4.767s] -- Found rosidl_default_generators: 1.2.0 (/opt/ros/humble/share/rosidl_default_generators/cmake)
[4.768s] -- Found std_msgs: 4.8.0 (/opt/ros/humble/share/std_msgs/cmake)
[4.768s] -- Found geometry_msgs: 4.8.0 (/opt/ros/humble/share/geometry_msgs/cmake)
[4.768s] -- Found ament_cmake_cppcheck: 0.12.12 (/opt/ros/humble/share/ament_cmake_cppcheck/cmake)
[4.768s] -- Found ament_cmake_cpplint: 0.12.12 (/opt/ros/humble/share/ament_cmake_cpplint/cmake)
[4.768s] -- Found ament_cmake_uncrustify: 0.12.12 (/opt/ros/humble/share/ament_cmake_uncrustify/cmake)
[4.769s] -- Found ament_cmake_ros: 0.10.0 (/opt/ros/humble/share/ament_cmake_ros/cmake)
[5.494s] -- Using all available rosidl_typesupport_c: rosidl_typesupport_fastrtps_c;rosidl_typesupport_introspection_c
[6.116s] -- Using all available rosidl_typesupport_cpp: rosidl_typesupport_fastrtps_cpp;rosidl_typesupport_introspection_cpp
[6.214s] -- Found python_cmake_module: 0.10.0 (/opt/ros/humble/share/python_cmake_module/cmake)
[6.280s] -- Using PYTHON_EXECUTABLE: /usr/bin/python3
[6.280s] -- Using PYTHON_INCLUDE_DIRS: /usr/include/python3.10
[6.280s] -- Using PYTHON_LIBRARIES: /usr/lib/x86_64-linux-gnu/libpython3.10.so
[6.429s] -- Found ament_cmake_flake8: 0.12.12 (/opt/ros/humble/share/ament_cmake_flake8/cmake)
[6.433s] -- Found ament_cmake_pep257: 0.12.12 (/opt/ros/humble/share/ament_cmake_pep257/cmake)
[6.459s] -- Configuring done
[6.579s] -- Generating done
[6.610s] -- Build files have been written to: /home/khw/simulation_ws/src/build/turtlebot3_msgs
[6.685s] [  1%] [34m[1mGenerating C code for ROS interfaces[0m
[6.716s] [  2%] [34m[1mGenerating C++ code for ROS interfaces[0m
[6.756s] [  2%] Built target ament_cmake_python_copy_turtlebot3_msgs
[8.088s] running egg_info
[8.135s] writing turtlebot3_msgs.egg-info/PKG-INFO
[8.136s] writing dependency_links to turtlebot3_msgs.egg-info/dependency_links.txt
[8.137s] writing top-level names to turtlebot3_msgs.egg-info/top_level.txt
[8.353s] reading manifest file 'turtlebot3_msgs.egg-info/SOURCES.txt'
[8.355s] writing manifest file 'turtlebot3_msgs.egg-info/SOURCES.txt'
[8.500s] [  2%] Built target ament_cmake_python_build_turtlebot3_msgs_egg
[10.211s] [  2%] Built target turtlebot3_msgs__cpp
[10.243s] [  3%] [34m[1mGenerating C++ type support dispatch for ROS interfaces[0m
[10.256s] [  5%] [34m[1mGenerating C++ type support for eProsima Fast-RTPS[0m
[10.264s] [  6%] [34m[1mGenerating C++ introspection for ROS interfaces[0m
[10.318s] [35m[1mConsolidate compiler generated dependencies of target turtlebot3_msgs__rosidl_generator_c[0m
[10.366s] [  7%] [32mBuilding C object CMakeFiles/turtlebot3_msgs__rosidl_generator_c.dir/rosidl_generator_c/turtlebot3_msgs/msg/detail/sensor_state__functions.c.o[0m
[10.367s] [ 10%] [32mBuilding C object CMakeFiles/turtlebot3_msgs__rosidl_generator_c.dir/rosidl_generator_c/turtlebot3_msgs/srv/detail/sound__functions.c.o[0m
[10.368s] [ 12%] [32mBuilding C object CMakeFiles/turtlebot3_msgs__rosidl_generator_c.dir/rosidl_generator_c/turtlebot3_msgs/srv/detail/dqn__functions.c.o[0m
[10.369s] [ 12%] [32mBuilding C object CMakeFiles/turtlebot3_msgs__rosidl_generator_c.dir/rosidl_generator_c/turtlebot3_msgs/msg/detail/sound__functions.c.o[0m
[10.369s] [ 12%] [32mBuilding C object CMakeFiles/turtlebot3_msgs__rosidl_generator_c.dir/rosidl_generator_c/turtlebot3_msgs/msg/detail/version_info__functions.c.o[0m
[10.383s] [ 13%] [32mBuilding C object CMakeFiles/turtlebot3_msgs__rosidl_generator_c.dir/rosidl_generator_c/turtlebot3_msgs/action/detail/patrol__functions.c.o[0m
[10.386s] [ 15%] [32mBuilding C object CMakeFiles/turtlebot3_msgs__rosidl_generator_c.dir/rosidl_generator_c/turtlebot3_msgs/srv/detail/goal__functions.c.o[0m
[10.865s] [ 16%] [32m[1mLinking C shared library libturtlebot3_msgs__rosidl_generator_c.so[0m
[10.969s] [ 16%] Built target turtlebot3_msgs__rosidl_generator_c
[10.997s] [ 17%] [34m[1mGenerating C type support for eProsima Fast-RTPS[0m
[11.000s] [ 20%] [34m[1mGenerating C introspection for ROS interfaces[0m
[11.000s] [ 20%] [34m[1mGenerating C type support dispatch for ROS interfaces[0m
[12.749s] [35m[1mConsolidate compiler generated dependencies of target turtlebot3_msgs__rosidl_typesupport_cpp[0m
[12.832s] [ 21%] [32mBuilding CXX object CMakeFiles/turtlebot3_msgs__rosidl_typesupport_cpp.dir/rosidl_typesupport_cpp/turtlebot3_msgs/msg/sensor_state__type_support.cpp.o[0m
[12.838s] [ 22%] [32mBuilding CXX object CMakeFiles/turtlebot3_msgs__rosidl_typesupport_cpp.dir/rosidl_typesupport_cpp/turtlebot3_msgs/msg/version_info__type_support.cpp.o[0m
[12.842s] [ 24%] [32mBuilding CXX object CMakeFiles/turtlebot3_msgs__rosidl_typesupport_cpp.dir/rosidl_typesupport_cpp/turtlebot3_msgs/msg/sound__type_support.cpp.o[0m
[12.846s] [ 25%] [32mBuilding CXX object CMakeFiles/turtlebot3_msgs__rosidl_typesupport_cpp.dir/rosidl_typesupport_cpp/turtlebot3_msgs/srv/sound__type_support.cpp.o[0m
[12.849s] [ 26%] [32mBuilding CXX object CMakeFiles/turtlebot3_msgs__rosidl_typesupport_cpp.dir/rosidl_typesupport_cpp/turtlebot3_msgs/srv/goal__type_support.cpp.o[0m
[12.856s] [ 27%] [32mBuilding CXX object CMakeFiles/turtlebot3_msgs__rosidl_typesupport_cpp.dir/rosidl_typesupport_cpp/turtlebot3_msgs/srv/dqn__type_support.cpp.o[0m
[12.867s] [ 29%] [32mBuilding CXX object CMakeFiles/turtlebot3_msgs__rosidl_typesupport_cpp.dir/rosidl_typesupport_cpp/turtlebot3_msgs/action/patrol__type_support.cpp.o[0m
[13.825s] [35m[1mConsolidate compiler generated dependencies of target turtlebot3_msgs__rosidl_typesupport_introspection_cpp[0m
[13.953s] [ 30%] [32mBuilding CXX object CMakeFiles/turtlebot3_msgs__rosidl_typesupport_introspection_cpp.dir/rosidl_typesupport_introspection_cpp/turtlebot3_msgs/msg/detail/sensor_state__type_support.cpp.o[0m
[13.981s] [35m[1mConsolidate compiler generated dependencies of target turtlebot3_msgs__rosidl_typesupport_fastrtps_cpp[0m
[14.086s] [ 31%] [32mBuilding CXX object CMakeFiles/turtlebot3_msgs__rosidl_typesupport_introspection_cpp.dir/rosidl_typesupport_introspection_cpp/turtlebot3_msgs/msg/detail/sound__type_support.cpp.o[0m
[14.133s] [ 32%] [32mBuilding CXX object CMakeFiles/turtlebot3_msgs__rosidl_typesupport_fastrtps_cpp.dir/rosidl_typesupport_fastrtps_cpp/turtlebot3_msgs/msg/detail/dds_fastrtps/sensor_state__type_support.cpp.o[0m
[14.194s] [ 34%] [32mBuilding CXX object CMakeFiles/turtlebot3_msgs__rosidl_typesupport_introspection_cpp.dir/rosidl_typesupport_introspection_cpp/turtlebot3_msgs/msg/detail/version_info__type_support.cpp.o[0m
[14.195s] [35m[1mConsolidate compiler generated dependencies of target turtlebot3_msgs__rosidl_typesupport_c[0m
[14.283s] [ 35%] [32mBuilding CXX object CMakeFiles/turtlebot3_msgs__rosidl_typesupport_c.dir/rosidl_typesupport_c/turtlebot3_msgs/msg/sensor_state__type_support.cpp.o[0m
[14.431s] [ 36%] [32mBuilding CXX object CMakeFiles/turtlebot3_msgs__rosidl_typesupport_c.dir/rosidl_typesupport_c/turtlebot3_msgs/msg/sound__type_support.cpp.o[0m
[14.493s] [ 37%] [32mBuilding CXX object CMakeFiles/turtlebot3_msgs__rosidl_typesupport_fastrtps_cpp.dir/rosidl_typesupport_fastrtps_cpp/turtlebot3_msgs/msg/detail/dds_fastrtps/sound__type_support.cpp.o[0m
[14.501s] [ 39%] [32mBuilding CXX object CMakeFiles/turtlebot3_msgs__rosidl_typesupport_introspection_cpp.dir/rosidl_typesupport_introspection_cpp/turtlebot3_msgs/srv/detail/sound__type_support.cpp.o[0m
[14.639s] [ 40%] [32mBuilding CXX object CMakeFiles/turtlebot3_msgs__rosidl_typesupport_c.dir/rosidl_typesupport_c/turtlebot3_msgs/msg/version_info__type_support.cpp.o[0m
[14.745s] [ 41%] [32mBuilding CXX object CMakeFiles/turtlebot3_msgs__rosidl_typesupport_introspection_cpp.dir/rosidl_typesupport_introspection_cpp/turtlebot3_msgs/srv/detail/dqn__type_support.cpp.o[0m
[14.941s] [ 43%] [32mBuilding CXX object CMakeFiles/turtlebot3_msgs__rosidl_typesupport_c.dir/rosidl_typesupport_c/turtlebot3_msgs/srv/sound__type_support.cpp.o[0m
[15.028s] [ 44%] [32mBuilding CXX object CMakeFiles/turtlebot3_msgs__rosidl_typesupport_introspection_cpp.dir/rosidl_typesupport_introspection_cpp/turtlebot3_msgs/srv/detail/goal__type_support.cpp.o[0m
[15.340s] [ 45%] [32mBuilding CXX object CMakeFiles/turtlebot3_msgs__rosidl_typesupport_c.dir/rosidl_typesupport_c/turtlebot3_msgs/srv/dqn__type_support.cpp.o[0m
[15.618s] [ 46%] [32mBuilding CXX object CMakeFiles/turtlebot3_msgs__rosidl_typesupport_c.dir/rosidl_typesupport_c/turtlebot3_msgs/srv/goal__type_support.cpp.o[0m
[15.868s] [35m[1mConsolidate compiler generated dependencies of target turtlebot3_msgs__rosidl_typesupport_introspection_c[0m
[16.011s] [ 48%] [32mBuilding CXX object CMakeFiles/turtlebot3_msgs__rosidl_typesupport_c.dir/rosidl_typesupport_c/turtlebot3_msgs/action/patrol__type_support.cpp.o[0m
[16.068s] [ 49%] [32m[1mLinking CXX shared library libturtlebot3_msgs__rosidl_typesupport_cpp.so[0m
[16.113s] [ 50%] [32mBuilding C object CMakeFiles/turtlebot3_msgs__rosidl_typesupport_introspection_c.dir/rosidl_typesupport_introspection_c/turtlebot3_msgs/msg/detail/sensor_state__type_support.c.o[0m
[16.344s] [35m[1mConsolidate compiler generated dependencies of target turtlebot3_msgs__rosidl_typesupport_fastrtps_c[0m
[16.347s] [ 51%] [32mBuilding CXX object CMakeFiles/turtlebot3_msgs__rosidl_typesupport_fastrtps_cpp.dir/rosidl_typesupport_fastrtps_cpp/turtlebot3_msgs/msg/detail/dds_fastrtps/version_info__type_support.cpp.o[0m
[16.469s] [ 53%] [32mBuilding CXX object CMakeFiles/turtlebot3_msgs__rosidl_typesupport_fastrtps_c.dir/rosidl_typesupport_fastrtps_c/turtlebot3_msgs/msg/detail/sensor_state__type_support_c.cpp.o[0m
[16.536s] [ 54%] [32mBuilding C object CMakeFiles/turtlebot3_msgs__rosidl_typesupport_introspection_c.dir/rosidl_typesupport_introspection_c/turtlebot3_msgs/msg/detail/sound__type_support.c.o[0m
[16.604s] [ 54%] Built target turtlebot3_msgs__rosidl_typesupport_cpp
[16.622s] [ 55%] [32m[1mLinking CXX shared library libturtlebot3_msgs__rosidl_typesupport_c.so[0m
[16.710s] [ 56%] [32mBuilding C object CMakeFiles/turtlebot3_msgs__rosidl_typesupport_introspection_c.dir/rosidl_typesupport_introspection_c/turtlebot3_msgs/srv/detail/sound__type_support.c.o[0m
[16.737s] [ 58%] [32mBuilding C object CMakeFiles/turtlebot3_msgs__rosidl_typesupport_introspection_c.dir/rosidl_typesupport_introspection_c/turtlebot3_msgs/msg/detail/version_info__type_support.c.o[0m
[16.921s] [ 59%] [32mBuilding CXX object CMakeFiles/turtlebot3_msgs__rosidl_typesupport_fastrtps_cpp.dir/rosidl_typesupport_fastrtps_cpp/turtlebot3_msgs/srv/detail/dds_fastrtps/sound__type_support.cpp.o[0m
[17.034s] [ 60%] [32mBuilding C object CMakeFiles/turtlebot3_msgs__rosidl_typesupport_introspection_c.dir/rosidl_typesupport_introspection_c/turtlebot3_msgs/srv/detail/dqn__type_support.c.o[0m
[17.096s] [ 60%] Built target turtlebot3_msgs__rosidl_typesupport_c
[17.163s] [ 62%] [32mBuilding C object CMakeFiles/turtlebot3_msgs__rosidl_typesupport_introspection_c.dir/rosidl_typesupport_introspection_c/turtlebot3_msgs/srv/detail/goal__type_support.c.o[0m
[17.180s] [ 63%] [32mBuilding CXX object CMakeFiles/turtlebot3_msgs__rosidl_typesupport_fastrtps_cpp.dir/rosidl_typesupport_fastrtps_cpp/turtlebot3_msgs/srv/detail/dds_fastrtps/dqn__type_support.cpp.o[0m
[17.182s] [ 64%] [32mBuilding C object CMakeFiles/turtlebot3_msgs__rosidl_typesupport_introspection_c.dir/rosidl_typesupport_introspection_c/turtlebot3_msgs/action/detail/patrol__type_support.c.o[0m
[17.382s] [ 65%] [32mBuilding CXX object CMakeFiles/turtlebot3_msgs__rosidl_typesupport_introspection_cpp.dir/rosidl_typesupport_introspection_cpp/turtlebot3_msgs/action/detail/patrol__type_support.cpp.o[0m
[17.468s] [ 67%] [32mBuilding CXX object CMakeFiles/turtlebot3_msgs__rosidl_typesupport_fastrtps_cpp.dir/rosidl_typesupport_fastrtps_cpp/turtlebot3_msgs/srv/detail/dds_fastrtps/goal__type_support.cpp.o[0m
[17.469s] [ 68%] [32mBuilding CXX object CMakeFiles/turtlebot3_msgs__rosidl_typesupport_fastrtps_c.dir/rosidl_typesupport_fastrtps_c/turtlebot3_msgs/msg/detail/sound__type_support_c.cpp.o[0m
[17.557s] [ 69%] [32m[1mLinking C shared library libturtlebot3_msgs__rosidl_typesupport_introspection_c.so[0m
[17.680s] [ 70%] [32mBuilding CXX object CMakeFiles/turtlebot3_msgs__rosidl_typesupport_fastrtps_cpp.dir/rosidl_typesupport_fastrtps_cpp/turtlebot3_msgs/action/detail/dds_fastrtps/patrol__type_support.cpp.o[0m
[17.701s] [ 70%] Built target turtlebot3_msgs__rosidl_typesupport_introspection_c
[17.736s] [ 72%] [32mBuilding CXX object CMakeFiles/turtlebot3_msgs__rosidl_typesupport_fastrtps_c.dir/rosidl_typesupport_fastrtps_c/turtlebot3_msgs/msg/detail/version_info__type_support_c.cpp.o[0m
[17.873s] [ 73%] [32mBuilding CXX object CMakeFiles/turtlebot3_msgs__rosidl_typesupport_fastrtps_c.dir/rosidl_typesupport_fastrtps_c/turtlebot3_msgs/srv/detail/sound__type_support_c.cpp.o[0m
[17.897s] [ 74%] [32mBuilding CXX object CMakeFiles/turtlebot3_msgs__rosidl_typesupport_fastrtps_c.dir/rosidl_typesupport_fastrtps_c/turtlebot3_msgs/srv/detail/dqn__type_support_c.cpp.o[0m
[18.088s] [ 75%] [32mBuilding CXX object CMakeFiles/turtlebot3_msgs__rosidl_typesupport_fastrtps_c.dir/rosidl_typesupport_fastrtps_c/turtlebot3_msgs/srv/detail/goal__type_support_c.cpp.o[0m
[19.071s] [ 77%] [32mBuilding CXX object CMakeFiles/turtlebot3_msgs__rosidl_typesupport_fastrtps_c.dir/rosidl_typesupport_fastrtps_c/turtlebot3_msgs/action/detail/patrol__type_support_c.cpp.o[0m
[20.306s] [ 78%] [32m[1mLinking CXX shared library libturtlebot3_msgs__rosidl_typesupport_fastrtps_cpp.so[0m
[20.507s] [ 79%] [32m[1mLinking CXX shared library libturtlebot3_msgs__rosidl_typesupport_introspection_cpp.so[0m
[20.543s] [ 79%] Built target turtlebot3_msgs__rosidl_typesupport_fastrtps_cpp
[20.713s] [ 79%] Built target turtlebot3_msgs__rosidl_typesupport_introspection_cpp
[20.785s] [ 81%] [32m[1mLinking CXX shared library libturtlebot3_msgs__rosidl_typesupport_fastrtps_c.so[0m
[21.013s] [ 81%] Built target turtlebot3_msgs__rosidl_typesupport_fastrtps_c
[21.068s] [ 81%] Built target turtlebot3_msgs
[21.131s] [ 82%] [34m[1mGenerating Python code for ROS interfaces[0m
[24.999s] [ 82%] Built target turtlebot3_msgs__py
[25.031s] [35m[1mConsolidate compiler generated dependencies of target turtlebot3_msgs__rosidl_generator_py[0m
[25.068s] [ 83%] [32mBuilding C object CMakeFiles/turtlebot3_msgs__rosidl_generator_py.dir/rosidl_generator_py/turtlebot3_msgs/msg/_version_info_s.c.o[0m
[25.070s] [ 86%] [32mBuilding C object CMakeFiles/turtlebot3_msgs__rosidl_generator_py.dir/rosidl_generator_py/turtlebot3_msgs/msg/_sensor_state_s.c.o[0m
[25.071s] [ 86%] [32mBuilding C object CMakeFiles/turtlebot3_msgs__rosidl_generator_py.dir/rosidl_generator_py/turtlebot3_msgs/msg/_sound_s.c.o[0m
[25.074s] [ 87%] [32mBuilding C object CMakeFiles/turtlebot3_msgs__rosidl_generator_py.dir/rosidl_generator_py/turtlebot3_msgs/srv/_sound_s.c.o[0m
[25.075s] [ 88%] [32mBuilding C object CMakeFiles/turtlebot3_msgs__rosidl_generator_py.dir/rosidl_generator_py/turtlebot3_msgs/srv/_dqn_s.c.o[0m
[25.076s] [ 89%] [32mBuilding C object CMakeFiles/turtlebot3_msgs__rosidl_generator_py.dir/rosidl_generator_py/turtlebot3_msgs/srv/_goal_s.c.o[0m
[25.076s] [ 91%] [32mBuilding C object CMakeFiles/turtlebot3_msgs__rosidl_generator_py.dir/rosidl_generator_py/turtlebot3_msgs/action/_patrol_s.c.o[0m
[25.503s] [ 92%] [32m[1mLinking C shared library rosidl_generator_py/turtlebot3_msgs/libturtlebot3_msgs__rosidl_generator_py.so[0m
[25.605s] [ 92%] Built target turtlebot3_msgs__rosidl_generator_py
[25.637s] [35m[1mConsolidate compiler generated dependencies of target turtlebot3_msgs__rosidl_typesupport_c__pyext[0m
[25.639s] [35m[1mConsolidate compiler generated dependencies of target turtlebot3_msgs__rosidl_typesupport_fastrtps_c__pyext[0m
[25.640s] [35m[1mConsolidate compiler generated dependencies of target turtlebot3_msgs__rosidl_typesupport_introspection_c__pyext[0m
[25.673s] [ 93%] [32mBuilding C object CMakeFiles/turtlebot3_msgs__rosidl_typesupport_c__pyext.dir/rosidl_generator_py/turtlebot3_msgs/_turtlebot3_msgs_s.ep.rosidl_typesupport_c.c.o[0m
[25.674s] [ 94%] [32mBuilding C object CMakeFiles/turtlebot3_msgs__rosidl_typesupport_introspection_c__pyext.dir/rosidl_generator_py/turtlebot3_msgs/_turtlebot3_msgs_s.ep.rosidl_typesupport_introspection_c.c.o[0m
[25.675s] [ 96%] [32mBuilding C object CMakeFiles/turtlebot3_msgs__rosidl_typesupport_fastrtps_c__pyext.dir/rosidl_generator_py/turtlebot3_msgs/_turtlebot3_msgs_s.ep.rosidl_typesupport_fastrtps_c.c.o[0m
[26.030s] [ 97%] [32m[1mLinking C shared library rosidl_generator_py/turtlebot3_msgs/turtlebot3_msgs_s__rosidl_typesupport_fastrtps_c.cpython-310-x86_64-linux-gnu.so[0m
[26.102s] [ 98%] [32m[1mLinking C shared library rosidl_generator_py/turtlebot3_msgs/turtlebot3_msgs_s__rosidl_typesupport_introspection_c.cpython-310-x86_64-linux-gnu.so[0m
[26.105s] [100%] [32m[1mLinking C shared library rosidl_generator_py/turtlebot3_msgs/turtlebot3_msgs_s__rosidl_typesupport_c.cpython-310-x86_64-linux-gnu.so[0m
[26.154s] [100%] Built target turtlebot3_msgs__rosidl_typesupport_fastrtps_c__pyext
[26.212s] [100%] Built target turtlebot3_msgs__rosidl_typesupport_introspection_c__pyext
[26.220s] [100%] Built target turtlebot3_msgs__rosidl_typesupport_c__pyext
[26.251s] Invoked command in '/home/khw/simulation_ws/src/build/turtlebot3_msgs' returned '0': CMAKE_PREFIX_PATH=${CMAKE_PREFIX_PATH}:/opt/ros/humble:/home/khw/simulation_ws/install/turtlebot3_teleop:/home/khw/simulation_ws/install/turtlebot3_example:/home/khw/simulation_ws/install/odom_tools /usr/bin/cmake --build /home/khw/simulation_ws/src/build/turtlebot3_msgs -- -j12 -l12
[26.256s] Invoking command in '/home/khw/simulation_ws/src/build/turtlebot3_msgs': CMAKE_PREFIX_PATH=${CMAKE_PREFIX_PATH}:/opt/ros/humble:/home/khw/simulation_ws/install/turtlebot3_teleop:/home/khw/simulation_ws/install/turtlebot3_example:/home/khw/simulation_ws/install/odom_tools /usr/bin/cmake --install /home/khw/simulation_ws/src/build/turtlebot3_msgs
[26.274s] -- Install configuration: ""
[26.275s] -- Installing: /home/khw/simulation_ws/src/install/turtlebot3_msgs/share/ament_index/resource_index/rosidl_interfaces/turtlebot3_msgs
[26.275s] -- Up-to-date: /home/khw/simulation_ws/src/install/turtlebot3_msgs/include/turtlebot3_msgs/turtlebot3_msgs
[26.275s] -- Up-to-date: /home/khw/simulation_ws/src/install/turtlebot3_msgs/include/turtlebot3_msgs/turtlebot3_msgs/srv
[26.276s] -- Installing: /home/khw/simulation_ws/src/install/turtlebot3_msgs/include/turtlebot3_msgs/turtlebot3_msgs/srv/sound.h
[26.276s] -- Up-to-date: /home/khw/simulation_ws/src/install/turtlebot3_msgs/include/turtlebot3_msgs/turtlebot3_msgs/srv/detail
[26.276s] -- Installing: /home/khw/simulation_ws/src/install/turtlebot3_msgs/include/turtlebot3_msgs/turtlebot3_msgs/srv/detail/dqn__functions.h
[26.277s] -- Installing: /home/khw/simulation_ws/src/install/turtlebot3_msgs/include/turtlebot3_msgs/turtlebot3_msgs/srv/detail/dqn__struct.h
[26.277s] -- Installing: /home/khw/simulation_ws/src/install/turtlebot3_msgs/include/turtlebot3_msgs/turtlebot3_msgs/srv/detail/goal__functions.c
[26.277s] -- Installing: /home/khw/simulation_ws/src/install/turtlebot3_msgs/include/turtlebot3_msgs/turtlebot3_msgs/srv/detail/goal__struct.h
[26.277s] -- Installing: /home/khw/simulation_ws/src/install/turtlebot3_msgs/include/turtlebot3_msgs/turtlebot3_msgs/srv/detail/sound__functions.h
[26.277s] -- Installing: /home/khw/simulation_ws/src/install/turtlebot3_msgs/include/turtlebot3_msgs/turtlebot3_msgs/srv/detail/sound__type_support.h
[26.278s] -- Installing: /home/khw/simulation_ws/src/install/turtlebot3_msgs/include/turtlebot3_msgs/turtlebot3_msgs/srv/detail/dqn__type_support.h
[26.278s] -- Installing: /home/khw/simulation_ws/src/install/turtlebot3_msgs/include/turtlebot3_msgs/turtlebot3_msgs/srv/detail/dqn__functions.c
[26.278s] -- Installing: /home/khw/simulation_ws/src/install/turtlebot3_msgs/include/turtlebot3_msgs/turtlebot3_msgs/srv/detail/sound__struct.h
[26.278s] -- Installing: /home/khw/simulation_ws/src/install/turtlebot3_msgs/include/turtlebot3_msgs/turtlebot3_msgs/srv/detail/goal__type_support.h
[26.279s] -- Installing: /home/khw/simulation_ws/src/install/turtlebot3_msgs/include/turtlebot3_msgs/turtlebot3_msgs/srv/detail/goal__functions.h
[26.279s] -- Installing: /home/khw/simulation_ws/src/install/turtlebot3_msgs/include/turtlebot3_msgs/turtlebot3_msgs/srv/detail/sound__functions.c
[26.279s] -- Installing: /home/khw/simulation_ws/src/install/turtlebot3_msgs/include/turtlebot3_msgs/turtlebot3_msgs/srv/dqn.h
[26.280s] -- Installing: /home/khw/simulation_ws/src/install/turtlebot3_msgs/include/turtlebot3_msgs/turtlebot3_msgs/srv/goal.h
[26.280s] -- Up-to-date: /home/khw/simulation_ws/src/install/turtlebot3_msgs/include/turtlebot3_msgs/turtlebot3_msgs/action
[26.281s] -- Installing: /home/khw/simulation_ws/src/install/turtlebot3_msgs/include/turtlebot3_msgs/turtlebot3_msgs/action/patrol.h
[26.281s] -- Up-to-date: /home/khw/simulation_ws/src/install/turtlebot3_msgs/include/turtlebot3_msgs/turtlebot3_msgs/action/detail
[26.282s] -- Installing: /home/khw/simulation_ws/src/install/turtlebot3_msgs/include/turtlebot3_msgs/turtlebot3_msgs/action/detail/patrol__functions.c
[26.282s] -- Installing: /home/khw/simulation_ws/src/install/turtlebot3_msgs/include/turtlebot3_msgs/turtlebot3_msgs/action/detail/patrol__functions.h
[26.282s] -- Installing: /home/khw/simulation_ws/src/install/turtlebot3_msgs/include/turtlebot3_msgs/turtlebot3_msgs/action/detail/patrol__type_support.h
[26.282s] -- Installing: /home/khw/simulation_ws/src/install/turtlebot3_msgs/include/turtlebot3_msgs/turtlebot3_msgs/action/detail/patrol__struct.h
[26.283s] -- Up-to-date: /home/khw/simulation_ws/src/install/turtlebot3_msgs/include/turtlebot3_msgs/turtlebot3_msgs/msg
[26.283s] -- Installing: /home/khw/simulation_ws/src/install/turtlebot3_msgs/include/turtlebot3_msgs/turtlebot3_msgs/msg/sound.h
[26.283s] -- Up-to-date: /home/khw/simulation_ws/src/install/turtlebot3_msgs/include/turtlebot3_msgs/turtlebot3_msgs/msg/rosidl_generator_c__visibility_control.h
[26.283s] -- Installing: /home/khw/simulation_ws/src/install/turtlebot3_msgs/include/turtlebot3_msgs/turtlebot3_msgs/msg/version_info.h
[26.284s] -- Up-to-date: /home/khw/simulation_ws/src/install/turtlebot3_msgs/include/turtlebot3_msgs/turtlebot3_msgs/msg/detail
[26.284s] -- Installing: /home/khw/simulation_ws/src/install/turtlebot3_msgs/include/turtlebot3_msgs/turtlebot3_msgs/msg/detail/sound__functions.h
[26.284s] -- Installing: /home/khw/simulation_ws/src/install/turtlebot3_msgs/include/turtlebot3_msgs/turtlebot3_msgs/msg/detail/sound__type_support.h
[26.284s] -- Installing: /home/khw/simulation_ws/src/install/turtlebot3_msgs/include/turtlebot3_msgs/turtlebot3_msgs/msg/detail/version_info__functions.c
[26.285s] -- Installing: /home/khw/simulation_ws/src/install/turtlebot3_msgs/include/turtlebot3_msgs/turtlebot3_msgs/msg/detail/sensor_state__type_support.h
[26.285s] -- Installing: /home/khw/simulation_ws/src/install/turtlebot3_msgs/include/turtlebot3_msgs/turtlebot3_msgs/msg/detail/sensor_state__struct.h
[26.285s] -- Installing: /home/khw/simulation_ws/src/install/turtlebot3_msgs/include/turtlebot3_msgs/turtlebot3_msgs/msg/detail/sensor_state__functions.c
[26.285s] -- Installing: /home/khw/simulation_ws/src/install/turtlebot3_msgs/include/turtlebot3_msgs/turtlebot3_msgs/msg/detail/sound__struct.h
[26.285s] -- Installing: /home/khw/simulation_ws/src/install/turtlebot3_msgs/include/turtlebot3_msgs/turtlebot3_msgs/msg/detail/version_info__struct.h
[26.286s] -- Installing: /home/khw/simulation_ws/src/install/turtlebot3_msgs/include/turtlebot3_msgs/turtlebot3_msgs/msg/detail/version_info__functions.h
[26.286s] -- Installing: /home/khw/simulation_ws/src/install/turtlebot3_msgs/include/turtlebot3_msgs/turtlebot3_msgs/msg/detail/sensor_state__functions.h
[26.286s] -- Installing: /home/khw/simulation_ws/src/install/turtlebot3_msgs/include/turtlebot3_msgs/turtlebot3_msgs/msg/detail/version_info__type_support.h
[26.286s] -- Installing: /home/khw/simulation_ws/src/install/turtlebot3_msgs/include/turtlebot3_msgs/turtlebot3_msgs/msg/detail/sound__functions.c
[26.287s] -- Installing: /home/khw/simulation_ws/src/install/turtlebot3_msgs/include/turtlebot3_msgs/turtlebot3_msgs/msg/sensor_state.h
[26.287s] -- Up-to-date: /home/khw/simulation_ws/src/install/turtlebot3_msgs/share/turtlebot3_msgs/environment/library_path.sh
[26.287s] -- Installing: /home/khw/simulation_ws/src/install/turtlebot3_msgs/share/turtlebot3_msgs/environment/library_path.dsv
[26.287s] -- Installing: /home/khw/simulation_ws/src/install/turtlebot3_msgs/lib/libturtlebot3_msgs__rosidl_generator_c.so
[26.288s] -- Set runtime path of "/home/khw/simulation_ws/src/install/turtlebot3_msgs/lib/libturtlebot3_msgs__rosidl_generator_c.so" to ""
[26.288s] -- Up-to-date: /home/khw/simulation_ws/src/install/turtlebot3_msgs/include/turtlebot3_msgs/turtlebot3_msgs
[26.288s] -- Up-to-date: /home/khw/simulation_ws/src/install/turtlebot3_msgs/include/turtlebot3_msgs/turtlebot3_msgs/srv
[26.289s] -- Up-to-date: /home/khw/simulation_ws/src/install/turtlebot3_msgs/include/turtlebot3_msgs/turtlebot3_msgs/srv/detail
[26.289s] -- Installing: /home/khw/simulation_ws/src/install/turtlebot3_msgs/include/turtlebot3_msgs/turtlebot3_msgs/srv/detail/goal__rosidl_typesupport_fastrtps_c.h
[26.289s] -- Installing: /home/khw/simulation_ws/src/install/turtlebot3_msgs/include/turtlebot3_msgs/turtlebot3_msgs/srv/detail/dqn__rosidl_typesupport_fastrtps_c.h
[26.290s] -- Installing: /home/khw/simulation_ws/src/install/turtlebot3_msgs/include/turtlebot3_msgs/turtlebot3_msgs/srv/detail/sound__rosidl_typesupport_fastrtps_c.h
[26.290s] -- Up-to-date: /home/khw/simulation_ws/src/install/turtlebot3_msgs/include/turtlebot3_msgs/turtlebot3_msgs/action
[26.291s] -- Up-to-date: /home/khw/simulation_ws/src/install/turtlebot3_msgs/include/turtlebot3_msgs/turtlebot3_msgs/action/detail
[26.291s] -- Installing: /home/khw/simulation_ws/src/install/turtlebot3_msgs/include/turtlebot3_msgs/turtlebot3_msgs/action/detail/patrol__rosidl_typesupport_fastrtps_c.h
[26.291s] -- Up-to-date: /home/khw/simulation_ws/src/install/turtlebot3_msgs/include/turtlebot3_msgs/turtlebot3_msgs/msg
[26.292s] -- Up-to-date: /home/khw/simulation_ws/src/install/turtlebot3_msgs/include/turtlebot3_msgs/turtlebot3_msgs/msg/rosidl_typesupport_fastrtps_c__visibility_control.h
[26.292s] -- Up-to-date: /home/khw/simulation_ws/src/install/turtlebot3_msgs/include/turtlebot3_msgs/turtlebot3_msgs/msg/detail
[26.292s] -- Installing: /home/khw/simulation_ws/src/install/turtlebot3_msgs/include/turtlebot3_msgs/turtlebot3_msgs/msg/detail/sensor_state__rosidl_typesupport_fastrtps_c.h
[26.293s] -- Installing: /home/khw/simulation_ws/src/install/turtlebot3_msgs/include/turtlebot3_msgs/turtlebot3_msgs/msg/detail/sound__rosidl_typesupport_fastrtps_c.h
[26.293s] -- Installing: /home/khw/simulation_ws/src/install/turtlebot3_msgs/include/turtlebot3_msgs/turtlebot3_msgs/msg/detail/version_info__rosidl_typesupport_fastrtps_c.h
[26.293s] -- Installing: /home/khw/simulation_ws/src/install/turtlebot3_msgs/lib/libturtlebot3_msgs__rosidl_typesupport_fastrtps_c.so
[26.294s] -- Set runtime path of "/home/khw/simulation_ws/src/install/turtlebot3_msgs/lib/libturtlebot3_msgs__rosidl_typesupport_fastrtps_c.so" to ""
[26.294s] -- Up-to-date: /home/khw/simulation_ws/src/install/turtlebot3_msgs/include/turtlebot3_msgs/turtlebot3_msgs
[26.295s] -- Up-to-date: /home/khw/simulation_ws/src/install/turtlebot3_msgs/include/turtlebot3_msgs/turtlebot3_msgs/srv
[26.295s] -- Installing: /home/khw/simulation_ws/src/install/turtlebot3_msgs/include/turtlebot3_msgs/turtlebot3_msgs/srv/sound.hpp
[26.295s] -- Up-to-date: /home/khw/simulation_ws/src/install/turtlebot3_msgs/include/turtlebot3_msgs/turtlebot3_msgs/srv/detail
[26.295s] -- Installing: /home/khw/simulation_ws/src/install/turtlebot3_msgs/include/turtlebot3_msgs/turtlebot3_msgs/srv/detail/sound__builder.hpp
[26.296s] -- Installing: /home/khw/simulation_ws/src/install/turtlebot3_msgs/include/turtlebot3_msgs/turtlebot3_msgs/srv/detail/goal__type_support.hpp
[26.296s] -- Installing: /home/khw/simulation_ws/src/install/turtlebot3_msgs/include/turtlebot3_msgs/turtlebot3_msgs/srv/detail/dqn__traits.hpp
[26.296s] -- Installing: /home/khw/simulation_ws/src/install/turtlebot3_msgs/include/turtlebot3_msgs/turtlebot3_msgs/srv/detail/dqn__builder.hpp
[26.296s] -- Installing: /home/khw/simulation_ws/src/install/turtlebot3_msgs/include/turtlebot3_msgs/turtlebot3_msgs/srv/detail/sound__type_support.hpp
[26.296s] -- Installing: /home/khw/simulation_ws/src/install/turtlebot3_msgs/include/turtlebot3_msgs/turtlebot3_msgs/srv/detail/goal__traits.hpp
[26.297s] -- Installing: /home/khw/simulation_ws/src/install/turtlebot3_msgs/include/turtlebot3_msgs/turtlebot3_msgs/srv/detail/dqn__type_support.hpp
[26.297s] -- Installing: /home/khw/simulation_ws/src/install/turtlebot3_msgs/include/turtlebot3_msgs/turtlebot3_msgs/srv/detail/sound__traits.hpp
[26.297s] -- Installing: /home/khw/simulation_ws/src/install/turtlebot3_msgs/include/turtlebot3_msgs/turtlebot3_msgs/srv/detail/goal__builder.hpp
[26.298s] -- Installing: /home/khw/simulation_ws/src/install/turtlebot3_msgs/include/turtlebot3_msgs/turtlebot3_msgs/srv/detail/dqn__struct.hpp
[26.298s] -- Installing: /home/khw/simulation_ws/src/install/turtlebot3_msgs/include/turtlebot3_msgs/turtlebot3_msgs/srv/detail/goal__struct.hpp
[26.299s] -- Installing: /home/khw/simulation_ws/src/install/turtlebot3_msgs/include/turtlebot3_msgs/turtlebot3_msgs/srv/detail/sound__struct.hpp
[26.299s] -- Installing: /home/khw/simulation_ws/src/install/turtlebot3_msgs/include/turtlebot3_msgs/turtlebot3_msgs/srv/goal.hpp
[26.299s] -- Installing: /home/khw/simulation_ws/src/install/turtlebot3_msgs/include/turtlebot3_msgs/turtlebot3_msgs/srv/dqn.hpp
[26.299s] -- Up-to-date: /home/khw/simulation_ws/src/install/turtlebot3_msgs/include/turtlebot3_msgs/turtlebot3_msgs/action
[26.300s] -- Installing: /home/khw/simulation_ws/src/install/turtlebot3_msgs/include/turtlebot3_msgs/turtlebot3_msgs/action/patrol.hpp
[26.300s] -- Up-to-date: /home/khw/simulation_ws/src/install/turtlebot3_msgs/include/turtlebot3_msgs/turtlebot3_msgs/action/detail
[26.300s] -- Installing: /home/khw/simulation_ws/src/install/turtlebot3_msgs/include/turtlebot3_msgs/turtlebot3_msgs/action/detail/patrol__struct.hpp
[26.300s] -- Installing: /home/khw/simulation_ws/src/install/turtlebot3_msgs/include/turtlebot3_msgs/turtlebot3_msgs/action/detail/patrol__builder.hpp
[26.301s] -- Installing: /home/khw/simulation_ws/src/install/turtlebot3_msgs/include/turtlebot3_msgs/turtlebot3_msgs/action/detail/patrol__traits.hpp
[26.301s] -- Installing: /home/khw/simulation_ws/src/install/turtlebot3_msgs/include/turtlebot3_msgs/turtlebot3_msgs/action/detail/patrol__type_support.hpp
[26.301s] -- Up-to-date: /home/khw/simulation_ws/src/install/turtlebot3_msgs/include/turtlebot3_msgs/turtlebot3_msgs/msg
[26.301s] -- Installing: /home/khw/simulation_ws/src/install/turtlebot3_msgs/include/turtlebot3_msgs/turtlebot3_msgs/msg/version_info.hpp
[26.302s] -- Installing: /home/khw/simulation_ws/src/install/turtlebot3_msgs/include/turtlebot3_msgs/turtlebot3_msgs/msg/sound.hpp
[26.302s] -- Up-to-date: /home/khw/simulation_ws/src/install/turtlebot3_msgs/include/turtlebot3_msgs/turtlebot3_msgs/msg/detail
[26.302s] -- Installing: /home/khw/simulation_ws/src/install/turtlebot3_msgs/include/turtlebot3_msgs/turtlebot3_msgs/msg/detail/version_info__traits.hpp
[26.302s] -- Installing: /home/khw/simulation_ws/src/install/turtlebot3_msgs/include/turtlebot3_msgs/turtlebot3_msgs/msg/detail/sound__builder.hpp
[26.302s] -- Installing: /home/khw/simulation_ws/src/install/turtlebot3_msgs/include/turtlebot3_msgs/turtlebot3_msgs/msg/detail/sensor_state__traits.hpp
[26.303s] -- Installing: /home/khw/simulation_ws/src/install/turtlebot3_msgs/include/turtlebot3_msgs/turtlebot3_msgs/msg/detail/sensor_state__builder.hpp
[26.303s] -- Installing: /home/khw/simulation_ws/src/install/turtlebot3_msgs/include/turtlebot3_msgs/turtlebot3_msgs/msg/detail/sound__type_support.hpp
[26.303s] -- Installing: /home/khw/simulation_ws/src/install/turtlebot3_msgs/include/turtlebot3_msgs/turtlebot3_msgs/msg/detail/sound__traits.hpp
[26.303s] -- Installing: /home/khw/simulation_ws/src/install/turtlebot3_msgs/include/turtlebot3_msgs/turtlebot3_msgs/msg/detail/version_info__type_support.hpp
[26.303s] -- Installing: /home/khw/simulation_ws/src/install/turtlebot3_msgs/include/turtlebot3_msgs/turtlebot3_msgs/msg/detail/sensor_state__type_support.hpp
[26.304s] -- Installing: /home/khw/simulation_ws/src/install/turtlebot3_msgs/include/turtlebot3_msgs/turtlebot3_msgs/msg/detail/sensor_state__struct.hpp
[26.304s] -- Installing: /home/khw/simulation_ws/src/install/turtlebot3_msgs/include/turtlebot3_msgs/turtlebot3_msgs/msg/detail/sound__struct.hpp
[26.304s] -- Installing: /home/khw/simulation_ws/src/install/turtlebot3_msgs/include/turtlebot3_msgs/turtlebot3_msgs/msg/detail/version_info__builder.hpp
[26.305s] -- Installing: /home/khw/simulation_ws/src/install/turtlebot3_msgs/include/turtlebot3_msgs/turtlebot3_msgs/msg/detail/version_info__struct.hpp
[26.305s] -- Installing: /home/khw/simulation_ws/src/install/turtlebot3_msgs/include/turtlebot3_msgs/turtlebot3_msgs/msg/sensor_state.hpp
[26.305s] -- Up-to-date: /home/khw/simulation_ws/src/install/turtlebot3_msgs/include/turtlebot3_msgs/turtlebot3_msgs/msg/rosidl_generator_cpp__visibility_control.hpp
[26.306s] -- Up-to-date: /home/khw/simulation_ws/src/install/turtlebot3_msgs/include/turtlebot3_msgs/turtlebot3_msgs
[26.306s] -- Up-to-date: /home/khw/simulation_ws/src/install/turtlebot3_msgs/include/turtlebot3_msgs/turtlebot3_msgs/srv
[26.306s] -- Up-to-date: /home/khw/simulation_ws/src/install/turtlebot3_msgs/include/turtlebot3_msgs/turtlebot3_msgs/srv/detail
[26.307s] -- Up-to-date: /home/khw/simulation_ws/src/install/turtlebot3_msgs/include/turtlebot3_msgs/turtlebot3_msgs/srv/detail/dds_fastrtps
[26.307s] -- Installing: /home/khw/simulation_ws/src/install/turtlebot3_msgs/include/turtlebot3_msgs/turtlebot3_msgs/srv/detail/sound__rosidl_typesupport_fastrtps_cpp.hpp
[26.307s] -- Installing: /home/khw/simulation_ws/src/install/turtlebot3_msgs/include/turtlebot3_msgs/turtlebot3_msgs/srv/detail/dqn__rosidl_typesupport_fastrtps_cpp.hpp
[26.307s] -- Installing: /home/khw/simulation_ws/src/install/turtlebot3_msgs/include/turtlebot3_msgs/turtlebot3_msgs/srv/detail/goal__rosidl_typesupport_fastrtps_cpp.hpp
[26.307s] -- Up-to-date: /home/khw/simulation_ws/src/install/turtlebot3_msgs/include/turtlebot3_msgs/turtlebot3_msgs/action
[26.308s] -- Up-to-date: /home/khw/simulation_ws/src/install/turtlebot3_msgs/include/turtlebot3_msgs/turtlebot3_msgs/action/detail
[26.308s] -- Up-to-date: /home/khw/simulation_ws/src/install/turtlebot3_msgs/include/turtlebot3_msgs/turtlebot3_msgs/action/detail/dds_fastrtps
[26.308s] -- Installing: /home/khw/simulation_ws/src/install/turtlebot3_msgs/include/turtlebot3_msgs/turtlebot3_msgs/action/detail/patrol__rosidl_typesupport_fastrtps_cpp.hpp
[26.308s] -- Up-to-date: /home/khw/simulation_ws/src/install/turtlebot3_msgs/include/turtlebot3_msgs/turtlebot3_msgs/msg
[26.309s] -- Up-to-date: /home/khw/simulation_ws/src/install/turtlebot3_msgs/include/turtlebot3_msgs/turtlebot3_msgs/msg/rosidl_typesupport_fastrtps_cpp__visibility_control.h
[26.309s] -- Up-to-date: /home/khw/simulation_ws/src/install/turtlebot3_msgs/include/turtlebot3_msgs/turtlebot3_msgs/msg/detail
[26.309s] -- Up-to-date: /home/khw/simulation_ws/src/install/turtlebot3_msgs/include/turtlebot3_msgs/turtlebot3_msgs/msg/detail/dds_fastrtps
[26.309s] -- Installing: /home/khw/simulation_ws/src/install/turtlebot3_msgs/include/turtlebot3_msgs/turtlebot3_msgs/msg/detail/sensor_state__rosidl_typesupport_fastrtps_cpp.hpp
[26.310s] -- Installing: /home/khw/simulation_ws/src/install/turtlebot3_msgs/include/turtlebot3_msgs/turtlebot3_msgs/msg/detail/sound__rosidl_typesupport_fastrtps_cpp.hpp
[26.310s] -- Installing: /home/khw/simulation_ws/src/install/turtlebot3_msgs/include/turtlebot3_msgs/turtlebot3_msgs/msg/detail/version_info__rosidl_typesupport_fastrtps_cpp.hpp
[26.310s] -- Installing: /home/khw/simulation_ws/src/install/turtlebot3_msgs/lib/libturtlebot3_msgs__rosidl_typesupport_fastrtps_cpp.so
[26.310s] -- Set runtime path of "/home/khw/simulation_ws/src/install/turtlebot3_msgs/lib/libturtlebot3_msgs__rosidl_typesupport_fastrtps_cpp.so" to ""
[26.311s] -- Up-to-date: /home/khw/simulation_ws/src/install/turtlebot3_msgs/include/turtlebot3_msgs/turtlebot3_msgs
[26.311s] -- Up-to-date: /home/khw/simulation_ws/src/install/turtlebot3_msgs/include/turtlebot3_msgs/turtlebot3_msgs/srv
[26.311s] -- Up-to-date: /home/khw/simulation_ws/src/install/turtlebot3_msgs/include/turtlebot3_msgs/turtlebot3_msgs/srv/detail
[26.312s] -- Installing: /home/khw/simulation_ws/src/install/turtlebot3_msgs/include/turtlebot3_msgs/turtlebot3_msgs/srv/detail/dqn__type_support.c
[26.312s] -- Installing: /home/khw/simulation_ws/src/install/turtlebot3_msgs/include/turtlebot3_msgs/turtlebot3_msgs/srv/detail/goal__rosidl_typesupport_introspection_c.h
[26.312s] -- Installing: /home/khw/simulation_ws/src/install/turtlebot3_msgs/include/turtlebot3_msgs/turtlebot3_msgs/srv/detail/sound__type_support.c
[26.312s] -- Installing: /home/khw/simulation_ws/src/install/turtlebot3_msgs/include/turtlebot3_msgs/turtlebot3_msgs/srv/detail/dqn__rosidl_typesupport_introspection_c.h
[26.313s] -- Installing: /home/khw/simulation_ws/src/install/turtlebot3_msgs/include/turtlebot3_msgs/turtlebot3_msgs/srv/detail/goal__type_support.c
[26.313s] -- Installing: /home/khw/simulation_ws/src/install/turtlebot3_msgs/include/turtlebot3_msgs/turtlebot3_msgs/srv/detail/sound__rosidl_typesupport_introspection_c.h
[26.313s] -- Up-to-date: /home/khw/simulation_ws/src/install/turtlebot3_msgs/include/turtlebot3_msgs/turtlebot3_msgs/action
[26.314s] -- Up-to-date: /home/khw/simulation_ws/src/install/turtlebot3_msgs/include/turtlebot3_msgs/turtlebot3_msgs/action/detail
[26.314s] -- Installing: /home/khw/simulation_ws/src/install/turtlebot3_msgs/include/turtlebot3_msgs/turtlebot3_msgs/action/detail/patrol__rosidl_typesupport_introspection_c.h
[26.315s] -- Installing: /home/khw/simulation_ws/src/install/turtlebot3_msgs/include/turtlebot3_msgs/turtlebot3_msgs/action/detail/patrol__type_support.c
[26.315s] -- Up-to-date: /home/khw/simulation_ws/src/install/turtlebot3_msgs/include/turtlebot3_msgs/turtlebot3_msgs/msg
[26.316s] -- Up-to-date: /home/khw/simulation_ws/src/install/turtlebot3_msgs/include/turtlebot3_msgs/turtlebot3_msgs/msg/rosidl_typesupport_introspection_c__visibility_control.h
[26.316s] -- Up-to-date: /home/khw/simulation_ws/src/install/turtlebot3_msgs/include/turtlebot3_msgs/turtlebot3_msgs/msg/detail
[26.317s] -- Installing: /home/khw/simulation_ws/src/install/turtlebot3_msgs/include/turtlebot3_msgs/turtlebot3_msgs/msg/detail/sensor_state__rosidl_typesupport_introspection_c.h
[26.317s] -- Installing: /home/khw/simulation_ws/src/install/turtlebot3_msgs/include/turtlebot3_msgs/turtlebot3_msgs/msg/detail/version_info__type_support.c
[26.318s] -- Installing: /home/khw/simulation_ws/src/install/turtlebot3_msgs/include/turtlebot3_msgs/turtlebot3_msgs/msg/detail/sound__type_support.c
[26.318s] -- Installing: /home/khw/simulation_ws/src/install/turtlebot3_msgs/include/turtlebot3_msgs/turtlebot3_msgs/msg/detail/sensor_state__type_support.c
[26.318s] -- Installing: /home/khw/simulation_ws/src/install/turtlebot3_msgs/include/turtlebot3_msgs/turtlebot3_msgs/msg/detail/sound__rosidl_typesupport_introspection_c.h
[26.319s] -- Installing: /home/khw/simulation_ws/src/install/turtlebot3_msgs/include/turtlebot3_msgs/turtlebot3_msgs/msg/detail/version_info__rosidl_typesupport_introspection_c.h
[26.319s] -- Installing: /home/khw/simulation_ws/src/install/turtlebot3_msgs/lib/libturtlebot3_msgs__rosidl_typesupport_introspection_c.so
[26.319s] -- Set runtime path of "/home/khw/simulation_ws/src/install/turtlebot3_msgs/lib/libturtlebot3_msgs__rosidl_typesupport_introspection_c.so" to ""
[26.319s] -- Installing: /home/khw/simulation_ws/src/install/turtlebot3_msgs/lib/libturtlebot3_msgs__rosidl_typesupport_c.so
[26.320s] -- Set runtime path of "/home/khw/simulation_ws/src/install/turtlebot3_msgs/lib/libturtlebot3_msgs__rosidl_typesupport_c.so" to ""
[26.320s] -- Up-to-date: /home/khw/simulation_ws/src/install/turtlebot3_msgs/include/turtlebot3_msgs/turtlebot3_msgs
[26.320s] -- Up-to-date: /home/khw/simulation_ws/src/install/turtlebot3_msgs/include/turtlebot3_msgs/turtlebot3_msgs/srv
[26.320s] -- Up-to-date: /home/khw/simulation_ws/src/install/turtlebot3_msgs/include/turtlebot3_msgs/turtlebot3_msgs/srv/detail
[26.321s] -- Installing: /home/khw/simulation_ws/src/install/turtlebot3_msgs/include/turtlebot3_msgs/turtlebot3_msgs/srv/detail/dqn__rosidl_typesupport_introspection_cpp.hpp
[26.321s] -- Installing: /home/khw/simulation_ws/src/install/turtlebot3_msgs/include/turtlebot3_msgs/turtlebot3_msgs/srv/detail/sound__type_support.cpp
[26.321s] -- Installing: /home/khw/simulation_ws/src/install/turtlebot3_msgs/include/turtlebot3_msgs/turtlebot3_msgs/srv/detail/sound__rosidl_typesupport_introspection_cpp.hpp
[26.322s] -- Installing: /home/khw/simulation_ws/src/install/turtlebot3_msgs/include/turtlebot3_msgs/turtlebot3_msgs/srv/detail/dqn__type_support.cpp
[26.322s] -- Installing: /home/khw/simulation_ws/src/install/turtlebot3_msgs/include/turtlebot3_msgs/turtlebot3_msgs/srv/detail/goal__type_support.cpp
[26.322s] -- Installing: /home/khw/simulation_ws/src/install/turtlebot3_msgs/include/turtlebot3_msgs/turtlebot3_msgs/srv/detail/goal__rosidl_typesupport_introspection_cpp.hpp
[26.322s] -- Up-to-date: /home/khw/simulation_ws/src/install/turtlebot3_msgs/include/turtlebot3_msgs/turtlebot3_msgs/action
[26.322s] -- Up-to-date: /home/khw/simulation_ws/src/install/turtlebot3_msgs/include/turtlebot3_msgs/turtlebot3_msgs/action/detail
[26.323s] -- Installing: /home/khw/simulation_ws/src/install/turtlebot3_msgs/include/turtlebot3_msgs/turtlebot3_msgs/action/detail/patrol__rosidl_typesupport_introspection_cpp.hpp
[26.323s] -- Installing: /home/khw/simulation_ws/src/install/turtlebot3_msgs/include/turtlebot3_msgs/turtlebot3_msgs/action/detail/patrol__type_support.cpp
[26.323s] -- Up-to-date: /home/khw/simulation_ws/src/install/turtlebot3_msgs/include/turtlebot3_msgs/turtlebot3_msgs/msg
[26.324s] -- Up-to-date: /home/khw/simulation_ws/src/install/turtlebot3_msgs/include/turtlebot3_msgs/turtlebot3_msgs/msg/detail
[26.324s] -- Installing: /home/khw/simulation_ws/src/install/turtlebot3_msgs/include/turtlebot3_msgs/turtlebot3_msgs/msg/detail/sensor_state__type_support.cpp
[26.324s] -- Installing: /home/khw/simulation_ws/src/install/turtlebot3_msgs/include/turtlebot3_msgs/turtlebot3_msgs/msg/detail/version_info__type_support.cpp
[26.324s] -- Installing: /home/khw/simulation_ws/src/install/turtlebot3_msgs/include/turtlebot3_msgs/turtlebot3_msgs/msg/detail/sound__type_support.cpp
[26.324s] -- Installing: /home/khw/simulation_ws/src/install/turtlebot3_msgs/include/turtlebot3_msgs/turtlebot3_msgs/msg/detail/sound__rosidl_typesupport_introspection_cpp.hpp
[26.325s] -- Installing: /home/khw/simulation_ws/src/install/turtlebot3_msgs/include/turtlebot3_msgs/turtlebot3_msgs/msg/detail/sensor_state__rosidl_typesupport_introspection_cpp.hpp
[26.325s] -- Installing: /home/khw/simulation_ws/src/install/turtlebot3_msgs/include/turtlebot3_msgs/turtlebot3_msgs/msg/detail/version_info__rosidl_typesupport_introspection_cpp.hpp
[26.325s] -- Installing: /home/khw/simulation_ws/src/install/turtlebot3_msgs/lib/libturtlebot3_msgs__rosidl_typesupport_introspection_cpp.so
[26.326s] -- Set runtime path of "/home/khw/simulation_ws/src/install/turtlebot3_msgs/lib/libturtlebot3_msgs__rosidl_typesupport_introspection_cpp.so" to ""
[26.326s] -- Installing: /home/khw/simulation_ws/src/install/turtlebot3_msgs/lib/libturtlebot3_msgs__rosidl_typesupport_cpp.so
[26.326s] -- Set runtime path of "/home/khw/simulation_ws/src/install/turtlebot3_msgs/lib/libturtlebot3_msgs__rosidl_typesupport_cpp.so" to ""
[26.327s] -- Up-to-date: /home/khw/simulation_ws/src/install/turtlebot3_msgs/share/turtlebot3_msgs/environment/pythonpath.sh
[26.327s] -- Installing: /home/khw/simulation_ws/src/install/turtlebot3_msgs/share/turtlebot3_msgs/environment/pythonpath.dsv
[26.327s] -- Installing: /home/khw/simulation_ws/src/install/turtlebot3_msgs/local/lib/python3.10/dist-packages/turtlebot3_msgs-2.4.0-py3.10.egg-info
[26.327s] -- Installing: /home/khw/simulation_ws/src/install/turtlebot3_msgs/local/lib/python3.10/dist-packages/turtlebot3_msgs-2.4.0-py3.10.egg-info/dependency_links.txt
[26.327s] -- Installing: /home/khw/simulation_ws/src/install/turtlebot3_msgs/local/lib/python3.10/dist-packages/turtlebot3_msgs-2.4.0-py3.10.egg-info/top_level.txt
[26.328s] -- Installing: /home/khw/simulation_ws/src/install/turtlebot3_msgs/local/lib/python3.10/dist-packages/turtlebot3_msgs-2.4.0-py3.10.egg-info/PKG-INFO
[26.328s] -- Installing: /home/khw/simulation_ws/src/install/turtlebot3_msgs/local/lib/python3.10/dist-packages/turtlebot3_msgs-2.4.0-py3.10.egg-info/SOURCES.txt
[26.328s] -- Up-to-date: /home/khw/simulation_ws/src/install/turtlebot3_msgs/local/lib/python3.10/dist-packages/turtlebot3_msgs
[26.328s] -- Installing: /home/khw/simulation_ws/src/install/turtlebot3_msgs/local/lib/python3.10/dist-packages/turtlebot3_msgs/turtlebot3_msgs_s__rosidl_typesupport_fastrtps_c.cpython-310-x86_64-linux-gnu.so
[26.329s] -- Installing: /home/khw/simulation_ws/src/install/turtlebot3_msgs/local/lib/python3.10/dist-packages/turtlebot3_msgs/turtlebot3_msgs_s__rosidl_typesupport_c.cpython-310-x86_64-linux-gnu.so
[26.329s] -- Installing: /home/khw/simulation_ws/src/install/turtlebot3_msgs/local/lib/python3.10/dist-packages/turtlebot3_msgs/_turtlebot3_msgs_s.ep.rosidl_typesupport_fastrtps_c.c
[26.329s] -- Installing: /home/khw/simulation_ws/src/install/turtlebot3_msgs/local/lib/python3.10/dist-packages/turtlebot3_msgs/libturtlebot3_msgs__rosidl_generator_py.so
[26.329s] -- Up-to-date: /home/khw/simulation_ws/src/install/turtlebot3_msgs/local/lib/python3.10/dist-packages/turtlebot3_msgs/srv
[26.329s] -- Installing: /home/khw/simulation_ws/src/install/turtlebot3_msgs/local/lib/python3.10/dist-packages/turtlebot3_msgs/srv/_goal.py
[26.330s] -- Installing: /home/khw/simulation_ws/src/install/turtlebot3_msgs/local/lib/python3.10/dist-packages/turtlebot3_msgs/srv/_sound.py
[26.330s] -- Installing: /home/khw/simulation_ws/src/install/turtlebot3_msgs/local/lib/python3.10/dist-packages/turtlebot3_msgs/srv/_goal_s.c
[26.330s] -- Installing: /home/khw/simulation_ws/src/install/turtlebot3_msgs/local/lib/python3.10/dist-packages/turtlebot3_msgs/srv/_sound_s.c
[26.330s] -- Installing: /home/khw/simulation_ws/src/install/turtlebot3_msgs/local/lib/python3.10/dist-packages/turtlebot3_msgs/srv/_dqn.py
[26.330s] -- Installing: /home/khw/simulation_ws/src/install/turtlebot3_msgs/local/lib/python3.10/dist-packages/turtlebot3_msgs/srv/_dqn_s.c
[26.331s] -- Installing: /home/khw/simulation_ws/src/install/turtlebot3_msgs/local/lib/python3.10/dist-packages/turtlebot3_msgs/srv/__init__.py
[26.331s] -- Up-to-date: /home/khw/simulation_ws/src/install/turtlebot3_msgs/local/lib/python3.10/dist-packages/turtlebot3_msgs/action
[26.331s] -- Installing: /home/khw/simulation_ws/src/install/turtlebot3_msgs/local/lib/python3.10/dist-packages/turtlebot3_msgs/action/_patrol.py
[26.331s] -- Installing: /home/khw/simulation_ws/src/install/turtlebot3_msgs/local/lib/python3.10/dist-packages/turtlebot3_msgs/action/_patrol_s.c
[26.332s] -- Installing: /home/khw/simulation_ws/src/install/turtlebot3_msgs/local/lib/python3.10/dist-packages/turtlebot3_msgs/action/__init__.py
[26.332s] -- Installing: /home/khw/simulation_ws/src/install/turtlebot3_msgs/local/lib/python3.10/dist-packages/turtlebot3_msgs/turtlebot3_msgs_s__rosidl_typesupport_introspection_c.cpython-310-x86_64-linux-gnu.so
[26.332s] -- Up-to-date: /home/khw/simulation_ws/src/install/turtlebot3_msgs/local/lib/python3.10/dist-packages/turtlebot3_msgs/msg
[26.333s] -- Installing: /home/khw/simulation_ws/src/install/turtlebot3_msgs/local/lib/python3.10/dist-packages/turtlebot3_msgs/msg/_sound.py
[26.333s] -- Installing: /home/khw/simulation_ws/src/install/turtlebot3_msgs/local/lib/python3.10/dist-packages/turtlebot3_msgs/msg/_sensor_state.py
[26.333s] -- Installing: /home/khw/simulation_ws/src/install/turtlebot3_msgs/local/lib/python3.10/dist-packages/turtlebot3_msgs/msg/_sound_s.c
[26.334s] -- Installing: /home/khw/simulation_ws/src/install/turtlebot3_msgs/local/lib/python3.10/dist-packages/turtlebot3_msgs/msg/_sensor_state_s.c
[26.334s] -- Installing: /home/khw/simulation_ws/src/install/turtlebot3_msgs/local/lib/python3.10/dist-packages/turtlebot3_msgs/msg/__init__.py
[26.334s] -- Installing: /home/khw/simulation_ws/src/install/turtlebot3_msgs/local/lib/python3.10/dist-packages/turtlebot3_msgs/msg/_version_info_s.c
[26.335s] -- Installing: /home/khw/simulation_ws/src/install/turtlebot3_msgs/local/lib/python3.10/dist-packages/turtlebot3_msgs/msg/_version_info.py
[26.335s] -- Installing: /home/khw/simulation_ws/src/install/turtlebot3_msgs/local/lib/python3.10/dist-packages/turtlebot3_msgs/_turtlebot3_msgs_s.ep.rosidl_typesupport_introspection_c.c
[26.335s] -- Installing: /home/khw/simulation_ws/src/install/turtlebot3_msgs/local/lib/python3.10/dist-packages/turtlebot3_msgs/_turtlebot3_msgs_s.ep.rosidl_typesupport_c.c
[26.335s] -- Installing: /home/khw/simulation_ws/src/install/turtlebot3_msgs/local/lib/python3.10/dist-packages/turtlebot3_msgs/__init__.py
[26.452s] Listing '/home/khw/simulation_ws/src/install/turtlebot3_msgs/local/lib/python3.10/dist-packages/turtlebot3_msgs'...
[26.452s] Compiling '/home/khw/simulation_ws/src/install/turtlebot3_msgs/local/lib/python3.10/dist-packages/turtlebot3_msgs/__init__.py'...
[26.453s] Listing '/home/khw/simulation_ws/src/install/turtlebot3_msgs/local/lib/python3.10/dist-packages/turtlebot3_msgs/action'...
[26.453s] Compiling '/home/khw/simulation_ws/src/install/turtlebot3_msgs/local/lib/python3.10/dist-packages/turtlebot3_msgs/action/__init__.py'...
[26.453s] Compiling '/home/khw/simulation_ws/src/install/turtlebot3_msgs/local/lib/python3.10/dist-packages/turtlebot3_msgs/action/_patrol.py'...
[26.453s] Listing '/home/khw/simulation_ws/src/install/turtlebot3_msgs/local/lib/python3.10/dist-packages/turtlebot3_msgs/msg'...
[26.453s] Compiling '/home/khw/simulation_ws/src/install/turtlebot3_msgs/local/lib/python3.10/dist-packages/turtlebot3_msgs/msg/__init__.py'...
[26.454s] Compiling '/home/khw/simulation_ws/src/install/turtlebot3_msgs/local/lib/python3.10/dist-packages/turtlebot3_msgs/msg/_sensor_state.py'...
[26.454s] Compiling '/home/khw/simulation_ws/src/install/turtlebot3_msgs/local/lib/python3.10/dist-packages/turtlebot3_msgs/msg/_sound.py'...
[26.454s] Compiling '/home/khw/simulation_ws/src/install/turtlebot3_msgs/local/lib/python3.10/dist-packages/turtlebot3_msgs/msg/_version_info.py'...
[26.454s] Listing '/home/khw/simulation_ws/src/install/turtlebot3_msgs/local/lib/python3.10/dist-packages/turtlebot3_msgs/srv'...
[26.454s] Compiling '/home/khw/simulation_ws/src/install/turtlebot3_msgs/local/lib/python3.10/dist-packages/turtlebot3_msgs/srv/__init__.py'...
[26.454s] Compiling '/home/khw/simulation_ws/src/install/turtlebot3_msgs/local/lib/python3.10/dist-packages/turtlebot3_msgs/srv/_dqn.py'...
[26.455s] Compiling '/home/khw/simulation_ws/src/install/turtlebot3_msgs/local/lib/python3.10/dist-packages/turtlebot3_msgs/srv/_goal.py'...
[26.455s] Compiling '/home/khw/simulation_ws/src/install/turtlebot3_msgs/local/lib/python3.10/dist-packages/turtlebot3_msgs/srv/_sound.py'...
[26.467s] -- Installing: /home/khw/simulation_ws/src/install/turtlebot3_msgs/local/lib/python3.10/dist-packages/turtlebot3_msgs/turtlebot3_msgs_s__rosidl_typesupport_fastrtps_c.cpython-310-x86_64-linux-gnu.so
[26.467s] -- Set runtime path of "/home/khw/simulation_ws/src/install/turtlebot3_msgs/local/lib/python3.10/dist-packages/turtlebot3_msgs/turtlebot3_msgs_s__rosidl_typesupport_fastrtps_c.cpython-310-x86_64-linux-gnu.so" to ""
[26.468s] -- Installing: /home/khw/simulation_ws/src/install/turtlebot3_msgs/local/lib/python3.10/dist-packages/turtlebot3_msgs/turtlebot3_msgs_s__rosidl_typesupport_introspection_c.cpython-310-x86_64-linux-gnu.so
[26.469s] -- Set runtime path of "/home/khw/simulation_ws/src/install/turtlebot3_msgs/local/lib/python3.10/dist-packages/turtlebot3_msgs/turtlebot3_msgs_s__rosidl_typesupport_introspection_c.cpython-310-x86_64-linux-gnu.so" to ""
[26.469s] -- Installing: /home/khw/simulation_ws/src/install/turtlebot3_msgs/local/lib/python3.10/dist-packages/turtlebot3_msgs/turtlebot3_msgs_s__rosidl_typesupport_c.cpython-310-x86_64-linux-gnu.so
[26.470s] -- Set runtime path of "/home/khw/simulation_ws/src/install/turtlebot3_msgs/local/lib/python3.10/dist-packages/turtlebot3_msgs/turtlebot3_msgs_s__rosidl_typesupport_c.cpython-310-x86_64-linux-gnu.so" to ""
[26.471s] -- Installing: /home/khw/simulation_ws/src/install/turtlebot3_msgs/lib/libturtlebot3_msgs__rosidl_generator_py.so
[26.472s] -- Set runtime path of "/home/khw/simulation_ws/src/install/turtlebot3_msgs/lib/libturtlebot3_msgs__rosidl_generator_py.so" to ""
[26.473s] -- Up-to-date: /home/khw/simulation_ws/src/install/turtlebot3_msgs/share/turtlebot3_msgs/msg/SensorState.idl
[26.473s] -- Up-to-date: /home/khw/simulation_ws/src/install/turtlebot3_msgs/share/turtlebot3_msgs/msg/Sound.idl
[26.474s] -- Up-to-date: /home/khw/simulation_ws/src/install/turtlebot3_msgs/share/turtlebot3_msgs/msg/VersionInfo.idl
[26.474s] -- Up-to-date: /home/khw/simulation_ws/src/install/turtlebot3_msgs/share/turtlebot3_msgs/srv/Sound.idl
[26.474s] -- Up-to-date: /home/khw/simulation_ws/src/install/turtlebot3_msgs/share/turtlebot3_msgs/srv/Dqn.idl
[26.474s] -- Installing: /home/khw/simulation_ws/src/install/turtlebot3_msgs/share/turtlebot3_msgs/srv/Goal.idl
[26.475s] -- Up-to-date: /home/khw/simulation_ws/src/install/turtlebot3_msgs/share/turtlebot3_msgs/action/Patrol.idl
[26.475s] -- Installing: /home/khw/simulation_ws/src/install/turtlebot3_msgs/share/turtlebot3_msgs/msg/SensorState.msg
[26.475s] -- Installing: /home/khw/simulation_ws/src/install/turtlebot3_msgs/share/turtlebot3_msgs/msg/Sound.msg
[26.475s] -- Installing: /home/khw/simulation_ws/src/install/turtlebot3_msgs/share/turtlebot3_msgs/msg/VersionInfo.msg
[26.476s] -- Installing: /home/khw/simulation_ws/src/install/turtlebot3_msgs/share/turtlebot3_msgs/srv/Sound.srv
[26.476s] -- Up-to-date: /home/khw/simulation_ws/src/install/turtlebot3_msgs/share/turtlebot3_msgs/srv/Sound_Request.msg
[26.476s] -- Up-to-date: /home/khw/simulation_ws/src/install/turtlebot3_msgs/share/turtlebot3_msgs/srv/Sound_Response.msg
[26.476s] -- Installing: /home/khw/simulation_ws/src/install/turtlebot3_msgs/share/turtlebot3_msgs/srv/Dqn.srv
[26.476s] -- Up-to-date: /home/khw/simulation_ws/src/install/turtlebot3_msgs/share/turtlebot3_msgs/srv/Dqn_Request.msg
[26.477s] -- Up-to-date: /home/khw/simulation_ws/src/install/turtlebot3_msgs/share/turtlebot3_msgs/srv/Dqn_Response.msg
[26.477s] -- Installing: /home/khw/simulation_ws/src/install/turtlebot3_msgs/share/turtlebot3_msgs/srv/Goal.srv
[26.477s] -- Installing: /home/khw/simulation_ws/src/install/turtlebot3_msgs/share/turtlebot3_msgs/srv/Goal_Request.msg
[26.477s] -- Installing: /home/khw/simulation_ws/src/install/turtlebot3_msgs/share/turtlebot3_msgs/srv/Goal_Response.msg
[26.477s] -- Installing: /home/khw/simulation_ws/src/install/turtlebot3_msgs/share/turtlebot3_msgs/action/Patrol.action
[26.478s] -- Up-to-date: /home/khw/simulation_ws/src/install/turtlebot3_msgs/share/ament_index/resource_index/package_run_dependencies/turtlebot3_msgs
[26.478s] -- Installing: /home/khw/simulation_ws/src/install/turtlebot3_msgs/share/ament_index/resource_index/parent_prefix_path/turtlebot3_msgs
[26.478s] -- Up-to-date: /home/khw/simulation_ws/src/install/turtlebot3_msgs/share/turtlebot3_msgs/environment/ament_prefix_path.sh
[26.478s] -- Installing: /home/khw/simulation_ws/src/install/turtlebot3_msgs/share/turtlebot3_msgs/environment/ament_prefix_path.dsv
[26.478s] -- Up-to-date: /home/khw/simulation_ws/src/install/turtlebot3_msgs/share/turtlebot3_msgs/environment/path.sh
[26.479s] -- Installing: /home/khw/simulation_ws/src/install/turtlebot3_msgs/share/turtlebot3_msgs/environment/path.dsv
[26.479s] -- Up-to-date: /home/khw/simulation_ws/src/install/turtlebot3_msgs/share/turtlebot3_msgs/local_setup.bash
[26.479s] -- Up-to-date: /home/khw/simulation_ws/src/install/turtlebot3_msgs/share/turtlebot3_msgs/local_setup.sh
[26.479s] -- Up-to-date: /home/khw/simulation_ws/src/install/turtlebot3_msgs/share/turtlebot3_msgs/local_setup.zsh
[26.479s] -- Installing: /home/khw/simulation_ws/src/install/turtlebot3_msgs/share/turtlebot3_msgs/local_setup.dsv
[26.480s] -- Installing: /home/khw/simulation_ws/src/install/turtlebot3_msgs/share/turtlebot3_msgs/package.dsv
[26.480s] -- Up-to-date: /home/khw/simulation_ws/src/install/turtlebot3_msgs/share/ament_index/resource_index/packages/turtlebot3_msgs
[26.480s] -- Up-to-date: /home/khw/simulation_ws/src/install/turtlebot3_msgs/share/turtlebot3_msgs/cmake/export_turtlebot3_msgs__rosidl_generator_cExport.cmake
[26.481s] -- Up-to-date: /home/khw/simulation_ws/src/install/turtlebot3_msgs/share/turtlebot3_msgs/cmake/export_turtlebot3_msgs__rosidl_generator_cExport-noconfig.cmake
[26.481s] -- Up-to-date: /home/khw/simulation_ws/src/install/turtlebot3_msgs/share/turtlebot3_msgs/cmake/export_turtlebot3_msgs__rosidl_typesupport_fastrtps_cExport.cmake
[26.481s] -- Up-to-date: /home/khw/simulation_ws/src/install/turtlebot3_msgs/share/turtlebot3_msgs/cmake/export_turtlebot3_msgs__rosidl_typesupport_fastrtps_cExport-noconfig.cmake
[26.482s] -- Up-to-date: /home/khw/simulation_ws/src/install/turtlebot3_msgs/share/turtlebot3_msgs/cmake/export_turtlebot3_msgs__rosidl_generator_cppExport.cmake
[26.482s] -- Up-to-date: /home/khw/simulation_ws/src/install/turtlebot3_msgs/share/turtlebot3_msgs/cmake/export_turtlebot3_msgs__rosidl_typesupport_fastrtps_cppExport.cmake
[26.482s] -- Up-to-date: /home/khw/simulation_ws/src/install/turtlebot3_msgs/share/turtlebot3_msgs/cmake/export_turtlebot3_msgs__rosidl_typesupport_fastrtps_cppExport-noconfig.cmake
[26.482s] -- Up-to-date: /home/khw/simulation_ws/src/install/turtlebot3_msgs/share/turtlebot3_msgs/cmake/turtlebot3_msgs__rosidl_typesupport_introspection_cExport.cmake
[26.482s] -- Up-to-date: /home/khw/simulation_ws/src/install/turtlebot3_msgs/share/turtlebot3_msgs/cmake/turtlebot3_msgs__rosidl_typesupport_introspection_cExport-noconfig.cmake
[26.483s] -- Up-to-date: /home/khw/simulation_ws/src/install/turtlebot3_msgs/share/turtlebot3_msgs/cmake/turtlebot3_msgs__rosidl_typesupport_cExport.cmake
[26.483s] -- Up-to-date: /home/khw/simulation_ws/src/install/turtlebot3_msgs/share/turtlebot3_msgs/cmake/turtlebot3_msgs__rosidl_typesupport_cExport-noconfig.cmake
[26.483s] -- Up-to-date: /home/khw/simulation_ws/src/install/turtlebot3_msgs/share/turtlebot3_msgs/cmake/turtlebot3_msgs__rosidl_typesupport_introspection_cppExport.cmake
[26.484s] -- Up-to-date: /home/khw/simulation_ws/src/install/turtlebot3_msgs/share/turtlebot3_msgs/cmake/turtlebot3_msgs__rosidl_typesupport_introspection_cppExport-noconfig.cmake
[26.484s] -- Up-to-date: /home/khw/simulation_ws/src/install/turtlebot3_msgs/share/turtlebot3_msgs/cmake/turtlebot3_msgs__rosidl_typesupport_cppExport.cmake
[26.484s] -- Up-to-date: /home/khw/simulation_ws/src/install/turtlebot3_msgs/share/turtlebot3_msgs/cmake/turtlebot3_msgs__rosidl_typesupport_cppExport-noconfig.cmake
[26.485s] -- Up-to-date: /home/khw/simulation_ws/src/install/turtlebot3_msgs/share/turtlebot3_msgs/cmake/export_turtlebot3_msgs__rosidl_generator_pyExport.cmake
[26.485s] -- Up-to-date: /home/khw/simulation_ws/src/install/turtlebot3_msgs/share/turtlebot3_msgs/cmake/export_turtlebot3_msgs__rosidl_generator_pyExport-noconfig.cmake
[26.485s] -- Installing: /home/khw/simulation_ws/src/install/turtlebot3_msgs/share/turtlebot3_msgs/cmake/rosidl_cmake-extras.cmake
[26.485s] -- Up-to-date: /home/khw/simulation_ws/src/install/turtlebot3_msgs/share/turtlebot3_msgs/cmake/ament_cmake_export_dependencies-extras.cmake
[26.486s] -- Up-to-date: /home/khw/simulation_ws/src/install/turtlebot3_msgs/share/turtlebot3_msgs/cmake/ament_cmake_export_include_directories-extras.cmake
[26.486s] -- Up-to-date: /home/khw/simulation_ws/src/install/turtlebot3_msgs/share/turtlebot3_msgs/cmake/ament_cmake_export_libraries-extras.cmake
[26.486s] -- Up-to-date: /home/khw/simulation_ws/src/install/turtlebot3_msgs/share/turtlebot3_msgs/cmake/ament_cmake_export_targets-extras.cmake
[26.486s] -- Up-to-date: /home/khw/simulation_ws/src/install/turtlebot3_msgs/share/turtlebot3_msgs/cmake/rosidl_cmake_export_typesupport_targets-extras.cmake
[26.487s] -- Up-to-date: /home/khw/simulation_ws/src/install/turtlebot3_msgs/share/turtlebot3_msgs/cmake/rosidl_cmake_export_typesupport_libraries-extras.cmake
[26.487s] -- Installing: /home/khw/simulation_ws/src/install/turtlebot3_msgs/share/turtlebot3_msgs/cmake/turtlebot3_msgsConfig.cmake
[26.487s] -- Installing: /home/khw/simulation_ws/src/install/turtlebot3_msgs/share/turtlebot3_msgs/cmake/turtlebot3_msgsConfig-version.cmake
[26.487s] -- Installing: /home/khw/simulation_ws/src/install/turtlebot3_msgs/share/turtlebot3_msgs/package.xml
[26.494s] Invoked command in '/home/khw/simulation_ws/src/build/turtlebot3_msgs' returned '0': CMAKE_PREFIX_PATH=${CMAKE_PREFIX_PATH}:/opt/ros/humble:/home/khw/simulation_ws/install/turtlebot3_teleop:/home/khw/simulation_ws/install/turtlebot3_example:/home/khw/simulation_ws/install/odom_tools /usr/bin/cmake --install /home/khw/simulation_ws/src/build/turtlebot3_msgs
