[1.645s] Invoking command in '/home/khw/simulation_ws/src/turtlebot3/turtlebot3_teleop': PYTHONPATH=/home/khw/simulation_ws/build/turtlebot3_teleop/prefix_override:/usr/lib/python3/dist-packages/colcon_core/task/python/colcon_distutils_commands:/home/khw/simulation_ws/install/turtlebot3_teleop/lib/python3.10/site-packages:${PYTHONPATH} /usr/bin/python3 -W ignore:setup.py install is deprecated -W ignore:easy_install command is deprecated setup.py egg_info --egg-base ../../../build/turtlebot3_teleop build --build-base /home/khw/simulation_ws/build/turtlebot3_teleop/build install --record /home/khw/simulation_ws/build/turtlebot3_teleop/install.log --single-version-externally-managed install_data
[1.958s] running egg_info
[1.969s] writing ../../../build/turtlebot3_teleop/turtlebot3_teleop.egg-info/PKG-INFO
[1.969s] writing dependency_links to ../../../build/turtlebot3_teleop/turtlebot3_teleop.egg-info/dependency_links.txt
[1.969s] writing entry points to ../../../build/turtlebot3_teleop/turtlebot3_teleop.egg-info/entry_points.txt
[1.969s] writing requirements to ../../../build/turtlebot3_teleop/turtlebot3_teleop.egg-info/requires.txt
[1.970s] writing top-level names to ../../../build/turtlebot3_teleop/turtlebot3_teleop.egg-info/top_level.txt
[1.991s] reading manifest file '../../../build/turtlebot3_teleop/turtlebot3_teleop.egg-info/SOURCES.txt'
[1.991s] writing manifest file '../../../build/turtlebot3_teleop/turtlebot3_teleop.egg-info/SOURCES.txt'
[1.991s] running build
[1.991s] running build_py
[1.992s] running install
[1.996s] running install_lib
[2.007s] running install_data
[2.008s] running install_egg_info
[2.019s] removing '/home/khw/simulation_ws/install/turtlebot3_teleop/lib/python3.10/site-packages/turtlebot3_teleop-2.2.9-py3.10.egg-info' (and everything under it)
[2.019s] Copying ../../../build/turtlebot3_teleop/turtlebot3_teleop.egg-info to /home/khw/simulation_ws/install/turtlebot3_teleop/lib/python3.10/site-packages/turtlebot3_teleop-2.2.9-py3.10.egg-info
[2.020s] running install_scripts
[2.062s] Installing teleop_keyboard script to /home/khw/simulation_ws/install/turtlebot3_teleop/lib/turtlebot3_teleop
[2.062s] writing list of installed files to '/home/khw/simulation_ws/build/turtlebot3_teleop/install.log'
[2.090s] Invoked command in '/home/khw/simulation_ws/src/turtlebot3/turtlebot3_teleop' returned '0': PYTHONPATH=/home/khw/simulation_ws/build/turtlebot3_teleop/prefix_override:/usr/lib/python3/dist-packages/colcon_core/task/python/colcon_distutils_commands:/home/khw/simulation_ws/install/turtlebot3_teleop/lib/python3.10/site-packages:${PYTHONPATH} /usr/bin/python3 -W ignore:setup.py install is deprecated -W ignore:easy_install command is deprecated setup.py egg_info --egg-base ../../../build/turtlebot3_teleop build --build-base /home/khw/simulation_ws/build/turtlebot3_teleop/build install --record /home/khw/simulation_ws/build/turtlebot3_teleop/install.log --single-version-externally-managed install_data
