[2.931s] Invoking command in '/home/khw/simulation_ws/src/odom_tools': PYTHONPATH=/home/khw/simulation_ws/build/odom_tools/prefix_override:/usr/lib/python3/dist-packages/colcon_core/task/python/colcon_distutils_commands:/home/khw/simulation_ws/install/odom_tools/lib/python3.10/site-packages:${PYTHONPATH} /usr/bin/python3 -W ignore:setup.py install is deprecated -W ignore:easy_install command is deprecated setup.py egg_info --egg-base ../../build/odom_tools build --build-base /home/khw/simulation_ws/build/odom_tools/build install --record /home/khw/simulation_ws/build/odom_tools/install.log --single-version-externally-managed install_data
[3.834s] running egg_info
[3.868s] writing ../../build/odom_tools/odom_tools.egg-info/PKG-INFO
[3.868s] writing dependency_links to ../../build/odom_tools/odom_tools.egg-info/dependency_links.txt
[3.868s] writing entry points to ../../build/odom_tools/odom_tools.egg-info/entry_points.txt
[3.869s] writing requirements to ../../build/odom_tools/odom_tools.egg-info/requires.txt
[3.869s] writing top-level names to ../../build/odom_tools/odom_tools.egg-info/top_level.txt
[3.935s] reading manifest file '../../build/odom_tools/odom_tools.egg-info/SOURCES.txt'
[3.937s] writing manifest file '../../build/odom_tools/odom_tools.egg-info/SOURCES.txt'
[3.937s] running build
[3.937s] running build_py
[3.938s] copying odom_tools/latency_measurement.py -> /home/khw/simulation_ws/build/odom_tools/build/lib/odom_tools
[3.938s] running install
[3.947s] running install_lib
[3.978s] copying /home/khw/simulation_ws/build/odom_tools/build/lib/odom_tools/latency_measurement.py -> /home/khw/simulation_ws/install/odom_tools/lib/python3.10/site-packages/odom_tools
[3.980s] byte-compiling /home/khw/simulation_ws/install/odom_tools/lib/python3.10/site-packages/odom_tools/latency_measurement.py to latency_measurement.cpython-310.pyc
[3.982s] running install_data
[3.982s] running install_egg_info
[4.022s] removing '/home/khw/simulation_ws/install/odom_tools/lib/python3.10/site-packages/odom_tools-0.0.0-py3.10.egg-info' (and everything under it)
[4.022s] Copying ../../build/odom_tools/odom_tools.egg-info to /home/khw/simulation_ws/install/odom_tools/lib/python3.10/site-packages/odom_tools-0.0.0-py3.10.egg-info
[4.022s] running install_scripts
[4.138s] Installing kiosk script to /home/khw/simulation_ws/install/odom_tools/lib/odom_tools
[4.138s] Installing latency_measurement script to /home/khw/simulation_ws/install/odom_tools/lib/odom_tools
[4.138s] Installing move_turtlebot script to /home/khw/simulation_ws/install/odom_tools/lib/odom_tools
[4.138s] Installing mqtt_goal_sender script to /home/khw/simulation_ws/install/odom_tools/lib/odom_tools
[4.141s] Installing mqtt_receiver script to /home/khw/simulation_ws/install/odom_tools/lib/odom_tools
[4.141s] Installing object_detection script to /home/khw/simulation_ws/install/odom_tools/lib/odom_tools
[4.142s] Installing odom_listener script to /home/khw/simulation_ws/install/odom_tools/lib/odom_tools
[4.142s] Installing video_publisher script to /home/khw/simulation_ws/install/odom_tools/lib/odom_tools
[4.142s] writing list of installed files to '/home/khw/simulation_ws/build/odom_tools/install.log'
[4.208s] Invoked command in '/home/khw/simulation_ws/src/odom_tools' returned '0': PYTHONPATH=/home/khw/simulation_ws/build/odom_tools/prefix_override:/usr/lib/python3/dist-packages/colcon_core/task/python/colcon_distutils_commands:/home/khw/simulation_ws/install/odom_tools/lib/python3.10/site-packages:${PYTHONPATH} /usr/bin/python3 -W ignore:setup.py install is deprecated -W ignore:easy_install command is deprecated setup.py egg_info --egg-base ../../build/odom_tools build --build-base /home/khw/simulation_ws/build/odom_tools/build install --record /home/khw/simulation_ws/build/odom_tools/install.log --single-version-externally-managed install_data
