[0.017s] Invoking command in '/home/khw/simulation_ws/build/dynamixel_sdk_examples': CMAKE_PREFIX_PATH=/home/khw/simulation_ws/install/dynamixel_sdk_custom_interfaces:/home/khw/simulation_ws/install/dynamixel_sdk:/home/khw/simulation_ws/install/turtlebot3:/home/khw/simulation_ws/install/turtlebot3_bringup:/home/khw/simulation_ws/install/turtlebot3_node:/home/khw/simulation_ws/install/turtlebot3_navigation2:/home/khw/simulation_ws/install/turtlebot3_msgs:/home/khw/simulation_ws/install/turtlebot3_description:/home/khw/simulation_ws/install/turtlebot3_cartographer:/home/khw/simulation_ws/install/dynamixel_sdk_examples:/opt/ros/humble:/home/khw/simulation_ws/install/turtlebot3_teleop:/home/khw/simulation_ws/install/turtlebot3_example:/home/khw/simulation_ws/install/odom_tools LD_LIBRARY_PATH=/home/khw/simulation_ws/install/dynamixel_sdk_custom_interfaces/lib:/home/khw/simulation_ws/install/dynamixel_sdk/lib:/usr/lib/x86_64-linux-gnu/gazebo-11/plugins:/opt/ros/humble/opt/rviz_ogre_vendor/lib:/opt/ros/humble/lib/x86_64-linux-gnu:/opt/ros/humble/lib:/home/khw/simulation_ws/install/turtlebot3_msgs/lib:/usr/lib/x86_64-linux-gnu/gazebo-11/plugins /usr/bin/cmake --build /home/khw/simulation_ws/build/dynamixel_sdk_examples -- -j12 -l12
[0.050s] -- Found ament_cmake: 1.3.11 (/opt/ros/humble/share/ament_cmake/cmake)
[0.202s] -- Override CMake install command with custom implementation using symlinks instead of copying resources
[0.214s] -- Found dynamixel_sdk: 3.8.3 (/home/khw/simulation_ws/install/dynamixel_sdk/share/dynamixel_sdk/cmake)
[0.216s] -- Found dynamixel_sdk_custom_interfaces: 3.8.3 (/home/khw/simulation_ws/install/dynamixel_sdk_custom_interfaces/share/dynamixel_sdk_custom_interfaces/cmake)
[0.249s] -- Found rosidl_generator_c: 3.1.6 (/opt/ros/humble/share/rosidl_generator_c/cmake)
[0.252s] -- Found rosidl_adapter: 3.1.6 (/opt/ros/humble/share/rosidl_adapter/cmake)
[0.260s] -- Found rosidl_generator_cpp: 3.1.6 (/opt/ros/humble/share/rosidl_generator_cpp/cmake)
[0.273s] -- Using all available rosidl_typesupport_c: rosidl_typesupport_fastrtps_c;rosidl_typesupport_introspection_c
[0.291s] -- Using all available rosidl_typesupport_cpp: rosidl_typesupport_fastrtps_cpp;rosidl_typesupport_introspection_cpp
[0.326s] -- Found rclcpp: 16.0.12 (/opt/ros/humble/share/rclcpp/cmake)
[0.373s] -- Found rmw_implementation_cmake: 6.1.2 (/opt/ros/humble/share/rmw_implementation_cmake/cmake)
[0.377s] -- Found rmw_fastrtps_cpp: 6.2.7 (/opt/ros/humble/share/rmw_fastrtps_cpp/cmake)
[0.518s] -- Using RMW implementation 'rmw_fastrtps_cpp' as default
[0.592s] -- Found rclpy: 3.3.16 (/opt/ros/humble/share/rclpy/cmake)
[0.595s] -- Found ament_lint_auto: 0.12.12 (/opt/ros/humble/share/ament_lint_auto/cmake)
[0.693s] -- Added test 'copyright' to check source files copyright and LICENSE
[0.698s] -- Added test 'cppcheck' to perform static code analysis on C / C++ code
[0.698s] -- Configured cppcheck include dirs: /home/khw/simulation_ws/src/DynamixelSDK/ros/dynamixel_sdk_examples/include
[0.698s] -- Configured cppcheck exclude dirs and/or files: 
[0.698s] -- Added test 'cpplint' to check C / C++ code against the Google style
[0.698s] -- Configured cpplint exclude dirs and/or files: 
[0.699s] -- Added test 'flake8' to check Python code syntax and style conventions
[0.699s] -- Added test 'lint_cmake' to check CMake code style
[0.699s] -- Added test 'pep257' to check Python code against some of the docstring style conventions in PEP 257
[0.699s] -- Added test 'uncrustify' to check C / C++ code style
[0.699s] -- Configured uncrustify additional arguments: 
[0.699s] -- Added test 'xmllint' to check XML markup files
[0.701s] -- Configuring done
[0.715s] -- Generating done
[0.720s] -- Build files have been written to: /home/khw/simulation_ws/build/dynamixel_sdk_examples
[0.750s] [35m[1mConsolidate compiler generated dependencies of target read_write_node[0m
[0.780s] [ 50%] [32mBuilding CXX object CMakeFiles/read_write_node.dir/src/read_write_node.cpp.o[0m
[11.876s] [100%] [32m[1mLinking CXX executable read_write_node[0m
[12.270s] [100%] Built target read_write_node
[12.281s] Invoked command in '/home/khw/simulation_ws/build/dynamixel_sdk_examples' returned '0': CMAKE_PREFIX_PATH=/home/khw/simulation_ws/install/dynamixel_sdk_custom_interfaces:/home/khw/simulation_ws/install/dynamixel_sdk:/home/khw/simulation_ws/install/turtlebot3:/home/khw/simulation_ws/install/turtlebot3_bringup:/home/khw/simulation_ws/install/turtlebot3_node:/home/khw/simulation_ws/install/turtlebot3_navigation2:/home/khw/simulation_ws/install/turtlebot3_msgs:/home/khw/simulation_ws/install/turtlebot3_description:/home/khw/simulation_ws/install/turtlebot3_cartographer:/home/khw/simulation_ws/install/dynamixel_sdk_examples:/opt/ros/humble:/home/khw/simulation_ws/install/turtlebot3_teleop:/home/khw/simulation_ws/install/turtlebot3_example:/home/khw/simulation_ws/install/odom_tools LD_LIBRARY_PATH=/home/khw/simulation_ws/install/dynamixel_sdk_custom_interfaces/lib:/home/khw/simulation_ws/install/dynamixel_sdk/lib:/usr/lib/x86_64-linux-gnu/gazebo-11/plugins:/opt/ros/humble/opt/rviz_ogre_vendor/lib:/opt/ros/humble/lib/x86_64-linux-gnu:/opt/ros/humble/lib:/home/khw/simulation_ws/install/turtlebot3_msgs/lib:/usr/lib/x86_64-linux-gnu/gazebo-11/plugins /usr/bin/cmake --build /home/khw/simulation_ws/build/dynamixel_sdk_examples -- -j12 -l12
[12.283s] Invoking command in '/home/khw/simulation_ws/build/dynamixel_sdk_examples': CMAKE_PREFIX_PATH=/home/khw/simulation_ws/install/dynamixel_sdk_custom_interfaces:/home/khw/simulation_ws/install/dynamixel_sdk:/home/khw/simulation_ws/install/turtlebot3:/home/khw/simulation_ws/install/turtlebot3_bringup:/home/khw/simulation_ws/install/turtlebot3_node:/home/khw/simulation_ws/install/turtlebot3_navigation2:/home/khw/simulation_ws/install/turtlebot3_msgs:/home/khw/simulation_ws/install/turtlebot3_description:/home/khw/simulation_ws/install/turtlebot3_cartographer:/home/khw/simulation_ws/install/dynamixel_sdk_examples:/opt/ros/humble:/home/khw/simulation_ws/install/turtlebot3_teleop:/home/khw/simulation_ws/install/turtlebot3_example:/home/khw/simulation_ws/install/odom_tools LD_LIBRARY_PATH=/home/khw/simulation_ws/install/dynamixel_sdk_custom_interfaces/lib:/home/khw/simulation_ws/install/dynamixel_sdk/lib:/usr/lib/x86_64-linux-gnu/gazebo-11/plugins:/opt/ros/humble/opt/rviz_ogre_vendor/lib:/opt/ros/humble/lib/x86_64-linux-gnu:/opt/ros/humble/lib:/home/khw/simulation_ws/install/turtlebot3_msgs/lib:/usr/lib/x86_64-linux-gnu/gazebo-11/plugins /usr/bin/cmake --install /home/khw/simulation_ws/build/dynamixel_sdk_examples
[12.290s] -- Install configuration: ""
[12.291s] -- Execute custom install script
[12.291s] -- Up-to-date symlink: /home/khw/simulation_ws/install/dynamixel_sdk_examples/lib/dynamixel_sdk_examples/read_write_node
[12.291s] -- Up-to-date symlink: /home/khw/simulation_ws/install/dynamixel_sdk_examples/lib/dynamixel_sdk_examples/read_write_node.py
[12.291s] -- Up-to-date symlink: /home/khw/simulation_ws/install/dynamixel_sdk_examples/share/ament_index/resource_index/package_run_dependencies/dynamixel_sdk_examples
[12.292s] -- Up-to-date symlink: /home/khw/simulation_ws/install/dynamixel_sdk_examples/share/ament_index/resource_index/parent_prefix_path/dynamixel_sdk_examples
[12.292s] -- Up-to-date symlink: /home/khw/simulation_ws/install/dynamixel_sdk_examples/share/dynamixel_sdk_examples/environment/ament_prefix_path.sh
[12.292s] -- Up-to-date symlink: /home/khw/simulation_ws/install/dynamixel_sdk_examples/share/dynamixel_sdk_examples/environment/ament_prefix_path.dsv
[12.292s] -- Up-to-date symlink: /home/khw/simulation_ws/install/dynamixel_sdk_examples/share/dynamixel_sdk_examples/environment/path.sh
[12.292s] -- Up-to-date symlink: /home/khw/simulation_ws/install/dynamixel_sdk_examples/share/dynamixel_sdk_examples/environment/path.dsv
[12.292s] -- Up-to-date symlink: /home/khw/simulation_ws/install/dynamixel_sdk_examples/share/dynamixel_sdk_examples/local_setup.bash
[12.292s] -- Up-to-date symlink: /home/khw/simulation_ws/install/dynamixel_sdk_examples/share/dynamixel_sdk_examples/local_setup.sh
[12.293s] -- Up-to-date symlink: /home/khw/simulation_ws/install/dynamixel_sdk_examples/share/dynamixel_sdk_examples/local_setup.zsh
[12.293s] -- Up-to-date symlink: /home/khw/simulation_ws/install/dynamixel_sdk_examples/share/dynamixel_sdk_examples/local_setup.dsv
[12.293s] -- Symlinking: /home/khw/simulation_ws/install/dynamixel_sdk_examples/share/dynamixel_sdk_examples/package.dsv
[12.302s] -- Up-to-date symlink: /home/khw/simulation_ws/install/dynamixel_sdk_examples/share/ament_index/resource_index/packages/dynamixel_sdk_examples
[12.302s] -- Up-to-date symlink: /home/khw/simulation_ws/install/dynamixel_sdk_examples/share/dynamixel_sdk_examples/cmake/dynamixel_sdk_examplesConfig.cmake
[12.302s] -- Up-to-date symlink: /home/khw/simulation_ws/install/dynamixel_sdk_examples/share/dynamixel_sdk_examples/cmake/dynamixel_sdk_examplesConfig-version.cmake
[12.302s] -- Up-to-date symlink: /home/khw/simulation_ws/install/dynamixel_sdk_examples/share/dynamixel_sdk_examples/package.xml
[12.305s] Invoked command in '/home/khw/simulation_ws/build/dynamixel_sdk_examples' returned '0': CMAKE_PREFIX_PATH=/home/khw/simulation_ws/install/dynamixel_sdk_custom_interfaces:/home/khw/simulation_ws/install/dynamixel_sdk:/home/khw/simulation_ws/install/turtlebot3:/home/khw/simulation_ws/install/turtlebot3_bringup:/home/khw/simulation_ws/install/turtlebot3_node:/home/khw/simulation_ws/install/turtlebot3_navigation2:/home/khw/simulation_ws/install/turtlebot3_msgs:/home/khw/simulation_ws/install/turtlebot3_description:/home/khw/simulation_ws/install/turtlebot3_cartographer:/home/khw/simulation_ws/install/dynamixel_sdk_examples:/opt/ros/humble:/home/khw/simulation_ws/install/turtlebot3_teleop:/home/khw/simulation_ws/install/turtlebot3_example:/home/khw/simulation_ws/install/odom_tools LD_LIBRARY_PATH=/home/khw/simulation_ws/install/dynamixel_sdk_custom_interfaces/lib:/home/khw/simulation_ws/install/dynamixel_sdk/lib:/usr/lib/x86_64-linux-gnu/gazebo-11/plugins:/opt/ros/humble/opt/rviz_ogre_vendor/lib:/opt/ros/humble/lib/x86_64-linux-gnu:/opt/ros/humble/lib:/home/khw/simulation_ws/install/turtlebot3_msgs/lib:/usr/lib/x86_64-linux-gnu/gazebo-11/plugins /usr/bin/cmake --install /home/khw/simulation_ws/build/dynamixel_sdk_examples
