[0.127s] Invoking command in '/home/khw/simulation_ws/build/turtlebot3_description': /usr/bin/cmake --build /home/khw/simulation_ws/build/turtlebot3_description -- -j12 -l12
[3.421s] Invoked command in '/home/khw/simulation_ws/build/turtlebot3_description' returned '0': /usr/bin/cmake --build /home/khw/simulation_ws/build/turtlebot3_description -- -j12 -l12
[3.443s] Invoking command in '/home/khw/simulation_ws/build/turtlebot3_description': /usr/bin/cmake --install /home/khw/simulation_ws/build/turtlebot3_description
[3.492s] -- Install configuration: ""
[3.493s] -- Execute custom install script
[3.494s] -- Up-to-date symlink: /home/khw/simulation_ws/install/turtlebot3_description/share/turtlebot3_description/meshes/bases/burger_base.stl
[3.494s] -- Up-to-date symlink: /home/khw/simulation_ws/install/turtlebot3_description/share/turtlebot3_description/meshes/bases/waffle_base.stl
[3.494s] -- Up-to-date symlink: /home/khw/simulation_ws/install/turtlebot3_description/share/turtlebot3_description/meshes/bases/waffle_pi_base.stl
[3.498s] -- Up-to-date symlink: /home/khw/simulation_ws/install/turtlebot3_description/share/turtlebot3_description/meshes/sensors/astra.dae
[3.504s] -- Up-to-date symlink: /home/khw/simulation_ws/install/turtlebot3_description/share/turtlebot3_description/meshes/sensors/astra.jpg
[3.504s] -- Up-to-date symlink: /home/khw/simulation_ws/install/turtlebot3_description/share/turtlebot3_description/meshes/sensors/lds.stl
[3.504s] -- Up-to-date symlink: /home/khw/simulation_ws/install/turtlebot3_description/share/turtlebot3_description/meshes/sensors/r200.dae
[3.505s] -- Up-to-date symlink: /home/khw/simulation_ws/install/turtlebot3_description/share/turtlebot3_description/meshes/sensors/r200.jpg
[3.509s] -- Up-to-date symlink: /home/khw/simulation_ws/install/turtlebot3_description/share/turtlebot3_description/meshes/wheels/left_tire.stl
[3.509s] -- Up-to-date symlink: /home/khw/simulation_ws/install/turtlebot3_description/share/turtlebot3_description/meshes/wheels/right_tire.stl
[3.509s] -- Up-to-date symlink: /home/khw/simulation_ws/install/turtlebot3_description/share/turtlebot3_description/rviz/model.rviz
[3.510s] -- Up-to-date symlink: /home/khw/simulation_ws/install/turtlebot3_description/share/turtlebot3_description/urdf/common_properties.urdf
[3.510s] -- Up-to-date symlink: /home/khw/simulation_ws/install/turtlebot3_description/share/turtlebot3_description/urdf/turtlebot3_burger.urdf
[3.510s] -- Up-to-date symlink: /home/khw/simulation_ws/install/turtlebot3_description/share/turtlebot3_description/urdf/turtlebot3_waffle.urdf
[3.510s] -- Up-to-date symlink: /home/khw/simulation_ws/install/turtlebot3_description/share/turtlebot3_description/urdf/turtlebot3_waffle_pi.urdf
[3.510s] -- Up-to-date symlink: /home/khw/simulation_ws/install/turtlebot3_description/share/ament_index/resource_index/package_run_dependencies/turtlebot3_description
[3.510s] -- Up-to-date symlink: /home/khw/simulation_ws/install/turtlebot3_description/share/ament_index/resource_index/parent_prefix_path/turtlebot3_description
[3.510s] -- Up-to-date symlink: /home/khw/simulation_ws/install/turtlebot3_description/share/turtlebot3_description/environment/ament_prefix_path.sh
[3.511s] -- Up-to-date symlink: /home/khw/simulation_ws/install/turtlebot3_description/share/turtlebot3_description/environment/ament_prefix_path.dsv
[3.511s] -- Up-to-date symlink: /home/khw/simulation_ws/install/turtlebot3_description/share/turtlebot3_description/environment/path.sh
[3.514s] -- Up-to-date symlink: /home/khw/simulation_ws/install/turtlebot3_description/share/turtlebot3_description/environment/path.dsv
[3.515s] -- Up-to-date symlink: /home/khw/simulation_ws/install/turtlebot3_description/share/turtlebot3_description/local_setup.bash
[3.517s] -- Up-to-date symlink: /home/khw/simulation_ws/install/turtlebot3_description/share/turtlebot3_description/local_setup.sh
[3.518s] -- Up-to-date symlink: /home/khw/simulation_ws/install/turtlebot3_description/share/turtlebot3_description/local_setup.zsh
[3.518s] -- Up-to-date symlink: /home/khw/simulation_ws/install/turtlebot3_description/share/turtlebot3_description/local_setup.dsv
[3.518s] -- Symlinking: /home/khw/simulation_ws/install/turtlebot3_description/share/turtlebot3_description/package.dsv
[3.520s] -- Up-to-date symlink: /home/khw/simulation_ws/install/turtlebot3_description/share/ament_index/resource_index/packages/turtlebot3_description
[3.548s] -- Up-to-date symlink: /home/khw/simulation_ws/install/turtlebot3_description/share/turtlebot3_description/cmake/turtlebot3_descriptionConfig.cmake
[3.549s] -- Up-to-date symlink: /home/khw/simulation_ws/install/turtlebot3_description/share/turtlebot3_description/cmake/turtlebot3_descriptionConfig-version.cmake
[3.549s] -- Up-to-date symlink: /home/khw/simulation_ws/install/turtlebot3_description/share/turtlebot3_description/package.xml
[3.927s] Invoked command in '/home/khw/simulation_ws/build/turtlebot3_description' returned '0': /usr/bin/cmake --install /home/khw/simulation_ws/build/turtlebot3_description
