[0.013s] Invoking command in '/home/khw/simulation_ws/build/turtlebot3_node': CMAKE_PREFIX_PATH=/home/khw/simulation_ws/install/turtlebot3_msgs:/home/khw/simulation_ws/install/dynamixel_sdk:/home/khw/simulation_ws/install/turtlebot3:/home/khw/simulation_ws/install/turtlebot3_bringup:/home/khw/simulation_ws/install/turtlebot3_node:/home/khw/simulation_ws/install/turtlebot3_navigation2:/home/khw/simulation_ws/install/turtlebot3_description:/home/khw/simulation_ws/install/turtlebot3_cartographer:/home/khw/simulation_ws/install/dynamixel_sdk_examples:/home/khw/simulation_ws/install/dynamixel_sdk_custom_interfaces:/opt/ros/humble:/home/khw/simulation_ws/install/turtlebot3_teleop:/home/khw/simulation_ws/install/turtlebot3_example:/home/khw/simulation_ws/install/odom_tools LD_LIBRARY_PATH=/home/khw/simulation_ws/install/turtlebot3_msgs/lib:/home/khw/simulation_ws/install/dynamixel_sdk/lib:/usr/lib/x86_64-linux-gnu/gazebo-11/plugins:/opt/ros/humble/opt/rviz_ogre_vendor/lib:/opt/ros/humble/lib/x86_64-linux-gnu:/opt/ros/humble/lib:/home/khw/simulation_ws/install/dynamixel_sdk_custom_interfaces/lib:/usr/lib/x86_64-linux-gnu/gazebo-11/plugins /usr/bin/cmake /home/khw/simulation_ws/src/turtlebot3/turtlebot3_node -DCMAKE_INSTALL_PREFIX=/home/khw/simulation_ws/install/turtlebot3_node
[0.026s] -- Found ament_cmake: 1.3.11 (/opt/ros/humble/share/ament_cmake/cmake)
[0.158s] -- Override CMake install command with custom implementation using symlinks instead of copying resources
[0.167s] -- Found dynamixel_sdk: 3.8.3 (/home/khw/simulation_ws/install/dynamixel_sdk/share/dynamixel_sdk/cmake)
[0.168s] -- Found geometry_msgs: 4.8.0 (/opt/ros/humble/share/geometry_msgs/cmake)
[0.197s] -- Found rosidl_generator_c: 3.1.6 (/opt/ros/humble/share/rosidl_generator_c/cmake)
[0.198s] -- Found rosidl_adapter: 3.1.6 (/opt/ros/humble/share/rosidl_adapter/cmake)
[0.203s] -- Found rosidl_generator_cpp: 3.1.6 (/opt/ros/humble/share/rosidl_generator_cpp/cmake)
[0.212s] -- Using all available rosidl_typesupport_c: rosidl_typesupport_fastrtps_c;rosidl_typesupport_introspection_c
[0.222s] -- Using all available rosidl_typesupport_cpp: rosidl_typesupport_fastrtps_cpp;rosidl_typesupport_introspection_cpp
[0.270s] -- Found message_filters: 4.3.7 (/opt/ros/humble/share/message_filters/cmake)
[0.298s] -- Found rmw_implementation_cmake: 6.1.2 (/opt/ros/humble/share/rmw_implementation_cmake/cmake)
[0.299s] -- Found rmw_fastrtps_cpp: 6.2.7 (/opt/ros/humble/share/rmw_fastrtps_cpp/cmake)
[0.403s] -- Using RMW implementation 'rmw_fastrtps_cpp' as default
[0.445s] -- Found nav_msgs: 4.8.0 (/opt/ros/humble/share/nav_msgs/cmake)
[0.463s] -- Found sensor_msgs: 4.8.0 (/opt/ros/humble/share/sensor_msgs/cmake)
[0.491s] -- Found std_srvs: 4.8.0 (/opt/ros/humble/share/std_srvs/cmake)
[0.507s] -- Found tf2: 0.25.12 (/opt/ros/humble/share/tf2/cmake)
[0.513s] -- Found tf2_ros: 0.25.12 (/opt/ros/humble/share/tf2_ros/cmake)
[0.610s] -- Found turtlebot3_msgs: 2.4.0 (/home/khw/simulation_ws/install/turtlebot3_msgs/share/turtlebot3_msgs/cmake)
[0.709s] -- Configuring done
[0.734s] -- Generating done
[0.742s] -- Build files have been written to: /home/khw/simulation_ws/build/turtlebot3_node
[0.752s] Invoked command in '/home/khw/simulation_ws/build/turtlebot3_node' returned '0': CMAKE_PREFIX_PATH=/home/khw/simulation_ws/install/turtlebot3_msgs:/home/khw/simulation_ws/install/dynamixel_sdk:/home/khw/simulation_ws/install/turtlebot3:/home/khw/simulation_ws/install/turtlebot3_bringup:/home/khw/simulation_ws/install/turtlebot3_node:/home/khw/simulation_ws/install/turtlebot3_navigation2:/home/khw/simulation_ws/install/turtlebot3_description:/home/khw/simulation_ws/install/turtlebot3_cartographer:/home/khw/simulation_ws/install/dynamixel_sdk_examples:/home/khw/simulation_ws/install/dynamixel_sdk_custom_interfaces:/opt/ros/humble:/home/khw/simulation_ws/install/turtlebot3_teleop:/home/khw/simulation_ws/install/turtlebot3_example:/home/khw/simulation_ws/install/odom_tools LD_LIBRARY_PATH=/home/khw/simulation_ws/install/turtlebot3_msgs/lib:/home/khw/simulation_ws/install/dynamixel_sdk/lib:/usr/lib/x86_64-linux-gnu/gazebo-11/plugins:/opt/ros/humble/opt/rviz_ogre_vendor/lib:/opt/ros/humble/lib/x86_64-linux-gnu:/opt/ros/humble/lib:/home/khw/simulation_ws/install/dynamixel_sdk_custom_interfaces/lib:/usr/lib/x86_64-linux-gnu/gazebo-11/plugins /usr/bin/cmake /home/khw/simulation_ws/src/turtlebot3/turtlebot3_node -DCMAKE_INSTALL_PREFIX=/home/khw/simulation_ws/install/turtlebot3_node
[0.754s] Invoking command in '/home/khw/simulation_ws/build/turtlebot3_node': CMAKE_PREFIX_PATH=/home/khw/simulation_ws/install/turtlebot3_msgs:/home/khw/simulation_ws/install/dynamixel_sdk:/home/khw/simulation_ws/install/turtlebot3:/home/khw/simulation_ws/install/turtlebot3_bringup:/home/khw/simulation_ws/install/turtlebot3_node:/home/khw/simulation_ws/install/turtlebot3_navigation2:/home/khw/simulation_ws/install/turtlebot3_description:/home/khw/simulation_ws/install/turtlebot3_cartographer:/home/khw/simulation_ws/install/dynamixel_sdk_examples:/home/khw/simulation_ws/install/dynamixel_sdk_custom_interfaces:/opt/ros/humble:/home/khw/simulation_ws/install/turtlebot3_teleop:/home/khw/simulation_ws/install/turtlebot3_example:/home/khw/simulation_ws/install/odom_tools LD_LIBRARY_PATH=/home/khw/simulation_ws/install/turtlebot3_msgs/lib:/home/khw/simulation_ws/install/dynamixel_sdk/lib:/usr/lib/x86_64-linux-gnu/gazebo-11/plugins:/opt/ros/humble/opt/rviz_ogre_vendor/lib:/opt/ros/humble/lib/x86_64-linux-gnu:/opt/ros/humble/lib:/home/khw/simulation_ws/install/dynamixel_sdk_custom_interfaces/lib:/usr/lib/x86_64-linux-gnu/gazebo-11/plugins /usr/bin/cmake --build /home/khw/simulation_ws/build/turtlebot3_node -- -j12 -l12
[0.807s] [35m[1mConsolidate compiler generated dependencies of target turtlebot3_node_lib[0m
[0.851s] [ 85%] Built target turtlebot3_node_lib
[0.864s] [35m[1mConsolidate compiler generated dependencies of target turtlebot3_ros[0m
[0.883s] [100%] Built target turtlebot3_ros
[0.895s] Invoked command in '/home/khw/simulation_ws/build/turtlebot3_node' returned '0': CMAKE_PREFIX_PATH=/home/khw/simulation_ws/install/turtlebot3_msgs:/home/khw/simulation_ws/install/dynamixel_sdk:/home/khw/simulation_ws/install/turtlebot3:/home/khw/simulation_ws/install/turtlebot3_bringup:/home/khw/simulation_ws/install/turtlebot3_node:/home/khw/simulation_ws/install/turtlebot3_navigation2:/home/khw/simulation_ws/install/turtlebot3_description:/home/khw/simulation_ws/install/turtlebot3_cartographer:/home/khw/simulation_ws/install/dynamixel_sdk_examples:/home/khw/simulation_ws/install/dynamixel_sdk_custom_interfaces:/opt/ros/humble:/home/khw/simulation_ws/install/turtlebot3_teleop:/home/khw/simulation_ws/install/turtlebot3_example:/home/khw/simulation_ws/install/odom_tools LD_LIBRARY_PATH=/home/khw/simulation_ws/install/turtlebot3_msgs/lib:/home/khw/simulation_ws/install/dynamixel_sdk/lib:/usr/lib/x86_64-linux-gnu/gazebo-11/plugins:/opt/ros/humble/opt/rviz_ogre_vendor/lib:/opt/ros/humble/lib/x86_64-linux-gnu:/opt/ros/humble/lib:/home/khw/simulation_ws/install/dynamixel_sdk_custom_interfaces/lib:/usr/lib/x86_64-linux-gnu/gazebo-11/plugins /usr/bin/cmake --build /home/khw/simulation_ws/build/turtlebot3_node -- -j12 -l12
[0.897s] Invoking command in '/home/khw/simulation_ws/build/turtlebot3_node': CMAKE_PREFIX_PATH=/home/khw/simulation_ws/install/turtlebot3_msgs:/home/khw/simulation_ws/install/dynamixel_sdk:/home/khw/simulation_ws/install/turtlebot3:/home/khw/simulation_ws/install/turtlebot3_bringup:/home/khw/simulation_ws/install/turtlebot3_node:/home/khw/simulation_ws/install/turtlebot3_navigation2:/home/khw/simulation_ws/install/turtlebot3_description:/home/khw/simulation_ws/install/turtlebot3_cartographer:/home/khw/simulation_ws/install/dynamixel_sdk_examples:/home/khw/simulation_ws/install/dynamixel_sdk_custom_interfaces:/opt/ros/humble:/home/khw/simulation_ws/install/turtlebot3_teleop:/home/khw/simulation_ws/install/turtlebot3_example:/home/khw/simulation_ws/install/odom_tools LD_LIBRARY_PATH=/home/khw/simulation_ws/install/turtlebot3_msgs/lib:/home/khw/simulation_ws/install/dynamixel_sdk/lib:/usr/lib/x86_64-linux-gnu/gazebo-11/plugins:/opt/ros/humble/opt/rviz_ogre_vendor/lib:/opt/ros/humble/lib/x86_64-linux-gnu:/opt/ros/humble/lib:/home/khw/simulation_ws/install/dynamixel_sdk_custom_interfaces/lib:/usr/lib/x86_64-linux-gnu/gazebo-11/plugins /usr/bin/cmake --install /home/khw/simulation_ws/build/turtlebot3_node
[0.903s] -- Install configuration: ""
[0.903s] -- Execute custom install script
[0.903s] -- Up-to-date symlink: /home/khw/simulation_ws/install/turtlebot3_node/share/turtlebot3_node/param/burger.yaml
[0.903s] -- Up-to-date symlink: /home/khw/simulation_ws/install/turtlebot3_node/share/turtlebot3_node/param/waffle.yaml
[0.904s] -- Up-to-date symlink: /home/khw/simulation_ws/install/turtlebot3_node/share/turtlebot3_node/param/waffle_pi.yaml
[0.904s] -- Up-to-date symlink: /home/khw/simulation_ws/install/turtlebot3_node/lib/turtlebot3_node/turtlebot3_ros
[0.904s] -- Up-to-date symlink: /home/khw/simulation_ws/install/turtlebot3_node/share/ament_index/resource_index/package_run_dependencies/turtlebot3_node
[0.904s] -- Up-to-date symlink: /home/khw/simulation_ws/install/turtlebot3_node/share/ament_index/resource_index/parent_prefix_path/turtlebot3_node
[0.904s] -- Up-to-date symlink: /home/khw/simulation_ws/install/turtlebot3_node/share/turtlebot3_node/environment/ament_prefix_path.sh
[0.904s] -- Up-to-date symlink: /home/khw/simulation_ws/install/turtlebot3_node/share/turtlebot3_node/environment/ament_prefix_path.dsv
[0.904s] -- Up-to-date symlink: /home/khw/simulation_ws/install/turtlebot3_node/share/turtlebot3_node/environment/path.sh
[0.904s] -- Up-to-date symlink: /home/khw/simulation_ws/install/turtlebot3_node/share/turtlebot3_node/environment/path.dsv
[0.904s] -- Up-to-date symlink: /home/khw/simulation_ws/install/turtlebot3_node/share/turtlebot3_node/local_setup.bash
[0.904s] -- Up-to-date symlink: /home/khw/simulation_ws/install/turtlebot3_node/share/turtlebot3_node/local_setup.sh
[0.905s] -- Up-to-date symlink: /home/khw/simulation_ws/install/turtlebot3_node/share/turtlebot3_node/local_setup.zsh
[0.905s] -- Up-to-date symlink: /home/khw/simulation_ws/install/turtlebot3_node/share/turtlebot3_node/local_setup.dsv
[0.905s] -- Symlinking: /home/khw/simulation_ws/install/turtlebot3_node/share/turtlebot3_node/package.dsv
[0.914s] -- Up-to-date symlink: /home/khw/simulation_ws/install/turtlebot3_node/share/ament_index/resource_index/packages/turtlebot3_node
[0.914s] -- Up-to-date symlink: /home/khw/simulation_ws/install/turtlebot3_node/share/turtlebot3_node/cmake/ament_cmake_export_include_directories-extras.cmake
[0.914s] -- Up-to-date symlink: /home/khw/simulation_ws/install/turtlebot3_node/share/turtlebot3_node/cmake/turtlebot3_nodeConfig.cmake
[0.914s] -- Up-to-date symlink: /home/khw/simulation_ws/install/turtlebot3_node/share/turtlebot3_node/cmake/turtlebot3_nodeConfig-version.cmake
[0.914s] -- Up-to-date symlink: /home/khw/simulation_ws/install/turtlebot3_node/share/turtlebot3_node/package.xml
[0.917s] Invoked command in '/home/khw/simulation_ws/build/turtlebot3_node' returned '0': CMAKE_PREFIX_PATH=/home/khw/simulation_ws/install/turtlebot3_msgs:/home/khw/simulation_ws/install/dynamixel_sdk:/home/khw/simulation_ws/install/turtlebot3:/home/khw/simulation_ws/install/turtlebot3_bringup:/home/khw/simulation_ws/install/turtlebot3_node:/home/khw/simulation_ws/install/turtlebot3_navigation2:/home/khw/simulation_ws/install/turtlebot3_description:/home/khw/simulation_ws/install/turtlebot3_cartographer:/home/khw/simulation_ws/install/dynamixel_sdk_examples:/home/khw/simulation_ws/install/dynamixel_sdk_custom_interfaces:/opt/ros/humble:/home/khw/simulation_ws/install/turtlebot3_teleop:/home/khw/simulation_ws/install/turtlebot3_example:/home/khw/simulation_ws/install/odom_tools LD_LIBRARY_PATH=/home/khw/simulation_ws/install/turtlebot3_msgs/lib:/home/khw/simulation_ws/install/dynamixel_sdk/lib:/usr/lib/x86_64-linux-gnu/gazebo-11/plugins:/opt/ros/humble/opt/rviz_ogre_vendor/lib:/opt/ros/humble/lib/x86_64-linux-gnu:/opt/ros/humble/lib:/home/khw/simulation_ws/install/dynamixel_sdk_custom_interfaces/lib:/usr/lib/x86_64-linux-gnu/gazebo-11/plugins /usr/bin/cmake --install /home/khw/simulation_ws/build/turtlebot3_node
