[6.244s] Invoking command in '/home/khw/simulation_ws/src/odom_tools': PYTHONPATH=/home/khw/simulation_ws/build/odom_tools/prefix_override:/usr/lib/python3/dist-packages/colcon_core/task/python/colcon_distutils_commands:/home/khw/simulation_ws/install/odom_tools/lib/python3.10/site-packages: /usr/bin/python3 -W ignore:setup.py install is deprecated -W ignore:easy_install command is deprecated setup.py egg_info --egg-base ../../build/odom_tools build --build-base /home/khw/simulation_ws/build/odom_tools/build install --record /home/khw/simulation_ws/build/odom_tools/install.log --single-version-externally-managed install_data
[8.271s] running egg_info
[8.330s] writing ../../build/odom_tools/odom_tools.egg-info/PKG-INFO
[8.331s] writing dependency_links to ../../build/odom_tools/odom_tools.egg-info/dependency_links.txt
[8.333s] writing entry points to ../../build/odom_tools/odom_tools.egg-info/entry_points.txt
[8.334s] writing requirements to ../../build/odom_tools/odom_tools.egg-info/requires.txt
[8.335s] writing top-level names to ../../build/odom_tools/odom_tools.egg-info/top_level.txt
[8.517s] reading manifest file '../../build/odom_tools/odom_tools.egg-info/SOURCES.txt'
[8.518s] writing manifest file '../../build/odom_tools/odom_tools.egg-info/SOURCES.txt'
[8.518s] running build
[8.519s] running build_py
[8.519s] copying odom_tools/move_turtlebot.py -> /home/khw/simulation_ws/build/odom_tools/build/lib/odom_tools
[8.520s] running install
[8.546s] running install_lib
[8.628s] copying /home/khw/simulation_ws/build/odom_tools/build/lib/odom_tools/move_turtlebot.py -> /home/khw/simulation_ws/install/odom_tools/lib/python3.10/site-packages/odom_tools
[8.633s] byte-compiling /home/khw/simulation_ws/install/odom_tools/lib/python3.10/site-packages/odom_tools/move_turtlebot.py to move_turtlebot.cpython-310.pyc
[8.643s] running install_data
[8.644s] running install_egg_info
[8.736s] removing '/home/khw/simulation_ws/install/odom_tools/lib/python3.10/site-packages/odom_tools-0.0.0-py3.10.egg-info' (and everything under it)
[8.738s] Copying ../../build/odom_tools/odom_tools.egg-info to /home/khw/simulation_ws/install/odom_tools/lib/python3.10/site-packages/odom_tools-0.0.0-py3.10.egg-info
[8.745s] running install_scripts
[9.118s] Installing kiosk script to /home/khw/simulation_ws/install/odom_tools/lib/odom_tools
[9.122s] Installing move_turtlebot script to /home/khw/simulation_ws/install/odom_tools/lib/odom_tools
[9.123s] Installing mqtt_goal_sender script to /home/khw/simulation_ws/install/odom_tools/lib/odom_tools
[9.124s] Installing mqtt_receiver script to /home/khw/simulation_ws/install/odom_tools/lib/odom_tools
[9.124s] Installing object_detection script to /home/khw/simulation_ws/install/odom_tools/lib/odom_tools
[9.125s] Installing odom_listener script to /home/khw/simulation_ws/install/odom_tools/lib/odom_tools
[9.126s] Installing video_publisher script to /home/khw/simulation_ws/install/odom_tools/lib/odom_tools
[9.127s] writing list of installed files to '/home/khw/simulation_ws/build/odom_tools/install.log'
[9.332s] Invoked command in '/home/khw/simulation_ws/src/odom_tools' returned '0': PYTHONPATH=/home/khw/simulation_ws/build/odom_tools/prefix_override:/usr/lib/python3/dist-packages/colcon_core/task/python/colcon_distutils_commands:/home/khw/simulation_ws/install/odom_tools/lib/python3.10/site-packages: /usr/bin/python3 -W ignore:setup.py install is deprecated -W ignore:easy_install command is deprecated setup.py egg_info --egg-base ../../build/odom_tools build --build-base /home/khw/simulation_ws/build/odom_tools/build install --record /home/khw/simulation_ws/build/odom_tools/install.log --single-version-externally-managed install_data
