[1.089s] Invoking command in '/home/khw/simulation_ws/src/turtlebot3/turtlebot3_example': LD_LIBRARY_PATH=/home/khw/simulation_ws/install/turtlebot3_msgs/lib:/usr/lib/x86_64-linux-gnu/gazebo-11/plugins:/opt/ros/humble/opt/rviz_ogre_vendor/lib:/opt/ros/humble/lib/x86_64-linux-gnu:/opt/ros/humble/lib:/home/khw/simulation_ws/install/dynamixel_sdk_custom_interfaces/lib:/home/khw/simulation_ws/install/dynamixel_sdk/lib:/usr/lib/x86_64-linux-gnu/gazebo-11/plugins:/usr/lib/x86_64-linux-gnu/gazebo-11/plugins:/usr/lib/x86_64-linux-gnu/gazebo-11/plugins PYTHONPATH=/home/khw/simulation_ws/build/turtlebot3_example/prefix_override:/usr/lib/python3/dist-packages/colcon_core/task/python/colcon_distutils_commands:/home/khw/simulation_ws/install/turtlebot3_example/lib/python3.10/site-packages:${PYTHONPATH} /usr/bin/python3 -W ignore:setup.py install is deprecated -W ignore:easy_install command is deprecated setup.py egg_info --egg-base ../../../build/turtlebot3_example build --build-base /home/khw/simulation_ws/build/turtlebot3_example/build install --record /home/khw/simulation_ws/build/turtlebot3_example/install.log --single-version-externally-managed install_data
[1.438s] running egg_info
[1.450s] writing ../../../build/turtlebot3_example/turtlebot3_example.egg-info/PKG-INFO
[1.450s] writing dependency_links to ../../../build/turtlebot3_example/turtlebot3_example.egg-info/dependency_links.txt
[1.450s] writing entry points to ../../../build/turtlebot3_example/turtlebot3_example.egg-info/entry_points.txt
[1.450s] writing requirements to ../../../build/turtlebot3_example/turtlebot3_example.egg-info/requires.txt
[1.450s] writing top-level names to ../../../build/turtlebot3_example/turtlebot3_example.egg-info/top_level.txt
[1.474s] reading manifest file '../../../build/turtlebot3_example/turtlebot3_example.egg-info/SOURCES.txt'
[1.474s] writing manifest file '../../../build/turtlebot3_example/turtlebot3_example.egg-info/SOURCES.txt'
[1.475s] running build
[1.475s] running build_py
[1.475s] running install
[1.480s] running install_lib
[1.492s] running install_data
[1.492s] running install_egg_info
[1.504s] removing '/home/khw/simulation_ws/install/turtlebot3_example/lib/python3.10/site-packages/turtlebot3_example-2.2.9-py3.10.egg-info' (and everything under it)
[1.505s] Copying ../../../build/turtlebot3_example/turtlebot3_example.egg-info to /home/khw/simulation_ws/install/turtlebot3_example/lib/python3.10/site-packages/turtlebot3_example-2.2.9-py3.10.egg-info
[1.505s] running install_scripts
[1.553s] Installing turtlebot3_absolute_move script to /home/khw/simulation_ws/install/turtlebot3_example/lib/turtlebot3_example
[1.553s] Installing turtlebot3_interactive_marker script to /home/khw/simulation_ws/install/turtlebot3_example/lib/turtlebot3_example
[1.553s] Installing turtlebot3_obstacle_detection script to /home/khw/simulation_ws/install/turtlebot3_example/lib/turtlebot3_example
[1.553s] Installing turtlebot3_patrol_client script to /home/khw/simulation_ws/install/turtlebot3_example/lib/turtlebot3_example
[1.553s] Installing turtlebot3_patrol_server script to /home/khw/simulation_ws/install/turtlebot3_example/lib/turtlebot3_example
[1.553s] Installing turtlebot3_relative_move script to /home/khw/simulation_ws/install/turtlebot3_example/lib/turtlebot3_example
[1.553s] writing list of installed files to '/home/khw/simulation_ws/build/turtlebot3_example/install.log'
[1.589s] Invoked command in '/home/khw/simulation_ws/src/turtlebot3/turtlebot3_example' returned '0': LD_LIBRARY_PATH=/home/khw/simulation_ws/install/turtlebot3_msgs/lib:/usr/lib/x86_64-linux-gnu/gazebo-11/plugins:/opt/ros/humble/opt/rviz_ogre_vendor/lib:/opt/ros/humble/lib/x86_64-linux-gnu:/opt/ros/humble/lib:/home/khw/simulation_ws/install/dynamixel_sdk_custom_interfaces/lib:/home/khw/simulation_ws/install/dynamixel_sdk/lib:/usr/lib/x86_64-linux-gnu/gazebo-11/plugins:/usr/lib/x86_64-linux-gnu/gazebo-11/plugins:/usr/lib/x86_64-linux-gnu/gazebo-11/plugins PYTHONPATH=/home/khw/simulation_ws/build/turtlebot3_example/prefix_override:/usr/lib/python3/dist-packages/colcon_core/task/python/colcon_distutils_commands:/home/khw/simulation_ws/install/turtlebot3_example/lib/python3.10/site-packages:${PYTHONPATH} /usr/bin/python3 -W ignore:setup.py install is deprecated -W ignore:easy_install command is deprecated setup.py egg_info --egg-base ../../../build/turtlebot3_example build --build-base /home/khw/simulation_ws/build/turtlebot3_example/build install --record /home/khw/simulation_ws/build/turtlebot3_example/install.log --single-version-externally-managed install_data
