[0.126s] Invoking command in '/home/khw/simulation_ws/src/build/turtlebot3_description': CMAKE_PREFIX_PATH=${CMAKE_PREFIX_PATH}:/opt/ros/humble:/home/khw/simulation_ws/install/turtlebot3_teleop:/home/khw/simulation_ws/install/turtlebot3_example:/home/khw/simulation_ws/install/odom_tools /usr/bin/cmake --build /home/khw/simulation_ws/src/build/turtlebot3_description -- -j12 -l12
[4.744s] -- Found ament_cmake: 1.3.11 (/opt/ros/humble/share/ament_cmake/cmake)
[4.745s] -- Found urdf: 2.6.1 (/opt/ros/humble/share/urdf/cmake)
[4.747s] -- Configuring done
[4.749s] -- Generating done
[4.749s] -- Build files have been written to: /home/khw/simulation_ws/src/build/turtlebot3_description
[4.788s] Invoked command in '/home/khw/simulation_ws/src/build/turtlebot3_description' returned '0': CMAKE_PREFIX_PATH=${CMAKE_PREFIX_PATH}:/opt/ros/humble:/home/khw/simulation_ws/install/turtlebot3_teleop:/home/khw/simulation_ws/install/turtlebot3_example:/home/khw/simulation_ws/install/odom_tools /usr/bin/cmake --build /home/khw/simulation_ws/src/build/turtlebot3_description -- -j12 -l12
[4.794s] Invoking command in '/home/khw/simulation_ws/src/build/turtlebot3_description': CMAKE_PREFIX_PATH=${CMAKE_PREFIX_PATH}:/opt/ros/humble:/home/khw/simulation_ws/install/turtlebot3_teleop:/home/khw/simulation_ws/install/turtlebot3_example:/home/khw/simulation_ws/install/odom_tools /usr/bin/cmake --install /home/khw/simulation_ws/src/build/turtlebot3_description
[4.832s] -- Install configuration: ""
[4.837s] -- Up-to-date: /home/khw/simulation_ws/src/install/turtlebot3_description/share/turtlebot3_description/meshes
[4.842s] -- Up-to-date: /home/khw/simulation_ws/src/install/turtlebot3_description/share/turtlebot3_description/meshes/wheels
[4.842s] -- Installing: /home/khw/simulation_ws/src/install/turtlebot3_description/share/turtlebot3_description/meshes/wheels/left_tire.stl
[4.856s] -- Installing: /home/khw/simulation_ws/src/install/turtlebot3_description/share/turtlebot3_description/meshes/wheels/right_tire.stl
[4.885s] -- Up-to-date: /home/khw/simulation_ws/src/install/turtlebot3_description/share/turtlebot3_description/meshes/bases
[4.887s] -- Installing: /home/khw/simulation_ws/src/install/turtlebot3_description/share/turtlebot3_description/meshes/bases/burger_base.stl
[4.898s] -- Installing: /home/khw/simulation_ws/src/install/turtlebot3_description/share/turtlebot3_description/meshes/bases/waffle_pi_base.stl
[4.912s] -- Installing: /home/khw/simulation_ws/src/install/turtlebot3_description/share/turtlebot3_description/meshes/bases/waffle_base.stl
[4.947s] -- Up-to-date: /home/khw/simulation_ws/src/install/turtlebot3_description/share/turtlebot3_description/meshes/sensors
[4.948s] -- Installing: /home/khw/simulation_ws/src/install/turtlebot3_description/share/turtlebot3_description/meshes/sensors/astra.dae
[4.975s] -- Installing: /home/khw/simulation_ws/src/install/turtlebot3_description/share/turtlebot3_description/meshes/sensors/lds.stl
[4.978s] -- Installing: /home/khw/simulation_ws/src/install/turtlebot3_description/share/turtlebot3_description/meshes/sensors/r200.jpg
[4.978s] -- Installing: /home/khw/simulation_ws/src/install/turtlebot3_description/share/turtlebot3_description/meshes/sensors/astra.jpg
[4.979s] -- Installing: /home/khw/simulation_ws/src/install/turtlebot3_description/share/turtlebot3_description/meshes/sensors/r200.dae
[4.979s] -- Up-to-date: /home/khw/simulation_ws/src/install/turtlebot3_description/share/turtlebot3_description/rviz
[4.979s] -- Installing: /home/khw/simulation_ws/src/install/turtlebot3_description/share/turtlebot3_description/rviz/model.rviz
[4.980s] -- Up-to-date: /home/khw/simulation_ws/src/install/turtlebot3_description/share/turtlebot3_description/urdf
[4.981s] -- Installing: /home/khw/simulation_ws/src/install/turtlebot3_description/share/turtlebot3_description/urdf/turtlebot3_waffle_pi.urdf
[4.981s] -- Installing: /home/khw/simulation_ws/src/install/turtlebot3_description/share/turtlebot3_description/urdf/common_properties.urdf
[4.981s] -- Installing: /home/khw/simulation_ws/src/install/turtlebot3_description/share/turtlebot3_description/urdf/turtlebot3_waffle.urdf
[4.986s] -- Installing: /home/khw/simulation_ws/src/install/turtlebot3_description/share/turtlebot3_description/urdf/turtlebot3_burger.urdf
[4.986s] -- Up-to-date: /home/khw/simulation_ws/src/install/turtlebot3_description/share/ament_index/resource_index/package_run_dependencies/turtlebot3_description
[4.986s] -- Installing: /home/khw/simulation_ws/src/install/turtlebot3_description/share/ament_index/resource_index/parent_prefix_path/turtlebot3_description
[4.987s] -- Up-to-date: /home/khw/simulation_ws/src/install/turtlebot3_description/share/turtlebot3_description/environment/ament_prefix_path.sh
[4.987s] -- Installing: /home/khw/simulation_ws/src/install/turtlebot3_description/share/turtlebot3_description/environment/ament_prefix_path.dsv
[4.987s] -- Up-to-date: /home/khw/simulation_ws/src/install/turtlebot3_description/share/turtlebot3_description/environment/path.sh
[4.987s] -- Installing: /home/khw/simulation_ws/src/install/turtlebot3_description/share/turtlebot3_description/environment/path.dsv
[4.988s] -- Up-to-date: /home/khw/simulation_ws/src/install/turtlebot3_description/share/turtlebot3_description/local_setup.bash
[4.988s] -- Up-to-date: /home/khw/simulation_ws/src/install/turtlebot3_description/share/turtlebot3_description/local_setup.sh
[4.988s] -- Up-to-date: /home/khw/simulation_ws/src/install/turtlebot3_description/share/turtlebot3_description/local_setup.zsh
[4.989s] -- Installing: /home/khw/simulation_ws/src/install/turtlebot3_description/share/turtlebot3_description/local_setup.dsv
[4.989s] -- Installing: /home/khw/simulation_ws/src/install/turtlebot3_description/share/turtlebot3_description/package.dsv
[4.990s] -- Up-to-date: /home/khw/simulation_ws/src/install/turtlebot3_description/share/ament_index/resource_index/packages/turtlebot3_description
[4.990s] -- Installing: /home/khw/simulation_ws/src/install/turtlebot3_description/share/turtlebot3_description/cmake/turtlebot3_descriptionConfig.cmake
[4.990s] -- Installing: /home/khw/simulation_ws/src/install/turtlebot3_description/share/turtlebot3_description/cmake/turtlebot3_descriptionConfig-version.cmake
[4.990s] -- Installing: /home/khw/simulation_ws/src/install/turtlebot3_description/share/turtlebot3_description/package.xml
[5.022s] Invoked command in '/home/khw/simulation_ws/src/build/turtlebot3_description' returned '0': CMAKE_PREFIX_PATH=${CMAKE_PREFIX_PATH}:/opt/ros/humble:/home/khw/simulation_ws/install/turtlebot3_teleop:/home/khw/simulation_ws/install/turtlebot3_example:/home/khw/simulation_ws/install/odom_tools /usr/bin/cmake --install /home/khw/simulation_ws/src/build/turtlebot3_description
