[0.027s] Invoking command in '/home/khw/simulation_ws/build/turtlebot3_cartographer': CMAKE_PREFIX_PATH=${CMAKE_PREFIX_PATH}:/opt/ros/humble:/home/khw/simulation_ws/install/turtlebot3_teleop:/home/khw/simulation_ws/install/turtlebot3_example:/home/khw/simulation_ws/install/odom_tools /usr/bin/cmake /home/khw/simulation_ws/src/turtlebot3/turtlebot3_cartographer -DAMENT_CMAKE_SYMLINK_INSTALL=1 -DCMAKE_INSTALL_PREFIX=/home/khw/simulation_ws/install/turtlebot3_cartographer
[0.580s] -- Found ament_cmake: 1.3.11 (/opt/ros/humble/share/ament_cmake/cmake)
[0.580s] -- Override CMake install command with custom implementation using symlinks instead of copying resources
[0.580s] -- Configuring done
[0.580s] -- Generating done
[0.580s] -- Build files have been written to: /home/khw/simulation_ws/build/turtlebot3_cartographer
[0.951s] Invoked command in '/home/khw/simulation_ws/build/turtlebot3_cartographer' returned '0': CMAKE_PREFIX_PATH=${CMAKE_PREFIX_PATH}:/opt/ros/humble:/home/khw/simulation_ws/install/turtlebot3_teleop:/home/khw/simulation_ws/install/turtlebot3_example:/home/khw/simulation_ws/install/odom_tools /usr/bin/cmake /home/khw/simulation_ws/src/turtlebot3/turtlebot3_cartographer -DAMENT_CMAKE_SYMLINK_INSTALL=1 -DCMAKE_INSTALL_PREFIX=/home/khw/simulation_ws/install/turtlebot3_cartographer
[0.953s] Invoking command in '/home/khw/simulation_ws/build/turtlebot3_cartographer': CMAKE_PREFIX_PATH=${CMAKE_PREFIX_PATH}:/opt/ros/humble:/home/khw/simulation_ws/install/turtlebot3_teleop:/home/khw/simulation_ws/install/turtlebot3_example:/home/khw/simulation_ws/install/odom_tools /usr/bin/cmake --build /home/khw/simulation_ws/build/turtlebot3_cartographer -- -j12 -l12
[0.992s] Invoked command in '/home/khw/simulation_ws/build/turtlebot3_cartographer' returned '0': CMAKE_PREFIX_PATH=${CMAKE_PREFIX_PATH}:/opt/ros/humble:/home/khw/simulation_ws/install/turtlebot3_teleop:/home/khw/simulation_ws/install/turtlebot3_example:/home/khw/simulation_ws/install/odom_tools /usr/bin/cmake --build /home/khw/simulation_ws/build/turtlebot3_cartographer -- -j12 -l12
[1.006s] Invoking command in '/home/khw/simulation_ws/build/turtlebot3_cartographer': CMAKE_PREFIX_PATH=${CMAKE_PREFIX_PATH}:/opt/ros/humble:/home/khw/simulation_ws/install/turtlebot3_teleop:/home/khw/simulation_ws/install/turtlebot3_example:/home/khw/simulation_ws/install/odom_tools /usr/bin/cmake --install /home/khw/simulation_ws/build/turtlebot3_cartographer
[1.019s] -- Install configuration: ""
[1.019s] -- Execute custom install script
[1.023s] -- Up-to-date symlink: /home/khw/simulation_ws/install/turtlebot3_cartographer/share/turtlebot3_cartographer/config/turtlebot3_lds_2d.lua
[1.024s] -- Up-to-date symlink: /home/khw/simulation_ws/install/turtlebot3_cartographer/share/turtlebot3_cartographer/launch/cartographer.launch.py
[1.024s] -- Up-to-date symlink: /home/khw/simulation_ws/install/turtlebot3_cartographer/share/turtlebot3_cartographer/launch/occupancy_grid.launch.py
[1.024s] -- Up-to-date symlink: /home/khw/simulation_ws/install/turtlebot3_cartographer/share/turtlebot3_cartographer/rviz/tb3_cartographer.rviz
[1.025s] -- Up-to-date symlink: /home/khw/simulation_ws/install/turtlebot3_cartographer/share/ament_index/resource_index/package_run_dependencies/turtlebot3_cartographer
[1.025s] -- Up-to-date symlink: /home/khw/simulation_ws/install/turtlebot3_cartographer/share/ament_index/resource_index/parent_prefix_path/turtlebot3_cartographer
[1.025s] -- Up-to-date symlink: /home/khw/simulation_ws/install/turtlebot3_cartographer/share/turtlebot3_cartographer/environment/ament_prefix_path.sh
[1.025s] -- Up-to-date symlink: /home/khw/simulation_ws/install/turtlebot3_cartographer/share/turtlebot3_cartographer/environment/ament_prefix_path.dsv
[1.025s] -- Up-to-date symlink: /home/khw/simulation_ws/install/turtlebot3_cartographer/share/turtlebot3_cartographer/environment/path.sh
[1.025s] -- Up-to-date symlink: /home/khw/simulation_ws/install/turtlebot3_cartographer/share/turtlebot3_cartographer/environment/path.dsv
[1.026s] -- Up-to-date symlink: /home/khw/simulation_ws/install/turtlebot3_cartographer/share/turtlebot3_cartographer/local_setup.bash
[1.026s] -- Up-to-date symlink: /home/khw/simulation_ws/install/turtlebot3_cartographer/share/turtlebot3_cartographer/local_setup.sh
[1.026s] -- Up-to-date symlink: /home/khw/simulation_ws/install/turtlebot3_cartographer/share/turtlebot3_cartographer/local_setup.zsh
[1.026s] -- Up-to-date symlink: /home/khw/simulation_ws/install/turtlebot3_cartographer/share/turtlebot3_cartographer/local_setup.dsv
[1.026s] -- Symlinking: /home/khw/simulation_ws/install/turtlebot3_cartographer/share/turtlebot3_cartographer/package.dsv
[1.036s] -- Up-to-date symlink: /home/khw/simulation_ws/install/turtlebot3_cartographer/share/ament_index/resource_index/packages/turtlebot3_cartographer
[1.036s] -- Up-to-date symlink: /home/khw/simulation_ws/install/turtlebot3_cartographer/share/turtlebot3_cartographer/cmake/turtlebot3_cartographerConfig.cmake
[1.037s] -- Up-to-date symlink: /home/khw/simulation_ws/install/turtlebot3_cartographer/share/turtlebot3_cartographer/cmake/turtlebot3_cartographerConfig-version.cmake
[1.037s] -- Up-to-date symlink: /home/khw/simulation_ws/install/turtlebot3_cartographer/share/turtlebot3_cartographer/package.xml
[1.041s] Invoked command in '/home/khw/simulation_ws/build/turtlebot3_cartographer' returned '0': CMAKE_PREFIX_PATH=${CMAKE_PREFIX_PATH}:/opt/ros/humble:/home/khw/simulation_ws/install/turtlebot3_teleop:/home/khw/simulation_ws/install/turtlebot3_example:/home/khw/simulation_ws/install/odom_tools /usr/bin/cmake --install /home/khw/simulation_ws/build/turtlebot3_cartographer
