[0.029s] Invoking command in '/home/khw/simulation_ws/build/dynamixel_sdk_examples': AMENT_PREFIX_PATH=/home/khw/simulation_ws/install/dynamixel_sdk_custom_interfaces:/home/khw/simulation_ws/install/dynamixel_sdk CMAKE_PREFIX_PATH=/home/khw/simulation_ws/install/dynamixel_sdk_custom_interfaces:/home/khw/simulation_ws/install/dynamixel_sdk LD_LIBRARY_PATH=/home/khw/simulation_ws/install/dynamixel_sdk_custom_interfaces/lib:/home/khw/simulation_ws/install/dynamixel_sdk/lib PYTHONPATH=/home/khw/simulation_ws/install/dynamixel_sdk_custom_interfaces/local/lib/python3.10/dist-packages:/home/khw/simulation_ws/install/dynamixel_sdk/local/lib/python3.10/dist-packages /usr/bin/cmake --build /home/khw/simulation_ws/build/dynamixel_sdk_examples -- -j12 -l12
[0.070s] [100%] Built target read_write_node
[0.306s] Invoked command in '/home/khw/simulation_ws/build/dynamixel_sdk_examples' returned '0': AMENT_PREFIX_PATH=/home/khw/simulation_ws/install/dynamixel_sdk_custom_interfaces:/home/khw/simulation_ws/install/dynamixel_sdk CMAKE_PREFIX_PATH=/home/khw/simulation_ws/install/dynamixel_sdk_custom_interfaces:/home/khw/simulation_ws/install/dynamixel_sdk LD_LIBRARY_PATH=/home/khw/simulation_ws/install/dynamixel_sdk_custom_interfaces/lib:/home/khw/simulation_ws/install/dynamixel_sdk/lib PYTHONPATH=/home/khw/simulation_ws/install/dynamixel_sdk_custom_interfaces/local/lib/python3.10/dist-packages:/home/khw/simulation_ws/install/dynamixel_sdk/local/lib/python3.10/dist-packages /usr/bin/cmake --build /home/khw/simulation_ws/build/dynamixel_sdk_examples -- -j12 -l12
[0.308s] Invoking command in '/home/khw/simulation_ws/build/dynamixel_sdk_examples': AMENT_PREFIX_PATH=/home/khw/simulation_ws/install/dynamixel_sdk_custom_interfaces:/home/khw/simulation_ws/install/dynamixel_sdk CMAKE_PREFIX_PATH=/home/khw/simulation_ws/install/dynamixel_sdk_custom_interfaces:/home/khw/simulation_ws/install/dynamixel_sdk LD_LIBRARY_PATH=/home/khw/simulation_ws/install/dynamixel_sdk_custom_interfaces/lib:/home/khw/simulation_ws/install/dynamixel_sdk/lib PYTHONPATH=/home/khw/simulation_ws/install/dynamixel_sdk_custom_interfaces/local/lib/python3.10/dist-packages:/home/khw/simulation_ws/install/dynamixel_sdk/local/lib/python3.10/dist-packages /usr/bin/cmake --install /home/khw/simulation_ws/build/dynamixel_sdk_examples
[0.314s] -- Install configuration: ""
[0.315s] -- Execute custom install script
[0.315s] -- Up-to-date symlink: /home/khw/simulation_ws/install/dynamixel_sdk_examples/lib/dynamixel_sdk_examples/read_write_node
[0.315s] -- Up-to-date symlink: /home/khw/simulation_ws/install/dynamixel_sdk_examples/lib/dynamixel_sdk_examples/read_write_node.py
[0.315s] -- Up-to-date symlink: /home/khw/simulation_ws/install/dynamixel_sdk_examples/share/ament_index/resource_index/package_run_dependencies/dynamixel_sdk_examples
[0.315s] -- Up-to-date symlink: /home/khw/simulation_ws/install/dynamixel_sdk_examples/share/ament_index/resource_index/parent_prefix_path/dynamixel_sdk_examples
[0.316s] -- Up-to-date symlink: /home/khw/simulation_ws/install/dynamixel_sdk_examples/share/dynamixel_sdk_examples/environment/ament_prefix_path.sh
[0.316s] -- Up-to-date symlink: /home/khw/simulation_ws/install/dynamixel_sdk_examples/share/dynamixel_sdk_examples/environment/ament_prefix_path.dsv
[0.316s] -- Up-to-date symlink: /home/khw/simulation_ws/install/dynamixel_sdk_examples/share/dynamixel_sdk_examples/environment/path.sh
[0.316s] -- Up-to-date symlink: /home/khw/simulation_ws/install/dynamixel_sdk_examples/share/dynamixel_sdk_examples/environment/path.dsv
[0.316s] -- Up-to-date symlink: /home/khw/simulation_ws/install/dynamixel_sdk_examples/share/dynamixel_sdk_examples/local_setup.bash
[0.316s] -- Up-to-date symlink: /home/khw/simulation_ws/install/dynamixel_sdk_examples/share/dynamixel_sdk_examples/local_setup.sh
[0.316s] -- Up-to-date symlink: /home/khw/simulation_ws/install/dynamixel_sdk_examples/share/dynamixel_sdk_examples/local_setup.zsh
[0.316s] -- Up-to-date symlink: /home/khw/simulation_ws/install/dynamixel_sdk_examples/share/dynamixel_sdk_examples/local_setup.dsv
[0.316s] -- Symlinking: /home/khw/simulation_ws/install/dynamixel_sdk_examples/share/dynamixel_sdk_examples/package.dsv
[0.323s] -- Up-to-date symlink: /home/khw/simulation_ws/install/dynamixel_sdk_examples/share/ament_index/resource_index/packages/dynamixel_sdk_examples
[0.324s] -- Up-to-date symlink: /home/khw/simulation_ws/install/dynamixel_sdk_examples/share/dynamixel_sdk_examples/cmake/dynamixel_sdk_examplesConfig.cmake
[0.324s] -- Up-to-date symlink: /home/khw/simulation_ws/install/dynamixel_sdk_examples/share/dynamixel_sdk_examples/cmake/dynamixel_sdk_examplesConfig-version.cmake
[0.324s] -- Up-to-date symlink: /home/khw/simulation_ws/install/dynamixel_sdk_examples/share/dynamixel_sdk_examples/package.xml
[0.327s] Invoked command in '/home/khw/simulation_ws/build/dynamixel_sdk_examples' returned '0': AMENT_PREFIX_PATH=/home/khw/simulation_ws/install/dynamixel_sdk_custom_interfaces:/home/khw/simulation_ws/install/dynamixel_sdk CMAKE_PREFIX_PATH=/home/khw/simulation_ws/install/dynamixel_sdk_custom_interfaces:/home/khw/simulation_ws/install/dynamixel_sdk LD_LIBRARY_PATH=/home/khw/simulation_ws/install/dynamixel_sdk_custom_interfaces/lib:/home/khw/simulation_ws/install/dynamixel_sdk/lib PYTHONPATH=/home/khw/simulation_ws/install/dynamixel_sdk_custom_interfaces/local/lib/python3.10/dist-packages:/home/khw/simulation_ws/install/dynamixel_sdk/local/lib/python3.10/dist-packages /usr/bin/cmake --install /home/khw/simulation_ws/build/dynamixel_sdk_examples
