[1.465s] Invoking command in '/home/khw/simulation_ws/src/turtlebot3/turtlebot3_example': CMAKE_PREFIX_PATH=/home/khw/simulation_ws/install/turtlebot3_msgs:/home/khw/simulation_ws/install/turtlebot3:/home/khw/simulation_ws/install/turtlebot3_bringup:/home/khw/simulation_ws/install/turtlebot3_node:/home/khw/simulation_ws/install/turtlebot3_navigation2:/home/khw/simulation_ws/install/turtlebot3_description:/home/khw/simulation_ws/install/turtlebot3_cartographer:/home/khw/simulation_ws/install/dynamixel_sdk_examples:/home/khw/simulation_ws/install/dynamixel_sdk_custom_interfaces:/home/khw/simulation_ws/install/dynamixel_sdk LD_LIBRARY_PATH=/home/khw/simulation_ws/install/turtlebot3_msgs/lib:/usr/lib/x86_64-linux-gnu/gazebo-11/plugins:/opt/ros/humble/opt/rviz_ogre_vendor/lib:/opt/ros/humble/lib/x86_64-linux-gnu:/opt/ros/humble/lib:/home/khw/simulation_ws/install/dynamixel_sdk_custom_interfaces/lib:/home/khw/simulation_ws/install/dynamixel_sdk/lib:/usr/lib/x86_64-linux-gnu/gazebo-11/plugins PYTHONPATH=/home/khw/simulation_ws/build/turtlebot3_example/prefix_override:/usr/lib/python3/dist-packages/colcon_core/task/python/colcon_distutils_commands:/home/khw/simulation_ws/install/turtlebot3_example/lib/python3.10/site-packages:${PYTHONPATH} /usr/bin/python3 -W ignore:setup.py install is deprecated -W ignore:easy_install command is deprecated setup.py egg_info --egg-base ../../../build/turtlebot3_example build --build-base /home/khw/simulation_ws/build/turtlebot3_example/build install --record /home/khw/simulation_ws/build/turtlebot3_example/install.log --single-version-externally-managed install_data
[2.348s] running egg_info
[2.382s] writing ../../../build/turtlebot3_example/turtlebot3_example.egg-info/PKG-INFO
[2.383s] writing dependency_links to ../../../build/turtlebot3_example/turtlebot3_example.egg-info/dependency_links.txt
[2.385s] writing entry points to ../../../build/turtlebot3_example/turtlebot3_example.egg-info/entry_points.txt
[2.386s] writing requirements to ../../../build/turtlebot3_example/turtlebot3_example.egg-info/requires.txt
[2.388s] writing top-level names to ../../../build/turtlebot3_example/turtlebot3_example.egg-info/top_level.txt
[2.451s] reading manifest file '../../../build/turtlebot3_example/turtlebot3_example.egg-info/SOURCES.txt'
[2.454s] writing manifest file '../../../build/turtlebot3_example/turtlebot3_example.egg-info/SOURCES.txt'
[2.455s] running build
[2.456s] running build_py
[2.459s] copying turtlebot3_example/__init__.py -> /home/khw/simulation_ws/build/turtlebot3_example/build/lib/turtlebot3_example
[2.460s] copying turtlebot3_example/turtlebot3_relative_move/turtlebot3_relative_move.py -> /home/khw/simulation_ws/build/turtlebot3_example/build/lib/turtlebot3_example/turtlebot3_relative_move
[2.463s] copying turtlebot3_example/turtlebot3_relative_move/__init__.py -> /home/khw/simulation_ws/build/turtlebot3_example/build/lib/turtlebot3_example/turtlebot3_relative_move
[2.465s] copying turtlebot3_example/turtlebot3_absolute_move/turtlebot3_absolute_move.py -> /home/khw/simulation_ws/build/turtlebot3_example/build/lib/turtlebot3_example/turtlebot3_absolute_move
[2.467s] copying turtlebot3_example/turtlebot3_absolute_move/__init__.py -> /home/khw/simulation_ws/build/turtlebot3_example/build/lib/turtlebot3_example/turtlebot3_absolute_move
[2.469s] copying turtlebot3_example/turtlebot3_interactive_marker/turtlebot3_interactive_marker.py -> /home/khw/simulation_ws/build/turtlebot3_example/build/lib/turtlebot3_example/turtlebot3_interactive_marker
[2.470s] copying turtlebot3_example/turtlebot3_interactive_marker/__init__.py -> /home/khw/simulation_ws/build/turtlebot3_example/build/lib/turtlebot3_example/turtlebot3_interactive_marker
[2.473s] copying turtlebot3_example/turtlebot3_obstacle_detection/turtlebot3_obstacle_detection.py -> /home/khw/simulation_ws/build/turtlebot3_example/build/lib/turtlebot3_example/turtlebot3_obstacle_detection
[2.473s] copying turtlebot3_example/turtlebot3_obstacle_detection/__init__.py -> /home/khw/simulation_ws/build/turtlebot3_example/build/lib/turtlebot3_example/turtlebot3_obstacle_detection
[2.473s] copying turtlebot3_example/turtlebot3_patrol/turtlebot3_patrol_client.py -> /home/khw/simulation_ws/build/turtlebot3_example/build/lib/turtlebot3_example/turtlebot3_patrol
[2.473s] copying turtlebot3_example/turtlebot3_patrol/turtlebot3_patrol_server.py -> /home/khw/simulation_ws/build/turtlebot3_example/build/lib/turtlebot3_example/turtlebot3_patrol
[2.473s] copying turtlebot3_example/turtlebot3_patrol/__init__.py -> /home/khw/simulation_ws/build/turtlebot3_example/build/lib/turtlebot3_example/turtlebot3_patrol
[2.473s] running install
[2.488s] running install_lib
[2.516s] copying /home/khw/simulation_ws/build/turtlebot3_example/build/lib/turtlebot3_example/turtlebot3_relative_move/turtlebot3_relative_move.py -> /home/khw/simulation_ws/install/turtlebot3_example/lib/python3.10/site-packages/turtlebot3_example/turtlebot3_relative_move
[2.518s] copying /home/khw/simulation_ws/build/turtlebot3_example/build/lib/turtlebot3_example/turtlebot3_relative_move/__init__.py -> /home/khw/simulation_ws/install/turtlebot3_example/lib/python3.10/site-packages/turtlebot3_example/turtlebot3_relative_move
[2.523s] copying /home/khw/simulation_ws/build/turtlebot3_example/build/lib/turtlebot3_example/turtlebot3_absolute_move/turtlebot3_absolute_move.py -> /home/khw/simulation_ws/install/turtlebot3_example/lib/python3.10/site-packages/turtlebot3_example/turtlebot3_absolute_move
[2.523s] copying /home/khw/simulation_ws/build/turtlebot3_example/build/lib/turtlebot3_example/turtlebot3_absolute_move/__init__.py -> /home/khw/simulation_ws/install/turtlebot3_example/lib/python3.10/site-packages/turtlebot3_example/turtlebot3_absolute_move
[2.523s] copying /home/khw/simulation_ws/build/turtlebot3_example/build/lib/turtlebot3_example/turtlebot3_interactive_marker/turtlebot3_interactive_marker.py -> /home/khw/simulation_ws/install/turtlebot3_example/lib/python3.10/site-packages/turtlebot3_example/turtlebot3_interactive_marker
[2.525s] copying /home/khw/simulation_ws/build/turtlebot3_example/build/lib/turtlebot3_example/turtlebot3_interactive_marker/__init__.py -> /home/khw/simulation_ws/install/turtlebot3_example/lib/python3.10/site-packages/turtlebot3_example/turtlebot3_interactive_marker
[2.526s] copying /home/khw/simulation_ws/build/turtlebot3_example/build/lib/turtlebot3_example/turtlebot3_obstacle_detection/turtlebot3_obstacle_detection.py -> /home/khw/simulation_ws/install/turtlebot3_example/lib/python3.10/site-packages/turtlebot3_example/turtlebot3_obstacle_detection
[2.529s] copying /home/khw/simulation_ws/build/turtlebot3_example/build/lib/turtlebot3_example/turtlebot3_obstacle_detection/__init__.py -> /home/khw/simulation_ws/install/turtlebot3_example/lib/python3.10/site-packages/turtlebot3_example/turtlebot3_obstacle_detection
[2.530s] copying /home/khw/simulation_ws/build/turtlebot3_example/build/lib/turtlebot3_example/turtlebot3_patrol/turtlebot3_patrol_client.py -> /home/khw/simulation_ws/install/turtlebot3_example/lib/python3.10/site-packages/turtlebot3_example/turtlebot3_patrol
[2.532s] copying /home/khw/simulation_ws/build/turtlebot3_example/build/lib/turtlebot3_example/turtlebot3_patrol/turtlebot3_patrol_server.py -> /home/khw/simulation_ws/install/turtlebot3_example/lib/python3.10/site-packages/turtlebot3_example/turtlebot3_patrol
[2.534s] copying /home/khw/simulation_ws/build/turtlebot3_example/build/lib/turtlebot3_example/turtlebot3_patrol/__init__.py -> /home/khw/simulation_ws/install/turtlebot3_example/lib/python3.10/site-packages/turtlebot3_example/turtlebot3_patrol
[2.535s] copying /home/khw/simulation_ws/build/turtlebot3_example/build/lib/turtlebot3_example/__init__.py -> /home/khw/simulation_ws/install/turtlebot3_example/lib/python3.10/site-packages/turtlebot3_example
[2.538s] byte-compiling /home/khw/simulation_ws/install/turtlebot3_example/lib/python3.10/site-packages/turtlebot3_example/turtlebot3_relative_move/turtlebot3_relative_move.py to turtlebot3_relative_move.cpython-310.pyc
[2.545s] byte-compiling /home/khw/simulation_ws/install/turtlebot3_example/lib/python3.10/site-packages/turtlebot3_example/turtlebot3_relative_move/__init__.py to __init__.cpython-310.pyc
[2.545s] byte-compiling /home/khw/simulation_ws/install/turtlebot3_example/lib/python3.10/site-packages/turtlebot3_example/turtlebot3_absolute_move/turtlebot3_absolute_move.py to turtlebot3_absolute_move.cpython-310.pyc
[2.548s] byte-compiling /home/khw/simulation_ws/install/turtlebot3_example/lib/python3.10/site-packages/turtlebot3_example/turtlebot3_absolute_move/__init__.py to __init__.cpython-310.pyc
[2.550s] byte-compiling /home/khw/simulation_ws/install/turtlebot3_example/lib/python3.10/site-packages/turtlebot3_example/turtlebot3_interactive_marker/turtlebot3_interactive_marker.py to turtlebot3_interactive_marker.cpython-310.pyc
[2.553s] byte-compiling /home/khw/simulation_ws/install/turtlebot3_example/lib/python3.10/site-packages/turtlebot3_example/turtlebot3_interactive_marker/__init__.py to __init__.cpython-310.pyc
[2.555s] byte-compiling /home/khw/simulation_ws/install/turtlebot3_example/lib/python3.10/site-packages/turtlebot3_example/turtlebot3_obstacle_detection/turtlebot3_obstacle_detection.py to turtlebot3_obstacle_detection.cpython-310.pyc
[2.558s] byte-compiling /home/khw/simulation_ws/install/turtlebot3_example/lib/python3.10/site-packages/turtlebot3_example/turtlebot3_obstacle_detection/__init__.py to __init__.cpython-310.pyc
[2.564s] byte-compiling /home/khw/simulation_ws/install/turtlebot3_example/lib/python3.10/site-packages/turtlebot3_example/turtlebot3_patrol/turtlebot3_patrol_client.py to turtlebot3_patrol_client.cpython-310.pyc
[2.564s] byte-compiling /home/khw/simulation_ws/install/turtlebot3_example/lib/python3.10/site-packages/turtlebot3_example/turtlebot3_patrol/turtlebot3_patrol_server.py to turtlebot3_patrol_server.cpython-310.pyc
[2.568s] byte-compiling /home/khw/simulation_ws/install/turtlebot3_example/lib/python3.10/site-packages/turtlebot3_example/turtlebot3_patrol/__init__.py to __init__.cpython-310.pyc
[2.569s] byte-compiling /home/khw/simulation_ws/install/turtlebot3_example/lib/python3.10/site-packages/turtlebot3_example/__init__.py to __init__.cpython-310.pyc
[2.571s] running install_data
[2.572s] copying resource/turtlebot3_example -> /home/khw/simulation_ws/install/turtlebot3_example/share/ament_index/resource_index/packages
[2.573s] copying package.xml -> /home/khw/simulation_ws/install/turtlebot3_example/share/turtlebot3_example
[2.575s] running install_egg_info
[2.623s] removing '/home/khw/simulation_ws/install/turtlebot3_example/lib/python3.10/site-packages/turtlebot3_example-2.2.9-py3.10.egg-info' (and everything under it)
[2.627s] Copying ../../../build/turtlebot3_example/turtlebot3_example.egg-info to /home/khw/simulation_ws/install/turtlebot3_example/lib/python3.10/site-packages/turtlebot3_example-2.2.9-py3.10.egg-info
[2.634s] running install_scripts
[2.884s] Installing turtlebot3_absolute_move script to /home/khw/simulation_ws/install/turtlebot3_example/lib/turtlebot3_example
[2.885s] Installing turtlebot3_interactive_marker script to /home/khw/simulation_ws/install/turtlebot3_example/lib/turtlebot3_example
[2.885s] Installing turtlebot3_obstacle_detection script to /home/khw/simulation_ws/install/turtlebot3_example/lib/turtlebot3_example
[2.885s] Installing turtlebot3_patrol_client script to /home/khw/simulation_ws/install/turtlebot3_example/lib/turtlebot3_example
[2.886s] Installing turtlebot3_patrol_server script to /home/khw/simulation_ws/install/turtlebot3_example/lib/turtlebot3_example
[2.886s] Installing turtlebot3_relative_move script to /home/khw/simulation_ws/install/turtlebot3_example/lib/turtlebot3_example
[2.887s] writing list of installed files to '/home/khw/simulation_ws/build/turtlebot3_example/install.log'
[3.028s] Invoked command in '/home/khw/simulation_ws/src/turtlebot3/turtlebot3_example' returned '0': CMAKE_PREFIX_PATH=/home/khw/simulation_ws/install/turtlebot3_msgs:/home/khw/simulation_ws/install/turtlebot3:/home/khw/simulation_ws/install/turtlebot3_bringup:/home/khw/simulation_ws/install/turtlebot3_node:/home/khw/simulation_ws/install/turtlebot3_navigation2:/home/khw/simulation_ws/install/turtlebot3_description:/home/khw/simulation_ws/install/turtlebot3_cartographer:/home/khw/simulation_ws/install/dynamixel_sdk_examples:/home/khw/simulation_ws/install/dynamixel_sdk_custom_interfaces:/home/khw/simulation_ws/install/dynamixel_sdk LD_LIBRARY_PATH=/home/khw/simulation_ws/install/turtlebot3_msgs/lib:/usr/lib/x86_64-linux-gnu/gazebo-11/plugins:/opt/ros/humble/opt/rviz_ogre_vendor/lib:/opt/ros/humble/lib/x86_64-linux-gnu:/opt/ros/humble/lib:/home/khw/simulation_ws/install/dynamixel_sdk_custom_interfaces/lib:/home/khw/simulation_ws/install/dynamixel_sdk/lib:/usr/lib/x86_64-linux-gnu/gazebo-11/plugins PYTHONPATH=/home/khw/simulation_ws/build/turtlebot3_example/prefix_override:/usr/lib/python3/dist-packages/colcon_core/task/python/colcon_distutils_commands:/home/khw/simulation_ws/install/turtlebot3_example/lib/python3.10/site-packages:${PYTHONPATH} /usr/bin/python3 -W ignore:setup.py install is deprecated -W ignore:easy_install command is deprecated setup.py egg_info --egg-base ../../../build/turtlebot3_example build --build-base /home/khw/simulation_ws/build/turtlebot3_example/build install --record /home/khw/simulation_ws/build/turtlebot3_example/install.log --single-version-externally-managed install_data
