[7.080s] Invoking command in '/home/khw/simulation_ws/src/turtlebot3/turtlebot3_teleop': PYTHONPATH=/home/khw/simulation_ws/src/build/turtlebot3_teleop/prefix_override:/usr/lib/python3/dist-packages/colcon_core/task/python/colcon_distutils_commands:/home/khw/simulation_ws/src/install/turtlebot3_teleop/lib/python3.10/site-packages:${PYTHONPATH} /usr/bin/python3 -W ignore:setup.py install is deprecated -W ignore:easy_install command is deprecated setup.py egg_info --egg-base ../../build/turtlebot3_teleop build --build-base /home/khw/simulation_ws/src/build/turtlebot3_teleop/build install --record /home/khw/simulation_ws/src/build/turtlebot3_teleop/install.log --single-version-externally-managed install_data
[8.752s] running egg_info
[8.809s] writing ../../build/turtlebot3_teleop/turtlebot3_teleop.egg-info/PKG-INFO
[8.810s] writing dependency_links to ../../build/turtlebot3_teleop/turtlebot3_teleop.egg-info/dependency_links.txt
[8.811s] writing entry points to ../../build/turtlebot3_teleop/turtlebot3_teleop.egg-info/entry_points.txt
[8.812s] writing requirements to ../../build/turtlebot3_teleop/turtlebot3_teleop.egg-info/requires.txt
[8.812s] writing top-level names to ../../build/turtlebot3_teleop/turtlebot3_teleop.egg-info/top_level.txt
[8.924s] reading manifest file '../../build/turtlebot3_teleop/turtlebot3_teleop.egg-info/SOURCES.txt'
[8.928s] writing manifest file '../../build/turtlebot3_teleop/turtlebot3_teleop.egg-info/SOURCES.txt'
[8.928s] running build
[8.928s] running build_py
[8.929s] copying turtlebot3_teleop/__init__.py -> /home/khw/simulation_ws/src/build/turtlebot3_teleop/build/lib/turtlebot3_teleop
[8.929s] copying turtlebot3_teleop/script/teleop_keyboard.py -> /home/khw/simulation_ws/src/build/turtlebot3_teleop/build/lib/turtlebot3_teleop/script
[8.930s] copying turtlebot3_teleop/script/__init__.py -> /home/khw/simulation_ws/src/build/turtlebot3_teleop/build/lib/turtlebot3_teleop/script
[8.931s] running install
[8.949s] running install_lib
[9.029s] copying /home/khw/simulation_ws/src/build/turtlebot3_teleop/build/lib/turtlebot3_teleop/script/teleop_keyboard.py -> /home/khw/simulation_ws/src/install/turtlebot3_teleop/lib/python3.10/site-packages/turtlebot3_teleop/script
[9.030s] copying /home/khw/simulation_ws/src/build/turtlebot3_teleop/build/lib/turtlebot3_teleop/script/__init__.py -> /home/khw/simulation_ws/src/install/turtlebot3_teleop/lib/python3.10/site-packages/turtlebot3_teleop/script
[9.030s] copying /home/khw/simulation_ws/src/build/turtlebot3_teleop/build/lib/turtlebot3_teleop/__init__.py -> /home/khw/simulation_ws/src/install/turtlebot3_teleop/lib/python3.10/site-packages/turtlebot3_teleop
[9.033s] byte-compiling /home/khw/simulation_ws/src/install/turtlebot3_teleop/lib/python3.10/site-packages/turtlebot3_teleop/script/teleop_keyboard.py to teleop_keyboard.cpython-310.pyc
[9.039s] byte-compiling /home/khw/simulation_ws/src/install/turtlebot3_teleop/lib/python3.10/site-packages/turtlebot3_teleop/script/__init__.py to __init__.cpython-310.pyc
[9.040s] byte-compiling /home/khw/simulation_ws/src/install/turtlebot3_teleop/lib/python3.10/site-packages/turtlebot3_teleop/__init__.py to __init__.cpython-310.pyc
[9.041s] running install_data
[9.042s] copying resource/turtlebot3_teleop -> /home/khw/simulation_ws/src/install/turtlebot3_teleop/share/ament_index/resource_index/packages
[9.042s] copying package.xml -> /home/khw/simulation_ws/src/install/turtlebot3_teleop/share/turtlebot3_teleop
[9.043s] running install_egg_info
[9.135s] Copying ../../build/turtlebot3_teleop/turtlebot3_teleop.egg-info to /home/khw/simulation_ws/src/install/turtlebot3_teleop/lib/python3.10/site-packages/turtlebot3_teleop-2.2.9-py3.10.egg-info
[9.141s] running install_scripts
[9.401s] Installing teleop_keyboard script to /home/khw/simulation_ws/src/install/turtlebot3_teleop/lib/turtlebot3_teleop
[9.404s] writing list of installed files to '/home/khw/simulation_ws/src/build/turtlebot3_teleop/install.log'
[9.631s] Invoked command in '/home/khw/simulation_ws/src/turtlebot3/turtlebot3_teleop' returned '0': PYTHONPATH=/home/khw/simulation_ws/src/build/turtlebot3_teleop/prefix_override:/usr/lib/python3/dist-packages/colcon_core/task/python/colcon_distutils_commands:/home/khw/simulation_ws/src/install/turtlebot3_teleop/lib/python3.10/site-packages:${PYTHONPATH} /usr/bin/python3 -W ignore:setup.py install is deprecated -W ignore:easy_install command is deprecated setup.py egg_info --egg-base ../../build/turtlebot3_teleop build --build-base /home/khw/simulation_ws/src/build/turtlebot3_teleop/build install --record /home/khw/simulation_ws/src/build/turtlebot3_teleop/install.log --single-version-externally-managed install_data
