[1.434s] Invoking command in '/home/khw/simulation_ws/src/turtlebot3/turtlebot3_teleop': PYTHONPATH=/home/khw/simulation_ws/build/turtlebot3_teleop/prefix_override:/usr/lib/python3/dist-packages/colcon_core/task/python/colcon_distutils_commands:/home/khw/simulation_ws/install/turtlebot3_teleop/lib/python3.10/site-packages:${PYTHONPATH} /usr/bin/python3 -W ignore:setup.py install is deprecated -W ignore:easy_install command is deprecated setup.py egg_info --egg-base ../../../build/turtlebot3_teleop build --build-base /home/khw/simulation_ws/build/turtlebot3_teleop/build install --record /home/khw/simulation_ws/build/turtlebot3_teleop/install.log --single-version-externally-managed install_data
[1.725s] running egg_info
[1.736s] writing ../../../build/turtlebot3_teleop/turtlebot3_teleop.egg-info/PKG-INFO
[1.736s] writing dependency_links to ../../../build/turtlebot3_teleop/turtlebot3_teleop.egg-info/dependency_links.txt
[1.736s] writing entry points to ../../../build/turtlebot3_teleop/turtlebot3_teleop.egg-info/entry_points.txt
[1.736s] writing requirements to ../../../build/turtlebot3_teleop/turtlebot3_teleop.egg-info/requires.txt
[1.736s] writing top-level names to ../../../build/turtlebot3_teleop/turtlebot3_teleop.egg-info/top_level.txt
[1.757s] reading manifest file '../../../build/turtlebot3_teleop/turtlebot3_teleop.egg-info/SOURCES.txt'
[1.758s] writing manifest file '../../../build/turtlebot3_teleop/turtlebot3_teleop.egg-info/SOURCES.txt'
[1.758s] running build
[1.758s] running build_py
[1.758s] running install
[1.762s] running install_lib
[1.773s] running install_data
[1.773s] running install_egg_info
[1.785s] removing '/home/khw/simulation_ws/install/turtlebot3_teleop/lib/python3.10/site-packages/turtlebot3_teleop-2.2.9-py3.10.egg-info' (and everything under it)
[1.785s] Copying ../../../build/turtlebot3_teleop/turtlebot3_teleop.egg-info to /home/khw/simulation_ws/install/turtlebot3_teleop/lib/python3.10/site-packages/turtlebot3_teleop-2.2.9-py3.10.egg-info
[1.785s] running install_scripts
[1.831s] Installing teleop_keyboard script to /home/khw/simulation_ws/install/turtlebot3_teleop/lib/turtlebot3_teleop
[1.831s] writing list of installed files to '/home/khw/simulation_ws/build/turtlebot3_teleop/install.log'
[1.862s] Invoked command in '/home/khw/simulation_ws/src/turtlebot3/turtlebot3_teleop' returned '0': PYTHONPATH=/home/khw/simulation_ws/build/turtlebot3_teleop/prefix_override:/usr/lib/python3/dist-packages/colcon_core/task/python/colcon_distutils_commands:/home/khw/simulation_ws/install/turtlebot3_teleop/lib/python3.10/site-packages:${PYTHONPATH} /usr/bin/python3 -W ignore:setup.py install is deprecated -W ignore:easy_install command is deprecated setup.py egg_info --egg-base ../../../build/turtlebot3_teleop build --build-base /home/khw/simulation_ws/build/turtlebot3_teleop/build install --record /home/khw/simulation_ws/build/turtlebot3_teleop/install.log --single-version-externally-managed install_data
