[0.029s] Invoking command in '/home/khw/simulation_ws/build/turtlebot3_bringup': CMAKE_PREFIX_PATH=/home/khw/simulation_ws/install/turtlebot3_node:/home/khw/simulation_ws/install/turtlebot3_msgs:/home/khw/simulation_ws/install/turtlebot3_description:/home/khw/simulation_ws/install/dynamixel_sdk:/home/khw/simulation_ws/install/turtlebot3:/home/khw/simulation_ws/install/turtlebot3_bringup:/home/khw/simulation_ws/install/turtlebot3_navigation2:/home/khw/simulation_ws/install/turtlebot3_cartographer:/home/khw/simulation_ws/install/dynamixel_sdk_examples:/home/khw/simulation_ws/install/dynamixel_sdk_custom_interfaces:/opt/ros/humble:/home/khw/simulation_ws/install/turtlebot3_teleop:/home/khw/simulation_ws/install/turtlebot3_example:/home/khw/simulation_ws/install/odom_tools LD_LIBRARY_PATH=/home/khw/simulation_ws/install/turtlebot3_msgs/lib:/home/khw/simulation_ws/install/dynamixel_sdk/lib:/usr/lib/x86_64-linux-gnu/gazebo-11/plugins:/opt/ros/humble/opt/rviz_ogre_vendor/lib:/opt/ros/humble/lib/x86_64-linux-gnu:/opt/ros/humble/lib:/home/khw/simulation_ws/install/dynamixel_sdk_custom_interfaces/lib:/usr/lib/x86_64-linux-gnu/gazebo-11/plugins:/usr/lib/x86_64-linux-gnu/gazebo-11/plugins:/usr/lib/x86_64-linux-gnu/gazebo-11/plugins /usr/bin/cmake --build /home/khw/simulation_ws/build/turtlebot3_bringup -- -j12 -l12
[0.112s] -- Found ament_cmake: 1.3.11 (/opt/ros/humble/share/ament_cmake/cmake)
[0.407s] -- Override CMake install command with custom implementation using symlinks instead of copying resources
[0.549s] -- Configuring done
[0.555s] -- Generating done
[0.559s] -- Build files have been written to: /home/khw/simulation_ws/build/turtlebot3_bringup
[0.609s] Invoked command in '/home/khw/simulation_ws/build/turtlebot3_bringup' returned '0': CMAKE_PREFIX_PATH=/home/khw/simulation_ws/install/turtlebot3_node:/home/khw/simulation_ws/install/turtlebot3_msgs:/home/khw/simulation_ws/install/turtlebot3_description:/home/khw/simulation_ws/install/dynamixel_sdk:/home/khw/simulation_ws/install/turtlebot3:/home/khw/simulation_ws/install/turtlebot3_bringup:/home/khw/simulation_ws/install/turtlebot3_navigation2:/home/khw/simulation_ws/install/turtlebot3_cartographer:/home/khw/simulation_ws/install/dynamixel_sdk_examples:/home/khw/simulation_ws/install/dynamixel_sdk_custom_interfaces:/opt/ros/humble:/home/khw/simulation_ws/install/turtlebot3_teleop:/home/khw/simulation_ws/install/turtlebot3_example:/home/khw/simulation_ws/install/odom_tools LD_LIBRARY_PATH=/home/khw/simulation_ws/install/turtlebot3_msgs/lib:/home/khw/simulation_ws/install/dynamixel_sdk/lib:/usr/lib/x86_64-linux-gnu/gazebo-11/plugins:/opt/ros/humble/opt/rviz_ogre_vendor/lib:/opt/ros/humble/lib/x86_64-linux-gnu:/opt/ros/humble/lib:/home/khw/simulation_ws/install/dynamixel_sdk_custom_interfaces/lib:/usr/lib/x86_64-linux-gnu/gazebo-11/plugins:/usr/lib/x86_64-linux-gnu/gazebo-11/plugins:/usr/lib/x86_64-linux-gnu/gazebo-11/plugins /usr/bin/cmake --build /home/khw/simulation_ws/build/turtlebot3_bringup -- -j12 -l12
[0.612s] Invoking command in '/home/khw/simulation_ws/build/turtlebot3_bringup': CMAKE_PREFIX_PATH=/home/khw/simulation_ws/install/turtlebot3_node:/home/khw/simulation_ws/install/turtlebot3_msgs:/home/khw/simulation_ws/install/turtlebot3_description:/home/khw/simulation_ws/install/dynamixel_sdk:/home/khw/simulation_ws/install/turtlebot3:/home/khw/simulation_ws/install/turtlebot3_bringup:/home/khw/simulation_ws/install/turtlebot3_navigation2:/home/khw/simulation_ws/install/turtlebot3_cartographer:/home/khw/simulation_ws/install/dynamixel_sdk_examples:/home/khw/simulation_ws/install/dynamixel_sdk_custom_interfaces:/opt/ros/humble:/home/khw/simulation_ws/install/turtlebot3_teleop:/home/khw/simulation_ws/install/turtlebot3_example:/home/khw/simulation_ws/install/odom_tools LD_LIBRARY_PATH=/home/khw/simulation_ws/install/turtlebot3_msgs/lib:/home/khw/simulation_ws/install/dynamixel_sdk/lib:/usr/lib/x86_64-linux-gnu/gazebo-11/plugins:/opt/ros/humble/opt/rviz_ogre_vendor/lib:/opt/ros/humble/lib/x86_64-linux-gnu:/opt/ros/humble/lib:/home/khw/simulation_ws/install/dynamixel_sdk_custom_interfaces/lib:/usr/lib/x86_64-linux-gnu/gazebo-11/plugins:/usr/lib/x86_64-linux-gnu/gazebo-11/plugins:/usr/lib/x86_64-linux-gnu/gazebo-11/plugins /usr/bin/cmake --install /home/khw/simulation_ws/build/turtlebot3_bringup
[0.631s] -- Install configuration: ""
[0.632s] -- Execute custom install script
[0.632s] -- Up-to-date symlink: /home/khw/simulation_ws/install/turtlebot3_bringup/share/turtlebot3_bringup/launch/robot.launch.py
[0.633s] -- Up-to-date symlink: /home/khw/simulation_ws/install/turtlebot3_bringup/share/turtlebot3_bringup/launch/rviz2.launch.py
[0.634s] -- Up-to-date symlink: /home/khw/simulation_ws/install/turtlebot3_bringup/share/turtlebot3_bringup/launch/turtlebot3_state_publisher.launch.py
[0.634s] -- Up-to-date symlink: /home/khw/simulation_ws/install/turtlebot3_bringup/share/turtlebot3_bringup/param/burger.yaml
[0.635s] -- Up-to-date symlink: /home/khw/simulation_ws/install/turtlebot3_bringup/share/turtlebot3_bringup/param/humble/burger.yaml
[0.635s] -- Up-to-date symlink: /home/khw/simulation_ws/install/turtlebot3_bringup/share/turtlebot3_bringup/param/humble/waffle.yaml
[0.635s] -- Up-to-date symlink: /home/khw/simulation_ws/install/turtlebot3_bringup/share/turtlebot3_bringup/param/humble/waffle_pi.yaml
[0.635s] -- Up-to-date symlink: /home/khw/simulation_ws/install/turtlebot3_bringup/share/turtlebot3_bringup/param/waffle.yaml
[0.636s] -- Up-to-date symlink: /home/khw/simulation_ws/install/turtlebot3_bringup/share/turtlebot3_bringup/param/waffle_pi.yaml
[0.636s] -- Up-to-date symlink: /home/khw/simulation_ws/install/turtlebot3_bringup/share/turtlebot3_bringup/script/99-turtlebot3-cdc.rules
[0.636s] -- Up-to-date symlink: /home/khw/simulation_ws/install/turtlebot3_bringup/share/turtlebot3_bringup/script/create_udev_rules
[0.637s] -- Up-to-date symlink: /home/khw/simulation_ws/install/turtlebot3_bringup/share/ament_index/resource_index/package_run_dependencies/turtlebot3_bringup
[0.637s] -- Up-to-date symlink: /home/khw/simulation_ws/install/turtlebot3_bringup/share/ament_index/resource_index/parent_prefix_path/turtlebot3_bringup
[0.637s] -- Up-to-date symlink: /home/khw/simulation_ws/install/turtlebot3_bringup/share/turtlebot3_bringup/environment/ament_prefix_path.sh
[0.637s] -- Up-to-date symlink: /home/khw/simulation_ws/install/turtlebot3_bringup/share/turtlebot3_bringup/environment/ament_prefix_path.dsv
[0.637s] -- Up-to-date symlink: /home/khw/simulation_ws/install/turtlebot3_bringup/share/turtlebot3_bringup/environment/path.sh
[0.638s] -- Up-to-date symlink: /home/khw/simulation_ws/install/turtlebot3_bringup/share/turtlebot3_bringup/environment/path.dsv
[0.638s] -- Up-to-date symlink: /home/khw/simulation_ws/install/turtlebot3_bringup/share/turtlebot3_bringup/local_setup.bash
[0.638s] -- Up-to-date symlink: /home/khw/simulation_ws/install/turtlebot3_bringup/share/turtlebot3_bringup/local_setup.sh
[0.638s] -- Up-to-date symlink: /home/khw/simulation_ws/install/turtlebot3_bringup/share/turtlebot3_bringup/local_setup.zsh
[0.639s] -- Up-to-date symlink: /home/khw/simulation_ws/install/turtlebot3_bringup/share/turtlebot3_bringup/local_setup.dsv
[0.639s] -- Symlinking: /home/khw/simulation_ws/install/turtlebot3_bringup/share/turtlebot3_bringup/package.dsv
[0.659s] -- Up-to-date symlink: /home/khw/simulation_ws/install/turtlebot3_bringup/share/ament_index/resource_index/packages/turtlebot3_bringup
[0.660s] -- Up-to-date symlink: /home/khw/simulation_ws/install/turtlebot3_bringup/share/turtlebot3_bringup/cmake/turtlebot3_bringupConfig.cmake
[0.660s] -- Up-to-date symlink: /home/khw/simulation_ws/install/turtlebot3_bringup/share/turtlebot3_bringup/cmake/turtlebot3_bringupConfig-version.cmake
[0.661s] -- Up-to-date symlink: /home/khw/simulation_ws/install/turtlebot3_bringup/share/turtlebot3_bringup/package.xml
[0.666s] Invoked command in '/home/khw/simulation_ws/build/turtlebot3_bringup' returned '0': CMAKE_PREFIX_PATH=/home/khw/simulation_ws/install/turtlebot3_node:/home/khw/simulation_ws/install/turtlebot3_msgs:/home/khw/simulation_ws/install/turtlebot3_description:/home/khw/simulation_ws/install/dynamixel_sdk:/home/khw/simulation_ws/install/turtlebot3:/home/khw/simulation_ws/install/turtlebot3_bringup:/home/khw/simulation_ws/install/turtlebot3_navigation2:/home/khw/simulation_ws/install/turtlebot3_cartographer:/home/khw/simulation_ws/install/dynamixel_sdk_examples:/home/khw/simulation_ws/install/dynamixel_sdk_custom_interfaces:/opt/ros/humble:/home/khw/simulation_ws/install/turtlebot3_teleop:/home/khw/simulation_ws/install/turtlebot3_example:/home/khw/simulation_ws/install/odom_tools LD_LIBRARY_PATH=/home/khw/simulation_ws/install/turtlebot3_msgs/lib:/home/khw/simulation_ws/install/dynamixel_sdk/lib:/usr/lib/x86_64-linux-gnu/gazebo-11/plugins:/opt/ros/humble/opt/rviz_ogre_vendor/lib:/opt/ros/humble/lib/x86_64-linux-gnu:/opt/ros/humble/lib:/home/khw/simulation_ws/install/dynamixel_sdk_custom_interfaces/lib:/usr/lib/x86_64-linux-gnu/gazebo-11/plugins:/usr/lib/x86_64-linux-gnu/gazebo-11/plugins:/usr/lib/x86_64-linux-gnu/gazebo-11/plugins /usr/bin/cmake --install /home/khw/simulation_ws/build/turtlebot3_bringup
