[1.464s] Invoking command in '/home/khw/simulation_ws/src/odom_tools': PYTHONPATH=/home/khw/simulation_ws/build/odom_tools/prefix_override:/usr/lib/python3/dist-packages/colcon_core/task/python/colcon_distutils_commands:/home/khw/simulation_ws/install/odom_tools/lib/python3.10/site-packages:${PYTHONPATH} /usr/bin/python3 -W ignore:setup.py install is deprecated -W ignore:easy_install command is deprecated setup.py egg_info --egg-base ../../build/odom_tools build --build-base /home/khw/simulation_ws/build/odom_tools/build install --record /home/khw/simulation_ws/build/odom_tools/install.log --single-version-externally-managed install_data
[1.828s] running egg_info
[1.839s] writing ../../build/odom_tools/odom_tools.egg-info/PKG-INFO
[1.840s] writing dependency_links to ../../build/odom_tools/odom_tools.egg-info/dependency_links.txt
[1.840s] writing entry points to ../../build/odom_tools/odom_tools.egg-info/entry_points.txt
[1.840s] writing requirements to ../../build/odom_tools/odom_tools.egg-info/requires.txt
[1.840s] writing top-level names to ../../build/odom_tools/odom_tools.egg-info/top_level.txt
[1.863s] reading manifest file '../../build/odom_tools/odom_tools.egg-info/SOURCES.txt'
[1.864s] writing manifest file '../../build/odom_tools/odom_tools.egg-info/SOURCES.txt'
[1.864s] running build
[1.864s] running build_py
[1.865s] running install
[1.869s] running install_lib
[1.880s] running install_data
[1.881s] running install_egg_info
[1.893s] removing '/home/khw/simulation_ws/install/odom_tools/lib/python3.10/site-packages/odom_tools-0.0.0-py3.10.egg-info' (and everything under it)
[1.893s] Copying ../../build/odom_tools/odom_tools.egg-info to /home/khw/simulation_ws/install/odom_tools/lib/python3.10/site-packages/odom_tools-0.0.0-py3.10.egg-info
[1.893s] running install_scripts
[1.947s] Installing kiosk script to /home/khw/simulation_ws/install/odom_tools/lib/odom_tools
[1.947s] Installing move_turtlebot script to /home/khw/simulation_ws/install/odom_tools/lib/odom_tools
[1.947s] Installing mqtt_goal_sender script to /home/khw/simulation_ws/install/odom_tools/lib/odom_tools
[1.947s] Installing mqtt_receiver script to /home/khw/simulation_ws/install/odom_tools/lib/odom_tools
[1.947s] Installing object_detection script to /home/khw/simulation_ws/install/odom_tools/lib/odom_tools
[1.947s] Installing odom_listener script to /home/khw/simulation_ws/install/odom_tools/lib/odom_tools
[1.947s] Installing video_publisher script to /home/khw/simulation_ws/install/odom_tools/lib/odom_tools
[1.947s] writing list of installed files to '/home/khw/simulation_ws/build/odom_tools/install.log'
[1.982s] Invoked command in '/home/khw/simulation_ws/src/odom_tools' returned '0': PYTHONPATH=/home/khw/simulation_ws/build/odom_tools/prefix_override:/usr/lib/python3/dist-packages/colcon_core/task/python/colcon_distutils_commands:/home/khw/simulation_ws/install/odom_tools/lib/python3.10/site-packages:${PYTHONPATH} /usr/bin/python3 -W ignore:setup.py install is deprecated -W ignore:easy_install command is deprecated setup.py egg_info --egg-base ../../build/odom_tools build --build-base /home/khw/simulation_ws/build/odom_tools/build install --record /home/khw/simulation_ws/build/odom_tools/install.log --single-version-externally-managed install_data
