[8.863s] Invoking command in '/home/khw/simulation_ws/src/odom_tools': PYTHONPATH=/home/khw/simulation_ws/build/odom_tools/prefix_override:/usr/lib/python3/dist-packages/colcon_core/task/python/colcon_distutils_commands:/home/khw/simulation_ws/install/odom_tools/lib/python3.10/site-packages:${PYTHONPATH} /usr/bin/python3 -W ignore:setup.py install is deprecated -W ignore:easy_install command is deprecated setup.py egg_info --egg-base ../../build/odom_tools build --build-base /home/khw/simulation_ws/build/odom_tools/build install --record /home/khw/simulation_ws/build/odom_tools/install.log --single-version-externally-managed install_data
[11.394s] running egg_info
[11.496s] writing ../../build/odom_tools/odom_tools.egg-info/PKG-INFO
[11.499s] writing dependency_links to ../../build/odom_tools/odom_tools.egg-info/dependency_links.txt
[11.506s] writing entry points to ../../build/odom_tools/odom_tools.egg-info/entry_points.txt
[11.506s] writing requirements to ../../build/odom_tools/odom_tools.egg-info/requires.txt
[11.506s] writing top-level names to ../../build/odom_tools/odom_tools.egg-info/top_level.txt
[11.703s] reading manifest file '../../build/odom_tools/odom_tools.egg-info/SOURCES.txt'
[11.710s] writing manifest file '../../build/odom_tools/odom_tools.egg-info/SOURCES.txt'
[11.711s] running build
[11.711s] running build_py
[11.712s] running install
[11.737s] running install_lib
[11.845s] running install_data
[11.850s] running install_egg_info
[11.951s] removing '/home/khw/simulation_ws/install/odom_tools/lib/python3.10/site-packages/odom_tools-0.0.0-py3.10.egg-info' (and everything under it)
[11.954s] Copying ../../build/odom_tools/odom_tools.egg-info to /home/khw/simulation_ws/install/odom_tools/lib/python3.10/site-packages/odom_tools-0.0.0-py3.10.egg-info
[11.959s] running install_scripts
[12.298s] Installing kiosk script to /home/khw/simulation_ws/install/odom_tools/lib/odom_tools
[12.298s] Installing move_turtlebot script to /home/khw/simulation_ws/install/odom_tools/lib/odom_tools
[12.299s] Installing mqtt_goal_sender script to /home/khw/simulation_ws/install/odom_tools/lib/odom_tools
[12.299s] Installing mqtt_receiver script to /home/khw/simulation_ws/install/odom_tools/lib/odom_tools
[12.299s] Installing object_detection script to /home/khw/simulation_ws/install/odom_tools/lib/odom_tools
[12.300s] Installing odom_listener script to /home/khw/simulation_ws/install/odom_tools/lib/odom_tools
[12.300s] Installing video_publisher script to /home/khw/simulation_ws/install/odom_tools/lib/odom_tools
[12.302s] writing list of installed files to '/home/khw/simulation_ws/build/odom_tools/install.log'
[12.489s] Invoked command in '/home/khw/simulation_ws/src/odom_tools' returned '0': PYTHONPATH=/home/khw/simulation_ws/build/odom_tools/prefix_override:/usr/lib/python3/dist-packages/colcon_core/task/python/colcon_distutils_commands:/home/khw/simulation_ws/install/odom_tools/lib/python3.10/site-packages:${PYTHONPATH} /usr/bin/python3 -W ignore:setup.py install is deprecated -W ignore:easy_install command is deprecated setup.py egg_info --egg-base ../../build/odom_tools build --build-base /home/khw/simulation_ws/build/odom_tools/build install --record /home/khw/simulation_ws/build/odom_tools/install.log --single-version-externally-managed install_data
