[0.144s] Invoking command in '/home/khw/simulation_ws/build/dynamixel_sdk': CMAKE_PREFIX_PATH=${CMAKE_PREFIX_PATH}:/opt/ros/humble:/home/khw/simulation_ws/install/turtlebot3_teleop:/home/khw/simulation_ws/install/turtlebot3_example:/home/khw/simulation_ws/install/odom_tools /usr/bin/cmake /home/khw/simulation_ws/src/DynamixelSDK/ros/dynamixel_sdk -DAMENT_CMAKE_SYMLINK_INSTALL=1 -DCMAKE_INSTALL_PREFIX=/home/khw/simulation_ws/install/dynamixel_sdk
[1.925s] -- The C compiler identification is GNU 11.4.0
[1.927s] -- The CXX compiler identification is GNU 11.4.0
[1.927s] -- Detecting C compiler ABI info
[1.927s] -- Detecting C compiler ABI info - done
[1.928s] -- Check for working C compiler: /usr/bin/cc - skipped
[1.928s] -- Detecting C compile features
[1.928s] -- Detecting C compile features - done
[1.928s] -- Detecting CXX compiler ABI info
[1.928s] -- Detecting CXX compiler ABI info - done
[1.929s] -- Check for working CXX compiler: /usr/bin/c++ - skipped
[1.929s] -- Detecting CXX compile features
[1.929s] -- Detecting CXX compile features - done
[1.929s] -- Found ament_cmake: 1.3.11 (/opt/ros/humble/share/ament_cmake/cmake)
[4.124s] -- Found Python3: /usr/bin/python3 (found version "3.10.12") found components: Interpreter 
[4.606s] -- Override CMake install command with custom implementation using symlinks instead of copying resources
[5.286s] -- Configuring done
[5.313s] -- Generating done
[5.323s] -- Build files have been written to: /home/khw/simulation_ws/build/dynamixel_sdk
[5.343s] Invoked command in '/home/khw/simulation_ws/build/dynamixel_sdk' returned '0': CMAKE_PREFIX_PATH=${CMAKE_PREFIX_PATH}:/opt/ros/humble:/home/khw/simulation_ws/install/turtlebot3_teleop:/home/khw/simulation_ws/install/turtlebot3_example:/home/khw/simulation_ws/install/odom_tools /usr/bin/cmake /home/khw/simulation_ws/src/DynamixelSDK/ros/dynamixel_sdk -DAMENT_CMAKE_SYMLINK_INSTALL=1 -DCMAKE_INSTALL_PREFIX=/home/khw/simulation_ws/install/dynamixel_sdk
[5.349s] Invoking command in '/home/khw/simulation_ws/build/dynamixel_sdk': CMAKE_PREFIX_PATH=${CMAKE_PREFIX_PATH}:/opt/ros/humble:/home/khw/simulation_ws/install/turtlebot3_teleop:/home/khw/simulation_ws/install/turtlebot3_example:/home/khw/simulation_ws/install/odom_tools /usr/bin/cmake --build /home/khw/simulation_ws/build/dynamixel_sdk -- -j12 -l12
[5.559s] [  7%] [32mBuilding CXX object CMakeFiles/dynamixel_sdk.dir/src/dynamixel_sdk/packet_handler.cpp.o[0m
[5.583s] [  7%] Built target ament_cmake_python_symlink_dynamixel_sdk
[5.588s] [ 15%] [32mBuilding CXX object CMakeFiles/dynamixel_sdk.dir/src/dynamixel_sdk/protocol2_packet_handler.cpp.o[0m
[5.601s] [ 23%] [32mBuilding CXX object CMakeFiles/dynamixel_sdk.dir/src/dynamixel_sdk/group_sync_read.cpp.o[0m
[5.618s] [ 30%] [32mBuilding CXX object CMakeFiles/dynamixel_sdk.dir/src/dynamixel_sdk/group_handler.cpp.o[0m
[5.619s] [ 38%] [32mBuilding CXX object CMakeFiles/dynamixel_sdk.dir/src/dynamixel_sdk/group_fast_bulk_read.cpp.o[0m
[5.621s] [ 46%] [32mBuilding CXX object CMakeFiles/dynamixel_sdk.dir/src/dynamixel_sdk/protocol1_packet_handler.cpp.o[0m
[5.636s] [ 53%] [32mBuilding CXX object CMakeFiles/dynamixel_sdk.dir/src/dynamixel_sdk/group_sync_write.cpp.o[0m
[5.637s] [ 61%] [32mBuilding CXX object CMakeFiles/dynamixel_sdk.dir/src/dynamixel_sdk/group_fast_sync_read.cpp.o[0m
[5.645s] [ 69%] [32mBuilding CXX object CMakeFiles/dynamixel_sdk.dir/src/dynamixel_sdk/group_bulk_read.cpp.o[0m
[5.648s] [ 76%] [32mBuilding CXX object CMakeFiles/dynamixel_sdk.dir/src/dynamixel_sdk/group_bulk_write.cpp.o[0m
[5.655s] [ 84%] [32mBuilding CXX object CMakeFiles/dynamixel_sdk.dir/src/dynamixel_sdk/port_handler.cpp.o[0m
[5.936s] [ 92%] [32mBuilding CXX object CMakeFiles/dynamixel_sdk.dir/src/dynamixel_sdk/port_handler_linux.cpp.o[0m
[8.583s] running egg_info
[8.590s] creating dynamixel_sdk.egg-info
[8.669s] writing dynamixel_sdk.egg-info/PKG-INFO
[8.670s] writing dependency_links to dynamixel_sdk.egg-info/dependency_links.txt
[8.671s] writing top-level names to dynamixel_sdk.egg-info/top_level.txt
[8.671s] writing manifest file 'dynamixel_sdk.egg-info/SOURCES.txt'
[8.859s] [100%] [32m[1mLinking CXX shared library libdynamixel_sdk.so[0m
[8.934s] reading manifest file 'dynamixel_sdk.egg-info/SOURCES.txt'
[8.936s] writing manifest file 'dynamixel_sdk.egg-info/SOURCES.txt'
[9.131s] [100%] Built target ament_cmake_python_build_dynamixel_sdk_egg
[9.214s] [100%] Built target dynamixel_sdk
[9.247s] Invoked command in '/home/khw/simulation_ws/build/dynamixel_sdk' returned '0': CMAKE_PREFIX_PATH=${CMAKE_PREFIX_PATH}:/opt/ros/humble:/home/khw/simulation_ws/install/turtlebot3_teleop:/home/khw/simulation_ws/install/turtlebot3_example:/home/khw/simulation_ws/install/odom_tools /usr/bin/cmake --build /home/khw/simulation_ws/build/dynamixel_sdk -- -j12 -l12
[9.251s] Invoking command in '/home/khw/simulation_ws/build/dynamixel_sdk': CMAKE_PREFIX_PATH=${CMAKE_PREFIX_PATH}:/opt/ros/humble:/home/khw/simulation_ws/install/turtlebot3_teleop:/home/khw/simulation_ws/install/turtlebot3_example:/home/khw/simulation_ws/install/odom_tools /usr/bin/cmake --install /home/khw/simulation_ws/build/dynamixel_sdk
[9.275s] -- Install configuration: ""
[9.277s] -- Execute custom install script
[9.280s] -- Symlinking: /home/khw/simulation_ws/install/dynamixel_sdk/include//dynamixel_sdk/dynamixel_sdk.h
[9.309s] -- Symlinking: /home/khw/simulation_ws/install/dynamixel_sdk/include//dynamixel_sdk/group_bulk_read.h
[9.333s] -- Symlinking: /home/khw/simulation_ws/install/dynamixel_sdk/include//dynamixel_sdk/group_bulk_write.h
[9.353s] -- Symlinking: /home/khw/simulation_ws/install/dynamixel_sdk/include//dynamixel_sdk/group_fast_bulk_read.h
[9.374s] -- Symlinking: /home/khw/simulation_ws/install/dynamixel_sdk/include//dynamixel_sdk/group_fast_sync_read.h
[9.399s] -- Symlinking: /home/khw/simulation_ws/install/dynamixel_sdk/include//dynamixel_sdk/group_handler.h
[9.434s] -- Symlinking: /home/khw/simulation_ws/install/dynamixel_sdk/include//dynamixel_sdk/group_sync_read.h
[9.463s] -- Symlinking: /home/khw/simulation_ws/install/dynamixel_sdk/include//dynamixel_sdk/group_sync_write.h
[9.486s] -- Symlinking: /home/khw/simulation_ws/install/dynamixel_sdk/include//dynamixel_sdk/packet_handler.h
[9.517s] -- Symlinking: /home/khw/simulation_ws/install/dynamixel_sdk/include//dynamixel_sdk/port_handler.h
[9.544s] -- Symlinking: /home/khw/simulation_ws/install/dynamixel_sdk/include//dynamixel_sdk/port_handler_arduino.h
[9.572s] -- Symlinking: /home/khw/simulation_ws/install/dynamixel_sdk/include//dynamixel_sdk/port_handler_linux.h
[9.604s] -- Symlinking: /home/khw/simulation_ws/install/dynamixel_sdk/include//dynamixel_sdk/port_handler_mac.h
[9.628s] -- Symlinking: /home/khw/simulation_ws/install/dynamixel_sdk/include//dynamixel_sdk/port_handler_windows.h
[9.652s] -- Symlinking: /home/khw/simulation_ws/install/dynamixel_sdk/include//dynamixel_sdk/protocol1_packet_handler.h
[9.674s] -- Symlinking: /home/khw/simulation_ws/install/dynamixel_sdk/include//dynamixel_sdk/protocol2_packet_handler.h
[9.701s] -- Symlinking: /home/khw/simulation_ws/install/dynamixel_sdk/lib/libdynamixel_sdk.so
[9.727s] -- Symlinking: /home/khw/simulation_ws/install/dynamixel_sdk/share/dynamixel_sdk/environment/pythonpath.sh
[9.749s] -- Symlinking: /home/khw/simulation_ws/install/dynamixel_sdk/share/dynamixel_sdk/environment/pythonpath.dsv
[9.773s] -- Symlinking: /home/khw/simulation_ws/install/dynamixel_sdk/local/lib/python3.10/dist-packages/dynamixel_sdk-3.8.3-py3.10.egg-info/PKG-INFO
[9.804s] -- Symlinking: /home/khw/simulation_ws/install/dynamixel_sdk/local/lib/python3.10/dist-packages/dynamixel_sdk-3.8.3-py3.10.egg-info/SOURCES.txt
[9.831s] -- Symlinking: /home/khw/simulation_ws/install/dynamixel_sdk/local/lib/python3.10/dist-packages/dynamixel_sdk-3.8.3-py3.10.egg-info/dependency_links.txt
[9.853s] -- Symlinking: /home/khw/simulation_ws/install/dynamixel_sdk/local/lib/python3.10/dist-packages/dynamixel_sdk-3.8.3-py3.10.egg-info/top_level.txt
[9.878s] -- Symlinking: /home/khw/simulation_ws/install/dynamixel_sdk/local/lib/python3.10/dist-packages/dynamixel_sdk/__init__.py
[9.903s] -- Symlinking: /home/khw/simulation_ws/install/dynamixel_sdk/local/lib/python3.10/dist-packages/dynamixel_sdk/group_bulk_read.cpp
[9.928s] -- Symlinking: /home/khw/simulation_ws/install/dynamixel_sdk/local/lib/python3.10/dist-packages/dynamixel_sdk/group_bulk_read.py
[9.953s] -- Symlinking: /home/khw/simulation_ws/install/dynamixel_sdk/local/lib/python3.10/dist-packages/dynamixel_sdk/group_bulk_write.cpp
[9.978s] -- Symlinking: /home/khw/simulation_ws/install/dynamixel_sdk/local/lib/python3.10/dist-packages/dynamixel_sdk/group_bulk_write.py
[10.003s] -- Symlinking: /home/khw/simulation_ws/install/dynamixel_sdk/local/lib/python3.10/dist-packages/dynamixel_sdk/group_fast_bulk_read.cpp
[10.034s] -- Symlinking: /home/khw/simulation_ws/install/dynamixel_sdk/local/lib/python3.10/dist-packages/dynamixel_sdk/group_fast_sync_read.cpp
[10.056s] -- Symlinking: /home/khw/simulation_ws/install/dynamixel_sdk/local/lib/python3.10/dist-packages/dynamixel_sdk/group_handler.cpp
[10.079s] -- Symlinking: /home/khw/simulation_ws/install/dynamixel_sdk/local/lib/python3.10/dist-packages/dynamixel_sdk/group_sync_read.cpp
[10.105s] -- Symlinking: /home/khw/simulation_ws/install/dynamixel_sdk/local/lib/python3.10/dist-packages/dynamixel_sdk/group_sync_read.py
[10.137s] -- Symlinking: /home/khw/simulation_ws/install/dynamixel_sdk/local/lib/python3.10/dist-packages/dynamixel_sdk/group_sync_write.cpp
[10.158s] -- Symlinking: /home/khw/simulation_ws/install/dynamixel_sdk/local/lib/python3.10/dist-packages/dynamixel_sdk/group_sync_write.py
[10.180s] -- Symlinking: /home/khw/simulation_ws/install/dynamixel_sdk/local/lib/python3.10/dist-packages/dynamixel_sdk/packet_handler.cpp
[10.210s] -- Symlinking: /home/khw/simulation_ws/install/dynamixel_sdk/local/lib/python3.10/dist-packages/dynamixel_sdk/packet_handler.py
[10.240s] -- Symlinking: /home/khw/simulation_ws/install/dynamixel_sdk/local/lib/python3.10/dist-packages/dynamixel_sdk/port_handler.cpp
[10.265s] -- Symlinking: /home/khw/simulation_ws/install/dynamixel_sdk/local/lib/python3.10/dist-packages/dynamixel_sdk/port_handler.py
[10.294s] -- Symlinking: /home/khw/simulation_ws/install/dynamixel_sdk/local/lib/python3.10/dist-packages/dynamixel_sdk/port_handler_arduino.cpp
[10.319s] -- Symlinking: /home/khw/simulation_ws/install/dynamixel_sdk/local/lib/python3.10/dist-packages/dynamixel_sdk/port_handler_linux.cpp
[10.343s] -- Symlinking: /home/khw/simulation_ws/install/dynamixel_sdk/local/lib/python3.10/dist-packages/dynamixel_sdk/port_handler_mac.cpp
[10.366s] -- Symlinking: /home/khw/simulation_ws/install/dynamixel_sdk/local/lib/python3.10/dist-packages/dynamixel_sdk/port_handler_windows.cpp
[10.392s] -- Symlinking: /home/khw/simulation_ws/install/dynamixel_sdk/local/lib/python3.10/dist-packages/dynamixel_sdk/protocol1_packet_handler.cpp
[10.422s] -- Symlinking: /home/khw/simulation_ws/install/dynamixel_sdk/local/lib/python3.10/dist-packages/dynamixel_sdk/protocol1_packet_handler.py
[10.444s] -- Symlinking: /home/khw/simulation_ws/install/dynamixel_sdk/local/lib/python3.10/dist-packages/dynamixel_sdk/protocol2_packet_handler.cpp
[10.468s] -- Symlinking: /home/khw/simulation_ws/install/dynamixel_sdk/local/lib/python3.10/dist-packages/dynamixel_sdk/protocol2_packet_handler.py
[10.495s] -- Symlinking: /home/khw/simulation_ws/install/dynamixel_sdk/local/lib/python3.10/dist-packages/dynamixel_sdk/robotis_def.py
[10.523s] -- Symlinking: /home/khw/simulation_ws/install/dynamixel_sdk/share/dynamixel_sdk/environment/library_path.sh
[10.551s] -- Symlinking: /home/khw/simulation_ws/install/dynamixel_sdk/share/dynamixel_sdk/environment/library_path.dsv
[10.572s] -- Symlinking: /home/khw/simulation_ws/install/dynamixel_sdk/share/ament_index/resource_index/package_run_dependencies/dynamixel_sdk
[10.599s] -- Symlinking: /home/khw/simulation_ws/install/dynamixel_sdk/share/ament_index/resource_index/parent_prefix_path/dynamixel_sdk
[10.627s] -- Symlinking: /home/khw/simulation_ws/install/dynamixel_sdk/share/dynamixel_sdk/environment/ament_prefix_path.sh
[10.657s] -- Symlinking: /home/khw/simulation_ws/install/dynamixel_sdk/share/dynamixel_sdk/environment/ament_prefix_path.dsv
[10.690s] -- Symlinking: /home/khw/simulation_ws/install/dynamixel_sdk/share/dynamixel_sdk/environment/path.sh
[10.723s] -- Symlinking: /home/khw/simulation_ws/install/dynamixel_sdk/share/dynamixel_sdk/environment/path.dsv
[10.754s] -- Symlinking: /home/khw/simulation_ws/install/dynamixel_sdk/share/dynamixel_sdk/local_setup.bash
[10.785s] -- Symlinking: /home/khw/simulation_ws/install/dynamixel_sdk/share/dynamixel_sdk/local_setup.sh
[10.820s] -- Symlinking: /home/khw/simulation_ws/install/dynamixel_sdk/share/dynamixel_sdk/local_setup.zsh
[10.851s] -- Symlinking: /home/khw/simulation_ws/install/dynamixel_sdk/share/dynamixel_sdk/local_setup.dsv
[10.880s] -- Symlinking: /home/khw/simulation_ws/install/dynamixel_sdk/share/dynamixel_sdk/package.dsv
[10.915s] -- Symlinking: /home/khw/simulation_ws/install/dynamixel_sdk/share/ament_index/resource_index/packages/dynamixel_sdk
[10.946s] -- Symlinking: /home/khw/simulation_ws/install/dynamixel_sdk/share/dynamixel_sdk/cmake/ament_cmake_export_include_directories-extras.cmake
[10.976s] -- Symlinking: /home/khw/simulation_ws/install/dynamixel_sdk/share/dynamixel_sdk/cmake/ament_cmake_export_libraries-extras.cmake
[11.008s] -- Symlinking: /home/khw/simulation_ws/install/dynamixel_sdk/share/dynamixel_sdk/cmake/dynamixel_sdkConfig.cmake
[11.039s] -- Symlinking: /home/khw/simulation_ws/install/dynamixel_sdk/share/dynamixel_sdk/cmake/dynamixel_sdkConfig-version.cmake
[11.068s] -- Symlinking: /home/khw/simulation_ws/install/dynamixel_sdk/share/dynamixel_sdk/package.xml
[11.292s] Listing '/home/khw/simulation_ws/install/dynamixel_sdk/local/lib/python3.10/dist-packages/dynamixel_sdk'...
[11.292s] Compiling '/home/khw/simulation_ws/install/dynamixel_sdk/local/lib/python3.10/dist-packages/dynamixel_sdk/__init__.py'...
[11.293s] Compiling '/home/khw/simulation_ws/install/dynamixel_sdk/local/lib/python3.10/dist-packages/dynamixel_sdk/group_bulk_read.py'...
[11.293s] Compiling '/home/khw/simulation_ws/install/dynamixel_sdk/local/lib/python3.10/dist-packages/dynamixel_sdk/group_bulk_write.py'...
[11.293s] Compiling '/home/khw/simulation_ws/install/dynamixel_sdk/local/lib/python3.10/dist-packages/dynamixel_sdk/group_sync_read.py'...
[11.294s] Compiling '/home/khw/simulation_ws/install/dynamixel_sdk/local/lib/python3.10/dist-packages/dynamixel_sdk/group_sync_write.py'...
[11.295s] Compiling '/home/khw/simulation_ws/install/dynamixel_sdk/local/lib/python3.10/dist-packages/dynamixel_sdk/packet_handler.py'...
[11.295s] Compiling '/home/khw/simulation_ws/install/dynamixel_sdk/local/lib/python3.10/dist-packages/dynamixel_sdk/port_handler.py'...
[11.295s] Compiling '/home/khw/simulation_ws/install/dynamixel_sdk/local/lib/python3.10/dist-packages/dynamixel_sdk/protocol1_packet_handler.py'...
[11.297s] Compiling '/home/khw/simulation_ws/install/dynamixel_sdk/local/lib/python3.10/dist-packages/dynamixel_sdk/protocol2_packet_handler.py'...
[11.298s] Compiling '/home/khw/simulation_ws/install/dynamixel_sdk/local/lib/python3.10/dist-packages/dynamixel_sdk/robotis_def.py'...
[11.318s] Invoked command in '/home/khw/simulation_ws/build/dynamixel_sdk' returned '0': CMAKE_PREFIX_PATH=${CMAKE_PREFIX_PATH}:/opt/ros/humble:/home/khw/simulation_ws/install/turtlebot3_teleop:/home/khw/simulation_ws/install/turtlebot3_example:/home/khw/simulation_ws/install/odom_tools /usr/bin/cmake --install /home/khw/simulation_ws/build/dynamixel_sdk
