[3.676s] Invoking command in '/home/khw/simulation_ws/src/odom_tools': PYTHONPATH=/home/khw/simulation_ws/src/build/odom_tools/prefix_override:/usr/lib/python3/dist-packages/colcon_core/task/python/colcon_distutils_commands:/home/khw/simulation_ws/src/install/odom_tools/lib/python3.10/site-packages:${PYTHONPATH} /usr/bin/python3 -W ignore:setup.py install is deprecated -W ignore:easy_install command is deprecated setup.py egg_info --egg-base ../build/odom_tools build --build-base /home/khw/simulation_ws/src/build/odom_tools/build install --record /home/khw/simulation_ws/src/build/odom_tools/install.log --single-version-externally-managed install_data
[4.476s] running egg_info
[4.478s] writing ../build/odom_tools/odom_tools.egg-info/PKG-INFO
[4.480s] writing dependency_links to ../build/odom_tools/odom_tools.egg-info/dependency_links.txt
[4.481s] writing entry points to ../build/odom_tools/odom_tools.egg-info/entry_points.txt
[4.482s] writing requirements to ../build/odom_tools/odom_tools.egg-info/requires.txt
[4.482s] writing top-level names to ../build/odom_tools/odom_tools.egg-info/top_level.txt
[4.483s] reading manifest file '../build/odom_tools/odom_tools.egg-info/SOURCES.txt'
[4.485s] writing manifest file '../build/odom_tools/odom_tools.egg-info/SOURCES.txt'
[4.485s] running build
[4.485s] running build_py
[4.487s] running install
[4.487s] running install_lib
[4.489s] running install_data
[4.489s] running install_egg_info
[4.493s] removing '/home/khw/simulation_ws/src/install/odom_tools/lib/python3.10/site-packages/odom_tools-0.0.0-py3.10.egg-info' (and everything under it)
[4.493s] Copying ../build/odom_tools/odom_tools.egg-info to /home/khw/simulation_ws/src/install/odom_tools/lib/python3.10/site-packages/odom_tools-0.0.0-py3.10.egg-info
[4.495s] running install_scripts
[4.532s] Installing kiosk script to /home/khw/simulation_ws/src/install/odom_tools/lib/odom_tools
[4.532s] Installing move_turtlebot script to /home/khw/simulation_ws/src/install/odom_tools/lib/odom_tools
[4.533s] Installing mqtt_goal_sender script to /home/khw/simulation_ws/src/install/odom_tools/lib/odom_tools
[4.533s] Installing mqtt_receiver script to /home/khw/simulation_ws/src/install/odom_tools/lib/odom_tools
[4.533s] Installing odom_listener script to /home/khw/simulation_ws/src/install/odom_tools/lib/odom_tools
[4.534s] writing list of installed files to '/home/khw/simulation_ws/src/build/odom_tools/install.log'
[4.591s] Invoked command in '/home/khw/simulation_ws/src/odom_tools' returned '0': PYTHONPATH=/home/khw/simulation_ws/src/build/odom_tools/prefix_override:/usr/lib/python3/dist-packages/colcon_core/task/python/colcon_distutils_commands:/home/khw/simulation_ws/src/install/odom_tools/lib/python3.10/site-packages:${PYTHONPATH} /usr/bin/python3 -W ignore:setup.py install is deprecated -W ignore:easy_install command is deprecated setup.py egg_info --egg-base ../build/odom_tools build --build-base /home/khw/simulation_ws/src/build/odom_tools/build install --record /home/khw/simulation_ws/src/build/odom_tools/install.log --single-version-externally-managed install_data
