[0.030s] Invoking command in '/home/khw/simulation_ws/build/dynamixel_sdk': CMAKE_PREFIX_PATH=${CMAKE_PREFIX_PATH}:/opt/ros/humble:/home/khw/simulation_ws/install/turtlebot3_teleop:/home/khw/simulation_ws/install/turtlebot3_example:/home/khw/simulation_ws/install/odom_tools /usr/bin/cmake --build /home/khw/simulation_ws/build/dynamixel_sdk -- -j12 -l12
[0.549s] [100%] Built target dynamixel_sdk
[0.550s] [100%] Built target ament_cmake_python_symlink_dynamixel_sdk
[0.638s] running egg_info
[0.650s] writing dynamixel_sdk.egg-info/PKG-INFO
[0.650s] writing dependency_links to dynamixel_sdk.egg-info/dependency_links.txt
[0.650s] writing top-level names to dynamixel_sdk.egg-info/top_level.txt
[0.691s] reading manifest file 'dynamixel_sdk.egg-info/SOURCES.txt'
[0.692s] writing manifest file 'dynamixel_sdk.egg-info/SOURCES.txt'
[0.730s] [100%] Built target ament_cmake_python_build_dynamixel_sdk_egg
[0.884s] Invoked command in '/home/khw/simulation_ws/build/dynamixel_sdk' returned '0': CMAKE_PREFIX_PATH=${CMAKE_PREFIX_PATH}:/opt/ros/humble:/home/khw/simulation_ws/install/turtlebot3_teleop:/home/khw/simulation_ws/install/turtlebot3_example:/home/khw/simulation_ws/install/odom_tools /usr/bin/cmake --build /home/khw/simulation_ws/build/dynamixel_sdk -- -j12 -l12
[0.886s] Invoking command in '/home/khw/simulation_ws/build/dynamixel_sdk': CMAKE_PREFIX_PATH=${CMAKE_PREFIX_PATH}:/opt/ros/humble:/home/khw/simulation_ws/install/turtlebot3_teleop:/home/khw/simulation_ws/install/turtlebot3_example:/home/khw/simulation_ws/install/odom_tools /usr/bin/cmake --install /home/khw/simulation_ws/build/dynamixel_sdk
[0.910s] -- Install configuration: ""
[0.910s] -- Execute custom install script
[0.910s] -- Up-to-date symlink: /home/khw/simulation_ws/install/dynamixel_sdk/include//dynamixel_sdk/dynamixel_sdk.h
[0.910s] -- Up-to-date symlink: /home/khw/simulation_ws/install/dynamixel_sdk/include//dynamixel_sdk/group_bulk_read.h
[0.910s] -- Up-to-date symlink: /home/khw/simulation_ws/install/dynamixel_sdk/include//dynamixel_sdk/group_bulk_write.h
[0.910s] -- Up-to-date symlink: /home/khw/simulation_ws/install/dynamixel_sdk/include//dynamixel_sdk/group_fast_bulk_read.h
[0.910s] -- Up-to-date symlink: /home/khw/simulation_ws/install/dynamixel_sdk/include//dynamixel_sdk/group_fast_sync_read.h
[0.911s] -- Up-to-date symlink: /home/khw/simulation_ws/install/dynamixel_sdk/include//dynamixel_sdk/group_handler.h
[0.912s] -- Up-to-date symlink: /home/khw/simulation_ws/install/dynamixel_sdk/include//dynamixel_sdk/group_sync_read.h
[0.912s] -- Up-to-date symlink: /home/khw/simulation_ws/install/dynamixel_sdk/include//dynamixel_sdk/group_sync_write.h
[0.912s] -- Up-to-date symlink: /home/khw/simulation_ws/install/dynamixel_sdk/include//dynamixel_sdk/packet_handler.h
[0.913s] -- Up-to-date symlink: /home/khw/simulation_ws/install/dynamixel_sdk/include//dynamixel_sdk/port_handler.h
[0.914s] -- Up-to-date symlink: /home/khw/simulation_ws/install/dynamixel_sdk/include//dynamixel_sdk/port_handler_arduino.h
[0.914s] -- Up-to-date symlink: /home/khw/simulation_ws/install/dynamixel_sdk/include//dynamixel_sdk/port_handler_linux.h
[0.916s] -- Up-to-date symlink: /home/khw/simulation_ws/install/dynamixel_sdk/include//dynamixel_sdk/port_handler_mac.h
[0.916s] -- Up-to-date symlink: /home/khw/simulation_ws/install/dynamixel_sdk/include//dynamixel_sdk/port_handler_windows.h
[0.917s] -- Up-to-date symlink: /home/khw/simulation_ws/install/dynamixel_sdk/include//dynamixel_sdk/protocol1_packet_handler.h
[0.917s] -- Up-to-date symlink: /home/khw/simulation_ws/install/dynamixel_sdk/include//dynamixel_sdk/protocol2_packet_handler.h
[0.917s] -- Up-to-date symlink: /home/khw/simulation_ws/install/dynamixel_sdk/lib/libdynamixel_sdk.so
[0.918s] -- Up-to-date symlink: /home/khw/simulation_ws/install/dynamixel_sdk/share/dynamixel_sdk/environment/pythonpath.sh
[0.919s] -- Up-to-date symlink: /home/khw/simulation_ws/install/dynamixel_sdk/share/dynamixel_sdk/environment/pythonpath.dsv
[0.919s] -- Up-to-date symlink: /home/khw/simulation_ws/install/dynamixel_sdk/local/lib/python3.10/dist-packages/dynamixel_sdk-3.8.3-py3.10.egg-info/PKG-INFO
[0.919s] -- Up-to-date symlink: /home/khw/simulation_ws/install/dynamixel_sdk/local/lib/python3.10/dist-packages/dynamixel_sdk-3.8.3-py3.10.egg-info/SOURCES.txt
[0.919s] -- Up-to-date symlink: /home/khw/simulation_ws/install/dynamixel_sdk/local/lib/python3.10/dist-packages/dynamixel_sdk-3.8.3-py3.10.egg-info/dependency_links.txt
[0.919s] -- Up-to-date symlink: /home/khw/simulation_ws/install/dynamixel_sdk/local/lib/python3.10/dist-packages/dynamixel_sdk-3.8.3-py3.10.egg-info/top_level.txt
[0.922s] -- Up-to-date symlink: /home/khw/simulation_ws/install/dynamixel_sdk/local/lib/python3.10/dist-packages/dynamixel_sdk/__init__.py
[0.923s] -- Up-to-date symlink: /home/khw/simulation_ws/install/dynamixel_sdk/local/lib/python3.10/dist-packages/dynamixel_sdk/group_bulk_read.cpp
[0.923s] -- Up-to-date symlink: /home/khw/simulation_ws/install/dynamixel_sdk/local/lib/python3.10/dist-packages/dynamixel_sdk/group_bulk_read.py
[0.923s] -- Up-to-date symlink: /home/khw/simulation_ws/install/dynamixel_sdk/local/lib/python3.10/dist-packages/dynamixel_sdk/group_bulk_write.cpp
[0.923s] -- Up-to-date symlink: /home/khw/simulation_ws/install/dynamixel_sdk/local/lib/python3.10/dist-packages/dynamixel_sdk/group_bulk_write.py
[0.924s] -- Up-to-date symlink: /home/khw/simulation_ws/install/dynamixel_sdk/local/lib/python3.10/dist-packages/dynamixel_sdk/group_fast_bulk_read.cpp
[0.925s] -- Up-to-date symlink: /home/khw/simulation_ws/install/dynamixel_sdk/local/lib/python3.10/dist-packages/dynamixel_sdk/group_fast_sync_read.cpp
[0.930s] -- Up-to-date symlink: /home/khw/simulation_ws/install/dynamixel_sdk/local/lib/python3.10/dist-packages/dynamixel_sdk/group_handler.cpp
[0.931s] -- Up-to-date symlink: /home/khw/simulation_ws/install/dynamixel_sdk/local/lib/python3.10/dist-packages/dynamixel_sdk/group_sync_read.cpp
[0.933s] -- Up-to-date symlink: /home/khw/simulation_ws/install/dynamixel_sdk/local/lib/python3.10/dist-packages/dynamixel_sdk/group_sync_read.py
[0.934s] -- Up-to-date symlink: /home/khw/simulation_ws/install/dynamixel_sdk/local/lib/python3.10/dist-packages/dynamixel_sdk/group_sync_write.cpp
[0.935s] -- Up-to-date symlink: /home/khw/simulation_ws/install/dynamixel_sdk/local/lib/python3.10/dist-packages/dynamixel_sdk/group_sync_write.py
[0.935s] -- Up-to-date symlink: /home/khw/simulation_ws/install/dynamixel_sdk/local/lib/python3.10/dist-packages/dynamixel_sdk/packet_handler.cpp
[0.935s] -- Up-to-date symlink: /home/khw/simulation_ws/install/dynamixel_sdk/local/lib/python3.10/dist-packages/dynamixel_sdk/packet_handler.py
[0.935s] -- Up-to-date symlink: /home/khw/simulation_ws/install/dynamixel_sdk/local/lib/python3.10/dist-packages/dynamixel_sdk/port_handler.cpp
[0.936s] -- Up-to-date symlink: /home/khw/simulation_ws/install/dynamixel_sdk/local/lib/python3.10/dist-packages/dynamixel_sdk/port_handler.py
[0.938s] -- Up-to-date symlink: /home/khw/simulation_ws/install/dynamixel_sdk/local/lib/python3.10/dist-packages/dynamixel_sdk/port_handler_arduino.cpp
[0.940s] -- Up-to-date symlink: /home/khw/simulation_ws/install/dynamixel_sdk/local/lib/python3.10/dist-packages/dynamixel_sdk/port_handler_linux.cpp
[0.940s] -- Up-to-date symlink: /home/khw/simulation_ws/install/dynamixel_sdk/local/lib/python3.10/dist-packages/dynamixel_sdk/port_handler_mac.cpp
[0.940s] -- Up-to-date symlink: /home/khw/simulation_ws/install/dynamixel_sdk/local/lib/python3.10/dist-packages/dynamixel_sdk/port_handler_windows.cpp
[0.940s] -- Up-to-date symlink: /home/khw/simulation_ws/install/dynamixel_sdk/local/lib/python3.10/dist-packages/dynamixel_sdk/protocol1_packet_handler.cpp
[0.940s] -- Up-to-date symlink: /home/khw/simulation_ws/install/dynamixel_sdk/local/lib/python3.10/dist-packages/dynamixel_sdk/protocol1_packet_handler.py
[0.940s] -- Up-to-date symlink: /home/khw/simulation_ws/install/dynamixel_sdk/local/lib/python3.10/dist-packages/dynamixel_sdk/protocol2_packet_handler.cpp
[0.940s] -- Up-to-date symlink: /home/khw/simulation_ws/install/dynamixel_sdk/local/lib/python3.10/dist-packages/dynamixel_sdk/protocol2_packet_handler.py
[0.940s] -- Up-to-date symlink: /home/khw/simulation_ws/install/dynamixel_sdk/local/lib/python3.10/dist-packages/dynamixel_sdk/robotis_def.py
[0.940s] -- Up-to-date symlink: /home/khw/simulation_ws/install/dynamixel_sdk/share/dynamixel_sdk/environment/library_path.sh
[0.940s] -- Up-to-date symlink: /home/khw/simulation_ws/install/dynamixel_sdk/share/dynamixel_sdk/environment/library_path.dsv
[0.941s] -- Up-to-date symlink: /home/khw/simulation_ws/install/dynamixel_sdk/share/ament_index/resource_index/package_run_dependencies/dynamixel_sdk
[0.941s] -- Up-to-date symlink: /home/khw/simulation_ws/install/dynamixel_sdk/share/ament_index/resource_index/parent_prefix_path/dynamixel_sdk
[0.942s] -- Up-to-date symlink: /home/khw/simulation_ws/install/dynamixel_sdk/share/dynamixel_sdk/environment/ament_prefix_path.sh
[0.943s] -- Up-to-date symlink: /home/khw/simulation_ws/install/dynamixel_sdk/share/dynamixel_sdk/environment/ament_prefix_path.dsv
[0.943s] -- Up-to-date symlink: /home/khw/simulation_ws/install/dynamixel_sdk/share/dynamixel_sdk/environment/path.sh
[0.943s] -- Up-to-date symlink: /home/khw/simulation_ws/install/dynamixel_sdk/share/dynamixel_sdk/environment/path.dsv
[0.943s] -- Up-to-date symlink: /home/khw/simulation_ws/install/dynamixel_sdk/share/dynamixel_sdk/local_setup.bash
[0.943s] -- Up-to-date symlink: /home/khw/simulation_ws/install/dynamixel_sdk/share/dynamixel_sdk/local_setup.sh
[0.945s] -- Up-to-date symlink: /home/khw/simulation_ws/install/dynamixel_sdk/share/dynamixel_sdk/local_setup.zsh
[0.946s] -- Up-to-date symlink: /home/khw/simulation_ws/install/dynamixel_sdk/share/dynamixel_sdk/local_setup.dsv
[0.946s] -- Symlinking: /home/khw/simulation_ws/install/dynamixel_sdk/share/dynamixel_sdk/package.dsv
[0.969s] -- Up-to-date symlink: /home/khw/simulation_ws/install/dynamixel_sdk/share/ament_index/resource_index/packages/dynamixel_sdk
[0.969s] -- Up-to-date symlink: /home/khw/simulation_ws/install/dynamixel_sdk/share/dynamixel_sdk/cmake/ament_cmake_export_include_directories-extras.cmake
[0.969s] -- Up-to-date symlink: /home/khw/simulation_ws/install/dynamixel_sdk/share/dynamixel_sdk/cmake/ament_cmake_export_libraries-extras.cmake
[0.969s] -- Up-to-date symlink: /home/khw/simulation_ws/install/dynamixel_sdk/share/dynamixel_sdk/cmake/dynamixel_sdkConfig.cmake
[0.970s] -- Up-to-date symlink: /home/khw/simulation_ws/install/dynamixel_sdk/share/dynamixel_sdk/cmake/dynamixel_sdkConfig-version.cmake
[0.970s] -- Up-to-date symlink: /home/khw/simulation_ws/install/dynamixel_sdk/share/dynamixel_sdk/package.xml
[0.976s] Listing '/home/khw/simulation_ws/install/dynamixel_sdk/local/lib/python3.10/dist-packages/dynamixel_sdk'...
[1.021s] Invoked command in '/home/khw/simulation_ws/build/dynamixel_sdk' returned '0': CMAKE_PREFIX_PATH=${CMAKE_PREFIX_PATH}:/opt/ros/humble:/home/khw/simulation_ws/install/turtlebot3_teleop:/home/khw/simulation_ws/install/turtlebot3_example:/home/khw/simulation_ws/install/odom_tools /usr/bin/cmake --install /home/khw/simulation_ws/build/dynamixel_sdk
