[7.810s] Invoking command in '/home/khw/simulation_ws/src/odom_tools': PYTHONPATH=/home/khw/simulation_ws/build/odom_tools/prefix_override:/usr/lib/python3/dist-packages/colcon_core/task/python/colcon_distutils_commands:/home/khw/simulation_ws/install/odom_tools/lib/python3.10/site-packages:${PYTHONPATH} /usr/bin/python3 -W ignore:setup.py install is deprecated -W ignore:easy_install command is deprecated setup.py egg_info --egg-base ../../build/odom_tools build --build-base /home/khw/simulation_ws/build/odom_tools/build install --record /home/khw/simulation_ws/build/odom_tools/install.log --single-version-externally-managed install_data
[10.044s] running egg_info
[10.154s] writing ../../build/odom_tools/odom_tools.egg-info/PKG-INFO
[10.155s] writing dependency_links to ../../build/odom_tools/odom_tools.egg-info/dependency_links.txt
[10.158s] writing entry points to ../../build/odom_tools/odom_tools.egg-info/entry_points.txt
[10.160s] writing requirements to ../../build/odom_tools/odom_tools.egg-info/requires.txt
[10.160s] writing top-level names to ../../build/odom_tools/odom_tools.egg-info/top_level.txt
[10.328s] reading manifest file '../../build/odom_tools/odom_tools.egg-info/SOURCES.txt'
[10.334s] writing manifest file '../../build/odom_tools/odom_tools.egg-info/SOURCES.txt'
[10.334s] running build
[10.334s] running build_py
[10.335s] copying odom_tools/move_turtlebot.py -> /home/khw/simulation_ws/build/odom_tools/build/lib/odom_tools
[10.336s] running install
[10.359s] running install_lib
[10.439s] copying /home/khw/simulation_ws/build/odom_tools/build/lib/odom_tools/move_turtlebot.py -> /home/khw/simulation_ws/install/odom_tools/lib/python3.10/site-packages/odom_tools
[10.443s] byte-compiling /home/khw/simulation_ws/install/odom_tools/lib/python3.10/site-packages/odom_tools/move_turtlebot.py to move_turtlebot.cpython-310.pyc
[10.450s] running install_data
[10.450s] running install_egg_info
[10.543s] removing '/home/khw/simulation_ws/install/odom_tools/lib/python3.10/site-packages/odom_tools-0.0.0-py3.10.egg-info' (and everything under it)
[10.545s] Copying ../../build/odom_tools/odom_tools.egg-info to /home/khw/simulation_ws/install/odom_tools/lib/python3.10/site-packages/odom_tools-0.0.0-py3.10.egg-info
[10.551s] running install_scripts
[10.938s] Installing kiosk script to /home/khw/simulation_ws/install/odom_tools/lib/odom_tools
[10.939s] Installing move_turtlebot script to /home/khw/simulation_ws/install/odom_tools/lib/odom_tools
[10.940s] Installing mqtt_goal_sender script to /home/khw/simulation_ws/install/odom_tools/lib/odom_tools
[10.940s] Installing mqtt_receiver script to /home/khw/simulation_ws/install/odom_tools/lib/odom_tools
[10.941s] Installing object_detection script to /home/khw/simulation_ws/install/odom_tools/lib/odom_tools
[10.941s] Installing odom_listener script to /home/khw/simulation_ws/install/odom_tools/lib/odom_tools
[10.941s] Installing video_publisher script to /home/khw/simulation_ws/install/odom_tools/lib/odom_tools
[10.943s] writing list of installed files to '/home/khw/simulation_ws/build/odom_tools/install.log'
[11.137s] Invoked command in '/home/khw/simulation_ws/src/odom_tools' returned '0': PYTHONPATH=/home/khw/simulation_ws/build/odom_tools/prefix_override:/usr/lib/python3/dist-packages/colcon_core/task/python/colcon_distutils_commands:/home/khw/simulation_ws/install/odom_tools/lib/python3.10/site-packages:${PYTHONPATH} /usr/bin/python3 -W ignore:setup.py install is deprecated -W ignore:easy_install command is deprecated setup.py egg_info --egg-base ../../build/odom_tools build --build-base /home/khw/simulation_ws/build/odom_tools/build install --record /home/khw/simulation_ws/build/odom_tools/install.log --single-version-externally-managed install_data
