[0.093s] Invoking command in '/home/khw/simulation_ws/build/dynamixel_sdk': CMAKE_PREFIX_PATH=${CMAKE_PREFIX_PATH}:/opt/ros/humble:/home/khw/simulation_ws/install/turtlebot3_teleop:/home/khw/simulation_ws/install/turtlebot3_example:/home/khw/simulation_ws/install/odom_tools /usr/bin/cmake --build /home/khw/simulation_ws/build/dynamixel_sdk -- -j12 -l12
[1.187s] [  0%] Built target ament_cmake_python_symlink_dynamixel_sdk
[1.189s] [100%] Built target dynamixel_sdk
[1.575s] running egg_info
[1.632s] writing dynamixel_sdk.egg-info/PKG-INFO
[1.633s] writing dependency_links to dynamixel_sdk.egg-info/dependency_links.txt
[1.634s] writing top-level names to dynamixel_sdk.egg-info/top_level.txt
[1.843s] reading manifest file 'dynamixel_sdk.egg-info/SOURCES.txt'
[1.845s] writing manifest file 'dynamixel_sdk.egg-info/SOURCES.txt'
[1.965s] [100%] Built target ament_cmake_python_build_dynamixel_sdk_egg
[2.303s] Invoked command in '/home/khw/simulation_ws/build/dynamixel_sdk' returned '0': CMAKE_PREFIX_PATH=${CMAKE_PREFIX_PATH}:/opt/ros/humble:/home/khw/simulation_ws/install/turtlebot3_teleop:/home/khw/simulation_ws/install/turtlebot3_example:/home/khw/simulation_ws/install/odom_tools /usr/bin/cmake --build /home/khw/simulation_ws/build/dynamixel_sdk -- -j12 -l12
[2.330s] Invoking command in '/home/khw/simulation_ws/build/dynamixel_sdk': CMAKE_PREFIX_PATH=${CMAKE_PREFIX_PATH}:/opt/ros/humble:/home/khw/simulation_ws/install/turtlebot3_teleop:/home/khw/simulation_ws/install/turtlebot3_example:/home/khw/simulation_ws/install/odom_tools /usr/bin/cmake --install /home/khw/simulation_ws/build/dynamixel_sdk
[2.387s] -- Install configuration: ""
[2.394s] -- Execute custom install script
[2.398s] -- Up-to-date symlink: /home/khw/simulation_ws/install/dynamixel_sdk/include//dynamixel_sdk/dynamixel_sdk.h
[2.399s] -- Up-to-date symlink: /home/khw/simulation_ws/install/dynamixel_sdk/include//dynamixel_sdk/group_bulk_read.h
[2.399s] -- Up-to-date symlink: /home/khw/simulation_ws/install/dynamixel_sdk/include//dynamixel_sdk/group_bulk_write.h
[2.399s] -- Up-to-date symlink: /home/khw/simulation_ws/install/dynamixel_sdk/include//dynamixel_sdk/group_fast_bulk_read.h
[2.400s] -- Up-to-date symlink: /home/khw/simulation_ws/install/dynamixel_sdk/include//dynamixel_sdk/group_fast_sync_read.h
[2.402s] -- Up-to-date symlink: /home/khw/simulation_ws/install/dynamixel_sdk/include//dynamixel_sdk/group_handler.h
[2.402s] -- Up-to-date symlink: /home/khw/simulation_ws/install/dynamixel_sdk/include//dynamixel_sdk/group_sync_read.h
[2.403s] -- Up-to-date symlink: /home/khw/simulation_ws/install/dynamixel_sdk/include//dynamixel_sdk/group_sync_write.h
[2.403s] -- Up-to-date symlink: /home/khw/simulation_ws/install/dynamixel_sdk/include//dynamixel_sdk/packet_handler.h
[2.413s] -- Up-to-date symlink: /home/khw/simulation_ws/install/dynamixel_sdk/include//dynamixel_sdk/port_handler.h
[2.414s] -- Up-to-date symlink: /home/khw/simulation_ws/install/dynamixel_sdk/include//dynamixel_sdk/port_handler_arduino.h
[2.414s] -- Up-to-date symlink: /home/khw/simulation_ws/install/dynamixel_sdk/include//dynamixel_sdk/port_handler_linux.h
[2.415s] -- Up-to-date symlink: /home/khw/simulation_ws/install/dynamixel_sdk/include//dynamixel_sdk/port_handler_mac.h
[2.423s] -- Up-to-date symlink: /home/khw/simulation_ws/install/dynamixel_sdk/include//dynamixel_sdk/port_handler_windows.h
[2.430s] -- Up-to-date symlink: /home/khw/simulation_ws/install/dynamixel_sdk/include//dynamixel_sdk/protocol1_packet_handler.h
[2.431s] -- Up-to-date symlink: /home/khw/simulation_ws/install/dynamixel_sdk/include//dynamixel_sdk/protocol2_packet_handler.h
[2.431s] -- Up-to-date symlink: /home/khw/simulation_ws/install/dynamixel_sdk/lib/libdynamixel_sdk.so
[2.431s] -- Up-to-date symlink: /home/khw/simulation_ws/install/dynamixel_sdk/share/dynamixel_sdk/environment/pythonpath.sh
[2.431s] -- Up-to-date symlink: /home/khw/simulation_ws/install/dynamixel_sdk/share/dynamixel_sdk/environment/pythonpath.dsv
[2.432s] -- Up-to-date symlink: /home/khw/simulation_ws/install/dynamixel_sdk/local/lib/python3.10/dist-packages/dynamixel_sdk-3.8.3-py3.10.egg-info/PKG-INFO
[2.433s] -- Up-to-date symlink: /home/khw/simulation_ws/install/dynamixel_sdk/local/lib/python3.10/dist-packages/dynamixel_sdk-3.8.3-py3.10.egg-info/SOURCES.txt
[2.437s] -- Up-to-date symlink: /home/khw/simulation_ws/install/dynamixel_sdk/local/lib/python3.10/dist-packages/dynamixel_sdk-3.8.3-py3.10.egg-info/dependency_links.txt
[2.438s] -- Up-to-date symlink: /home/khw/simulation_ws/install/dynamixel_sdk/local/lib/python3.10/dist-packages/dynamixel_sdk-3.8.3-py3.10.egg-info/top_level.txt
[2.439s] -- Up-to-date symlink: /home/khw/simulation_ws/install/dynamixel_sdk/local/lib/python3.10/dist-packages/dynamixel_sdk/__init__.py
[2.439s] -- Up-to-date symlink: /home/khw/simulation_ws/install/dynamixel_sdk/local/lib/python3.10/dist-packages/dynamixel_sdk/group_bulk_read.cpp
[2.445s] -- Up-to-date symlink: /home/khw/simulation_ws/install/dynamixel_sdk/local/lib/python3.10/dist-packages/dynamixel_sdk/group_bulk_read.py
[2.445s] -- Up-to-date symlink: /home/khw/simulation_ws/install/dynamixel_sdk/local/lib/python3.10/dist-packages/dynamixel_sdk/group_bulk_write.cpp
[2.446s] -- Up-to-date symlink: /home/khw/simulation_ws/install/dynamixel_sdk/local/lib/python3.10/dist-packages/dynamixel_sdk/group_bulk_write.py
[2.446s] -- Up-to-date symlink: /home/khw/simulation_ws/install/dynamixel_sdk/local/lib/python3.10/dist-packages/dynamixel_sdk/group_fast_bulk_read.cpp
[2.447s] -- Up-to-date symlink: /home/khw/simulation_ws/install/dynamixel_sdk/local/lib/python3.10/dist-packages/dynamixel_sdk/group_fast_sync_read.cpp
[2.447s] -- Up-to-date symlink: /home/khw/simulation_ws/install/dynamixel_sdk/local/lib/python3.10/dist-packages/dynamixel_sdk/group_handler.cpp
[2.448s] -- Up-to-date symlink: /home/khw/simulation_ws/install/dynamixel_sdk/local/lib/python3.10/dist-packages/dynamixel_sdk/group_sync_read.cpp
[2.448s] -- Up-to-date symlink: /home/khw/simulation_ws/install/dynamixel_sdk/local/lib/python3.10/dist-packages/dynamixel_sdk/group_sync_read.py
[2.448s] -- Up-to-date symlink: /home/khw/simulation_ws/install/dynamixel_sdk/local/lib/python3.10/dist-packages/dynamixel_sdk/group_sync_write.cpp
[2.449s] -- Up-to-date symlink: /home/khw/simulation_ws/install/dynamixel_sdk/local/lib/python3.10/dist-packages/dynamixel_sdk/group_sync_write.py
[2.449s] -- Up-to-date symlink: /home/khw/simulation_ws/install/dynamixel_sdk/local/lib/python3.10/dist-packages/dynamixel_sdk/packet_handler.cpp
[2.449s] -- Up-to-date symlink: /home/khw/simulation_ws/install/dynamixel_sdk/local/lib/python3.10/dist-packages/dynamixel_sdk/packet_handler.py
[2.450s] -- Up-to-date symlink: /home/khw/simulation_ws/install/dynamixel_sdk/local/lib/python3.10/dist-packages/dynamixel_sdk/port_handler.cpp
[2.450s] -- Up-to-date symlink: /home/khw/simulation_ws/install/dynamixel_sdk/local/lib/python3.10/dist-packages/dynamixel_sdk/port_handler.py
[2.451s] -- Up-to-date symlink: /home/khw/simulation_ws/install/dynamixel_sdk/local/lib/python3.10/dist-packages/dynamixel_sdk/port_handler_arduino.cpp
[2.451s] -- Up-to-date symlink: /home/khw/simulation_ws/install/dynamixel_sdk/local/lib/python3.10/dist-packages/dynamixel_sdk/port_handler_linux.cpp
[2.451s] -- Up-to-date symlink: /home/khw/simulation_ws/install/dynamixel_sdk/local/lib/python3.10/dist-packages/dynamixel_sdk/port_handler_mac.cpp
[2.451s] -- Up-to-date symlink: /home/khw/simulation_ws/install/dynamixel_sdk/local/lib/python3.10/dist-packages/dynamixel_sdk/port_handler_windows.cpp
[2.452s] -- Up-to-date symlink: /home/khw/simulation_ws/install/dynamixel_sdk/local/lib/python3.10/dist-packages/dynamixel_sdk/protocol1_packet_handler.cpp
[2.452s] -- Up-to-date symlink: /home/khw/simulation_ws/install/dynamixel_sdk/local/lib/python3.10/dist-packages/dynamixel_sdk/protocol1_packet_handler.py
[2.452s] -- Up-to-date symlink: /home/khw/simulation_ws/install/dynamixel_sdk/local/lib/python3.10/dist-packages/dynamixel_sdk/protocol2_packet_handler.cpp
[2.453s] -- Up-to-date symlink: /home/khw/simulation_ws/install/dynamixel_sdk/local/lib/python3.10/dist-packages/dynamixel_sdk/protocol2_packet_handler.py
[2.453s] -- Up-to-date symlink: /home/khw/simulation_ws/install/dynamixel_sdk/local/lib/python3.10/dist-packages/dynamixel_sdk/robotis_def.py
[2.453s] -- Up-to-date symlink: /home/khw/simulation_ws/install/dynamixel_sdk/share/dynamixel_sdk/environment/library_path.sh
[2.453s] -- Up-to-date symlink: /home/khw/simulation_ws/install/dynamixel_sdk/share/dynamixel_sdk/environment/library_path.dsv
[2.454s] -- Up-to-date symlink: /home/khw/simulation_ws/install/dynamixel_sdk/share/ament_index/resource_index/package_run_dependencies/dynamixel_sdk
[2.454s] -- Up-to-date symlink: /home/khw/simulation_ws/install/dynamixel_sdk/share/ament_index/resource_index/parent_prefix_path/dynamixel_sdk
[2.454s] -- Up-to-date symlink: /home/khw/simulation_ws/install/dynamixel_sdk/share/dynamixel_sdk/environment/ament_prefix_path.sh
[2.482s] -- Up-to-date symlink: /home/khw/simulation_ws/install/dynamixel_sdk/share/dynamixel_sdk/environment/ament_prefix_path.dsv
[2.483s] -- Up-to-date symlink: /home/khw/simulation_ws/install/dynamixel_sdk/share/dynamixel_sdk/environment/path.sh
[2.486s] -- Up-to-date symlink: /home/khw/simulation_ws/install/dynamixel_sdk/share/dynamixel_sdk/environment/path.dsv
[2.487s] -- Up-to-date symlink: /home/khw/simulation_ws/install/dynamixel_sdk/share/dynamixel_sdk/local_setup.bash
[2.487s] -- Up-to-date symlink: /home/khw/simulation_ws/install/dynamixel_sdk/share/dynamixel_sdk/local_setup.sh
[2.487s] -- Up-to-date symlink: /home/khw/simulation_ws/install/dynamixel_sdk/share/dynamixel_sdk/local_setup.zsh
[2.487s] -- Up-to-date symlink: /home/khw/simulation_ws/install/dynamixel_sdk/share/dynamixel_sdk/local_setup.dsv
[2.488s] -- Symlinking: /home/khw/simulation_ws/install/dynamixel_sdk/share/dynamixel_sdk/package.dsv
[2.515s] -- Up-to-date symlink: /home/khw/simulation_ws/install/dynamixel_sdk/share/ament_index/resource_index/packages/dynamixel_sdk
[2.515s] -- Up-to-date symlink: /home/khw/simulation_ws/install/dynamixel_sdk/share/dynamixel_sdk/cmake/ament_cmake_export_include_directories-extras.cmake
[2.516s] -- Up-to-date symlink: /home/khw/simulation_ws/install/dynamixel_sdk/share/dynamixel_sdk/cmake/ament_cmake_export_libraries-extras.cmake
[2.517s] -- Up-to-date symlink: /home/khw/simulation_ws/install/dynamixel_sdk/share/dynamixel_sdk/cmake/dynamixel_sdkConfig.cmake
[2.518s] -- Up-to-date symlink: /home/khw/simulation_ws/install/dynamixel_sdk/share/dynamixel_sdk/cmake/dynamixel_sdkConfig-version.cmake
[2.521s] -- Up-to-date symlink: /home/khw/simulation_ws/install/dynamixel_sdk/share/dynamixel_sdk/package.xml
[2.551s] Listing '/home/khw/simulation_ws/install/dynamixel_sdk/local/lib/python3.10/dist-packages/dynamixel_sdk'...
[2.632s] Invoked command in '/home/khw/simulation_ws/build/dynamixel_sdk' returned '0': CMAKE_PREFIX_PATH=${CMAKE_PREFIX_PATH}:/opt/ros/humble:/home/khw/simulation_ws/install/turtlebot3_teleop:/home/khw/simulation_ws/install/turtlebot3_example:/home/khw/simulation_ws/install/odom_tools /usr/bin/cmake --install /home/khw/simulation_ws/build/dynamixel_sdk
