[0.122s] Invoking command in '/home/khw/simulation_ws/build/turtlebot3_msgs': CMAKE_PREFIX_PATH=${CMAKE_PREFIX_PATH}:/opt/ros/humble:/home/khw/simulation_ws/install/turtlebot3_teleop:/home/khw/simulation_ws/install/turtlebot3_example:/home/khw/simulation_ws/install/odom_tools /usr/bin/cmake --build /home/khw/simulation_ws/build/turtlebot3_msgs -- -j12 -l12
[2.459s] [  1%] Built target turtlebot3_msgs__cpp
[2.460s] [ 12%] Built target turtlebot3_msgs__rosidl_generator_c
[2.460s] [ 12%] Built target ament_cmake_python_symlink_turtlebot3_msgs
[2.460s] [ 24%] Built target turtlebot3_msgs__rosidl_typesupport_fastrtps_cpp
[2.461s] [ 35%] Built target turtlebot3_msgs__rosidl_typesupport_cpp
[2.461s] [ 46%] Built target turtlebot3_msgs__rosidl_typesupport_introspection_c
[2.461s] [ 58%] Built target turtlebot3_msgs__rosidl_typesupport_c
[2.461s] [ 69%] Built target turtlebot3_msgs__rosidl_typesupport_fastrtps_c
[2.461s] [ 81%] Built target turtlebot3_msgs__rosidl_typesupport_introspection_cpp
[2.462s] [ 81%] Built target turtlebot3_msgs
[2.462s] [ 82%] Built target turtlebot3_msgs__py
[2.462s] [ 92%] Built target turtlebot3_msgs__rosidl_generator_py
[2.463s] [ 94%] Built target turtlebot3_msgs__rosidl_typesupport_fastrtps_c__pyext
[2.463s] [ 97%] Built target turtlebot3_msgs__rosidl_typesupport_introspection_c__pyext
[2.463s] [100%] Built target turtlebot3_msgs__rosidl_typesupport_c__pyext
[2.464s] running egg_info
[2.465s] writing turtlebot3_msgs.egg-info/PKG-INFO
[2.465s] writing dependency_links to turtlebot3_msgs.egg-info/dependency_links.txt
[2.465s] writing top-level names to turtlebot3_msgs.egg-info/top_level.txt
[2.465s] reading manifest file 'turtlebot3_msgs.egg-info/SOURCES.txt'
[2.466s] writing manifest file 'turtlebot3_msgs.egg-info/SOURCES.txt'
[2.467s] [100%] Built target ament_cmake_python_build_turtlebot3_msgs_egg
[2.513s] Invoked command in '/home/khw/simulation_ws/build/turtlebot3_msgs' returned '0': CMAKE_PREFIX_PATH=${CMAKE_PREFIX_PATH}:/opt/ros/humble:/home/khw/simulation_ws/install/turtlebot3_teleop:/home/khw/simulation_ws/install/turtlebot3_example:/home/khw/simulation_ws/install/odom_tools /usr/bin/cmake --build /home/khw/simulation_ws/build/turtlebot3_msgs -- -j12 -l12
[2.520s] Invoking command in '/home/khw/simulation_ws/build/turtlebot3_msgs': CMAKE_PREFIX_PATH=${CMAKE_PREFIX_PATH}:/opt/ros/humble:/home/khw/simulation_ws/install/turtlebot3_teleop:/home/khw/simulation_ws/install/turtlebot3_example:/home/khw/simulation_ws/install/odom_tools /usr/bin/cmake --install /home/khw/simulation_ws/build/turtlebot3_msgs
[2.594s] -- Install configuration: ""
[2.595s] -- Execute custom install script
[2.595s] -- Up-to-date symlink: /home/khw/simulation_ws/install/turtlebot3_msgs/share/ament_index/resource_index/rosidl_interfaces/turtlebot3_msgs
[2.595s] -- Up-to-date symlink: /home/khw/simulation_ws/install/turtlebot3_msgs/include/turtlebot3_msgs/turtlebot3_msgs/action/detail/patrol__functions.h
[2.595s] -- Up-to-date symlink: /home/khw/simulation_ws/install/turtlebot3_msgs/include/turtlebot3_msgs/turtlebot3_msgs/action/detail/patrol__struct.h
[2.595s] -- Up-to-date symlink: /home/khw/simulation_ws/install/turtlebot3_msgs/include/turtlebot3_msgs/turtlebot3_msgs/action/detail/patrol__type_support.h
[2.595s] -- Up-to-date symlink: /home/khw/simulation_ws/install/turtlebot3_msgs/include/turtlebot3_msgs/turtlebot3_msgs/action/patrol.h
[2.595s] -- Up-to-date symlink: /home/khw/simulation_ws/install/turtlebot3_msgs/include/turtlebot3_msgs/turtlebot3_msgs/msg/detail/sensor_state__functions.h
[2.595s] -- Up-to-date symlink: /home/khw/simulation_ws/install/turtlebot3_msgs/include/turtlebot3_msgs/turtlebot3_msgs/msg/detail/sensor_state__struct.h
[2.596s] -- Up-to-date symlink: /home/khw/simulation_ws/install/turtlebot3_msgs/include/turtlebot3_msgs/turtlebot3_msgs/msg/detail/sensor_state__type_support.h
[2.596s] -- Up-to-date symlink: /home/khw/simulation_ws/install/turtlebot3_msgs/include/turtlebot3_msgs/turtlebot3_msgs/msg/detail/sound__functions.h
[2.596s] -- Up-to-date symlink: /home/khw/simulation_ws/install/turtlebot3_msgs/include/turtlebot3_msgs/turtlebot3_msgs/msg/detail/sound__struct.h
[2.596s] -- Up-to-date symlink: /home/khw/simulation_ws/install/turtlebot3_msgs/include/turtlebot3_msgs/turtlebot3_msgs/msg/detail/sound__type_support.h
[2.596s] -- Up-to-date symlink: /home/khw/simulation_ws/install/turtlebot3_msgs/include/turtlebot3_msgs/turtlebot3_msgs/msg/detail/version_info__functions.h
[2.596s] -- Up-to-date symlink: /home/khw/simulation_ws/install/turtlebot3_msgs/include/turtlebot3_msgs/turtlebot3_msgs/msg/detail/version_info__struct.h
[2.597s] -- Up-to-date symlink: /home/khw/simulation_ws/install/turtlebot3_msgs/include/turtlebot3_msgs/turtlebot3_msgs/msg/detail/version_info__type_support.h
[2.597s] -- Up-to-date symlink: /home/khw/simulation_ws/install/turtlebot3_msgs/include/turtlebot3_msgs/turtlebot3_msgs/msg/rosidl_generator_c__visibility_control.h
[2.597s] -- Up-to-date symlink: /home/khw/simulation_ws/install/turtlebot3_msgs/include/turtlebot3_msgs/turtlebot3_msgs/msg/sensor_state.h
[2.597s] -- Up-to-date symlink: /home/khw/simulation_ws/install/turtlebot3_msgs/include/turtlebot3_msgs/turtlebot3_msgs/msg/sound.h
[2.597s] -- Up-to-date symlink: /home/khw/simulation_ws/install/turtlebot3_msgs/include/turtlebot3_msgs/turtlebot3_msgs/msg/version_info.h
[2.597s] -- Up-to-date symlink: /home/khw/simulation_ws/install/turtlebot3_msgs/include/turtlebot3_msgs/turtlebot3_msgs/srv/detail/dqn__functions.h
[2.598s] -- Up-to-date symlink: /home/khw/simulation_ws/install/turtlebot3_msgs/include/turtlebot3_msgs/turtlebot3_msgs/srv/detail/dqn__struct.h
[2.598s] -- Up-to-date symlink: /home/khw/simulation_ws/install/turtlebot3_msgs/include/turtlebot3_msgs/turtlebot3_msgs/srv/detail/dqn__type_support.h
[2.598s] -- Up-to-date symlink: /home/khw/simulation_ws/install/turtlebot3_msgs/include/turtlebot3_msgs/turtlebot3_msgs/srv/detail/goal__functions.h
[2.599s] -- Up-to-date symlink: /home/khw/simulation_ws/install/turtlebot3_msgs/include/turtlebot3_msgs/turtlebot3_msgs/srv/detail/goal__struct.h
[2.599s] -- Up-to-date symlink: /home/khw/simulation_ws/install/turtlebot3_msgs/include/turtlebot3_msgs/turtlebot3_msgs/srv/detail/goal__type_support.h
[2.599s] -- Up-to-date symlink: /home/khw/simulation_ws/install/turtlebot3_msgs/include/turtlebot3_msgs/turtlebot3_msgs/srv/detail/sound__functions.h
[2.600s] -- Up-to-date symlink: /home/khw/simulation_ws/install/turtlebot3_msgs/include/turtlebot3_msgs/turtlebot3_msgs/srv/detail/sound__struct.h
[2.600s] -- Up-to-date symlink: /home/khw/simulation_ws/install/turtlebot3_msgs/include/turtlebot3_msgs/turtlebot3_msgs/srv/detail/sound__type_support.h
[2.600s] -- Up-to-date symlink: /home/khw/simulation_ws/install/turtlebot3_msgs/include/turtlebot3_msgs/turtlebot3_msgs/srv/dqn.h
[2.600s] -- Up-to-date symlink: /home/khw/simulation_ws/install/turtlebot3_msgs/include/turtlebot3_msgs/turtlebot3_msgs/srv/goal.h
[2.600s] -- Up-to-date symlink: /home/khw/simulation_ws/install/turtlebot3_msgs/include/turtlebot3_msgs/turtlebot3_msgs/srv/sound.h
[2.601s] -- Up-to-date symlink: /home/khw/simulation_ws/install/turtlebot3_msgs/share/turtlebot3_msgs/environment/library_path.sh
[2.602s] -- Up-to-date symlink: /home/khw/simulation_ws/install/turtlebot3_msgs/share/turtlebot3_msgs/environment/library_path.dsv
[2.617s] -- Up-to-date symlink: /home/khw/simulation_ws/install/turtlebot3_msgs/include/turtlebot3_msgs/turtlebot3_msgs/action/detail/patrol__rosidl_typesupport_fastrtps_c.h
[2.617s] -- Up-to-date symlink: /home/khw/simulation_ws/install/turtlebot3_msgs/include/turtlebot3_msgs/turtlebot3_msgs/msg/detail/sensor_state__rosidl_typesupport_fastrtps_c.h
[2.617s] -- Up-to-date symlink: /home/khw/simulation_ws/install/turtlebot3_msgs/include/turtlebot3_msgs/turtlebot3_msgs/msg/detail/sound__rosidl_typesupport_fastrtps_c.h
[2.620s] -- Up-to-date symlink: /home/khw/simulation_ws/install/turtlebot3_msgs/include/turtlebot3_msgs/turtlebot3_msgs/msg/detail/version_info__rosidl_typesupport_fastrtps_c.h
[2.620s] -- Up-to-date symlink: /home/khw/simulation_ws/install/turtlebot3_msgs/include/turtlebot3_msgs/turtlebot3_msgs/msg/rosidl_typesupport_fastrtps_c__visibility_control.h
[2.621s] -- Up-to-date symlink: /home/khw/simulation_ws/install/turtlebot3_msgs/include/turtlebot3_msgs/turtlebot3_msgs/srv/detail/dqn__rosidl_typesupport_fastrtps_c.h
[2.621s] -- Up-to-date symlink: /home/khw/simulation_ws/install/turtlebot3_msgs/include/turtlebot3_msgs/turtlebot3_msgs/srv/detail/goal__rosidl_typesupport_fastrtps_c.h
[2.622s] -- Up-to-date symlink: /home/khw/simulation_ws/install/turtlebot3_msgs/include/turtlebot3_msgs/turtlebot3_msgs/srv/detail/sound__rosidl_typesupport_fastrtps_c.h
[2.624s] -- Up-to-date symlink: /home/khw/simulation_ws/install/turtlebot3_msgs/include/turtlebot3_msgs/turtlebot3_msgs/action/detail/patrol__builder.hpp
[2.624s] -- Up-to-date symlink: /home/khw/simulation_ws/install/turtlebot3_msgs/include/turtlebot3_msgs/turtlebot3_msgs/action/detail/patrol__struct.hpp
[2.625s] -- Up-to-date symlink: /home/khw/simulation_ws/install/turtlebot3_msgs/include/turtlebot3_msgs/turtlebot3_msgs/action/detail/patrol__traits.hpp
[2.627s] -- Up-to-date symlink: /home/khw/simulation_ws/install/turtlebot3_msgs/include/turtlebot3_msgs/turtlebot3_msgs/action/detail/patrol__type_support.hpp
[2.627s] -- Up-to-date symlink: /home/khw/simulation_ws/install/turtlebot3_msgs/include/turtlebot3_msgs/turtlebot3_msgs/action/patrol.hpp
[2.627s] -- Up-to-date symlink: /home/khw/simulation_ws/install/turtlebot3_msgs/include/turtlebot3_msgs/turtlebot3_msgs/msg/detail/sensor_state__builder.hpp
[2.628s] -- Up-to-date symlink: /home/khw/simulation_ws/install/turtlebot3_msgs/include/turtlebot3_msgs/turtlebot3_msgs/msg/detail/sensor_state__struct.hpp
[2.629s] -- Up-to-date symlink: /home/khw/simulation_ws/install/turtlebot3_msgs/include/turtlebot3_msgs/turtlebot3_msgs/msg/detail/sensor_state__traits.hpp
[2.629s] -- Up-to-date symlink: /home/khw/simulation_ws/install/turtlebot3_msgs/include/turtlebot3_msgs/turtlebot3_msgs/msg/detail/sensor_state__type_support.hpp
[2.633s] -- Up-to-date symlink: /home/khw/simulation_ws/install/turtlebot3_msgs/include/turtlebot3_msgs/turtlebot3_msgs/msg/detail/sound__builder.hpp
[2.634s] -- Up-to-date symlink: /home/khw/simulation_ws/install/turtlebot3_msgs/include/turtlebot3_msgs/turtlebot3_msgs/msg/detail/sound__struct.hpp
[2.634s] -- Up-to-date symlink: /home/khw/simulation_ws/install/turtlebot3_msgs/include/turtlebot3_msgs/turtlebot3_msgs/msg/detail/sound__traits.hpp
[2.634s] -- Up-to-date symlink: /home/khw/simulation_ws/install/turtlebot3_msgs/include/turtlebot3_msgs/turtlebot3_msgs/msg/detail/sound__type_support.hpp
[2.634s] -- Up-to-date symlink: /home/khw/simulation_ws/install/turtlebot3_msgs/include/turtlebot3_msgs/turtlebot3_msgs/msg/detail/version_info__builder.hpp
[2.634s] -- Up-to-date symlink: /home/khw/simulation_ws/install/turtlebot3_msgs/include/turtlebot3_msgs/turtlebot3_msgs/msg/detail/version_info__struct.hpp
[2.634s] -- Up-to-date symlink: /home/khw/simulation_ws/install/turtlebot3_msgs/include/turtlebot3_msgs/turtlebot3_msgs/msg/detail/version_info__traits.hpp
[2.635s] -- Up-to-date symlink: /home/khw/simulation_ws/install/turtlebot3_msgs/include/turtlebot3_msgs/turtlebot3_msgs/msg/detail/version_info__type_support.hpp
[2.635s] -- Up-to-date symlink: /home/khw/simulation_ws/install/turtlebot3_msgs/include/turtlebot3_msgs/turtlebot3_msgs/msg/rosidl_generator_cpp__visibility_control.hpp
[2.635s] -- Up-to-date symlink: /home/khw/simulation_ws/install/turtlebot3_msgs/include/turtlebot3_msgs/turtlebot3_msgs/msg/sensor_state.hpp
[2.635s] -- Up-to-date symlink: /home/khw/simulation_ws/install/turtlebot3_msgs/include/turtlebot3_msgs/turtlebot3_msgs/msg/sound.hpp
[2.635s] -- Up-to-date symlink: /home/khw/simulation_ws/install/turtlebot3_msgs/include/turtlebot3_msgs/turtlebot3_msgs/msg/version_info.hpp
[2.635s] -- Up-to-date symlink: /home/khw/simulation_ws/install/turtlebot3_msgs/include/turtlebot3_msgs/turtlebot3_msgs/srv/detail/dqn__builder.hpp
[2.636s] -- Up-to-date symlink: /home/khw/simulation_ws/install/turtlebot3_msgs/include/turtlebot3_msgs/turtlebot3_msgs/srv/detail/dqn__struct.hpp
[2.636s] -- Up-to-date symlink: /home/khw/simulation_ws/install/turtlebot3_msgs/include/turtlebot3_msgs/turtlebot3_msgs/srv/detail/dqn__traits.hpp
[2.636s] -- Up-to-date symlink: /home/khw/simulation_ws/install/turtlebot3_msgs/include/turtlebot3_msgs/turtlebot3_msgs/srv/detail/dqn__type_support.hpp
[2.636s] -- Up-to-date symlink: /home/khw/simulation_ws/install/turtlebot3_msgs/include/turtlebot3_msgs/turtlebot3_msgs/srv/detail/goal__builder.hpp
[2.642s] -- Up-to-date symlink: /home/khw/simulation_ws/install/turtlebot3_msgs/include/turtlebot3_msgs/turtlebot3_msgs/srv/detail/goal__struct.hpp
[2.644s] -- Up-to-date symlink: /home/khw/simulation_ws/install/turtlebot3_msgs/include/turtlebot3_msgs/turtlebot3_msgs/srv/detail/goal__traits.hpp
[2.646s] -- Up-to-date symlink: /home/khw/simulation_ws/install/turtlebot3_msgs/include/turtlebot3_msgs/turtlebot3_msgs/srv/detail/goal__type_support.hpp
[2.647s] -- Up-to-date symlink: /home/khw/simulation_ws/install/turtlebot3_msgs/include/turtlebot3_msgs/turtlebot3_msgs/srv/detail/sound__builder.hpp
[2.651s] -- Up-to-date symlink: /home/khw/simulation_ws/install/turtlebot3_msgs/include/turtlebot3_msgs/turtlebot3_msgs/srv/detail/sound__struct.hpp
[2.655s] -- Up-to-date symlink: /home/khw/simulation_ws/install/turtlebot3_msgs/include/turtlebot3_msgs/turtlebot3_msgs/srv/detail/sound__traits.hpp
[2.655s] -- Up-to-date symlink: /home/khw/simulation_ws/install/turtlebot3_msgs/include/turtlebot3_msgs/turtlebot3_msgs/srv/detail/sound__type_support.hpp
[2.656s] -- Up-to-date symlink: /home/khw/simulation_ws/install/turtlebot3_msgs/include/turtlebot3_msgs/turtlebot3_msgs/srv/dqn.hpp
[2.656s] -- Up-to-date symlink: /home/khw/simulation_ws/install/turtlebot3_msgs/include/turtlebot3_msgs/turtlebot3_msgs/srv/goal.hpp
[2.656s] -- Up-to-date symlink: /home/khw/simulation_ws/install/turtlebot3_msgs/include/turtlebot3_msgs/turtlebot3_msgs/srv/sound.hpp
[2.672s] -- Up-to-date symlink: /home/khw/simulation_ws/install/turtlebot3_msgs/include/turtlebot3_msgs/turtlebot3_msgs/action/detail/patrol__rosidl_typesupport_fastrtps_cpp.hpp
[2.677s] -- Up-to-date symlink: /home/khw/simulation_ws/install/turtlebot3_msgs/include/turtlebot3_msgs/turtlebot3_msgs/msg/detail/sensor_state__rosidl_typesupport_fastrtps_cpp.hpp
[2.678s] -- Up-to-date symlink: /home/khw/simulation_ws/install/turtlebot3_msgs/include/turtlebot3_msgs/turtlebot3_msgs/msg/detail/sound__rosidl_typesupport_fastrtps_cpp.hpp
[2.678s] -- Up-to-date symlink: /home/khw/simulation_ws/install/turtlebot3_msgs/include/turtlebot3_msgs/turtlebot3_msgs/msg/detail/version_info__rosidl_typesupport_fastrtps_cpp.hpp
[2.678s] -- Up-to-date symlink: /home/khw/simulation_ws/install/turtlebot3_msgs/include/turtlebot3_msgs/turtlebot3_msgs/msg/rosidl_typesupport_fastrtps_cpp__visibility_control.h
[2.679s] -- Up-to-date symlink: /home/khw/simulation_ws/install/turtlebot3_msgs/include/turtlebot3_msgs/turtlebot3_msgs/srv/detail/dqn__rosidl_typesupport_fastrtps_cpp.hpp
[2.679s] -- Up-to-date symlink: /home/khw/simulation_ws/install/turtlebot3_msgs/include/turtlebot3_msgs/turtlebot3_msgs/srv/detail/goal__rosidl_typesupport_fastrtps_cpp.hpp
[2.679s] -- Up-to-date symlink: /home/khw/simulation_ws/install/turtlebot3_msgs/include/turtlebot3_msgs/turtlebot3_msgs/srv/detail/sound__rosidl_typesupport_fastrtps_cpp.hpp
[2.680s] -- Up-to-date symlink: /home/khw/simulation_ws/install/turtlebot3_msgs/include/turtlebot3_msgs/turtlebot3_msgs/action/detail/patrol__rosidl_typesupport_introspection_c.h
[2.680s] -- Up-to-date symlink: /home/khw/simulation_ws/install/turtlebot3_msgs/include/turtlebot3_msgs/turtlebot3_msgs/msg/detail/sensor_state__rosidl_typesupport_introspection_c.h
[2.681s] -- Up-to-date symlink: /home/khw/simulation_ws/install/turtlebot3_msgs/include/turtlebot3_msgs/turtlebot3_msgs/msg/detail/sound__rosidl_typesupport_introspection_c.h
[2.681s] -- Up-to-date symlink: /home/khw/simulation_ws/install/turtlebot3_msgs/include/turtlebot3_msgs/turtlebot3_msgs/msg/detail/version_info__rosidl_typesupport_introspection_c.h
[2.681s] -- Up-to-date symlink: /home/khw/simulation_ws/install/turtlebot3_msgs/include/turtlebot3_msgs/turtlebot3_msgs/msg/rosidl_typesupport_introspection_c__visibility_control.h
[2.682s] -- Up-to-date symlink: /home/khw/simulation_ws/install/turtlebot3_msgs/include/turtlebot3_msgs/turtlebot3_msgs/srv/detail/dqn__rosidl_typesupport_introspection_c.h
[2.682s] -- Up-to-date symlink: /home/khw/simulation_ws/install/turtlebot3_msgs/include/turtlebot3_msgs/turtlebot3_msgs/srv/detail/goal__rosidl_typesupport_introspection_c.h
[2.682s] -- Up-to-date symlink: /home/khw/simulation_ws/install/turtlebot3_msgs/include/turtlebot3_msgs/turtlebot3_msgs/srv/detail/sound__rosidl_typesupport_introspection_c.h
[2.682s] -- Up-to-date symlink: /home/khw/simulation_ws/install/turtlebot3_msgs/include/turtlebot3_msgs/turtlebot3_msgs/action/detail/patrol__rosidl_typesupport_introspection_cpp.hpp
[2.683s] -- Up-to-date symlink: /home/khw/simulation_ws/install/turtlebot3_msgs/include/turtlebot3_msgs/turtlebot3_msgs/msg/detail/sensor_state__rosidl_typesupport_introspection_cpp.hpp
[2.683s] -- Up-to-date symlink: /home/khw/simulation_ws/install/turtlebot3_msgs/include/turtlebot3_msgs/turtlebot3_msgs/msg/detail/sound__rosidl_typesupport_introspection_cpp.hpp
[2.683s] -- Up-to-date symlink: /home/khw/simulation_ws/install/turtlebot3_msgs/include/turtlebot3_msgs/turtlebot3_msgs/msg/detail/version_info__rosidl_typesupport_introspection_cpp.hpp
[2.684s] -- Up-to-date symlink: /home/khw/simulation_ws/install/turtlebot3_msgs/include/turtlebot3_msgs/turtlebot3_msgs/srv/detail/dqn__rosidl_typesupport_introspection_cpp.hpp
[2.684s] -- Up-to-date symlink: /home/khw/simulation_ws/install/turtlebot3_msgs/include/turtlebot3_msgs/turtlebot3_msgs/srv/detail/goal__rosidl_typesupport_introspection_cpp.hpp
[2.685s] -- Up-to-date symlink: /home/khw/simulation_ws/install/turtlebot3_msgs/include/turtlebot3_msgs/turtlebot3_msgs/srv/detail/sound__rosidl_typesupport_introspection_cpp.hpp
[2.685s] -- Up-to-date symlink: /home/khw/simulation_ws/install/turtlebot3_msgs/share/turtlebot3_msgs/environment/pythonpath.sh
[2.685s] -- Up-to-date symlink: /home/khw/simulation_ws/install/turtlebot3_msgs/share/turtlebot3_msgs/environment/pythonpath.dsv
[2.686s] -- Up-to-date symlink: /home/khw/simulation_ws/install/turtlebot3_msgs/local/lib/python3.10/dist-packages/turtlebot3_msgs-2.4.0-py3.10.egg-info/PKG-INFO
[2.686s] -- Up-to-date symlink: /home/khw/simulation_ws/install/turtlebot3_msgs/local/lib/python3.10/dist-packages/turtlebot3_msgs-2.4.0-py3.10.egg-info/SOURCES.txt
[2.686s] -- Up-to-date symlink: /home/khw/simulation_ws/install/turtlebot3_msgs/local/lib/python3.10/dist-packages/turtlebot3_msgs-2.4.0-py3.10.egg-info/dependency_links.txt
[2.689s] -- Up-to-date symlink: /home/khw/simulation_ws/install/turtlebot3_msgs/local/lib/python3.10/dist-packages/turtlebot3_msgs-2.4.0-py3.10.egg-info/top_level.txt
[2.689s] -- Up-to-date symlink: /home/khw/simulation_ws/install/turtlebot3_msgs/local/lib/python3.10/dist-packages/turtlebot3_msgs/__init__.py
[2.690s] -- Up-to-date symlink: /home/khw/simulation_ws/install/turtlebot3_msgs/local/lib/python3.10/dist-packages/turtlebot3_msgs/_turtlebot3_msgs_s.ep.rosidl_typesupport_c.c
[2.690s] -- Up-to-date symlink: /home/khw/simulation_ws/install/turtlebot3_msgs/local/lib/python3.10/dist-packages/turtlebot3_msgs/_turtlebot3_msgs_s.ep.rosidl_typesupport_fastrtps_c.c
[2.690s] -- Up-to-date symlink: /home/khw/simulation_ws/install/turtlebot3_msgs/local/lib/python3.10/dist-packages/turtlebot3_msgs/_turtlebot3_msgs_s.ep.rosidl_typesupport_introspection_c.c
[2.690s] -- Up-to-date symlink: /home/khw/simulation_ws/install/turtlebot3_msgs/local/lib/python3.10/dist-packages/turtlebot3_msgs/action/__init__.py
[2.691s] -- Up-to-date symlink: /home/khw/simulation_ws/install/turtlebot3_msgs/local/lib/python3.10/dist-packages/turtlebot3_msgs/action/_patrol.py
[2.691s] -- Up-to-date symlink: /home/khw/simulation_ws/install/turtlebot3_msgs/local/lib/python3.10/dist-packages/turtlebot3_msgs/action/_patrol_s.c
[2.691s] -- Up-to-date symlink: /home/khw/simulation_ws/install/turtlebot3_msgs/local/lib/python3.10/dist-packages/turtlebot3_msgs/libturtlebot3_msgs__rosidl_generator_py.so
[2.692s] -- Up-to-date symlink: /home/khw/simulation_ws/install/turtlebot3_msgs/local/lib/python3.10/dist-packages/turtlebot3_msgs/msg/__init__.py
[2.692s] -- Up-to-date symlink: /home/khw/simulation_ws/install/turtlebot3_msgs/local/lib/python3.10/dist-packages/turtlebot3_msgs/msg/_sensor_state.py
[2.693s] -- Up-to-date symlink: /home/khw/simulation_ws/install/turtlebot3_msgs/local/lib/python3.10/dist-packages/turtlebot3_msgs/msg/_sensor_state_s.c
[2.693s] -- Up-to-date symlink: /home/khw/simulation_ws/install/turtlebot3_msgs/local/lib/python3.10/dist-packages/turtlebot3_msgs/msg/_sound.py
[2.693s] -- Up-to-date symlink: /home/khw/simulation_ws/install/turtlebot3_msgs/local/lib/python3.10/dist-packages/turtlebot3_msgs/msg/_sound_s.c
[2.693s] -- Up-to-date symlink: /home/khw/simulation_ws/install/turtlebot3_msgs/local/lib/python3.10/dist-packages/turtlebot3_msgs/msg/_version_info.py
[2.693s] -- Up-to-date symlink: /home/khw/simulation_ws/install/turtlebot3_msgs/local/lib/python3.10/dist-packages/turtlebot3_msgs/msg/_version_info_s.c
[2.694s] -- Up-to-date symlink: /home/khw/simulation_ws/install/turtlebot3_msgs/local/lib/python3.10/dist-packages/turtlebot3_msgs/srv/__init__.py
[2.694s] -- Up-to-date symlink: /home/khw/simulation_ws/install/turtlebot3_msgs/local/lib/python3.10/dist-packages/turtlebot3_msgs/srv/_dqn.py
[2.694s] -- Up-to-date symlink: /home/khw/simulation_ws/install/turtlebot3_msgs/local/lib/python3.10/dist-packages/turtlebot3_msgs/srv/_dqn_s.c
[2.694s] -- Up-to-date symlink: /home/khw/simulation_ws/install/turtlebot3_msgs/local/lib/python3.10/dist-packages/turtlebot3_msgs/srv/_goal.py
[2.695s] -- Up-to-date symlink: /home/khw/simulation_ws/install/turtlebot3_msgs/local/lib/python3.10/dist-packages/turtlebot3_msgs/srv/_goal_s.c
[2.695s] -- Up-to-date symlink: /home/khw/simulation_ws/install/turtlebot3_msgs/local/lib/python3.10/dist-packages/turtlebot3_msgs/srv/_sound.py
[2.695s] -- Up-to-date symlink: /home/khw/simulation_ws/install/turtlebot3_msgs/local/lib/python3.10/dist-packages/turtlebot3_msgs/srv/_sound_s.c
[2.697s] -- Up-to-date symlink: /home/khw/simulation_ws/install/turtlebot3_msgs/local/lib/python3.10/dist-packages/turtlebot3_msgs/turtlebot3_msgs_s__rosidl_typesupport_c.cpython-310-x86_64-linux-gnu.so
[2.698s] -- Up-to-date symlink: /home/khw/simulation_ws/install/turtlebot3_msgs/local/lib/python3.10/dist-packages/turtlebot3_msgs/turtlebot3_msgs_s__rosidl_typesupport_fastrtps_c.cpython-310-x86_64-linux-gnu.so
[2.698s] -- Up-to-date symlink: /home/khw/simulation_ws/install/turtlebot3_msgs/local/lib/python3.10/dist-packages/turtlebot3_msgs/turtlebot3_msgs_s__rosidl_typesupport_introspection_c.cpython-310-x86_64-linux-gnu.so
[2.699s] -- Up-to-date symlink: /home/khw/simulation_ws/install/turtlebot3_msgs/local/lib/python3.10/dist-packages/turtlebot3_msgs/turtlebot3_msgs_s__rosidl_typesupport_fastrtps_c.cpython-310-x86_64-linux-gnu.so
[2.700s] -- Up-to-date symlink: /home/khw/simulation_ws/install/turtlebot3_msgs/local/lib/python3.10/dist-packages/turtlebot3_msgs/turtlebot3_msgs_s__rosidl_typesupport_introspection_c.cpython-310-x86_64-linux-gnu.so
[2.700s] -- Up-to-date symlink: /home/khw/simulation_ws/install/turtlebot3_msgs/local/lib/python3.10/dist-packages/turtlebot3_msgs/turtlebot3_msgs_s__rosidl_typesupport_c.cpython-310-x86_64-linux-gnu.so
[2.700s] -- Up-to-date symlink: /home/khw/simulation_ws/install/turtlebot3_msgs/share/turtlebot3_msgs/msg/SensorState.idl
[2.701s] -- Up-to-date symlink: /home/khw/simulation_ws/install/turtlebot3_msgs/share/turtlebot3_msgs/msg/Sound.idl
[2.702s] -- Up-to-date symlink: /home/khw/simulation_ws/install/turtlebot3_msgs/share/turtlebot3_msgs/msg/VersionInfo.idl
[2.705s] -- Up-to-date symlink: /home/khw/simulation_ws/install/turtlebot3_msgs/share/turtlebot3_msgs/srv/Sound.idl
[2.707s] -- Up-to-date symlink: /home/khw/simulation_ws/install/turtlebot3_msgs/share/turtlebot3_msgs/srv/Dqn.idl
[2.707s] -- Up-to-date symlink: /home/khw/simulation_ws/install/turtlebot3_msgs/share/turtlebot3_msgs/srv/Goal.idl
[2.708s] -- Up-to-date symlink: /home/khw/simulation_ws/install/turtlebot3_msgs/share/turtlebot3_msgs/action/Patrol.idl
[2.709s] -- Up-to-date symlink: /home/khw/simulation_ws/install/turtlebot3_msgs/share/turtlebot3_msgs/msg/SensorState.msg
[2.709s] -- Up-to-date symlink: /home/khw/simulation_ws/install/turtlebot3_msgs/share/turtlebot3_msgs/msg/Sound.msg
[2.709s] -- Up-to-date symlink: /home/khw/simulation_ws/install/turtlebot3_msgs/share/turtlebot3_msgs/msg/VersionInfo.msg
[2.709s] -- Up-to-date symlink: /home/khw/simulation_ws/install/turtlebot3_msgs/share/turtlebot3_msgs/srv/Sound.srv
[2.711s] -- Up-to-date symlink: /home/khw/simulation_ws/install/turtlebot3_msgs/share/turtlebot3_msgs/srv/Sound_Request.msg
[2.712s] -- Up-to-date symlink: /home/khw/simulation_ws/install/turtlebot3_msgs/share/turtlebot3_msgs/srv/Sound_Response.msg
[2.712s] -- Up-to-date symlink: /home/khw/simulation_ws/install/turtlebot3_msgs/share/turtlebot3_msgs/srv/Dqn.srv
[2.715s] -- Up-to-date symlink: /home/khw/simulation_ws/install/turtlebot3_msgs/share/turtlebot3_msgs/srv/Dqn_Request.msg
[2.716s] -- Up-to-date symlink: /home/khw/simulation_ws/install/turtlebot3_msgs/share/turtlebot3_msgs/srv/Dqn_Response.msg
[2.721s] -- Up-to-date symlink: /home/khw/simulation_ws/install/turtlebot3_msgs/share/turtlebot3_msgs/srv/Goal.srv
[2.727s] -- Up-to-date symlink: /home/khw/simulation_ws/install/turtlebot3_msgs/share/turtlebot3_msgs/srv/Goal_Request.msg
[2.729s] -- Up-to-date symlink: /home/khw/simulation_ws/install/turtlebot3_msgs/share/turtlebot3_msgs/srv/Goal_Response.msg
[2.731s] -- Up-to-date symlink: /home/khw/simulation_ws/install/turtlebot3_msgs/share/turtlebot3_msgs/action/Patrol.action
[2.731s] -- Up-to-date symlink: /home/khw/simulation_ws/install/turtlebot3_msgs/share/ament_index/resource_index/package_run_dependencies/turtlebot3_msgs
[2.734s] -- Up-to-date symlink: /home/khw/simulation_ws/install/turtlebot3_msgs/share/ament_index/resource_index/parent_prefix_path/turtlebot3_msgs
[2.736s] -- Up-to-date symlink: /home/khw/simulation_ws/install/turtlebot3_msgs/share/turtlebot3_msgs/environment/ament_prefix_path.sh
[2.737s] -- Up-to-date symlink: /home/khw/simulation_ws/install/turtlebot3_msgs/share/turtlebot3_msgs/environment/ament_prefix_path.dsv
[2.739s] -- Up-to-date symlink: /home/khw/simulation_ws/install/turtlebot3_msgs/share/turtlebot3_msgs/environment/path.sh
[2.739s] -- Up-to-date symlink: /home/khw/simulation_ws/install/turtlebot3_msgs/share/turtlebot3_msgs/environment/path.dsv
[2.743s] -- Up-to-date symlink: /home/khw/simulation_ws/install/turtlebot3_msgs/share/turtlebot3_msgs/local_setup.bash
[2.746s] -- Up-to-date symlink: /home/khw/simulation_ws/install/turtlebot3_msgs/share/turtlebot3_msgs/local_setup.sh
[2.751s] -- Up-to-date symlink: /home/khw/simulation_ws/install/turtlebot3_msgs/share/turtlebot3_msgs/local_setup.zsh
[2.754s] -- Up-to-date symlink: /home/khw/simulation_ws/install/turtlebot3_msgs/share/turtlebot3_msgs/local_setup.dsv
[2.755s] -- Symlinking: /home/khw/simulation_ws/install/turtlebot3_msgs/share/turtlebot3_msgs/package.dsv
[2.758s] -- Up-to-date symlink: /home/khw/simulation_ws/install/turtlebot3_msgs/share/ament_index/resource_index/packages/turtlebot3_msgs
[2.759s] -- Up-to-date symlink: /home/khw/simulation_ws/install/turtlebot3_msgs/share/turtlebot3_msgs/cmake/rosidl_cmake-extras.cmake
[2.760s] -- Up-to-date symlink: /home/khw/simulation_ws/install/turtlebot3_msgs/share/turtlebot3_msgs/cmake/ament_cmake_export_dependencies-extras.cmake
[2.761s] -- Up-to-date symlink: /home/khw/simulation_ws/install/turtlebot3_msgs/share/turtlebot3_msgs/cmake/ament_cmake_export_include_directories-extras.cmake
[2.762s] -- Up-to-date symlink: /home/khw/simulation_ws/install/turtlebot3_msgs/share/turtlebot3_msgs/cmake/ament_cmake_export_libraries-extras.cmake
[2.762s] -- Up-to-date symlink: /home/khw/simulation_ws/install/turtlebot3_msgs/share/turtlebot3_msgs/cmake/ament_cmake_export_targets-extras.cmake
[2.763s] -- Up-to-date symlink: /home/khw/simulation_ws/install/turtlebot3_msgs/share/turtlebot3_msgs/cmake/rosidl_cmake_export_typesupport_targets-extras.cmake
[2.764s] -- Up-to-date symlink: /home/khw/simulation_ws/install/turtlebot3_msgs/share/turtlebot3_msgs/cmake/rosidl_cmake_export_typesupport_libraries-extras.cmake
[2.766s] -- Up-to-date symlink: /home/khw/simulation_ws/install/turtlebot3_msgs/share/turtlebot3_msgs/cmake/turtlebot3_msgsConfig.cmake
[2.766s] -- Up-to-date symlink: /home/khw/simulation_ws/install/turtlebot3_msgs/share/turtlebot3_msgs/cmake/turtlebot3_msgsConfig-version.cmake
[2.766s] -- Up-to-date symlink: /home/khw/simulation_ws/install/turtlebot3_msgs/share/turtlebot3_msgs/package.xml
[2.766s] -- Up-to-date: /home/khw/simulation_ws/install/turtlebot3_msgs/lib/libturtlebot3_msgs__rosidl_generator_c.so
[2.767s] -- Up-to-date: /home/khw/simulation_ws/install/turtlebot3_msgs/lib/libturtlebot3_msgs__rosidl_typesupport_fastrtps_c.so
[2.767s] -- Up-to-date: /home/khw/simulation_ws/install/turtlebot3_msgs/lib/libturtlebot3_msgs__rosidl_typesupport_fastrtps_cpp.so
[2.767s] -- Up-to-date: /home/khw/simulation_ws/install/turtlebot3_msgs/lib/libturtlebot3_msgs__rosidl_typesupport_introspection_c.so
[2.767s] -- Up-to-date: /home/khw/simulation_ws/install/turtlebot3_msgs/lib/libturtlebot3_msgs__rosidl_typesupport_c.so
[2.767s] -- Up-to-date: /home/khw/simulation_ws/install/turtlebot3_msgs/lib/libturtlebot3_msgs__rosidl_typesupport_introspection_cpp.so
[2.767s] -- Up-to-date: /home/khw/simulation_ws/install/turtlebot3_msgs/lib/libturtlebot3_msgs__rosidl_typesupport_cpp.so
[2.773s] Listing '/home/khw/simulation_ws/install/turtlebot3_msgs/local/lib/python3.10/dist-packages/turtlebot3_msgs'...
[2.773s] Listing '/home/khw/simulation_ws/install/turtlebot3_msgs/local/lib/python3.10/dist-packages/turtlebot3_msgs/action'...
[2.773s] Listing '/home/khw/simulation_ws/install/turtlebot3_msgs/local/lib/python3.10/dist-packages/turtlebot3_msgs/msg'...
[2.774s] Listing '/home/khw/simulation_ws/install/turtlebot3_msgs/local/lib/python3.10/dist-packages/turtlebot3_msgs/srv'...
[2.788s] -- Up-to-date: /home/khw/simulation_ws/install/turtlebot3_msgs/lib/libturtlebot3_msgs__rosidl_generator_py.so
[2.788s] -- Up-to-date: /home/khw/simulation_ws/install/turtlebot3_msgs/share/turtlebot3_msgs/cmake/export_turtlebot3_msgs__rosidl_generator_cExport.cmake
[2.789s] -- Up-to-date: /home/khw/simulation_ws/install/turtlebot3_msgs/share/turtlebot3_msgs/cmake/export_turtlebot3_msgs__rosidl_generator_cExport-noconfig.cmake
[2.790s] -- Up-to-date: /home/khw/simulation_ws/install/turtlebot3_msgs/share/turtlebot3_msgs/cmake/export_turtlebot3_msgs__rosidl_typesupport_fastrtps_cExport.cmake
[2.791s] -- Up-to-date: /home/khw/simulation_ws/install/turtlebot3_msgs/share/turtlebot3_msgs/cmake/export_turtlebot3_msgs__rosidl_typesupport_fastrtps_cExport-noconfig.cmake
[2.792s] -- Up-to-date: /home/khw/simulation_ws/install/turtlebot3_msgs/share/turtlebot3_msgs/cmake/export_turtlebot3_msgs__rosidl_generator_cppExport.cmake
[2.792s] -- Up-to-date: /home/khw/simulation_ws/install/turtlebot3_msgs/share/turtlebot3_msgs/cmake/export_turtlebot3_msgs__rosidl_typesupport_fastrtps_cppExport.cmake
[2.793s] -- Up-to-date: /home/khw/simulation_ws/install/turtlebot3_msgs/share/turtlebot3_msgs/cmake/export_turtlebot3_msgs__rosidl_typesupport_fastrtps_cppExport-noconfig.cmake
[2.793s] -- Up-to-date: /home/khw/simulation_ws/install/turtlebot3_msgs/share/turtlebot3_msgs/cmake/turtlebot3_msgs__rosidl_typesupport_introspection_cExport.cmake
[2.793s] -- Up-to-date: /home/khw/simulation_ws/install/turtlebot3_msgs/share/turtlebot3_msgs/cmake/turtlebot3_msgs__rosidl_typesupport_introspection_cExport-noconfig.cmake
[2.794s] -- Up-to-date: /home/khw/simulation_ws/install/turtlebot3_msgs/share/turtlebot3_msgs/cmake/turtlebot3_msgs__rosidl_typesupport_cExport.cmake
[2.794s] -- Up-to-date: /home/khw/simulation_ws/install/turtlebot3_msgs/share/turtlebot3_msgs/cmake/turtlebot3_msgs__rosidl_typesupport_cExport-noconfig.cmake
[2.794s] -- Up-to-date: /home/khw/simulation_ws/install/turtlebot3_msgs/share/turtlebot3_msgs/cmake/turtlebot3_msgs__rosidl_typesupport_introspection_cppExport.cmake
[2.794s] -- Up-to-date: /home/khw/simulation_ws/install/turtlebot3_msgs/share/turtlebot3_msgs/cmake/turtlebot3_msgs__rosidl_typesupport_introspection_cppExport-noconfig.cmake
[2.795s] -- Up-to-date: /home/khw/simulation_ws/install/turtlebot3_msgs/share/turtlebot3_msgs/cmake/turtlebot3_msgs__rosidl_typesupport_cppExport.cmake
[2.796s] -- Up-to-date: /home/khw/simulation_ws/install/turtlebot3_msgs/share/turtlebot3_msgs/cmake/turtlebot3_msgs__rosidl_typesupport_cppExport-noconfig.cmake
[2.796s] -- Up-to-date: /home/khw/simulation_ws/install/turtlebot3_msgs/share/turtlebot3_msgs/cmake/export_turtlebot3_msgs__rosidl_generator_pyExport.cmake
[2.796s] -- Up-to-date: /home/khw/simulation_ws/install/turtlebot3_msgs/share/turtlebot3_msgs/cmake/export_turtlebot3_msgs__rosidl_generator_pyExport-noconfig.cmake
[3.011s] Invoked command in '/home/khw/simulation_ws/build/turtlebot3_msgs' returned '0': CMAKE_PREFIX_PATH=${CMAKE_PREFIX_PATH}:/opt/ros/humble:/home/khw/simulation_ws/install/turtlebot3_teleop:/home/khw/simulation_ws/install/turtlebot3_example:/home/khw/simulation_ws/install/odom_tools /usr/bin/cmake --install /home/khw/simulation_ws/build/turtlebot3_msgs
