[3.243s] Invoking command in '/home/khw/simulation_ws/build/turtlebot3_example': CMAKE_PREFIX_PATH=/home/khw/simulation_ws/install/turtlebot3_msgs:/home/khw/simulation_ws/install/turtlebot3:/home/khw/simulation_ws/install/turtlebot3_simulations:/home/khw/simulation_ws/install/turtlebot3_bringup:/home/khw/simulation_ws/install/turtlebot3_node:/home/khw/simulation_ws/install/turtlebot3_navigation2:/home/khw/simulation_ws/install/turtlebot3_fake_node:/home/khw/simulation_ws/install/turtlebot3_gazebo:/home/khw/simulation_ws/install/turtlebot3_description:/home/khw/simulation_ws/install/turtlebot3_cartographer:/home/khw/simulation_ws/install/dynamixel_sdk_examples:/home/khw/simulation_ws/install/dynamixel_sdk_custom_interfaces:/home/khw/simulation_ws/install/dynamixel_sdk LD_LIBRARY_PATH=/home/khw/simulation_ws/install/turtlebot3_msgs/lib:/usr/lib/x86_64-linux-gnu/gazebo-11/plugins:/opt/ros/humble/opt/rviz_ogre_vendor/lib:/opt/ros/humble/lib/x86_64-linux-gnu:/opt/ros/humble/lib:/home/khw/simulation_ws/install/dynamixel_sdk_custom_interfaces/lib:/home/khw/simulation_ws/install/dynamixel_sdk/lib:/usr/lib/x86_64-linux-gnu/gazebo-11/plugins:/usr/lib/x86_64-linux-gnu/gazebo-11/plugins:/usr/lib/x86_64-linux-gnu/gazebo-11/plugins:/usr/lib/x86_64-linux-gnu/gazebo-11/plugins:/usr/lib/x86_64-linux-gnu/gazebo-11/plugins:/usr/lib/x86_64-linux-gnu/gazebo-11/plugins PYTHONPATH=/home/khw/simulation_ws/build/turtlebot3_example/prefix_override:/usr/lib/python3/dist-packages/colcon_core/task/python/colcon_distutils_commands:/home/khw/simulation_ws/install/turtlebot3_example/lib/python3.10/site-packages:${PYTHONPATH} /usr/bin/python3 -W ignore:setup.py install is deprecated -W ignore:easy_install command is deprecated setup.py develop --editable --build-directory /home/khw/simulation_ws/build/turtlebot3_example/build --no-deps symlink_data
[4.362s] running develop
[5.118s] running egg_info
[5.118s] creating turtlebot3_example.egg-info
[5.155s] writing turtlebot3_example.egg-info/PKG-INFO
[5.156s] writing dependency_links to turtlebot3_example.egg-info/dependency_links.txt
[5.156s] writing entry points to turtlebot3_example.egg-info/entry_points.txt
[5.157s] writing requirements to turtlebot3_example.egg-info/requires.txt
[5.157s] writing top-level names to turtlebot3_example.egg-info/top_level.txt
[5.158s] writing manifest file 'turtlebot3_example.egg-info/SOURCES.txt'
[5.256s] reading manifest file 'turtlebot3_example.egg-info/SOURCES.txt'
[5.258s] writing manifest file 'turtlebot3_example.egg-info/SOURCES.txt'
[5.306s] running build_ext
[5.306s] Creating /home/khw/simulation_ws/install/turtlebot3_example/lib/python3.10/site-packages/turtlebot3-example.egg-link (link to .)
[5.308s] Installing turtlebot3_absolute_move script to /home/khw/simulation_ws/install/turtlebot3_example/lib/turtlebot3_example
[5.309s] Installing turtlebot3_interactive_marker script to /home/khw/simulation_ws/install/turtlebot3_example/lib/turtlebot3_example
[5.309s] Installing turtlebot3_obstacle_detection script to /home/khw/simulation_ws/install/turtlebot3_example/lib/turtlebot3_example
[5.310s] Installing turtlebot3_patrol_client script to /home/khw/simulation_ws/install/turtlebot3_example/lib/turtlebot3_example
[5.310s] Installing turtlebot3_patrol_server script to /home/khw/simulation_ws/install/turtlebot3_example/lib/turtlebot3_example
[5.310s] Installing turtlebot3_relative_move script to /home/khw/simulation_ws/install/turtlebot3_example/lib/turtlebot3_example
[5.310s] 
[5.311s] Installed /home/khw/simulation_ws/build/turtlebot3_example
[5.311s] running symlink_data
[5.311s] creating /home/khw/simulation_ws/install/turtlebot3_example/share/ament_index
[5.312s] creating /home/khw/simulation_ws/install/turtlebot3_example/share/ament_index/resource_index
[5.312s] creating /home/khw/simulation_ws/install/turtlebot3_example/share/ament_index/resource_index/packages
[5.312s] symbolically linking /home/khw/simulation_ws/build/turtlebot3_example/resource/turtlebot3_example -> /home/khw/simulation_ws/install/turtlebot3_example/share/ament_index/resource_index/packages
[5.312s] symbolically linking /home/khw/simulation_ws/build/turtlebot3_example/package.xml -> /home/khw/simulation_ws/install/turtlebot3_example/share/turtlebot3_example
[5.474s] Invoked command in '/home/khw/simulation_ws/build/turtlebot3_example' returned '0': CMAKE_PREFIX_PATH=/home/khw/simulation_ws/install/turtlebot3_msgs:/home/khw/simulation_ws/install/turtlebot3:/home/khw/simulation_ws/install/turtlebot3_simulations:/home/khw/simulation_ws/install/turtlebot3_bringup:/home/khw/simulation_ws/install/turtlebot3_node:/home/khw/simulation_ws/install/turtlebot3_navigation2:/home/khw/simulation_ws/install/turtlebot3_fake_node:/home/khw/simulation_ws/install/turtlebot3_gazebo:/home/khw/simulation_ws/install/turtlebot3_description:/home/khw/simulation_ws/install/turtlebot3_cartographer:/home/khw/simulation_ws/install/dynamixel_sdk_examples:/home/khw/simulation_ws/install/dynamixel_sdk_custom_interfaces:/home/khw/simulation_ws/install/dynamixel_sdk LD_LIBRARY_PATH=/home/khw/simulation_ws/install/turtlebot3_msgs/lib:/usr/lib/x86_64-linux-gnu/gazebo-11/plugins:/opt/ros/humble/opt/rviz_ogre_vendor/lib:/opt/ros/humble/lib/x86_64-linux-gnu:/opt/ros/humble/lib:/home/khw/simulation_ws/install/dynamixel_sdk_custom_interfaces/lib:/home/khw/simulation_ws/install/dynamixel_sdk/lib:/usr/lib/x86_64-linux-gnu/gazebo-11/plugins:/usr/lib/x86_64-linux-gnu/gazebo-11/plugins:/usr/lib/x86_64-linux-gnu/gazebo-11/plugins:/usr/lib/x86_64-linux-gnu/gazebo-11/plugins:/usr/lib/x86_64-linux-gnu/gazebo-11/plugins:/usr/lib/x86_64-linux-gnu/gazebo-11/plugins PYTHONPATH=/home/khw/simulation_ws/build/turtlebot3_example/prefix_override:/usr/lib/python3/dist-packages/colcon_core/task/python/colcon_distutils_commands:/home/khw/simulation_ws/install/turtlebot3_example/lib/python3.10/site-packages:${PYTHONPATH} /usr/bin/python3 -W ignore:setup.py install is deprecated -W ignore:easy_install command is deprecated setup.py develop --editable --build-directory /home/khw/simulation_ws/build/turtlebot3_example/build --no-deps symlink_data
