[4.540s] Invoking command in '/home/khw/simulation_ws/src/odom_tools': PYTHONPATH=/home/khw/simulation_ws/build/odom_tools/prefix_override:/usr/lib/python3/dist-packages/colcon_core/task/python/colcon_distutils_commands:/home/khw/simulation_ws/install/odom_tools/lib/python3.10/site-packages:${PYTHONPATH} /usr/bin/python3 -W ignore:setup.py install is deprecated -W ignore:easy_install command is deprecated setup.py egg_info --egg-base ../../build/odom_tools build --build-base /home/khw/simulation_ws/build/odom_tools/build install --record /home/khw/simulation_ws/build/odom_tools/install.log --single-version-externally-managed install_data
[6.355s] running egg_info
[6.455s] writing ../../build/odom_tools/odom_tools.egg-info/PKG-INFO
[6.458s] writing dependency_links to ../../build/odom_tools/odom_tools.egg-info/dependency_links.txt
[6.459s] writing entry points to ../../build/odom_tools/odom_tools.egg-info/entry_points.txt
[6.460s] writing requirements to ../../build/odom_tools/odom_tools.egg-info/requires.txt
[6.461s] writing top-level names to ../../build/odom_tools/odom_tools.egg-info/top_level.txt
[6.599s] reading manifest file '../../build/odom_tools/odom_tools.egg-info/SOURCES.txt'
[6.603s] writing manifest file '../../build/odom_tools/odom_tools.egg-info/SOURCES.txt'
[6.603s] running build
[6.603s] running build_py
[6.603s] copying odom_tools/move_turtlebot.py -> /home/khw/simulation_ws/build/odom_tools/build/lib/odom_tools
[6.605s] running install
[6.625s] running install_lib
[6.711s] copying /home/khw/simulation_ws/build/odom_tools/build/lib/odom_tools/move_turtlebot.py -> /home/khw/simulation_ws/install/odom_tools/lib/python3.10/site-packages/odom_tools
[6.716s] byte-compiling /home/khw/simulation_ws/install/odom_tools/lib/python3.10/site-packages/odom_tools/move_turtlebot.py to move_turtlebot.cpython-310.pyc
[6.723s] running install_data
[6.724s] running install_egg_info
[6.846s] removing '/home/khw/simulation_ws/install/odom_tools/lib/python3.10/site-packages/odom_tools-0.0.0-py3.10.egg-info' (and everything under it)
[6.847s] Copying ../../build/odom_tools/odom_tools.egg-info to /home/khw/simulation_ws/install/odom_tools/lib/python3.10/site-packages/odom_tools-0.0.0-py3.10.egg-info
[6.852s] running install_scripts
[7.209s] Installing kiosk script to /home/khw/simulation_ws/install/odom_tools/lib/odom_tools
[7.210s] Installing move_turtlebot script to /home/khw/simulation_ws/install/odom_tools/lib/odom_tools
[7.210s] Installing mqtt_goal_sender script to /home/khw/simulation_ws/install/odom_tools/lib/odom_tools
[7.211s] Installing mqtt_receiver script to /home/khw/simulation_ws/install/odom_tools/lib/odom_tools
[7.211s] Installing object_detection script to /home/khw/simulation_ws/install/odom_tools/lib/odom_tools
[7.212s] Installing odom_listener script to /home/khw/simulation_ws/install/odom_tools/lib/odom_tools
[7.213s] Installing video_publisher script to /home/khw/simulation_ws/install/odom_tools/lib/odom_tools
[7.215s] writing list of installed files to '/home/khw/simulation_ws/build/odom_tools/install.log'
[7.471s] Invoked command in '/home/khw/simulation_ws/src/odom_tools' returned '0': PYTHONPATH=/home/khw/simulation_ws/build/odom_tools/prefix_override:/usr/lib/python3/dist-packages/colcon_core/task/python/colcon_distutils_commands:/home/khw/simulation_ws/install/odom_tools/lib/python3.10/site-packages:${PYTHONPATH} /usr/bin/python3 -W ignore:setup.py install is deprecated -W ignore:easy_install command is deprecated setup.py egg_info --egg-base ../../build/odom_tools build --build-base /home/khw/simulation_ws/build/odom_tools/build install --record /home/khw/simulation_ws/build/odom_tools/install.log --single-version-externally-managed install_data
