[1.794s] Invoking command in '/home/khw/simulation_ws/src/odom_tools': PYTHONPATH=/home/khw/simulation_ws/src/build/odom_tools/prefix_override:/usr/lib/python3/dist-packages/colcon_core/task/python/colcon_distutils_commands:/home/khw/simulation_ws/src/install/odom_tools/lib/python3.10/site-packages:${PYTHONPATH} /usr/bin/python3 -W ignore:setup.py install is deprecated -W ignore:easy_install command is deprecated setup.py egg_info --egg-base ../build/odom_tools build --build-base /home/khw/simulation_ws/src/build/odom_tools/build install --record /home/khw/simulation_ws/src/build/odom_tools/install.log --single-version-externally-managed install_data
[2.182s] running egg_info
[2.183s] creating ../build/odom_tools/odom_tools.egg-info
[2.183s] writing ../build/odom_tools/odom_tools.egg-info/PKG-INFO
[2.184s] writing dependency_links to ../build/odom_tools/odom_tools.egg-info/dependency_links.txt
[2.184s] writing entry points to ../build/odom_tools/odom_tools.egg-info/entry_points.txt
[2.184s] writing requirements to ../build/odom_tools/odom_tools.egg-info/requires.txt
[2.184s] writing top-level names to ../build/odom_tools/odom_tools.egg-info/top_level.txt
[2.184s] writing manifest file '../build/odom_tools/odom_tools.egg-info/SOURCES.txt'
[2.186s] reading manifest file '../build/odom_tools/odom_tools.egg-info/SOURCES.txt'
[2.187s] writing manifest file '../build/odom_tools/odom_tools.egg-info/SOURCES.txt'
[2.187s] running build
[2.187s] running build_py
[2.187s] creating /home/khw/simulation_ws/src/build/odom_tools/build
[2.187s] creating /home/khw/simulation_ws/src/build/odom_tools/build/lib
[2.188s] creating /home/khw/simulation_ws/src/build/odom_tools/build/lib/odom_tools
[2.188s] copying odom_tools/odom_listener.py -> /home/khw/simulation_ws/src/build/odom_tools/build/lib/odom_tools
[2.188s] copying odom_tools/mqtt_receiver.py -> /home/khw/simulation_ws/src/build/odom_tools/build/lib/odom_tools
[2.188s] copying odom_tools/move_turtlebot.py -> /home/khw/simulation_ws/src/build/odom_tools/build/lib/odom_tools
[2.188s] copying odom_tools/kiosk.py -> /home/khw/simulation_ws/src/build/odom_tools/build/lib/odom_tools
[2.188s] copying odom_tools/__init__.py -> /home/khw/simulation_ws/src/build/odom_tools/build/lib/odom_tools
[2.188s] running install
[2.189s] running install_lib
[2.190s] creating /home/khw/simulation_ws/src/install/odom_tools/lib/python3.10/site-packages/odom_tools
[2.190s] copying /home/khw/simulation_ws/src/build/odom_tools/build/lib/odom_tools/odom_listener.py -> /home/khw/simulation_ws/src/install/odom_tools/lib/python3.10/site-packages/odom_tools
[2.190s] copying /home/khw/simulation_ws/src/build/odom_tools/build/lib/odom_tools/mqtt_receiver.py -> /home/khw/simulation_ws/src/install/odom_tools/lib/python3.10/site-packages/odom_tools
[2.190s] copying /home/khw/simulation_ws/src/build/odom_tools/build/lib/odom_tools/move_turtlebot.py -> /home/khw/simulation_ws/src/install/odom_tools/lib/python3.10/site-packages/odom_tools
[2.190s] copying /home/khw/simulation_ws/src/build/odom_tools/build/lib/odom_tools/kiosk.py -> /home/khw/simulation_ws/src/install/odom_tools/lib/python3.10/site-packages/odom_tools
[2.190s] copying /home/khw/simulation_ws/src/build/odom_tools/build/lib/odom_tools/__init__.py -> /home/khw/simulation_ws/src/install/odom_tools/lib/python3.10/site-packages/odom_tools
[2.191s] byte-compiling /home/khw/simulation_ws/src/install/odom_tools/lib/python3.10/site-packages/odom_tools/odom_listener.py to odom_listener.cpython-310.pyc
[2.191s] byte-compiling /home/khw/simulation_ws/src/install/odom_tools/lib/python3.10/site-packages/odom_tools/mqtt_receiver.py to mqtt_receiver.cpython-310.pyc
[2.192s] byte-compiling /home/khw/simulation_ws/src/install/odom_tools/lib/python3.10/site-packages/odom_tools/move_turtlebot.py to move_turtlebot.cpython-310.pyc
[2.193s] byte-compiling /home/khw/simulation_ws/src/install/odom_tools/lib/python3.10/site-packages/odom_tools/kiosk.py to kiosk.cpython-310.pyc
[2.194s] byte-compiling /home/khw/simulation_ws/src/install/odom_tools/lib/python3.10/site-packages/odom_tools/__init__.py to __init__.cpython-310.pyc
[2.194s] running install_data
[2.194s] creating /home/khw/simulation_ws/src/install/odom_tools/share/ament_index
[2.194s] creating /home/khw/simulation_ws/src/install/odom_tools/share/ament_index/resource_index
[2.194s] creating /home/khw/simulation_ws/src/install/odom_tools/share/ament_index/resource_index/packages
[2.194s] copying resource/odom_tools -> /home/khw/simulation_ws/src/install/odom_tools/share/ament_index/resource_index/packages
[2.194s] copying package.xml -> /home/khw/simulation_ws/src/install/odom_tools/share/odom_tools
[2.195s] running install_egg_info
[2.196s] Copying ../build/odom_tools/odom_tools.egg-info to /home/khw/simulation_ws/src/install/odom_tools/lib/python3.10/site-packages/odom_tools-0.0.0-py3.10.egg-info
[2.197s] running install_scripts
[2.220s] Installing kiosk script to /home/khw/simulation_ws/src/install/odom_tools/lib/odom_tools
[2.221s] Installing move_turtlebot script to /home/khw/simulation_ws/src/install/odom_tools/lib/odom_tools
[2.221s] Installing mqtt_goal_sender script to /home/khw/simulation_ws/src/install/odom_tools/lib/odom_tools
[2.222s] Installing mqtt_receiver script to /home/khw/simulation_ws/src/install/odom_tools/lib/odom_tools
[2.222s] Installing odom_listener script to /home/khw/simulation_ws/src/install/odom_tools/lib/odom_tools
[2.222s] writing list of installed files to '/home/khw/simulation_ws/src/build/odom_tools/install.log'
[2.254s] Invoked command in '/home/khw/simulation_ws/src/odom_tools' returned '0': PYTHONPATH=/home/khw/simulation_ws/src/build/odom_tools/prefix_override:/usr/lib/python3/dist-packages/colcon_core/task/python/colcon_distutils_commands:/home/khw/simulation_ws/src/install/odom_tools/lib/python3.10/site-packages:${PYTHONPATH} /usr/bin/python3 -W ignore:setup.py install is deprecated -W ignore:easy_install command is deprecated setup.py egg_info --egg-base ../build/odom_tools build --build-base /home/khw/simulation_ws/src/build/odom_tools/build install --record /home/khw/simulation_ws/src/build/odom_tools/install.log --single-version-externally-managed install_data
