[1.494s] Invoking command in '/home/khw/simulation_ws/src/odom_tools': PYTHONPATH=/home/khw/simulation_ws/build/odom_tools/prefix_override:/usr/lib/python3/dist-packages/colcon_core/task/python/colcon_distutils_commands:/home/khw/simulation_ws/install/odom_tools/lib/python3.10/site-packages:${PYTHONPATH} /usr/bin/python3 -W ignore:setup.py install is deprecated -W ignore:easy_install command is deprecated setup.py egg_info --egg-base ../../build/odom_tools build --build-base /home/khw/simulation_ws/build/odom_tools/build install --record /home/khw/simulation_ws/build/odom_tools/install.log --single-version-externally-managed install_data
[2.043s] running egg_info
[2.053s] writing ../../build/odom_tools/odom_tools.egg-info/PKG-INFO
[2.054s] writing dependency_links to ../../build/odom_tools/odom_tools.egg-info/dependency_links.txt
[2.054s] writing entry points to ../../build/odom_tools/odom_tools.egg-info/entry_points.txt
[2.054s] writing requirements to ../../build/odom_tools/odom_tools.egg-info/requires.txt
[2.054s] writing top-level names to ../../build/odom_tools/odom_tools.egg-info/top_level.txt
[2.078s] reading manifest file '../../build/odom_tools/odom_tools.egg-info/SOURCES.txt'
[2.078s] writing manifest file '../../build/odom_tools/odom_tools.egg-info/SOURCES.txt'
[2.078s] running build
[2.078s] running build_py
[2.078s] running install
[2.082s] running install_lib
[2.094s] running install_data
[2.094s] running install_egg_info
[2.107s] removing '/home/khw/simulation_ws/install/odom_tools/lib/python3.10/site-packages/odom_tools-0.0.0-py3.10.egg-info' (and everything under it)
[2.107s] Copying ../../build/odom_tools/odom_tools.egg-info to /home/khw/simulation_ws/install/odom_tools/lib/python3.10/site-packages/odom_tools-0.0.0-py3.10.egg-info
[2.108s] running install_scripts
[2.157s] Installing kiosk script to /home/khw/simulation_ws/install/odom_tools/lib/odom_tools
[2.157s] Installing move_turtlebot script to /home/khw/simulation_ws/install/odom_tools/lib/odom_tools
[2.157s] Installing mqtt_goal_sender script to /home/khw/simulation_ws/install/odom_tools/lib/odom_tools
[2.157s] Installing mqtt_receiver script to /home/khw/simulation_ws/install/odom_tools/lib/odom_tools
[2.157s] Installing object_detection script to /home/khw/simulation_ws/install/odom_tools/lib/odom_tools
[2.157s] Installing odom_listener script to /home/khw/simulation_ws/install/odom_tools/lib/odom_tools
[2.157s] Installing video_publisher script to /home/khw/simulation_ws/install/odom_tools/lib/odom_tools
[2.158s] writing list of installed files to '/home/khw/simulation_ws/build/odom_tools/install.log'
[2.199s] Invoked command in '/home/khw/simulation_ws/src/odom_tools' returned '0': PYTHONPATH=/home/khw/simulation_ws/build/odom_tools/prefix_override:/usr/lib/python3/dist-packages/colcon_core/task/python/colcon_distutils_commands:/home/khw/simulation_ws/install/odom_tools/lib/python3.10/site-packages:${PYTHONPATH} /usr/bin/python3 -W ignore:setup.py install is deprecated -W ignore:easy_install command is deprecated setup.py egg_info --egg-base ../../build/odom_tools build --build-base /home/khw/simulation_ws/build/odom_tools/build install --record /home/khw/simulation_ws/build/odom_tools/install.log --single-version-externally-managed install_data
