[0.055s] Invoking command in '/home/khw/simulation_ws/src/build/dynamixel_sdk': CMAKE_PREFIX_PATH=${CMAKE_PREFIX_PATH}:/opt/ros/humble:/home/khw/simulation_ws/install/turtlebot3_teleop:/home/khw/simulation_ws/install/turtlebot3_example:/home/khw/simulation_ws/install/odom_tools /usr/bin/cmake /home/khw/simulation_ws/src/DynamixelSDK/ros/dynamixel_sdk -DCMAKE_INSTALL_PREFIX=/home/khw/simulation_ws/src/install/dynamixel_sdk
[0.888s] -- The C compiler identification is GNU 11.4.0
[0.888s] -- The CXX compiler identification is GNU 11.4.0
[0.888s] -- Detecting C compiler ABI info
[0.888s] -- Detecting C compiler ABI info - done
[0.888s] -- Check for working C compiler: /usr/bin/cc - skipped
[0.889s] -- Detecting C compile features
[0.889s] -- Detecting C compile features - done
[0.889s] -- Detecting CXX compiler ABI info
[0.889s] -- Detecting CXX compiler ABI info - done
[0.890s] -- Check for working CXX compiler: /usr/bin/c++ - skipped
[0.890s] -- Detecting CXX compile features
[0.890s] -- Detecting CXX compile features - done
[0.890s] -- Found ament_cmake: 1.3.11 (/opt/ros/humble/share/ament_cmake/cmake)
[0.890s] -- Found Python3: /usr/bin/python3 (found version "3.10.12") found components: Interpreter 
[1.127s] -- Configuring done
[1.137s] -- Generating done
[1.140s] -- Build files have been written to: /home/khw/simulation_ws/src/build/dynamixel_sdk
[1.161s] Invoked command in '/home/khw/simulation_ws/src/build/dynamixel_sdk' returned '0': CMAKE_PREFIX_PATH=${CMAKE_PREFIX_PATH}:/opt/ros/humble:/home/khw/simulation_ws/install/turtlebot3_teleop:/home/khw/simulation_ws/install/turtlebot3_example:/home/khw/simulation_ws/install/odom_tools /usr/bin/cmake /home/khw/simulation_ws/src/DynamixelSDK/ros/dynamixel_sdk -DCMAKE_INSTALL_PREFIX=/home/khw/simulation_ws/src/install/dynamixel_sdk
[1.162s] Invoking command in '/home/khw/simulation_ws/src/build/dynamixel_sdk': CMAKE_PREFIX_PATH=${CMAKE_PREFIX_PATH}:/opt/ros/humble:/home/khw/simulation_ws/install/turtlebot3_teleop:/home/khw/simulation_ws/install/turtlebot3_example:/home/khw/simulation_ws/install/odom_tools /usr/bin/cmake --build /home/khw/simulation_ws/src/build/dynamixel_sdk -- -j12 -l12
[1.231s] [  7%] [32mBuilding CXX object CMakeFiles/dynamixel_sdk.dir/src/dynamixel_sdk/protocol1_packet_handler.cpp.o[0m
[1.234s] [ 15%] [32mBuilding CXX object CMakeFiles/dynamixel_sdk.dir/src/dynamixel_sdk/group_sync_read.cpp.o[0m
[1.239s] [ 23%] [32mBuilding CXX object CMakeFiles/dynamixel_sdk.dir/src/dynamixel_sdk/group_bulk_read.cpp.o[0m
[1.240s] [ 30%] [32mBuilding CXX object CMakeFiles/dynamixel_sdk.dir/src/dynamixel_sdk/protocol2_packet_handler.cpp.o[0m
[1.241s] [ 38%] [32mBuilding CXX object CMakeFiles/dynamixel_sdk.dir/src/dynamixel_sdk/group_sync_write.cpp.o[0m
[1.247s] [ 46%] [32mBuilding CXX object CMakeFiles/dynamixel_sdk.dir/src/dynamixel_sdk/group_bulk_write.cpp.o[0m
[1.247s] [ 53%] [32mBuilding CXX object CMakeFiles/dynamixel_sdk.dir/src/dynamixel_sdk/packet_handler.cpp.o[0m
[1.255s] [ 61%] [32mBuilding CXX object CMakeFiles/dynamixel_sdk.dir/src/dynamixel_sdk/group_fast_sync_read.cpp.o[0m
[1.262s] [ 69%] [32mBuilding CXX object CMakeFiles/dynamixel_sdk.dir/src/dynamixel_sdk/group_handler.cpp.o[0m
[1.270s] [ 69%] Built target ament_cmake_python_copy_dynamixel_sdk
[1.274s] [ 76%] [32mBuilding CXX object CMakeFiles/dynamixel_sdk.dir/src/dynamixel_sdk/group_fast_bulk_read.cpp.o[0m
[1.284s] [ 84%] [32mBuilding CXX object CMakeFiles/dynamixel_sdk.dir/src/dynamixel_sdk/port_handler.cpp.o[0m
[1.385s] [ 92%] [32mBuilding CXX object CMakeFiles/dynamixel_sdk.dir/src/dynamixel_sdk/port_handler_linux.cpp.o[0m
[1.819s] running egg_info
[1.819s] creating dynamixel_sdk.egg-info
[1.819s] writing dynamixel_sdk.egg-info/PKG-INFO
[1.819s] writing dependency_links to dynamixel_sdk.egg-info/dependency_links.txt
[1.819s] writing top-level names to dynamixel_sdk.egg-info/top_level.txt
[1.819s] writing manifest file 'dynamixel_sdk.egg-info/SOURCES.txt'
[1.822s] reading manifest file 'dynamixel_sdk.egg-info/SOURCES.txt'
[1.823s] writing manifest file 'dynamixel_sdk.egg-info/SOURCES.txt'
[1.886s] [ 92%] Built target ament_cmake_python_build_dynamixel_sdk_egg
[2.107s] [100%] [32m[1mLinking CXX shared library libdynamixel_sdk.so[0m
[2.231s] [100%] Built target dynamixel_sdk
[2.246s] Invoked command in '/home/khw/simulation_ws/src/build/dynamixel_sdk' returned '0': CMAKE_PREFIX_PATH=${CMAKE_PREFIX_PATH}:/opt/ros/humble:/home/khw/simulation_ws/install/turtlebot3_teleop:/home/khw/simulation_ws/install/turtlebot3_example:/home/khw/simulation_ws/install/odom_tools /usr/bin/cmake --build /home/khw/simulation_ws/src/build/dynamixel_sdk -- -j12 -l12
[2.248s] Invoking command in '/home/khw/simulation_ws/src/build/dynamixel_sdk': CMAKE_PREFIX_PATH=${CMAKE_PREFIX_PATH}:/opt/ros/humble:/home/khw/simulation_ws/install/turtlebot3_teleop:/home/khw/simulation_ws/install/turtlebot3_example:/home/khw/simulation_ws/install/odom_tools /usr/bin/cmake --install /home/khw/simulation_ws/src/build/dynamixel_sdk
[2.258s] -- Install configuration: ""
[2.259s] -- Installing: /home/khw/simulation_ws/src/install/dynamixel_sdk/include/
[2.259s] -- Installing: /home/khw/simulation_ws/src/install/dynamixel_sdk/include//dynamixel_sdk
[2.259s] -- Installing: /home/khw/simulation_ws/src/install/dynamixel_sdk/include//dynamixel_sdk/group_fast_bulk_read.h
[2.260s] -- Installing: /home/khw/simulation_ws/src/install/dynamixel_sdk/include//dynamixel_sdk/group_bulk_write.h
[2.260s] -- Installing: /home/khw/simulation_ws/src/install/dynamixel_sdk/include//dynamixel_sdk/group_sync_write.h
[2.260s] -- Installing: /home/khw/simulation_ws/src/install/dynamixel_sdk/include//dynamixel_sdk/port_handler_mac.h
[2.260s] -- Installing: /home/khw/simulation_ws/src/install/dynamixel_sdk/include//dynamixel_sdk/packet_handler.h
[2.260s] -- Installing: /home/khw/simulation_ws/src/install/dynamixel_sdk/include//dynamixel_sdk/port_handler_arduino.h
[2.260s] -- Installing: /home/khw/simulation_ws/src/install/dynamixel_sdk/include//dynamixel_sdk/protocol1_packet_handler.h
[2.260s] -- Installing: /home/khw/simulation_ws/src/install/dynamixel_sdk/include//dynamixel_sdk/group_sync_read.h
[2.260s] -- Installing: /home/khw/simulation_ws/src/install/dynamixel_sdk/include//dynamixel_sdk/group_handler.h
[2.261s] -- Installing: /home/khw/simulation_ws/src/install/dynamixel_sdk/include//dynamixel_sdk/group_fast_sync_read.h
[2.261s] -- Installing: /home/khw/simulation_ws/src/install/dynamixel_sdk/include//dynamixel_sdk/port_handler.h
[2.261s] -- Installing: /home/khw/simulation_ws/src/install/dynamixel_sdk/include//dynamixel_sdk/dynamixel_sdk.h
[2.261s] -- Installing: /home/khw/simulation_ws/src/install/dynamixel_sdk/include//dynamixel_sdk/port_handler_linux.h
[2.261s] -- Installing: /home/khw/simulation_ws/src/install/dynamixel_sdk/include//dynamixel_sdk/group_bulk_read.h
[2.261s] -- Installing: /home/khw/simulation_ws/src/install/dynamixel_sdk/include//dynamixel_sdk/port_handler_windows.h
[2.261s] -- Installing: /home/khw/simulation_ws/src/install/dynamixel_sdk/include//dynamixel_sdk/protocol2_packet_handler.h
[2.262s] -- Installing: /home/khw/simulation_ws/src/install/dynamixel_sdk/lib/libdynamixel_sdk.so
[2.262s] -- Installing: /home/khw/simulation_ws/src/install/dynamixel_sdk/share/dynamixel_sdk/environment/pythonpath.sh
[2.262s] -- Installing: /home/khw/simulation_ws/src/install/dynamixel_sdk/share/dynamixel_sdk/environment/pythonpath.dsv
[2.263s] -- Installing: /home/khw/simulation_ws/src/install/dynamixel_sdk/local/lib/python3.10/dist-packages/dynamixel_sdk-3.8.3-py3.10.egg-info
[2.263s] -- Installing: /home/khw/simulation_ws/src/install/dynamixel_sdk/local/lib/python3.10/dist-packages/dynamixel_sdk-3.8.3-py3.10.egg-info/dependency_links.txt
[2.263s] -- Installing: /home/khw/simulation_ws/src/install/dynamixel_sdk/local/lib/python3.10/dist-packages/dynamixel_sdk-3.8.3-py3.10.egg-info/top_level.txt
[2.263s] -- Installing: /home/khw/simulation_ws/src/install/dynamixel_sdk/local/lib/python3.10/dist-packages/dynamixel_sdk-3.8.3-py3.10.egg-info/PKG-INFO
[2.263s] -- Installing: /home/khw/simulation_ws/src/install/dynamixel_sdk/local/lib/python3.10/dist-packages/dynamixel_sdk-3.8.3-py3.10.egg-info/SOURCES.txt
[2.263s] -- Installing: /home/khw/simulation_ws/src/install/dynamixel_sdk/local/lib/python3.10/dist-packages/dynamixel_sdk
[2.263s] -- Installing: /home/khw/simulation_ws/src/install/dynamixel_sdk/local/lib/python3.10/dist-packages/dynamixel_sdk/group_handler.cpp
[2.264s] -- Installing: /home/khw/simulation_ws/src/install/dynamixel_sdk/local/lib/python3.10/dist-packages/dynamixel_sdk/group_bulk_read.cpp
[2.264s] -- Installing: /home/khw/simulation_ws/src/install/dynamixel_sdk/local/lib/python3.10/dist-packages/dynamixel_sdk/protocol1_packet_handler.cpp
[2.264s] -- Installing: /home/khw/simulation_ws/src/install/dynamixel_sdk/local/lib/python3.10/dist-packages/dynamixel_sdk/group_fast_bulk_read.cpp
[2.264s] -- Installing: /home/khw/simulation_ws/src/install/dynamixel_sdk/local/lib/python3.10/dist-packages/dynamixel_sdk/protocol1_packet_handler.py
[2.264s] -- Installing: /home/khw/simulation_ws/src/install/dynamixel_sdk/local/lib/python3.10/dist-packages/dynamixel_sdk/port_handler.cpp
[2.264s] -- Installing: /home/khw/simulation_ws/src/install/dynamixel_sdk/local/lib/python3.10/dist-packages/dynamixel_sdk/group_sync_write.py
[2.264s] -- Installing: /home/khw/simulation_ws/src/install/dynamixel_sdk/local/lib/python3.10/dist-packages/dynamixel_sdk/group_bulk_write.py
[2.265s] -- Installing: /home/khw/simulation_ws/src/install/dynamixel_sdk/local/lib/python3.10/dist-packages/dynamixel_sdk/protocol2_packet_handler.cpp
[2.265s] -- Installing: /home/khw/simulation_ws/src/install/dynamixel_sdk/local/lib/python3.10/dist-packages/dynamixel_sdk/port_handler_mac.cpp
[2.265s] -- Installing: /home/khw/simulation_ws/src/install/dynamixel_sdk/local/lib/python3.10/dist-packages/dynamixel_sdk/port_handler_windows.cpp
[2.265s] -- Installing: /home/khw/simulation_ws/src/install/dynamixel_sdk/local/lib/python3.10/dist-packages/dynamixel_sdk/robotis_def.py
[2.265s] -- Installing: /home/khw/simulation_ws/src/install/dynamixel_sdk/local/lib/python3.10/dist-packages/dynamixel_sdk/port_handler_linux.cpp
[2.265s] -- Installing: /home/khw/simulation_ws/src/install/dynamixel_sdk/local/lib/python3.10/dist-packages/dynamixel_sdk/group_bulk_write.cpp
[2.265s] -- Installing: /home/khw/simulation_ws/src/install/dynamixel_sdk/local/lib/python3.10/dist-packages/dynamixel_sdk/packet_handler.py
[2.265s] -- Installing: /home/khw/simulation_ws/src/install/dynamixel_sdk/local/lib/python3.10/dist-packages/dynamixel_sdk/packet_handler.cpp
[2.266s] -- Installing: /home/khw/simulation_ws/src/install/dynamixel_sdk/local/lib/python3.10/dist-packages/dynamixel_sdk/port_handler.py
[2.266s] -- Installing: /home/khw/simulation_ws/src/install/dynamixel_sdk/local/lib/python3.10/dist-packages/dynamixel_sdk/protocol2_packet_handler.py
[2.266s] -- Installing: /home/khw/simulation_ws/src/install/dynamixel_sdk/local/lib/python3.10/dist-packages/dynamixel_sdk/port_handler_arduino.cpp
[2.266s] -- Installing: /home/khw/simulation_ws/src/install/dynamixel_sdk/local/lib/python3.10/dist-packages/dynamixel_sdk/group_sync_read.py
[2.266s] -- Installing: /home/khw/simulation_ws/src/install/dynamixel_sdk/local/lib/python3.10/dist-packages/dynamixel_sdk/group_sync_read.cpp
[2.266s] -- Installing: /home/khw/simulation_ws/src/install/dynamixel_sdk/local/lib/python3.10/dist-packages/dynamixel_sdk/group_sync_write.cpp
[2.266s] -- Installing: /home/khw/simulation_ws/src/install/dynamixel_sdk/local/lib/python3.10/dist-packages/dynamixel_sdk/__init__.py
[2.267s] -- Installing: /home/khw/simulation_ws/src/install/dynamixel_sdk/local/lib/python3.10/dist-packages/dynamixel_sdk/group_bulk_read.py
[2.267s] -- Installing: /home/khw/simulation_ws/src/install/dynamixel_sdk/local/lib/python3.10/dist-packages/dynamixel_sdk/group_fast_sync_read.cpp
[2.335s] Listing '/home/khw/simulation_ws/src/install/dynamixel_sdk/local/lib/python3.10/dist-packages/dynamixel_sdk'...
[2.336s] Compiling '/home/khw/simulation_ws/src/install/dynamixel_sdk/local/lib/python3.10/dist-packages/dynamixel_sdk/__init__.py'...
[2.336s] Compiling '/home/khw/simulation_ws/src/install/dynamixel_sdk/local/lib/python3.10/dist-packages/dynamixel_sdk/group_bulk_read.py'...
[2.336s] Compiling '/home/khw/simulation_ws/src/install/dynamixel_sdk/local/lib/python3.10/dist-packages/dynamixel_sdk/group_bulk_write.py'...
[2.336s] Compiling '/home/khw/simulation_ws/src/install/dynamixel_sdk/local/lib/python3.10/dist-packages/dynamixel_sdk/group_sync_read.py'...
[2.336s] Compiling '/home/khw/simulation_ws/src/install/dynamixel_sdk/local/lib/python3.10/dist-packages/dynamixel_sdk/group_sync_write.py'...
[2.336s] Compiling '/home/khw/simulation_ws/src/install/dynamixel_sdk/local/lib/python3.10/dist-packages/dynamixel_sdk/packet_handler.py'...
[2.336s] Compiling '/home/khw/simulation_ws/src/install/dynamixel_sdk/local/lib/python3.10/dist-packages/dynamixel_sdk/port_handler.py'...
[2.336s] Compiling '/home/khw/simulation_ws/src/install/dynamixel_sdk/local/lib/python3.10/dist-packages/dynamixel_sdk/protocol1_packet_handler.py'...
[2.336s] Compiling '/home/khw/simulation_ws/src/install/dynamixel_sdk/local/lib/python3.10/dist-packages/dynamixel_sdk/protocol2_packet_handler.py'...
[2.336s] Compiling '/home/khw/simulation_ws/src/install/dynamixel_sdk/local/lib/python3.10/dist-packages/dynamixel_sdk/robotis_def.py'...
[2.342s] -- Installing: /home/khw/simulation_ws/src/install/dynamixel_sdk/share/dynamixel_sdk/environment/library_path.sh
[2.342s] -- Installing: /home/khw/simulation_ws/src/install/dynamixel_sdk/share/dynamixel_sdk/environment/library_path.dsv
[2.343s] -- Installing: /home/khw/simulation_ws/src/install/dynamixel_sdk/share/ament_index/resource_index/package_run_dependencies/dynamixel_sdk
[2.343s] -- Installing: /home/khw/simulation_ws/src/install/dynamixel_sdk/share/ament_index/resource_index/parent_prefix_path/dynamixel_sdk
[2.343s] -- Installing: /home/khw/simulation_ws/src/install/dynamixel_sdk/share/dynamixel_sdk/environment/ament_prefix_path.sh
[2.343s] -- Installing: /home/khw/simulation_ws/src/install/dynamixel_sdk/share/dynamixel_sdk/environment/ament_prefix_path.dsv
[2.343s] -- Installing: /home/khw/simulation_ws/src/install/dynamixel_sdk/share/dynamixel_sdk/environment/path.sh
[2.343s] -- Installing: /home/khw/simulation_ws/src/install/dynamixel_sdk/share/dynamixel_sdk/environment/path.dsv
[2.344s] -- Installing: /home/khw/simulation_ws/src/install/dynamixel_sdk/share/dynamixel_sdk/local_setup.bash
[2.344s] -- Installing: /home/khw/simulation_ws/src/install/dynamixel_sdk/share/dynamixel_sdk/local_setup.sh
[2.344s] -- Installing: /home/khw/simulation_ws/src/install/dynamixel_sdk/share/dynamixel_sdk/local_setup.zsh
[2.344s] -- Installing: /home/khw/simulation_ws/src/install/dynamixel_sdk/share/dynamixel_sdk/local_setup.dsv
[2.344s] -- Installing: /home/khw/simulation_ws/src/install/dynamixel_sdk/share/dynamixel_sdk/package.dsv
[2.344s] -- Installing: /home/khw/simulation_ws/src/install/dynamixel_sdk/share/ament_index/resource_index/packages/dynamixel_sdk
[2.345s] -- Installing: /home/khw/simulation_ws/src/install/dynamixel_sdk/share/dynamixel_sdk/cmake/ament_cmake_export_include_directories-extras.cmake
[2.345s] -- Installing: /home/khw/simulation_ws/src/install/dynamixel_sdk/share/dynamixel_sdk/cmake/ament_cmake_export_libraries-extras.cmake
[2.345s] -- Installing: /home/khw/simulation_ws/src/install/dynamixel_sdk/share/dynamixel_sdk/cmake/dynamixel_sdkConfig.cmake
[2.345s] -- Installing: /home/khw/simulation_ws/src/install/dynamixel_sdk/share/dynamixel_sdk/cmake/dynamixel_sdkConfig-version.cmake
[2.345s] -- Installing: /home/khw/simulation_ws/src/install/dynamixel_sdk/share/dynamixel_sdk/package.xml
[2.348s] Invoked command in '/home/khw/simulation_ws/src/build/dynamixel_sdk' returned '0': CMAKE_PREFIX_PATH=${CMAKE_PREFIX_PATH}:/opt/ros/humble:/home/khw/simulation_ws/install/turtlebot3_teleop:/home/khw/simulation_ws/install/turtlebot3_example:/home/khw/simulation_ws/install/odom_tools /usr/bin/cmake --install /home/khw/simulation_ws/src/build/dynamixel_sdk
