[0.062s] Invoking command in '/home/khw/simulation_ws/build/turtlebot3_node': CMAKE_PREFIX_PATH=/home/khw/simulation_ws/install/turtlebot3_msgs:/home/khw/simulation_ws/install/dynamixel_sdk:/home/khw/simulation_ws/install/turtlebot3:/home/khw/simulation_ws/install/turtlebot3_bringup:/home/khw/simulation_ws/install/turtlebot3_node:/home/khw/simulation_ws/install/turtlebot3_navigation2:/home/khw/simulation_ws/install/turtlebot3_description:/home/khw/simulation_ws/install/turtlebot3_cartographer:/home/khw/simulation_ws/install/dynamixel_sdk_examples:/home/khw/simulation_ws/install/dynamixel_sdk_custom_interfaces:/opt/ros/humble:/home/khw/simulation_ws/install/turtlebot3_teleop:/home/khw/simulation_ws/install/turtlebot3_example:/home/khw/simulation_ws/install/odom_tools LD_LIBRARY_PATH=/home/khw/simulation_ws/install/turtlebot3_msgs/lib:/home/khw/simulation_ws/install/dynamixel_sdk/lib:/usr/lib/x86_64-linux-gnu/gazebo-11/plugins:/opt/ros/humble/opt/rviz_ogre_vendor/lib:/opt/ros/humble/lib/x86_64-linux-gnu:/opt/ros/humble/lib:/home/khw/simulation_ws/install/dynamixel_sdk_custom_interfaces/lib:/usr/lib/x86_64-linux-gnu/gazebo-11/plugins:/usr/lib/x86_64-linux-gnu/gazebo-11/plugins:/usr/lib/x86_64-linux-gnu/gazebo-11/plugins /usr/bin/cmake --build /home/khw/simulation_ws/build/turtlebot3_node -- -j12 -l12
[0.150s] -- Found ament_cmake: 1.3.11 (/opt/ros/humble/share/ament_cmake/cmake)
[0.696s] -- Override CMake install command with custom implementation using symlinks instead of copying resources
[0.723s] -- Found dynamixel_sdk: 3.8.3 (/home/khw/simulation_ws/install/dynamixel_sdk/share/dynamixel_sdk/cmake)
[0.728s] -- Found geometry_msgs: 4.8.0 (/opt/ros/humble/share/geometry_msgs/cmake)
[0.821s] -- Found rosidl_generator_c: 3.1.6 (/opt/ros/humble/share/rosidl_generator_c/cmake)
[0.830s] -- Found rosidl_adapter: 3.1.6 (/opt/ros/humble/share/rosidl_adapter/cmake)
[0.849s] -- Found rosidl_generator_cpp: 3.1.6 (/opt/ros/humble/share/rosidl_generator_cpp/cmake)
[0.883s] -- Using all available rosidl_typesupport_c: rosidl_typesupport_fastrtps_c;rosidl_typesupport_introspection_c
[0.927s] -- Using all available rosidl_typesupport_cpp: rosidl_typesupport_fastrtps_cpp;rosidl_typesupport_introspection_cpp
[1.051s] -- Found message_filters: 4.3.7 (/opt/ros/humble/share/message_filters/cmake)
[1.157s] -- Found rmw_implementation_cmake: 6.1.2 (/opt/ros/humble/share/rmw_implementation_cmake/cmake)
[1.163s] -- Found rmw_fastrtps_cpp: 6.2.7 (/opt/ros/humble/share/rmw_fastrtps_cpp/cmake)
[1.522s] -- Using RMW implementation 'rmw_fastrtps_cpp' as default
[1.670s] -- Found nav_msgs: 4.8.0 (/opt/ros/humble/share/nav_msgs/cmake)
[1.735s] -- Found sensor_msgs: 4.8.0 (/opt/ros/humble/share/sensor_msgs/cmake)
[1.802s] -- Found std_srvs: 4.8.0 (/opt/ros/humble/share/std_srvs/cmake)
[1.833s] -- Found tf2: 0.25.12 (/opt/ros/humble/share/tf2/cmake)
[1.846s] -- Found tf2_ros: 0.25.12 (/opt/ros/humble/share/tf2_ros/cmake)
[2.150s] -- Found turtlebot3_msgs: 2.4.0 (/home/khw/simulation_ws/install/turtlebot3_msgs/share/turtlebot3_msgs/cmake)
[2.498s] -- Configuring done
[2.569s] -- Generating done
[2.593s] -- Build files have been written to: /home/khw/simulation_ws/build/turtlebot3_node
[2.695s] [35m[1mConsolidate compiler generated dependencies of target turtlebot3_node_lib[0m
[2.797s] [  7%] [32mBuilding CXX object CMakeFiles/turtlebot3_node_lib.dir/src/devices/motor_power.cpp.o[0m
[2.801s] [ 14%] [32mBuilding CXX object CMakeFiles/turtlebot3_node_lib.dir/src/devices/reset.cpp.o[0m
[2.808s] [ 21%] [32mBuilding CXX object CMakeFiles/turtlebot3_node_lib.dir/src/diff_drive_controller.cpp.o[0m
[2.809s] [ 28%] [32mBuilding CXX object CMakeFiles/turtlebot3_node_lib.dir/src/devices/sound.cpp.o[0m
[2.809s] [ 35%] [32mBuilding CXX object CMakeFiles/turtlebot3_node_lib.dir/src/dynamixel_sdk_wrapper.cpp.o[0m
[2.815s] [ 42%] [32mBuilding CXX object CMakeFiles/turtlebot3_node_lib.dir/src/turtlebot3.cpp.o[0m
[2.822s] [ 50%] [32mBuilding CXX object CMakeFiles/turtlebot3_node_lib.dir/src/odometry.cpp.o[0m
[2.851s] [ 57%] [32mBuilding CXX object CMakeFiles/turtlebot3_node_lib.dir/src/sensors/joint_state.cpp.o[0m
[2.859s] [ 64%] [32mBuilding CXX object CMakeFiles/turtlebot3_node_lib.dir/src/sensors/battery_state.cpp.o[0m
[2.894s] [ 71%] [32mBuilding CXX object CMakeFiles/turtlebot3_node_lib.dir/src/sensors/sensor_state.cpp.o[0m
[2.899s] [ 78%] [32mBuilding CXX object CMakeFiles/turtlebot3_node_lib.dir/src/sensors/imu.cpp.o[0m
[49.031s] [ 85%] [32m[1mLinking CXX static library libturtlebot3_node_lib.a[0m
[49.985s] [ 85%] Built target turtlebot3_node_lib
[50.008s] [35m[1mConsolidate compiler generated dependencies of target turtlebot3_ros[0m
[50.039s] [ 92%] [32mBuilding CXX object CMakeFiles/turtlebot3_ros.dir/src/node_main.cpp.o[0m
[55.572s] [100%] [32m[1mLinking CXX executable turtlebot3_ros[0m
[59.471s] [100%] Built target turtlebot3_ros
[59.491s] Invoked command in '/home/khw/simulation_ws/build/turtlebot3_node' returned '0': CMAKE_PREFIX_PATH=/home/khw/simulation_ws/install/turtlebot3_msgs:/home/khw/simulation_ws/install/dynamixel_sdk:/home/khw/simulation_ws/install/turtlebot3:/home/khw/simulation_ws/install/turtlebot3_bringup:/home/khw/simulation_ws/install/turtlebot3_node:/home/khw/simulation_ws/install/turtlebot3_navigation2:/home/khw/simulation_ws/install/turtlebot3_description:/home/khw/simulation_ws/install/turtlebot3_cartographer:/home/khw/simulation_ws/install/dynamixel_sdk_examples:/home/khw/simulation_ws/install/dynamixel_sdk_custom_interfaces:/opt/ros/humble:/home/khw/simulation_ws/install/turtlebot3_teleop:/home/khw/simulation_ws/install/turtlebot3_example:/home/khw/simulation_ws/install/odom_tools LD_LIBRARY_PATH=/home/khw/simulation_ws/install/turtlebot3_msgs/lib:/home/khw/simulation_ws/install/dynamixel_sdk/lib:/usr/lib/x86_64-linux-gnu/gazebo-11/plugins:/opt/ros/humble/opt/rviz_ogre_vendor/lib:/opt/ros/humble/lib/x86_64-linux-gnu:/opt/ros/humble/lib:/home/khw/simulation_ws/install/dynamixel_sdk_custom_interfaces/lib:/usr/lib/x86_64-linux-gnu/gazebo-11/plugins:/usr/lib/x86_64-linux-gnu/gazebo-11/plugins:/usr/lib/x86_64-linux-gnu/gazebo-11/plugins /usr/bin/cmake --build /home/khw/simulation_ws/build/turtlebot3_node -- -j12 -l12
[59.495s] Invoking command in '/home/khw/simulation_ws/build/turtlebot3_node': CMAKE_PREFIX_PATH=/home/khw/simulation_ws/install/turtlebot3_msgs:/home/khw/simulation_ws/install/dynamixel_sdk:/home/khw/simulation_ws/install/turtlebot3:/home/khw/simulation_ws/install/turtlebot3_bringup:/home/khw/simulation_ws/install/turtlebot3_node:/home/khw/simulation_ws/install/turtlebot3_navigation2:/home/khw/simulation_ws/install/turtlebot3_description:/home/khw/simulation_ws/install/turtlebot3_cartographer:/home/khw/simulation_ws/install/dynamixel_sdk_examples:/home/khw/simulation_ws/install/dynamixel_sdk_custom_interfaces:/opt/ros/humble:/home/khw/simulation_ws/install/turtlebot3_teleop:/home/khw/simulation_ws/install/turtlebot3_example:/home/khw/simulation_ws/install/odom_tools LD_LIBRARY_PATH=/home/khw/simulation_ws/install/turtlebot3_msgs/lib:/home/khw/simulation_ws/install/dynamixel_sdk/lib:/usr/lib/x86_64-linux-gnu/gazebo-11/plugins:/opt/ros/humble/opt/rviz_ogre_vendor/lib:/opt/ros/humble/lib/x86_64-linux-gnu:/opt/ros/humble/lib:/home/khw/simulation_ws/install/dynamixel_sdk_custom_interfaces/lib:/usr/lib/x86_64-linux-gnu/gazebo-11/plugins:/usr/lib/x86_64-linux-gnu/gazebo-11/plugins:/usr/lib/x86_64-linux-gnu/gazebo-11/plugins /usr/bin/cmake --install /home/khw/simulation_ws/build/turtlebot3_node
[59.508s] -- Install configuration: ""
[59.509s] -- Execute custom install script
[59.510s] -- Up-to-date symlink: /home/khw/simulation_ws/install/turtlebot3_node/share/turtlebot3_node/param/burger.yaml
[59.510s] -- Up-to-date symlink: /home/khw/simulation_ws/install/turtlebot3_node/share/turtlebot3_node/param/waffle.yaml
[59.510s] -- Up-to-date symlink: /home/khw/simulation_ws/install/turtlebot3_node/share/turtlebot3_node/param/waffle_pi.yaml
[59.510s] -- Up-to-date symlink: /home/khw/simulation_ws/install/turtlebot3_node/lib/turtlebot3_node/turtlebot3_ros
[59.510s] -- Up-to-date symlink: /home/khw/simulation_ws/install/turtlebot3_node/share/ament_index/resource_index/package_run_dependencies/turtlebot3_node
[59.511s] -- Up-to-date symlink: /home/khw/simulation_ws/install/turtlebot3_node/share/ament_index/resource_index/parent_prefix_path/turtlebot3_node
[59.511s] -- Up-to-date symlink: /home/khw/simulation_ws/install/turtlebot3_node/share/turtlebot3_node/environment/ament_prefix_path.sh
[59.511s] -- Up-to-date symlink: /home/khw/simulation_ws/install/turtlebot3_node/share/turtlebot3_node/environment/ament_prefix_path.dsv
[59.511s] -- Up-to-date symlink: /home/khw/simulation_ws/install/turtlebot3_node/share/turtlebot3_node/environment/path.sh
[59.512s] -- Up-to-date symlink: /home/khw/simulation_ws/install/turtlebot3_node/share/turtlebot3_node/environment/path.dsv
[59.512s] -- Up-to-date symlink: /home/khw/simulation_ws/install/turtlebot3_node/share/turtlebot3_node/local_setup.bash
[59.512s] -- Up-to-date symlink: /home/khw/simulation_ws/install/turtlebot3_node/share/turtlebot3_node/local_setup.sh
[59.512s] -- Up-to-date symlink: /home/khw/simulation_ws/install/turtlebot3_node/share/turtlebot3_node/local_setup.zsh
[59.512s] -- Up-to-date symlink: /home/khw/simulation_ws/install/turtlebot3_node/share/turtlebot3_node/local_setup.dsv
[59.513s] -- Symlinking: /home/khw/simulation_ws/install/turtlebot3_node/share/turtlebot3_node/package.dsv
[59.530s] -- Up-to-date symlink: /home/khw/simulation_ws/install/turtlebot3_node/share/ament_index/resource_index/packages/turtlebot3_node
[59.530s] -- Up-to-date symlink: /home/khw/simulation_ws/install/turtlebot3_node/share/turtlebot3_node/cmake/ament_cmake_export_include_directories-extras.cmake
[59.530s] -- Up-to-date symlink: /home/khw/simulation_ws/install/turtlebot3_node/share/turtlebot3_node/cmake/turtlebot3_nodeConfig.cmake
[59.531s] -- Up-to-date symlink: /home/khw/simulation_ws/install/turtlebot3_node/share/turtlebot3_node/cmake/turtlebot3_nodeConfig-version.cmake
[59.531s] -- Up-to-date symlink: /home/khw/simulation_ws/install/turtlebot3_node/share/turtlebot3_node/package.xml
[59.538s] Invoked command in '/home/khw/simulation_ws/build/turtlebot3_node' returned '0': CMAKE_PREFIX_PATH=/home/khw/simulation_ws/install/turtlebot3_msgs:/home/khw/simulation_ws/install/dynamixel_sdk:/home/khw/simulation_ws/install/turtlebot3:/home/khw/simulation_ws/install/turtlebot3_bringup:/home/khw/simulation_ws/install/turtlebot3_node:/home/khw/simulation_ws/install/turtlebot3_navigation2:/home/khw/simulation_ws/install/turtlebot3_description:/home/khw/simulation_ws/install/turtlebot3_cartographer:/home/khw/simulation_ws/install/dynamixel_sdk_examples:/home/khw/simulation_ws/install/dynamixel_sdk_custom_interfaces:/opt/ros/humble:/home/khw/simulation_ws/install/turtlebot3_teleop:/home/khw/simulation_ws/install/turtlebot3_example:/home/khw/simulation_ws/install/odom_tools LD_LIBRARY_PATH=/home/khw/simulation_ws/install/turtlebot3_msgs/lib:/home/khw/simulation_ws/install/dynamixel_sdk/lib:/usr/lib/x86_64-linux-gnu/gazebo-11/plugins:/opt/ros/humble/opt/rviz_ogre_vendor/lib:/opt/ros/humble/lib/x86_64-linux-gnu:/opt/ros/humble/lib:/home/khw/simulation_ws/install/dynamixel_sdk_custom_interfaces/lib:/usr/lib/x86_64-linux-gnu/gazebo-11/plugins:/usr/lib/x86_64-linux-gnu/gazebo-11/plugins:/usr/lib/x86_64-linux-gnu/gazebo-11/plugins /usr/bin/cmake --install /home/khw/simulation_ws/build/turtlebot3_node
