[1.784s] Invoking command in '/home/khw/simulation_ws/src/turtlebot3/turtlebot3_teleop': PYTHONPATH=/home/khw/simulation_ws/src/build/turtlebot3_teleop/prefix_override:/usr/lib/python3/dist-packages/colcon_core/task/python/colcon_distutils_commands:/home/khw/simulation_ws/src/install/turtlebot3_teleop/lib/python3.10/site-packages:${PYTHONPATH} /usr/bin/python3 -W ignore:setup.py install is deprecated -W ignore:easy_install command is deprecated setup.py egg_info --egg-base ../../build/turtlebot3_teleop build --build-base /home/khw/simulation_ws/src/build/turtlebot3_teleop/build install --record /home/khw/simulation_ws/src/build/turtlebot3_teleop/install.log --single-version-externally-managed install_data
[2.248s] running egg_info
[2.249s] creating ../../build/turtlebot3_teleop/turtlebot3_teleop.egg-info
[2.249s] writing ../../build/turtlebot3_teleop/turtlebot3_teleop.egg-info/PKG-INFO
[2.250s] writing dependency_links to ../../build/turtlebot3_teleop/turtlebot3_teleop.egg-info/dependency_links.txt
[2.250s] writing entry points to ../../build/turtlebot3_teleop/turtlebot3_teleop.egg-info/entry_points.txt
[2.250s] writing requirements to ../../build/turtlebot3_teleop/turtlebot3_teleop.egg-info/requires.txt
[2.250s] writing top-level names to ../../build/turtlebot3_teleop/turtlebot3_teleop.egg-info/top_level.txt
[2.251s] writing manifest file '../../build/turtlebot3_teleop/turtlebot3_teleop.egg-info/SOURCES.txt'
[2.253s] reading manifest file '../../build/turtlebot3_teleop/turtlebot3_teleop.egg-info/SOURCES.txt'
[2.254s] writing manifest file '../../build/turtlebot3_teleop/turtlebot3_teleop.egg-info/SOURCES.txt'
[2.254s] running build
[2.254s] running build_py
[2.254s] creating /home/khw/simulation_ws/src/build/turtlebot3_teleop/build
[2.255s] creating /home/khw/simulation_ws/src/build/turtlebot3_teleop/build/lib
[2.255s] creating /home/khw/simulation_ws/src/build/turtlebot3_teleop/build/lib/turtlebot3_teleop
[2.255s] copying turtlebot3_teleop/__init__.py -> /home/khw/simulation_ws/src/build/turtlebot3_teleop/build/lib/turtlebot3_teleop
[2.255s] creating /home/khw/simulation_ws/src/build/turtlebot3_teleop/build/lib/turtlebot3_teleop/script
[2.255s] copying turtlebot3_teleop/script/teleop_keyboard.py -> /home/khw/simulation_ws/src/build/turtlebot3_teleop/build/lib/turtlebot3_teleop/script
[2.255s] copying turtlebot3_teleop/script/__init__.py -> /home/khw/simulation_ws/src/build/turtlebot3_teleop/build/lib/turtlebot3_teleop/script
[2.256s] running install
[2.256s] running install_lib
[2.257s] creating /home/khw/simulation_ws/src/install/turtlebot3_teleop/lib/python3.10/site-packages/turtlebot3_teleop
[2.257s] creating /home/khw/simulation_ws/src/install/turtlebot3_teleop/lib/python3.10/site-packages/turtlebot3_teleop/script
[2.257s] copying /home/khw/simulation_ws/src/build/turtlebot3_teleop/build/lib/turtlebot3_teleop/script/teleop_keyboard.py -> /home/khw/simulation_ws/src/install/turtlebot3_teleop/lib/python3.10/site-packages/turtlebot3_teleop/script
[2.257s] copying /home/khw/simulation_ws/src/build/turtlebot3_teleop/build/lib/turtlebot3_teleop/script/__init__.py -> /home/khw/simulation_ws/src/install/turtlebot3_teleop/lib/python3.10/site-packages/turtlebot3_teleop/script
[2.258s] copying /home/khw/simulation_ws/src/build/turtlebot3_teleop/build/lib/turtlebot3_teleop/__init__.py -> /home/khw/simulation_ws/src/install/turtlebot3_teleop/lib/python3.10/site-packages/turtlebot3_teleop
[2.258s] byte-compiling /home/khw/simulation_ws/src/install/turtlebot3_teleop/lib/python3.10/site-packages/turtlebot3_teleop/script/teleop_keyboard.py to teleop_keyboard.cpython-310.pyc
[2.260s] byte-compiling /home/khw/simulation_ws/src/install/turtlebot3_teleop/lib/python3.10/site-packages/turtlebot3_teleop/script/__init__.py to __init__.cpython-310.pyc
[2.261s] byte-compiling /home/khw/simulation_ws/src/install/turtlebot3_teleop/lib/python3.10/site-packages/turtlebot3_teleop/__init__.py to __init__.cpython-310.pyc
[2.261s] running install_data
[2.261s] creating /home/khw/simulation_ws/src/install/turtlebot3_teleop/share/ament_index
[2.262s] creating /home/khw/simulation_ws/src/install/turtlebot3_teleop/share/ament_index/resource_index
[2.262s] creating /home/khw/simulation_ws/src/install/turtlebot3_teleop/share/ament_index/resource_index/packages
[2.262s] copying resource/turtlebot3_teleop -> /home/khw/simulation_ws/src/install/turtlebot3_teleop/share/ament_index/resource_index/packages
[2.262s] copying package.xml -> /home/khw/simulation_ws/src/install/turtlebot3_teleop/share/turtlebot3_teleop
[2.263s] running install_egg_info
[2.264s] Copying ../../build/turtlebot3_teleop/turtlebot3_teleop.egg-info to /home/khw/simulation_ws/src/install/turtlebot3_teleop/lib/python3.10/site-packages/turtlebot3_teleop-2.2.8-py3.10.egg-info
[2.266s] running install_scripts
[2.294s] Installing teleop_keyboard script to /home/khw/simulation_ws/src/install/turtlebot3_teleop/lib/turtlebot3_teleop
[2.294s] writing list of installed files to '/home/khw/simulation_ws/src/build/turtlebot3_teleop/install.log'
[2.335s] Invoked command in '/home/khw/simulation_ws/src/turtlebot3/turtlebot3_teleop' returned '0': PYTHONPATH=/home/khw/simulation_ws/src/build/turtlebot3_teleop/prefix_override:/usr/lib/python3/dist-packages/colcon_core/task/python/colcon_distutils_commands:/home/khw/simulation_ws/src/install/turtlebot3_teleop/lib/python3.10/site-packages:${PYTHONPATH} /usr/bin/python3 -W ignore:setup.py install is deprecated -W ignore:easy_install command is deprecated setup.py egg_info --egg-base ../../build/turtlebot3_teleop build --build-base /home/khw/simulation_ws/src/build/turtlebot3_teleop/build install --record /home/khw/simulation_ws/src/build/turtlebot3_teleop/install.log --single-version-externally-managed install_data
