running develop
Removing /home/khw/simulation_ws/install/odom_tools/lib/python3.10/site-packages/odom-tools.egg-link (link to .)
running egg_info
writing ../../build/odom_tools/odom_tools.egg-info/PKG-INFO
writing dependency_links to ../../build/odom_tools/odom_tools.egg-info/dependency_links.txt
writing entry points to ../../build/odom_tools/odom_tools.egg-info/entry_points.txt
writing requirements to ../../build/odom_tools/odom_tools.egg-info/requires.txt
writing top-level names to ../../build/odom_tools/odom_tools.egg-info/top_level.txt
reading manifest file '../../build/odom_tools/odom_tools.egg-info/SOURCES.txt'
writing manifest file '../../build/odom_tools/odom_tools.egg-info/SOURCES.txt'
running build
running build_py
running install
running install_lib
creating /home/khw/simulation_ws/install/odom_tools/lib/python3.10/site-packages/odom_tools
copying /home/khw/simulation_ws/build/odom_tools/build/lib/odom_tools/odom_listener.py -> /home/khw/simulation_ws/install/odom_tools/lib/python3.10/site-packages/odom_tools
copying /home/khw/simulation_ws/build/odom_tools/build/lib/odom_tools/mqtt_receiver.py -> /home/khw/simulation_ws/install/odom_tools/lib/python3.10/site-packages/odom_tools
copying /home/khw/simulation_ws/build/odom_tools/build/lib/odom_tools/move_turtlebot.py -> /home/khw/simulation_ws/install/odom_tools/lib/python3.10/site-packages/odom_tools
copying /home/khw/simulation_ws/build/odom_tools/build/lib/odom_tools/kiosk.py -> /home/khw/simulation_ws/install/odom_tools/lib/python3.10/site-packages/odom_tools
copying /home/khw/simulation_ws/build/odom_tools/build/lib/odom_tools/__init__.py -> /home/khw/simulation_ws/install/odom_tools/lib/python3.10/site-packages/odom_tools
copying /home/khw/simulation_ws/build/odom_tools/build/lib/odom_tools/video_publisher.py -> /home/khw/simulation_ws/install/odom_tools/lib/python3.10/site-packages/odom_tools
copying /home/khw/simulation_ws/build/odom_tools/build/lib/odom_tools/object_detection.py -> /home/khw/simulation_ws/install/odom_tools/lib/python3.10/site-packages/odom_tools
byte-compiling /home/khw/simulation_ws/install/odom_tools/lib/python3.10/site-packages/odom_tools/odom_listener.py to odom_listener.cpython-310.pyc
byte-compiling /home/khw/simulation_ws/install/odom_tools/lib/python3.10/site-packages/odom_tools/mqtt_receiver.py to mqtt_receiver.cpython-310.pyc
byte-compiling /home/khw/simulation_ws/install/odom_tools/lib/python3.10/site-packages/odom_tools/move_turtlebot.py to move_turtlebot.cpython-310.pyc
byte-compiling /home/khw/simulation_ws/install/odom_tools/lib/python3.10/site-packages/odom_tools/kiosk.py to kiosk.cpython-310.pyc
byte-compiling /home/khw/simulation_ws/install/odom_tools/lib/python3.10/site-packages/odom_tools/__init__.py to __init__.cpython-310.pyc
byte-compiling /home/khw/simulation_ws/install/odom_tools/lib/python3.10/site-packages/odom_tools/video_publisher.py to video_publisher.cpython-310.pyc
byte-compiling /home/khw/simulation_ws/install/odom_tools/lib/python3.10/site-packages/odom_tools/object_detection.py to object_detection.cpython-310.pyc
running install_data
copying resource/odom_tools -> /home/khw/simulation_ws/install/odom_tools/share/ament_index/resource_index/packages
copying package.xml -> /home/khw/simulation_ws/install/odom_tools/share/odom_tools
running install_egg_info
Copying ../../build/odom_tools/odom_tools.egg-info to /home/khw/simulation_ws/install/odom_tools/lib/python3.10/site-packages/odom_tools-0.0.0-py3.10.egg-info
running install_scripts
Installing kiosk script to /home/khw/simulation_ws/install/odom_tools/lib/odom_tools
Installing move_turtlebot script to /home/khw/simulation_ws/install/odom_tools/lib/odom_tools
Installing mqtt_goal_sender script to /home/khw/simulation_ws/install/odom_tools/lib/odom_tools
Installing mqtt_receiver script to /home/khw/simulation_ws/install/odom_tools/lib/odom_tools
Installing object_detection script to /home/khw/simulation_ws/install/odom_tools/lib/odom_tools
Installing odom_listener script to /home/khw/simulation_ws/install/odom_tools/lib/odom_tools
Installing video_publisher script to /home/khw/simulation_ws/install/odom_tools/lib/odom_tools
writing list of installed files to '/home/khw/simulation_ws/build/odom_tools/install.log'
