[0.039s] Invoking command in '/home/khw/simulation_ws/build/dynamixel_sdk': CMAKE_PREFIX_PATH=${CMAKE_PREFIX_PATH}:/opt/ros/humble:/home/khw/simulation_ws/install/turtlebot3_teleop:/home/khw/simulation_ws/install/turtlebot3_example:/home/khw/simulation_ws/install/odom_tools /usr/bin/cmake --build /home/khw/simulation_ws/build/dynamixel_sdk -- -j12 -l12
[0.303s] [100%] Built target dynamixel_sdk
[0.304s] [100%] Built target ament_cmake_python_symlink_dynamixel_sdk
[0.304s] Traceback (most recent call last):
[0.304s]   File "/home/khw/simulation_ws/build/dynamixel_sdk/ament_cmake_python/dynamixel_sdk/setup.py", line 1, in <module>
[0.304s]     from setuptools import find_packages
[0.304s]   File "/home/khw/.local/lib/python3.10/site-packages/setuptools/__init__.py", line 16, in <module>
[0.310s]     import setuptools.version
[0.310s]   File "/home/khw/.local/lib/python3.10/site-packages/setuptools/version.py", line 1, in <module>
[0.310s]     import pkg_resources
[0.310s]   File "/home/khw/.local/lib/python3.10/site-packages/pkg_resources/__init__.py", line 82, in <module>
[0.310s]     __import__('pkg_resources.extern.packaging.version')
[0.310s]   File "<frozen importlib._bootstrap>", line 1027, in _find_and_load
[0.310s]   File "<frozen importlib._bootstrap>", line 1006, in _find_and_load_unlocked
[0.311s]   File "<frozen importlib._bootstrap>", line 688, in _load_unlocked
[0.311s]   File "<frozen importlib._bootstrap_external>", line 879, in exec_module
[0.311s]   File "<frozen importlib._bootstrap_external>", line 1010, in get_code
[0.311s]   File "<frozen importlib._bootstrap>", line 246, in _verbose_message
[0.312s] KeyboardInterrupt
[0.327s] gmake[2]: *** [CMakeFiles/ament_cmake_python_build_dynamixel_sdk_egg.dir/build.make:70: CMakeFiles/ament_cmake_python_build_dynamixel_sdk_egg] Interrupt
[0.327s] gmake[1]: *** [CMakeFiles/Makefile2:192: CMakeFiles/ament_cmake_python_build_dynamixel_sdk_egg.dir/all] Interrupt
[0.327s] gmake: *** [Makefile:146: all] Interrupt
