[4.503s] Invoking command in '/home/khw/simulation_ws/src/odom_tools': PYTHONPATH=/home/khw/simulation_ws/build/odom_tools/prefix_override:/usr/lib/python3/dist-packages/colcon_core/task/python/colcon_distutils_commands:/home/khw/simulation_ws/install/odom_tools/lib/python3.10/site-packages:${PYTHONPATH} /usr/bin/python3 -W ignore:setup.py install is deprecated -W ignore:easy_install command is deprecated setup.py egg_info --egg-base ../../build/odom_tools build --build-base /home/khw/simulation_ws/build/odom_tools/build install --record /home/khw/simulation_ws/build/odom_tools/install.log --single-version-externally-managed install_data
[5.538s] running egg_info
[5.581s] writing ../../build/odom_tools/odom_tools.egg-info/PKG-INFO
[5.581s] writing dependency_links to ../../build/odom_tools/odom_tools.egg-info/dependency_links.txt
[5.583s] writing entry points to ../../build/odom_tools/odom_tools.egg-info/entry_points.txt
[5.583s] writing requirements to ../../build/odom_tools/odom_tools.egg-info/requires.txt
[5.583s] writing top-level names to ../../build/odom_tools/odom_tools.egg-info/top_level.txt
[5.672s] reading manifest file '../../build/odom_tools/odom_tools.egg-info/SOURCES.txt'
[5.672s] writing manifest file '../../build/odom_tools/odom_tools.egg-info/SOURCES.txt'
[5.673s] running build
[5.673s] running build_py
[5.673s] copying odom_tools/temp_kiosk.py -> /home/khw/simulation_ws/build/odom_tools/build/lib/odom_tools
[5.673s] copying odom_tools/object_detection.py -> /home/khw/simulation_ws/build/odom_tools/build/lib/odom_tools
[5.674s] running install
[5.685s] running install_lib
[5.730s] copying /home/khw/simulation_ws/build/odom_tools/build/lib/odom_tools/temp_kiosk.py -> /home/khw/simulation_ws/install/odom_tools/lib/python3.10/site-packages/odom_tools
[5.732s] copying /home/khw/simulation_ws/build/odom_tools/build/lib/odom_tools/object_detection.py -> /home/khw/simulation_ws/install/odom_tools/lib/python3.10/site-packages/odom_tools
[5.732s] byte-compiling /home/khw/simulation_ws/install/odom_tools/lib/python3.10/site-packages/odom_tools/temp_kiosk.py to temp_kiosk.cpython-310.pyc
[5.737s] byte-compiling /home/khw/simulation_ws/install/odom_tools/lib/python3.10/site-packages/odom_tools/object_detection.py to object_detection.cpython-310.pyc
[5.741s] running install_data
[5.741s] running install_egg_info
[5.790s] removing '/home/khw/simulation_ws/install/odom_tools/lib/python3.10/site-packages/odom_tools-0.0.0-py3.10.egg-info' (and everything under it)
[5.790s] Copying ../../build/odom_tools/odom_tools.egg-info to /home/khw/simulation_ws/install/odom_tools/lib/python3.10/site-packages/odom_tools-0.0.0-py3.10.egg-info
[5.794s] running install_scripts
[5.995s] Installing kiosk script to /home/khw/simulation_ws/install/odom_tools/lib/odom_tools
[5.995s] Installing latency_measurement script to /home/khw/simulation_ws/install/odom_tools/lib/odom_tools
[5.995s] Installing move_turtlebot script to /home/khw/simulation_ws/install/odom_tools/lib/odom_tools
[5.996s] Installing mqtt_goal_sender script to /home/khw/simulation_ws/install/odom_tools/lib/odom_tools
[5.996s] Installing mqtt_receiver script to /home/khw/simulation_ws/install/odom_tools/lib/odom_tools
[5.996s] Installing object_detection script to /home/khw/simulation_ws/install/odom_tools/lib/odom_tools
[5.996s] Installing odom_listener script to /home/khw/simulation_ws/install/odom_tools/lib/odom_tools
[5.996s] Installing temp_kiosk script to /home/khw/simulation_ws/install/odom_tools/lib/odom_tools
[5.997s] Installing video_publisher script to /home/khw/simulation_ws/install/odom_tools/lib/odom_tools
[5.998s] writing list of installed files to '/home/khw/simulation_ws/build/odom_tools/install.log'
[6.096s] Invoked command in '/home/khw/simulation_ws/src/odom_tools' returned '0': PYTHONPATH=/home/khw/simulation_ws/build/odom_tools/prefix_override:/usr/lib/python3/dist-packages/colcon_core/task/python/colcon_distutils_commands:/home/khw/simulation_ws/install/odom_tools/lib/python3.10/site-packages:${PYTHONPATH} /usr/bin/python3 -W ignore:setup.py install is deprecated -W ignore:easy_install command is deprecated setup.py egg_info --egg-base ../../build/odom_tools build --build-base /home/khw/simulation_ws/build/odom_tools/build install --record /home/khw/simulation_ws/build/odom_tools/install.log --single-version-externally-managed install_data
