[0.016s] Invoking command in '/home/khw/simulation_ws/build/dynamixel_sdk_examples': CMAKE_PREFIX_PATH=/home/khw/simulation_ws/install/dynamixel_sdk_custom_interfaces:/home/khw/simulation_ws/install/dynamixel_sdk:/home/khw/simulation_ws/install/turtlebot3:/home/khw/simulation_ws/install/turtlebot3_bringup:/home/khw/simulation_ws/install/turtlebot3_node:/home/khw/simulation_ws/install/turtlebot3_navigation2:/home/khw/simulation_ws/install/turtlebot3_msgs:/home/khw/simulation_ws/install/turtlebot3_description:/home/khw/simulation_ws/install/turtlebot3_cartographer:/home/khw/simulation_ws/install/dynamixel_sdk_examples:/opt/ros/humble:/home/khw/simulation_ws/install/turtlebot3_teleop:/home/khw/simulation_ws/install/turtlebot3_example:/home/khw/simulation_ws/install/odom_tools LD_LIBRARY_PATH=/home/khw/simulation_ws/install/dynamixel_sdk_custom_interfaces/lib:/home/khw/simulation_ws/install/dynamixel_sdk/lib:/usr/lib/x86_64-linux-gnu/gazebo-11/plugins:/opt/ros/humble/opt/rviz_ogre_vendor/lib:/opt/ros/humble/lib/x86_64-linux-gnu:/opt/ros/humble/lib:/home/khw/simulation_ws/install/turtlebot3_msgs/lib:/usr/lib/x86_64-linux-gnu/gazebo-11/plugins /usr/bin/cmake /home/khw/simulation_ws/src/DynamixelSDK/ros/dynamixel_sdk_examples -DCMAKE_INSTALL_PREFIX=/home/khw/simulation_ws/install/dynamixel_sdk_examples
[0.030s] -- Found ament_cmake: 1.3.11 (/opt/ros/humble/share/ament_cmake/cmake)
[0.188s] -- Override CMake install command with custom implementation using symlinks instead of copying resources
[0.197s] -- Found dynamixel_sdk: 3.8.3 (/home/khw/simulation_ws/install/dynamixel_sdk/share/dynamixel_sdk/cmake)
[0.199s] -- Found dynamixel_sdk_custom_interfaces: 3.8.3 (/home/khw/simulation_ws/install/dynamixel_sdk_custom_interfaces/share/dynamixel_sdk_custom_interfaces/cmake)
[0.229s] -- Found rosidl_generator_c: 3.1.6 (/opt/ros/humble/share/rosidl_generator_c/cmake)
[0.232s] -- Found rosidl_adapter: 3.1.6 (/opt/ros/humble/share/rosidl_adapter/cmake)
[0.240s] -- Found rosidl_generator_cpp: 3.1.6 (/opt/ros/humble/share/rosidl_generator_cpp/cmake)
[0.255s] -- Using all available rosidl_typesupport_c: rosidl_typesupport_fastrtps_c;rosidl_typesupport_introspection_c
[0.272s] -- Using all available rosidl_typesupport_cpp: rosidl_typesupport_fastrtps_cpp;rosidl_typesupport_introspection_cpp
[0.302s] -- Found rclcpp: 16.0.12 (/opt/ros/humble/share/rclcpp/cmake)
[0.331s] -- Found rmw_implementation_cmake: 6.1.2 (/opt/ros/humble/share/rmw_implementation_cmake/cmake)
[0.333s] -- Found rmw_fastrtps_cpp: 6.2.7 (/opt/ros/humble/share/rmw_fastrtps_cpp/cmake)
[0.462s] -- Using RMW implementation 'rmw_fastrtps_cpp' as default
[0.523s] -- Found rclpy: 3.3.16 (/opt/ros/humble/share/rclpy/cmake)
[0.526s] -- Found ament_lint_auto: 0.12.12 (/opt/ros/humble/share/ament_lint_auto/cmake)
[0.619s] -- Added test 'copyright' to check source files copyright and LICENSE
[0.620s] -- Added test 'cppcheck' to perform static code analysis on C / C++ code
[0.620s] -- Configured cppcheck include dirs: /home/khw/simulation_ws/src/DynamixelSDK/ros/dynamixel_sdk_examples/include
[0.620s] -- Configured cppcheck exclude dirs and/or files: 
[0.621s] -- Added test 'cpplint' to check C / C++ code against the Google style
[0.621s] -- Configured cpplint exclude dirs and/or files: 
[0.621s] -- Added test 'flake8' to check Python code syntax and style conventions
[0.622s] -- Added test 'lint_cmake' to check CMake code style
[0.622s] -- Added test 'pep257' to check Python code against some of the docstring style conventions in PEP 257
[0.623s] -- Added test 'uncrustify' to check C / C++ code style
[0.623s] -- Configured uncrustify additional arguments: 
[0.623s] -- Added test 'xmllint' to check XML markup files
[0.624s] -- Configuring done
[0.635s] -- Generating done
[0.639s] -- Build files have been written to: /home/khw/simulation_ws/build/dynamixel_sdk_examples
[0.820s] Invoked command in '/home/khw/simulation_ws/build/dynamixel_sdk_examples' returned '0': CMAKE_PREFIX_PATH=/home/khw/simulation_ws/install/dynamixel_sdk_custom_interfaces:/home/khw/simulation_ws/install/dynamixel_sdk:/home/khw/simulation_ws/install/turtlebot3:/home/khw/simulation_ws/install/turtlebot3_bringup:/home/khw/simulation_ws/install/turtlebot3_node:/home/khw/simulation_ws/install/turtlebot3_navigation2:/home/khw/simulation_ws/install/turtlebot3_msgs:/home/khw/simulation_ws/install/turtlebot3_description:/home/khw/simulation_ws/install/turtlebot3_cartographer:/home/khw/simulation_ws/install/dynamixel_sdk_examples:/opt/ros/humble:/home/khw/simulation_ws/install/turtlebot3_teleop:/home/khw/simulation_ws/install/turtlebot3_example:/home/khw/simulation_ws/install/odom_tools LD_LIBRARY_PATH=/home/khw/simulation_ws/install/dynamixel_sdk_custom_interfaces/lib:/home/khw/simulation_ws/install/dynamixel_sdk/lib:/usr/lib/x86_64-linux-gnu/gazebo-11/plugins:/opt/ros/humble/opt/rviz_ogre_vendor/lib:/opt/ros/humble/lib/x86_64-linux-gnu:/opt/ros/humble/lib:/home/khw/simulation_ws/install/turtlebot3_msgs/lib:/usr/lib/x86_64-linux-gnu/gazebo-11/plugins /usr/bin/cmake /home/khw/simulation_ws/src/DynamixelSDK/ros/dynamixel_sdk_examples -DCMAKE_INSTALL_PREFIX=/home/khw/simulation_ws/install/dynamixel_sdk_examples
[0.822s] Invoking command in '/home/khw/simulation_ws/build/dynamixel_sdk_examples': CMAKE_PREFIX_PATH=/home/khw/simulation_ws/install/dynamixel_sdk_custom_interfaces:/home/khw/simulation_ws/install/dynamixel_sdk:/home/khw/simulation_ws/install/turtlebot3:/home/khw/simulation_ws/install/turtlebot3_bringup:/home/khw/simulation_ws/install/turtlebot3_node:/home/khw/simulation_ws/install/turtlebot3_navigation2:/home/khw/simulation_ws/install/turtlebot3_msgs:/home/khw/simulation_ws/install/turtlebot3_description:/home/khw/simulation_ws/install/turtlebot3_cartographer:/home/khw/simulation_ws/install/dynamixel_sdk_examples:/opt/ros/humble:/home/khw/simulation_ws/install/turtlebot3_teleop:/home/khw/simulation_ws/install/turtlebot3_example:/home/khw/simulation_ws/install/odom_tools LD_LIBRARY_PATH=/home/khw/simulation_ws/install/dynamixel_sdk_custom_interfaces/lib:/home/khw/simulation_ws/install/dynamixel_sdk/lib:/usr/lib/x86_64-linux-gnu/gazebo-11/plugins:/opt/ros/humble/opt/rviz_ogre_vendor/lib:/opt/ros/humble/lib/x86_64-linux-gnu:/opt/ros/humble/lib:/home/khw/simulation_ws/install/turtlebot3_msgs/lib:/usr/lib/x86_64-linux-gnu/gazebo-11/plugins /usr/bin/cmake --build /home/khw/simulation_ws/build/dynamixel_sdk_examples -- -j12 -l12
[0.856s] [35m[1mConsolidate compiler generated dependencies of target read_write_node[0m
[0.872s] [100%] Built target read_write_node
[0.883s] Invoked command in '/home/khw/simulation_ws/build/dynamixel_sdk_examples' returned '0': CMAKE_PREFIX_PATH=/home/khw/simulation_ws/install/dynamixel_sdk_custom_interfaces:/home/khw/simulation_ws/install/dynamixel_sdk:/home/khw/simulation_ws/install/turtlebot3:/home/khw/simulation_ws/install/turtlebot3_bringup:/home/khw/simulation_ws/install/turtlebot3_node:/home/khw/simulation_ws/install/turtlebot3_navigation2:/home/khw/simulation_ws/install/turtlebot3_msgs:/home/khw/simulation_ws/install/turtlebot3_description:/home/khw/simulation_ws/install/turtlebot3_cartographer:/home/khw/simulation_ws/install/dynamixel_sdk_examples:/opt/ros/humble:/home/khw/simulation_ws/install/turtlebot3_teleop:/home/khw/simulation_ws/install/turtlebot3_example:/home/khw/simulation_ws/install/odom_tools LD_LIBRARY_PATH=/home/khw/simulation_ws/install/dynamixel_sdk_custom_interfaces/lib:/home/khw/simulation_ws/install/dynamixel_sdk/lib:/usr/lib/x86_64-linux-gnu/gazebo-11/plugins:/opt/ros/humble/opt/rviz_ogre_vendor/lib:/opt/ros/humble/lib/x86_64-linux-gnu:/opt/ros/humble/lib:/home/khw/simulation_ws/install/turtlebot3_msgs/lib:/usr/lib/x86_64-linux-gnu/gazebo-11/plugins /usr/bin/cmake --build /home/khw/simulation_ws/build/dynamixel_sdk_examples -- -j12 -l12
[0.885s] Invoking command in '/home/khw/simulation_ws/build/dynamixel_sdk_examples': CMAKE_PREFIX_PATH=/home/khw/simulation_ws/install/dynamixel_sdk_custom_interfaces:/home/khw/simulation_ws/install/dynamixel_sdk:/home/khw/simulation_ws/install/turtlebot3:/home/khw/simulation_ws/install/turtlebot3_bringup:/home/khw/simulation_ws/install/turtlebot3_node:/home/khw/simulation_ws/install/turtlebot3_navigation2:/home/khw/simulation_ws/install/turtlebot3_msgs:/home/khw/simulation_ws/install/turtlebot3_description:/home/khw/simulation_ws/install/turtlebot3_cartographer:/home/khw/simulation_ws/install/dynamixel_sdk_examples:/opt/ros/humble:/home/khw/simulation_ws/install/turtlebot3_teleop:/home/khw/simulation_ws/install/turtlebot3_example:/home/khw/simulation_ws/install/odom_tools LD_LIBRARY_PATH=/home/khw/simulation_ws/install/dynamixel_sdk_custom_interfaces/lib:/home/khw/simulation_ws/install/dynamixel_sdk/lib:/usr/lib/x86_64-linux-gnu/gazebo-11/plugins:/opt/ros/humble/opt/rviz_ogre_vendor/lib:/opt/ros/humble/lib/x86_64-linux-gnu:/opt/ros/humble/lib:/home/khw/simulation_ws/install/turtlebot3_msgs/lib:/usr/lib/x86_64-linux-gnu/gazebo-11/plugins /usr/bin/cmake --install /home/khw/simulation_ws/build/dynamixel_sdk_examples
[0.893s] -- Install configuration: ""
[0.893s] -- Execute custom install script
[0.894s] -- Up-to-date symlink: /home/khw/simulation_ws/install/dynamixel_sdk_examples/lib/dynamixel_sdk_examples/read_write_node
[0.894s] -- Up-to-date symlink: /home/khw/simulation_ws/install/dynamixel_sdk_examples/lib/dynamixel_sdk_examples/read_write_node.py
[0.894s] -- Up-to-date symlink: /home/khw/simulation_ws/install/dynamixel_sdk_examples/share/ament_index/resource_index/package_run_dependencies/dynamixel_sdk_examples
[0.894s] -- Up-to-date symlink: /home/khw/simulation_ws/install/dynamixel_sdk_examples/share/ament_index/resource_index/parent_prefix_path/dynamixel_sdk_examples
[0.894s] -- Up-to-date symlink: /home/khw/simulation_ws/install/dynamixel_sdk_examples/share/dynamixel_sdk_examples/environment/ament_prefix_path.sh
[0.894s] -- Up-to-date symlink: /home/khw/simulation_ws/install/dynamixel_sdk_examples/share/dynamixel_sdk_examples/environment/ament_prefix_path.dsv
[0.894s] -- Up-to-date symlink: /home/khw/simulation_ws/install/dynamixel_sdk_examples/share/dynamixel_sdk_examples/environment/path.sh
[0.895s] -- Up-to-date symlink: /home/khw/simulation_ws/install/dynamixel_sdk_examples/share/dynamixel_sdk_examples/environment/path.dsv
[0.895s] -- Up-to-date symlink: /home/khw/simulation_ws/install/dynamixel_sdk_examples/share/dynamixel_sdk_examples/local_setup.bash
[0.895s] -- Up-to-date symlink: /home/khw/simulation_ws/install/dynamixel_sdk_examples/share/dynamixel_sdk_examples/local_setup.sh
[0.895s] -- Up-to-date symlink: /home/khw/simulation_ws/install/dynamixel_sdk_examples/share/dynamixel_sdk_examples/local_setup.zsh
[0.895s] -- Up-to-date symlink: /home/khw/simulation_ws/install/dynamixel_sdk_examples/share/dynamixel_sdk_examples/local_setup.dsv
[0.895s] -- Symlinking: /home/khw/simulation_ws/install/dynamixel_sdk_examples/share/dynamixel_sdk_examples/package.dsv
[0.903s] -- Up-to-date symlink: /home/khw/simulation_ws/install/dynamixel_sdk_examples/share/ament_index/resource_index/packages/dynamixel_sdk_examples
[0.903s] -- Up-to-date symlink: /home/khw/simulation_ws/install/dynamixel_sdk_examples/share/dynamixel_sdk_examples/cmake/dynamixel_sdk_examplesConfig.cmake
[0.903s] -- Up-to-date symlink: /home/khw/simulation_ws/install/dynamixel_sdk_examples/share/dynamixel_sdk_examples/cmake/dynamixel_sdk_examplesConfig-version.cmake
[0.903s] -- Up-to-date symlink: /home/khw/simulation_ws/install/dynamixel_sdk_examples/share/dynamixel_sdk_examples/package.xml
[0.906s] Invoked command in '/home/khw/simulation_ws/build/dynamixel_sdk_examples' returned '0': CMAKE_PREFIX_PATH=/home/khw/simulation_ws/install/dynamixel_sdk_custom_interfaces:/home/khw/simulation_ws/install/dynamixel_sdk:/home/khw/simulation_ws/install/turtlebot3:/home/khw/simulation_ws/install/turtlebot3_bringup:/home/khw/simulation_ws/install/turtlebot3_node:/home/khw/simulation_ws/install/turtlebot3_navigation2:/home/khw/simulation_ws/install/turtlebot3_msgs:/home/khw/simulation_ws/install/turtlebot3_description:/home/khw/simulation_ws/install/turtlebot3_cartographer:/home/khw/simulation_ws/install/dynamixel_sdk_examples:/opt/ros/humble:/home/khw/simulation_ws/install/turtlebot3_teleop:/home/khw/simulation_ws/install/turtlebot3_example:/home/khw/simulation_ws/install/odom_tools LD_LIBRARY_PATH=/home/khw/simulation_ws/install/dynamixel_sdk_custom_interfaces/lib:/home/khw/simulation_ws/install/dynamixel_sdk/lib:/usr/lib/x86_64-linux-gnu/gazebo-11/plugins:/opt/ros/humble/opt/rviz_ogre_vendor/lib:/opt/ros/humble/lib/x86_64-linux-gnu:/opt/ros/humble/lib:/home/khw/simulation_ws/install/turtlebot3_msgs/lib:/usr/lib/x86_64-linux-gnu/gazebo-11/plugins /usr/bin/cmake --install /home/khw/simulation_ws/build/dynamixel_sdk_examples
