[1.655s] Invoking command in '/home/khw/simulation_ws/build/dynamixel_sdk_examples': AMENT_PREFIX_PATH=/home/khw/simulation_ws/install/dynamixel_sdk_custom_interfaces:/home/khw/simulation_ws/install/dynamixel_sdk CMAKE_PREFIX_PATH=/home/khw/simulation_ws/install/dynamixel_sdk_custom_interfaces:/home/khw/simulation_ws/install/dynamixel_sdk LD_LIBRARY_PATH=/home/khw/simulation_ws/install/dynamixel_sdk_custom_interfaces/lib:/home/khw/simulation_ws/install/dynamixel_sdk/lib PYTHONPATH=/home/khw/simulation_ws/install/dynamixel_sdk_custom_interfaces/local/lib/python3.10/dist-packages:/home/khw/simulation_ws/install/dynamixel_sdk/local/lib/python3.10/dist-packages /usr/bin/cmake --build /home/khw/simulation_ws/build/dynamixel_sdk_examples -- -j12 -l12
[1.868s] [100%] Built target read_write_node
[1.929s] Invoked command in '/home/khw/simulation_ws/build/dynamixel_sdk_examples' returned '0': AMENT_PREFIX_PATH=/home/khw/simulation_ws/install/dynamixel_sdk_custom_interfaces:/home/khw/simulation_ws/install/dynamixel_sdk CMAKE_PREFIX_PATH=/home/khw/simulation_ws/install/dynamixel_sdk_custom_interfaces:/home/khw/simulation_ws/install/dynamixel_sdk LD_LIBRARY_PATH=/home/khw/simulation_ws/install/dynamixel_sdk_custom_interfaces/lib:/home/khw/simulation_ws/install/dynamixel_sdk/lib PYTHONPATH=/home/khw/simulation_ws/install/dynamixel_sdk_custom_interfaces/local/lib/python3.10/dist-packages:/home/khw/simulation_ws/install/dynamixel_sdk/local/lib/python3.10/dist-packages /usr/bin/cmake --build /home/khw/simulation_ws/build/dynamixel_sdk_examples -- -j12 -l12
[1.931s] Invoking command in '/home/khw/simulation_ws/build/dynamixel_sdk_examples': AMENT_PREFIX_PATH=/home/khw/simulation_ws/install/dynamixel_sdk_custom_interfaces:/home/khw/simulation_ws/install/dynamixel_sdk CMAKE_PREFIX_PATH=/home/khw/simulation_ws/install/dynamixel_sdk_custom_interfaces:/home/khw/simulation_ws/install/dynamixel_sdk LD_LIBRARY_PATH=/home/khw/simulation_ws/install/dynamixel_sdk_custom_interfaces/lib:/home/khw/simulation_ws/install/dynamixel_sdk/lib PYTHONPATH=/home/khw/simulation_ws/install/dynamixel_sdk_custom_interfaces/local/lib/python3.10/dist-packages:/home/khw/simulation_ws/install/dynamixel_sdk/local/lib/python3.10/dist-packages /usr/bin/cmake --install /home/khw/simulation_ws/build/dynamixel_sdk_examples
[1.989s] -- Install configuration: ""
[1.993s] -- Execute custom install script
[1.993s] -- Up-to-date symlink: /home/khw/simulation_ws/install/dynamixel_sdk_examples/lib/dynamixel_sdk_examples/read_write_node
[1.994s] -- Up-to-date symlink: /home/khw/simulation_ws/install/dynamixel_sdk_examples/lib/dynamixel_sdk_examples/read_write_node.py
[1.994s] -- Up-to-date symlink: /home/khw/simulation_ws/install/dynamixel_sdk_examples/share/ament_index/resource_index/package_run_dependencies/dynamixel_sdk_examples
[2.010s] -- Up-to-date symlink: /home/khw/simulation_ws/install/dynamixel_sdk_examples/share/ament_index/resource_index/parent_prefix_path/dynamixel_sdk_examples
[2.011s] -- Up-to-date symlink: /home/khw/simulation_ws/install/dynamixel_sdk_examples/share/dynamixel_sdk_examples/environment/ament_prefix_path.sh
[2.011s] -- Up-to-date symlink: /home/khw/simulation_ws/install/dynamixel_sdk_examples/share/dynamixel_sdk_examples/environment/ament_prefix_path.dsv
[2.012s] -- Up-to-date symlink: /home/khw/simulation_ws/install/dynamixel_sdk_examples/share/dynamixel_sdk_examples/environment/path.sh
[2.012s] -- Up-to-date symlink: /home/khw/simulation_ws/install/dynamixel_sdk_examples/share/dynamixel_sdk_examples/environment/path.dsv
[2.012s] -- Up-to-date symlink: /home/khw/simulation_ws/install/dynamixel_sdk_examples/share/dynamixel_sdk_examples/local_setup.bash
[2.017s] -- Up-to-date symlink: /home/khw/simulation_ws/install/dynamixel_sdk_examples/share/dynamixel_sdk_examples/local_setup.sh
[2.019s] -- Up-to-date symlink: /home/khw/simulation_ws/install/dynamixel_sdk_examples/share/dynamixel_sdk_examples/local_setup.zsh
[2.020s] -- Up-to-date symlink: /home/khw/simulation_ws/install/dynamixel_sdk_examples/share/dynamixel_sdk_examples/local_setup.dsv
[2.020s] -- Symlinking: /home/khw/simulation_ws/install/dynamixel_sdk_examples/share/dynamixel_sdk_examples/package.dsv
[2.042s] -- Up-to-date symlink: /home/khw/simulation_ws/install/dynamixel_sdk_examples/share/ament_index/resource_index/packages/dynamixel_sdk_examples
[2.042s] -- Up-to-date symlink: /home/khw/simulation_ws/install/dynamixel_sdk_examples/share/dynamixel_sdk_examples/cmake/dynamixel_sdk_examplesConfig.cmake
[2.045s] -- Up-to-date symlink: /home/khw/simulation_ws/install/dynamixel_sdk_examples/share/dynamixel_sdk_examples/cmake/dynamixel_sdk_examplesConfig-version.cmake
[2.045s] -- Up-to-date symlink: /home/khw/simulation_ws/install/dynamixel_sdk_examples/share/dynamixel_sdk_examples/package.xml
[2.064s] Invoked command in '/home/khw/simulation_ws/build/dynamixel_sdk_examples' returned '0': AMENT_PREFIX_PATH=/home/khw/simulation_ws/install/dynamixel_sdk_custom_interfaces:/home/khw/simulation_ws/install/dynamixel_sdk CMAKE_PREFIX_PATH=/home/khw/simulation_ws/install/dynamixel_sdk_custom_interfaces:/home/khw/simulation_ws/install/dynamixel_sdk LD_LIBRARY_PATH=/home/khw/simulation_ws/install/dynamixel_sdk_custom_interfaces/lib:/home/khw/simulation_ws/install/dynamixel_sdk/lib PYTHONPATH=/home/khw/simulation_ws/install/dynamixel_sdk_custom_interfaces/local/lib/python3.10/dist-packages:/home/khw/simulation_ws/install/dynamixel_sdk/local/lib/python3.10/dist-packages /usr/bin/cmake --install /home/khw/simulation_ws/build/dynamixel_sdk_examples
