[0.129s] Invoking command in '/home/khw/simulation_ws/src/build/turtlebot3_cartographer': CMAKE_PREFIX_PATH=${CMAKE_PREFIX_PATH}:/opt/ros/humble:/home/khw/simulation_ws/install/turtlebot3_teleop:/home/khw/simulation_ws/install/turtlebot3_example:/home/khw/simulation_ws/install/odom_tools /usr/bin/cmake --build /home/khw/simulation_ws/src/build/turtlebot3_cartographer -- -j12 -l12
[4.734s] -- Found ament_cmake: 1.3.11 (/opt/ros/humble/share/ament_cmake/cmake)
[4.734s] -- Configuring done
[4.734s] -- Generating done
[4.734s] -- Build files have been written to: /home/khw/simulation_ws/src/build/turtlebot3_cartographer
[4.775s] Invoked command in '/home/khw/simulation_ws/src/build/turtlebot3_cartographer' returned '0': CMAKE_PREFIX_PATH=${CMAKE_PREFIX_PATH}:/opt/ros/humble:/home/khw/simulation_ws/install/turtlebot3_teleop:/home/khw/simulation_ws/install/turtlebot3_example:/home/khw/simulation_ws/install/odom_tools /usr/bin/cmake --build /home/khw/simulation_ws/src/build/turtlebot3_cartographer -- -j12 -l12
[4.777s] Invoking command in '/home/khw/simulation_ws/src/build/turtlebot3_cartographer': CMAKE_PREFIX_PATH=${CMAKE_PREFIX_PATH}:/opt/ros/humble:/home/khw/simulation_ws/install/turtlebot3_teleop:/home/khw/simulation_ws/install/turtlebot3_example:/home/khw/simulation_ws/install/odom_tools /usr/bin/cmake --install /home/khw/simulation_ws/src/build/turtlebot3_cartographer
[4.835s] -- Install configuration: ""
[4.836s] -- Up-to-date: /home/khw/simulation_ws/src/install/turtlebot3_cartographer/share/turtlebot3_cartographer/config
[4.836s] -- Installing: /home/khw/simulation_ws/src/install/turtlebot3_cartographer/share/turtlebot3_cartographer/config/turtlebot3_lds_2d.lua
[4.841s] -- Up-to-date: /home/khw/simulation_ws/src/install/turtlebot3_cartographer/share/turtlebot3_cartographer/launch
[4.844s] -- Installing: /home/khw/simulation_ws/src/install/turtlebot3_cartographer/share/turtlebot3_cartographer/launch/occupancy_grid.launch.py
[4.845s] -- Installing: /home/khw/simulation_ws/src/install/turtlebot3_cartographer/share/turtlebot3_cartographer/launch/cartographer.launch.py
[4.845s] -- Up-to-date: /home/khw/simulation_ws/src/install/turtlebot3_cartographer/share/turtlebot3_cartographer/rviz
[4.847s] -- Installing: /home/khw/simulation_ws/src/install/turtlebot3_cartographer/share/turtlebot3_cartographer/rviz/tb3_cartographer.rviz
[4.848s] -- Up-to-date: /home/khw/simulation_ws/src/install/turtlebot3_cartographer/share/ament_index/resource_index/package_run_dependencies/turtlebot3_cartographer
[4.849s] -- Installing: /home/khw/simulation_ws/src/install/turtlebot3_cartographer/share/ament_index/resource_index/parent_prefix_path/turtlebot3_cartographer
[4.850s] -- Up-to-date: /home/khw/simulation_ws/src/install/turtlebot3_cartographer/share/turtlebot3_cartographer/environment/ament_prefix_path.sh
[4.851s] -- Installing: /home/khw/simulation_ws/src/install/turtlebot3_cartographer/share/turtlebot3_cartographer/environment/ament_prefix_path.dsv
[4.865s] -- Up-to-date: /home/khw/simulation_ws/src/install/turtlebot3_cartographer/share/turtlebot3_cartographer/environment/path.sh
[4.867s] -- Installing: /home/khw/simulation_ws/src/install/turtlebot3_cartographer/share/turtlebot3_cartographer/environment/path.dsv
[4.869s] -- Up-to-date: /home/khw/simulation_ws/src/install/turtlebot3_cartographer/share/turtlebot3_cartographer/local_setup.bash
[4.869s] -- Up-to-date: /home/khw/simulation_ws/src/install/turtlebot3_cartographer/share/turtlebot3_cartographer/local_setup.sh
[4.870s] -- Up-to-date: /home/khw/simulation_ws/src/install/turtlebot3_cartographer/share/turtlebot3_cartographer/local_setup.zsh
[4.870s] -- Installing: /home/khw/simulation_ws/src/install/turtlebot3_cartographer/share/turtlebot3_cartographer/local_setup.dsv
[4.870s] -- Installing: /home/khw/simulation_ws/src/install/turtlebot3_cartographer/share/turtlebot3_cartographer/package.dsv
[4.870s] -- Up-to-date: /home/khw/simulation_ws/src/install/turtlebot3_cartographer/share/ament_index/resource_index/packages/turtlebot3_cartographer
[4.870s] -- Installing: /home/khw/simulation_ws/src/install/turtlebot3_cartographer/share/turtlebot3_cartographer/cmake/turtlebot3_cartographerConfig.cmake
[4.871s] -- Installing: /home/khw/simulation_ws/src/install/turtlebot3_cartographer/share/turtlebot3_cartographer/cmake/turtlebot3_cartographerConfig-version.cmake
[4.872s] -- Installing: /home/khw/simulation_ws/src/install/turtlebot3_cartographer/share/turtlebot3_cartographer/package.xml
[4.945s] Invoked command in '/home/khw/simulation_ws/src/build/turtlebot3_cartographer' returned '0': CMAKE_PREFIX_PATH=${CMAKE_PREFIX_PATH}:/opt/ros/humble:/home/khw/simulation_ws/install/turtlebot3_teleop:/home/khw/simulation_ws/install/turtlebot3_example:/home/khw/simulation_ws/install/odom_tools /usr/bin/cmake --install /home/khw/simulation_ws/src/build/turtlebot3_cartographer
