[0.040s] Invoking command in '/home/khw/simulation_ws/src/build/dynamixel_sdk_examples': AMENT_PREFIX_PATH=/home/khw/simulation_ws/src/install/dynamixel_sdk_custom_interfaces:/home/khw/simulation_ws/src/install/dynamixel_sdk:${AMENT_PREFIX_PATH} CMAKE_PREFIX_PATH=/home/khw/simulation_ws/src/install/dynamixel_sdk_custom_interfaces:/home/khw/simulation_ws/src/install/dynamixel_sdk:/home/khw/simulation_ws/install/turtlebot3:/home/khw/simulation_ws/install/turtlebot3_bringup:/home/khw/simulation_ws/install/turtlebot3_node:/home/khw/simulation_ws/install/turtlebot3_navigation2:/home/khw/simulation_ws/install/turtlebot3_msgs:/home/khw/simulation_ws/install/turtlebot3_description:/home/khw/simulation_ws/install/turtlebot3_cartographer:/home/khw/simulation_ws/install/dynamixel_sdk_examples:/home/khw/simulation_ws/install/dynamixel_sdk_custom_interfaces:/home/khw/simulation_ws/install/dynamixel_sdk:/opt/ros/humble:/home/khw/simulation_ws/install/turtlebot3_teleop:/home/khw/simulation_ws/install/turtlebot3_example:/home/khw/simulation_ws/install/odom_tools LD_LIBRARY_PATH=/home/khw/simulation_ws/src/install/dynamixel_sdk_custom_interfaces/lib:/home/khw/simulation_ws/src/install/dynamixel_sdk/lib:/usr/lib/x86_64-linux-gnu/gazebo-11/plugins:/opt/ros/humble/opt/rviz_ogre_vendor/lib:/opt/ros/humble/lib/x86_64-linux-gnu:/opt/ros/humble/lib:/home/khw/simulation_ws/install/turtlebot3_msgs/lib:/home/khw/simulation_ws/install/dynamixel_sdk_custom_interfaces/lib:/home/khw/simulation_ws/install/dynamixel_sdk/lib:/usr/lib/x86_64-linux-gnu/gazebo-11/plugins:/usr/lib/x86_64-linux-gnu/gazebo-11/plugins:/usr/lib/x86_64-linux-gnu/gazebo-11/plugins:/usr/lib/x86_64-linux-gnu/gazebo-11/plugins:/usr/lib/x86_64-linux-gnu/gazebo-11/plugins:/usr/lib/x86_64-linux-gnu/gazebo-11/plugins:/usr/lib/x86_64-linux-gnu/gazebo-11/plugins:/usr/lib/x86_64-linux-gnu/gazebo-11/plugins:/usr/lib/x86_64-linux-gnu/gazebo-11/plugins:/usr/lib/x86_64-linux-gnu/gazebo-11/plugins:/usr/lib/x86_64-linux-gnu/gazebo-11/plugins:/usr/lib/x86_64-linux-gnu/gazebo-11/plugins:/usr/lib/x86_64-linux-gnu/gazebo-11/plugins:/usr/lib/x86_64-linux-gnu/gazebo-11/plugins:/usr/lib/x86_64-linux-gnu/gazebo-11/plugins PYTHONPATH=/home/khw/simulation_ws/src/install/dynamixel_sdk_custom_interfaces/local/lib/python3.10/dist-packages:/home/khw/simulation_ws/src/install/dynamixel_sdk/local/lib/python3.10/dist-packages:${PYTHONPATH} /usr/bin/cmake --build /home/khw/simulation_ws/src/build/dynamixel_sdk_examples -- -j12 -l12
[0.104s] -- Found ament_cmake: 1.3.11 (/opt/ros/humble/share/ament_cmake/cmake)
[0.561s] -- Found dynamixel_sdk: 3.8.3 (/home/khw/simulation_ws/src/install/dynamixel_sdk/share/dynamixel_sdk/cmake)
[0.570s] -- Found dynamixel_sdk_custom_interfaces: 3.8.3 (/home/khw/simulation_ws/src/install/dynamixel_sdk_custom_interfaces/share/dynamixel_sdk_custom_interfaces/cmake)
[0.657s] -- Found rosidl_generator_c: 3.1.6 (/opt/ros/humble/share/rosidl_generator_c/cmake)
[0.663s] -- Found rosidl_adapter: 3.1.6 (/opt/ros/humble/share/rosidl_adapter/cmake)
[0.679s] -- Found rosidl_generator_cpp: 3.1.6 (/opt/ros/humble/share/rosidl_generator_cpp/cmake)
[0.703s] -- Using all available rosidl_typesupport_c: rosidl_typesupport_fastrtps_c;rosidl_typesupport_introspection_c
[0.735s] -- Using all available rosidl_typesupport_cpp: rosidl_typesupport_fastrtps_cpp;rosidl_typesupport_introspection_cpp
[0.798s] -- Found rclcpp: 16.0.12 (/opt/ros/humble/share/rclcpp/cmake)
[0.915s] -- Found rmw_implementation_cmake: 6.1.2 (/opt/ros/humble/share/rmw_implementation_cmake/cmake)
[0.924s] -- Found rmw_fastrtps_cpp: 6.2.7 (/opt/ros/humble/share/rmw_fastrtps_cpp/cmake)
[1.419s] -- Using RMW implementation 'rmw_fastrtps_cpp' as default
[1.648s] -- Found rclpy: 3.3.16 (/opt/ros/humble/share/rclpy/cmake)
[1.655s] -- Found ament_lint_auto: 0.12.12 (/opt/ros/humble/share/ament_lint_auto/cmake)
[1.905s] -- Added test 'copyright' to check source files copyright and LICENSE
[1.907s] -- Added test 'cppcheck' to perform static code analysis on C / C++ code
[1.908s] -- Configured cppcheck include dirs: /home/khw/simulation_ws/src/DynamixelSDK/ros/dynamixel_sdk_examples/include
[1.908s] -- Configured cppcheck exclude dirs and/or files: 
[1.910s] -- Added test 'cpplint' to check C / C++ code against the Google style
[1.910s] -- Configured cpplint exclude dirs and/or files: 
[1.911s] -- Added test 'flake8' to check Python code syntax and style conventions
[1.913s] -- Added test 'lint_cmake' to check CMake code style
[1.914s] -- Added test 'pep257' to check Python code against some of the docstring style conventions in PEP 257
[1.917s] -- Added test 'uncrustify' to check C / C++ code style
[1.917s] -- Configured uncrustify additional arguments: 
[1.918s] -- Added test 'xmllint' to check XML markup files
[1.923s] -- Configuring done
[1.959s] -- Generating done
[1.971s] -- Build files have been written to: /home/khw/simulation_ws/src/build/dynamixel_sdk_examples
[2.088s] [35m[1mConsolidate compiler generated dependencies of target read_write_node[0m
[2.140s] [ 50%] [32mBuilding CXX object CMakeFiles/read_write_node.dir/src/read_write_node.cpp.o[0m
[44.595s] [100%] [32m[1mLinking CXX executable read_write_node[0m
[46.162s] [100%] Built target read_write_node
[46.205s] Invoked command in '/home/khw/simulation_ws/src/build/dynamixel_sdk_examples' returned '0': AMENT_PREFIX_PATH=/home/khw/simulation_ws/src/install/dynamixel_sdk_custom_interfaces:/home/khw/simulation_ws/src/install/dynamixel_sdk:${AMENT_PREFIX_PATH} CMAKE_PREFIX_PATH=/home/khw/simulation_ws/src/install/dynamixel_sdk_custom_interfaces:/home/khw/simulation_ws/src/install/dynamixel_sdk:/home/khw/simulation_ws/install/turtlebot3:/home/khw/simulation_ws/install/turtlebot3_bringup:/home/khw/simulation_ws/install/turtlebot3_node:/home/khw/simulation_ws/install/turtlebot3_navigation2:/home/khw/simulation_ws/install/turtlebot3_msgs:/home/khw/simulation_ws/install/turtlebot3_description:/home/khw/simulation_ws/install/turtlebot3_cartographer:/home/khw/simulation_ws/install/dynamixel_sdk_examples:/home/khw/simulation_ws/install/dynamixel_sdk_custom_interfaces:/home/khw/simulation_ws/install/dynamixel_sdk:/opt/ros/humble:/home/khw/simulation_ws/install/turtlebot3_teleop:/home/khw/simulation_ws/install/turtlebot3_example:/home/khw/simulation_ws/install/odom_tools LD_LIBRARY_PATH=/home/khw/simulation_ws/src/install/dynamixel_sdk_custom_interfaces/lib:/home/khw/simulation_ws/src/install/dynamixel_sdk/lib:/usr/lib/x86_64-linux-gnu/gazebo-11/plugins:/opt/ros/humble/opt/rviz_ogre_vendor/lib:/opt/ros/humble/lib/x86_64-linux-gnu:/opt/ros/humble/lib:/home/khw/simulation_ws/install/turtlebot3_msgs/lib:/home/khw/simulation_ws/install/dynamixel_sdk_custom_interfaces/lib:/home/khw/simulation_ws/install/dynamixel_sdk/lib:/usr/lib/x86_64-linux-gnu/gazebo-11/plugins:/usr/lib/x86_64-linux-gnu/gazebo-11/plugins:/usr/lib/x86_64-linux-gnu/gazebo-11/plugins:/usr/lib/x86_64-linux-gnu/gazebo-11/plugins:/usr/lib/x86_64-linux-gnu/gazebo-11/plugins:/usr/lib/x86_64-linux-gnu/gazebo-11/plugins:/usr/lib/x86_64-linux-gnu/gazebo-11/plugins:/usr/lib/x86_64-linux-gnu/gazebo-11/plugins:/usr/lib/x86_64-linux-gnu/gazebo-11/plugins:/usr/lib/x86_64-linux-gnu/gazebo-11/plugins:/usr/lib/x86_64-linux-gnu/gazebo-11/plugins:/usr/lib/x86_64-linux-gnu/gazebo-11/plugins:/usr/lib/x86_64-linux-gnu/gazebo-11/plugins:/usr/lib/x86_64-linux-gnu/gazebo-11/plugins:/usr/lib/x86_64-linux-gnu/gazebo-11/plugins PYTHONPATH=/home/khw/simulation_ws/src/install/dynamixel_sdk_custom_interfaces/local/lib/python3.10/dist-packages:/home/khw/simulation_ws/src/install/dynamixel_sdk/local/lib/python3.10/dist-packages:${PYTHONPATH} /usr/bin/cmake --build /home/khw/simulation_ws/src/build/dynamixel_sdk_examples -- -j12 -l12
[46.212s] Invoking command in '/home/khw/simulation_ws/src/build/dynamixel_sdk_examples': AMENT_PREFIX_PATH=/home/khw/simulation_ws/src/install/dynamixel_sdk_custom_interfaces:/home/khw/simulation_ws/src/install/dynamixel_sdk:${AMENT_PREFIX_PATH} CMAKE_PREFIX_PATH=/home/khw/simulation_ws/src/install/dynamixel_sdk_custom_interfaces:/home/khw/simulation_ws/src/install/dynamixel_sdk:/home/khw/simulation_ws/install/turtlebot3:/home/khw/simulation_ws/install/turtlebot3_bringup:/home/khw/simulation_ws/install/turtlebot3_node:/home/khw/simulation_ws/install/turtlebot3_navigation2:/home/khw/simulation_ws/install/turtlebot3_msgs:/home/khw/simulation_ws/install/turtlebot3_description:/home/khw/simulation_ws/install/turtlebot3_cartographer:/home/khw/simulation_ws/install/dynamixel_sdk_examples:/home/khw/simulation_ws/install/dynamixel_sdk_custom_interfaces:/home/khw/simulation_ws/install/dynamixel_sdk:/opt/ros/humble:/home/khw/simulation_ws/install/turtlebot3_teleop:/home/khw/simulation_ws/install/turtlebot3_example:/home/khw/simulation_ws/install/odom_tools LD_LIBRARY_PATH=/home/khw/simulation_ws/src/install/dynamixel_sdk_custom_interfaces/lib:/home/khw/simulation_ws/src/install/dynamixel_sdk/lib:/usr/lib/x86_64-linux-gnu/gazebo-11/plugins:/opt/ros/humble/opt/rviz_ogre_vendor/lib:/opt/ros/humble/lib/x86_64-linux-gnu:/opt/ros/humble/lib:/home/khw/simulation_ws/install/turtlebot3_msgs/lib:/home/khw/simulation_ws/install/dynamixel_sdk_custom_interfaces/lib:/home/khw/simulation_ws/install/dynamixel_sdk/lib:/usr/lib/x86_64-linux-gnu/gazebo-11/plugins:/usr/lib/x86_64-linux-gnu/gazebo-11/plugins:/usr/lib/x86_64-linux-gnu/gazebo-11/plugins:/usr/lib/x86_64-linux-gnu/gazebo-11/plugins:/usr/lib/x86_64-linux-gnu/gazebo-11/plugins:/usr/lib/x86_64-linux-gnu/gazebo-11/plugins:/usr/lib/x86_64-linux-gnu/gazebo-11/plugins:/usr/lib/x86_64-linux-gnu/gazebo-11/plugins:/usr/lib/x86_64-linux-gnu/gazebo-11/plugins:/usr/lib/x86_64-linux-gnu/gazebo-11/plugins:/usr/lib/x86_64-linux-gnu/gazebo-11/plugins:/usr/lib/x86_64-linux-gnu/gazebo-11/plugins:/usr/lib/x86_64-linux-gnu/gazebo-11/plugins:/usr/lib/x86_64-linux-gnu/gazebo-11/plugins:/usr/lib/x86_64-linux-gnu/gazebo-11/plugins PYTHONPATH=/home/khw/simulation_ws/src/install/dynamixel_sdk_custom_interfaces/local/lib/python3.10/dist-packages:/home/khw/simulation_ws/src/install/dynamixel_sdk/local/lib/python3.10/dist-packages:${PYTHONPATH} /usr/bin/cmake --install /home/khw/simulation_ws/src/build/dynamixel_sdk_examples
[46.244s] -- Install configuration: ""
[46.245s] -- Installing: /home/khw/simulation_ws/src/install/dynamixel_sdk_examples/lib/dynamixel_sdk_examples/read_write_node
[46.261s] -- Set runtime path of "/home/khw/simulation_ws/src/install/dynamixel_sdk_examples/lib/dynamixel_sdk_examples/read_write_node" to ""
[46.262s] -- Installing: /home/khw/simulation_ws/src/install/dynamixel_sdk_examples/lib/dynamixel_sdk_examples/read_write_node.py
[46.262s] -- Up-to-date: /home/khw/simulation_ws/src/install/dynamixel_sdk_examples/share/ament_index/resource_index/package_run_dependencies/dynamixel_sdk_examples
[46.263s] -- Installing: /home/khw/simulation_ws/src/install/dynamixel_sdk_examples/share/ament_index/resource_index/parent_prefix_path/dynamixel_sdk_examples
[46.263s] -- Up-to-date: /home/khw/simulation_ws/src/install/dynamixel_sdk_examples/share/dynamixel_sdk_examples/environment/ament_prefix_path.sh
[46.264s] -- Installing: /home/khw/simulation_ws/src/install/dynamixel_sdk_examples/share/dynamixel_sdk_examples/environment/ament_prefix_path.dsv
[46.264s] -- Up-to-date: /home/khw/simulation_ws/src/install/dynamixel_sdk_examples/share/dynamixel_sdk_examples/environment/path.sh
[46.264s] -- Installing: /home/khw/simulation_ws/src/install/dynamixel_sdk_examples/share/dynamixel_sdk_examples/environment/path.dsv
[46.265s] -- Up-to-date: /home/khw/simulation_ws/src/install/dynamixel_sdk_examples/share/dynamixel_sdk_examples/local_setup.bash
[46.265s] -- Up-to-date: /home/khw/simulation_ws/src/install/dynamixel_sdk_examples/share/dynamixel_sdk_examples/local_setup.sh
[46.266s] -- Up-to-date: /home/khw/simulation_ws/src/install/dynamixel_sdk_examples/share/dynamixel_sdk_examples/local_setup.zsh
[46.266s] -- Installing: /home/khw/simulation_ws/src/install/dynamixel_sdk_examples/share/dynamixel_sdk_examples/local_setup.dsv
[46.266s] -- Installing: /home/khw/simulation_ws/src/install/dynamixel_sdk_examples/share/dynamixel_sdk_examples/package.dsv
[46.267s] -- Up-to-date: /home/khw/simulation_ws/src/install/dynamixel_sdk_examples/share/ament_index/resource_index/packages/dynamixel_sdk_examples
[46.267s] -- Up-to-date: /home/khw/simulation_ws/src/install/dynamixel_sdk_examples/share/dynamixel_sdk_examples/cmake/dynamixel_sdk_examplesConfig.cmake
[46.268s] -- Up-to-date: /home/khw/simulation_ws/src/install/dynamixel_sdk_examples/share/dynamixel_sdk_examples/cmake/dynamixel_sdk_examplesConfig-version.cmake
[46.268s] -- Installing: /home/khw/simulation_ws/src/install/dynamixel_sdk_examples/share/dynamixel_sdk_examples/package.xml
[46.279s] Invoked command in '/home/khw/simulation_ws/src/build/dynamixel_sdk_examples' returned '0': AMENT_PREFIX_PATH=/home/khw/simulation_ws/src/install/dynamixel_sdk_custom_interfaces:/home/khw/simulation_ws/src/install/dynamixel_sdk:${AMENT_PREFIX_PATH} CMAKE_PREFIX_PATH=/home/khw/simulation_ws/src/install/dynamixel_sdk_custom_interfaces:/home/khw/simulation_ws/src/install/dynamixel_sdk:/home/khw/simulation_ws/install/turtlebot3:/home/khw/simulation_ws/install/turtlebot3_bringup:/home/khw/simulation_ws/install/turtlebot3_node:/home/khw/simulation_ws/install/turtlebot3_navigation2:/home/khw/simulation_ws/install/turtlebot3_msgs:/home/khw/simulation_ws/install/turtlebot3_description:/home/khw/simulation_ws/install/turtlebot3_cartographer:/home/khw/simulation_ws/install/dynamixel_sdk_examples:/home/khw/simulation_ws/install/dynamixel_sdk_custom_interfaces:/home/khw/simulation_ws/install/dynamixel_sdk:/opt/ros/humble:/home/khw/simulation_ws/install/turtlebot3_teleop:/home/khw/simulation_ws/install/turtlebot3_example:/home/khw/simulation_ws/install/odom_tools LD_LIBRARY_PATH=/home/khw/simulation_ws/src/install/dynamixel_sdk_custom_interfaces/lib:/home/khw/simulation_ws/src/install/dynamixel_sdk/lib:/usr/lib/x86_64-linux-gnu/gazebo-11/plugins:/opt/ros/humble/opt/rviz_ogre_vendor/lib:/opt/ros/humble/lib/x86_64-linux-gnu:/opt/ros/humble/lib:/home/khw/simulation_ws/install/turtlebot3_msgs/lib:/home/khw/simulation_ws/install/dynamixel_sdk_custom_interfaces/lib:/home/khw/simulation_ws/install/dynamixel_sdk/lib:/usr/lib/x86_64-linux-gnu/gazebo-11/plugins:/usr/lib/x86_64-linux-gnu/gazebo-11/plugins:/usr/lib/x86_64-linux-gnu/gazebo-11/plugins:/usr/lib/x86_64-linux-gnu/gazebo-11/plugins:/usr/lib/x86_64-linux-gnu/gazebo-11/plugins:/usr/lib/x86_64-linux-gnu/gazebo-11/plugins:/usr/lib/x86_64-linux-gnu/gazebo-11/plugins:/usr/lib/x86_64-linux-gnu/gazebo-11/plugins:/usr/lib/x86_64-linux-gnu/gazebo-11/plugins:/usr/lib/x86_64-linux-gnu/gazebo-11/plugins:/usr/lib/x86_64-linux-gnu/gazebo-11/plugins:/usr/lib/x86_64-linux-gnu/gazebo-11/plugins:/usr/lib/x86_64-linux-gnu/gazebo-11/plugins:/usr/lib/x86_64-linux-gnu/gazebo-11/plugins:/usr/lib/x86_64-linux-gnu/gazebo-11/plugins PYTHONPATH=/home/khw/simulation_ws/src/install/dynamixel_sdk_custom_interfaces/local/lib/python3.10/dist-packages:/home/khw/simulation_ws/src/install/dynamixel_sdk/local/lib/python3.10/dist-packages:${PYTHONPATH} /usr/bin/cmake --install /home/khw/simulation_ws/src/build/dynamixel_sdk_examples
