[0.056s] Invoking command in '/home/khw/simulation_ws/src/build/turtlebot3_description': CMAKE_PREFIX_PATH=${CMAKE_PREFIX_PATH}:/opt/ros/humble:/home/khw/simulation_ws/install/turtlebot3_teleop:/home/khw/simulation_ws/install/turtlebot3_example:/home/khw/simulation_ws/install/odom_tools /usr/bin/cmake --build /home/khw/simulation_ws/src/build/turtlebot3_description -- -j12 -l12
[1.011s] Invoked command in '/home/khw/simulation_ws/src/build/turtlebot3_description' returned '0': CMAKE_PREFIX_PATH=${CMAKE_PREFIX_PATH}:/opt/ros/humble:/home/khw/simulation_ws/install/turtlebot3_teleop:/home/khw/simulation_ws/install/turtlebot3_example:/home/khw/simulation_ws/install/odom_tools /usr/bin/cmake --build /home/khw/simulation_ws/src/build/turtlebot3_description -- -j12 -l12
[1.012s] Invoking command in '/home/khw/simulation_ws/src/build/turtlebot3_description': CMAKE_PREFIX_PATH=${CMAKE_PREFIX_PATH}:/opt/ros/humble:/home/khw/simulation_ws/install/turtlebot3_teleop:/home/khw/simulation_ws/install/turtlebot3_example:/home/khw/simulation_ws/install/odom_tools /usr/bin/cmake --install /home/khw/simulation_ws/src/build/turtlebot3_description
[1.029s] -- Install configuration: ""
[1.029s] -- Up-to-date: /home/khw/simulation_ws/src/install/turtlebot3_description/share/turtlebot3_description/meshes
[1.029s] -- Up-to-date: /home/khw/simulation_ws/src/install/turtlebot3_description/share/turtlebot3_description/meshes/wheels
[1.030s] -- Up-to-date: /home/khw/simulation_ws/src/install/turtlebot3_description/share/turtlebot3_description/meshes/wheels/left_tire.stl
[1.030s] -- Up-to-date: /home/khw/simulation_ws/src/install/turtlebot3_description/share/turtlebot3_description/meshes/wheels/right_tire.stl
[1.030s] -- Up-to-date: /home/khw/simulation_ws/src/install/turtlebot3_description/share/turtlebot3_description/meshes/bases
[1.030s] -- Up-to-date: /home/khw/simulation_ws/src/install/turtlebot3_description/share/turtlebot3_description/meshes/bases/burger_base.stl
[1.030s] -- Up-to-date: /home/khw/simulation_ws/src/install/turtlebot3_description/share/turtlebot3_description/meshes/bases/waffle_pi_base.stl
[1.030s] -- Up-to-date: /home/khw/simulation_ws/src/install/turtlebot3_description/share/turtlebot3_description/meshes/bases/waffle_base.stl
[1.031s] -- Up-to-date: /home/khw/simulation_ws/src/install/turtlebot3_description/share/turtlebot3_description/meshes/sensors
[1.031s] -- Up-to-date: /home/khw/simulation_ws/src/install/turtlebot3_description/share/turtlebot3_description/meshes/sensors/astra.dae
[1.031s] -- Up-to-date: /home/khw/simulation_ws/src/install/turtlebot3_description/share/turtlebot3_description/meshes/sensors/lds.stl
[1.032s] -- Up-to-date: /home/khw/simulation_ws/src/install/turtlebot3_description/share/turtlebot3_description/meshes/sensors/r200.jpg
[1.033s] -- Up-to-date: /home/khw/simulation_ws/src/install/turtlebot3_description/share/turtlebot3_description/meshes/sensors/astra.jpg
[1.034s] -- Up-to-date: /home/khw/simulation_ws/src/install/turtlebot3_description/share/turtlebot3_description/meshes/sensors/r200.dae
[1.037s] -- Up-to-date: /home/khw/simulation_ws/src/install/turtlebot3_description/share/turtlebot3_description/rviz
[1.038s] -- Up-to-date: /home/khw/simulation_ws/src/install/turtlebot3_description/share/turtlebot3_description/rviz/model.rviz
[1.039s] -- Up-to-date: /home/khw/simulation_ws/src/install/turtlebot3_description/share/turtlebot3_description/urdf
[1.039s] -- Up-to-date: /home/khw/simulation_ws/src/install/turtlebot3_description/share/turtlebot3_description/urdf/turtlebot3_waffle_pi.urdf
[1.039s] -- Up-to-date: /home/khw/simulation_ws/src/install/turtlebot3_description/share/turtlebot3_description/urdf/common_properties.urdf
[1.039s] -- Up-to-date: /home/khw/simulation_ws/src/install/turtlebot3_description/share/turtlebot3_description/urdf/turtlebot3_waffle.urdf
[1.039s] -- Up-to-date: /home/khw/simulation_ws/src/install/turtlebot3_description/share/turtlebot3_description/urdf/turtlebot3_burger.urdf
[1.040s] -- Up-to-date: /home/khw/simulation_ws/src/install/turtlebot3_description/share/ament_index/resource_index/package_run_dependencies/turtlebot3_description
[1.041s] -- Up-to-date: /home/khw/simulation_ws/src/install/turtlebot3_description/share/ament_index/resource_index/parent_prefix_path/turtlebot3_description
[1.041s] -- Up-to-date: /home/khw/simulation_ws/src/install/turtlebot3_description/share/turtlebot3_description/environment/ament_prefix_path.sh
[1.042s] -- Up-to-date: /home/khw/simulation_ws/src/install/turtlebot3_description/share/turtlebot3_description/environment/ament_prefix_path.dsv
[1.043s] -- Up-to-date: /home/khw/simulation_ws/src/install/turtlebot3_description/share/turtlebot3_description/environment/path.sh
[1.043s] -- Up-to-date: /home/khw/simulation_ws/src/install/turtlebot3_description/share/turtlebot3_description/environment/path.dsv
[1.043s] -- Up-to-date: /home/khw/simulation_ws/src/install/turtlebot3_description/share/turtlebot3_description/local_setup.bash
[1.044s] -- Up-to-date: /home/khw/simulation_ws/src/install/turtlebot3_description/share/turtlebot3_description/local_setup.sh
[1.044s] -- Up-to-date: /home/khw/simulation_ws/src/install/turtlebot3_description/share/turtlebot3_description/local_setup.zsh
[1.044s] -- Up-to-date: /home/khw/simulation_ws/src/install/turtlebot3_description/share/turtlebot3_description/local_setup.dsv
[1.044s] -- Installing: /home/khw/simulation_ws/src/install/turtlebot3_description/share/turtlebot3_description/package.dsv
[1.045s] -- Up-to-date: /home/khw/simulation_ws/src/install/turtlebot3_description/share/ament_index/resource_index/packages/turtlebot3_description
[1.045s] -- Up-to-date: /home/khw/simulation_ws/src/install/turtlebot3_description/share/turtlebot3_description/cmake/turtlebot3_descriptionConfig.cmake
[1.045s] -- Up-to-date: /home/khw/simulation_ws/src/install/turtlebot3_description/share/turtlebot3_description/cmake/turtlebot3_descriptionConfig-version.cmake
[1.045s] -- Up-to-date: /home/khw/simulation_ws/src/install/turtlebot3_description/share/turtlebot3_description/package.xml
[1.140s] Invoked command in '/home/khw/simulation_ws/src/build/turtlebot3_description' returned '0': CMAKE_PREFIX_PATH=${CMAKE_PREFIX_PATH}:/opt/ros/humble:/home/khw/simulation_ws/install/turtlebot3_teleop:/home/khw/simulation_ws/install/turtlebot3_example:/home/khw/simulation_ws/install/odom_tools /usr/bin/cmake --install /home/khw/simulation_ws/src/build/turtlebot3_description
