[1.467s] Invoking command in '/home/khw/simulation_ws/src/turtlebot3/turtlebot3_example': AMENT_PREFIX_PATH=/home/khw/simulation_ws/src/install/turtlebot3_msgs:${AMENT_PREFIX_PATH} CMAKE_PREFIX_PATH=/home/khw/simulation_ws/src/install/turtlebot3_msgs:${CMAKE_PREFIX_PATH} LD_LIBRARY_PATH=/home/khw/simulation_ws/src/install/turtlebot3_msgs/lib:/usr/lib/x86_64-linux-gnu/gazebo-11/plugins:/opt/ros/humble/opt/rviz_ogre_vendor/lib:/opt/ros/humble/lib/x86_64-linux-gnu:/opt/ros/humble/lib:/home/khw/simulation_ws/install/turtlebot3_msgs/lib:/home/khw/simulation_ws/install/dynamixel_sdk_custom_interfaces/lib:/home/khw/simulation_ws/install/dynamixel_sdk/lib:/usr/lib/x86_64-linux-gnu/gazebo-11/plugins:/usr/lib/x86_64-linux-gnu/gazebo-11/plugins:/usr/lib/x86_64-linux-gnu/gazebo-11/plugins PYTHONPATH=/home/khw/simulation_ws/src/build/turtlebot3_example/prefix_override:/usr/lib/python3/dist-packages/colcon_core/task/python/colcon_distutils_commands:/home/khw/simulation_ws/src/install/turtlebot3_example/lib/python3.10/site-packages:/home/khw/simulation_ws/src/install/turtlebot3_msgs/local/lib/python3.10/dist-packages:${PYTHONPATH} /usr/bin/python3 -W ignore:setup.py install is deprecated -W ignore:easy_install command is deprecated setup.py egg_info --egg-base ../../build/turtlebot3_example build --build-base /home/khw/simulation_ws/src/build/turtlebot3_example/build install --record /home/khw/simulation_ws/src/build/turtlebot3_example/install.log --single-version-externally-managed install_data
[2.047s] running egg_info
[2.049s] creating ../../build/turtlebot3_example/turtlebot3_example.egg-info
[2.050s] writing ../../build/turtlebot3_example/turtlebot3_example.egg-info/PKG-INFO
[2.051s] writing dependency_links to ../../build/turtlebot3_example/turtlebot3_example.egg-info/dependency_links.txt
[2.052s] writing entry points to ../../build/turtlebot3_example/turtlebot3_example.egg-info/entry_points.txt
[2.053s] writing requirements to ../../build/turtlebot3_example/turtlebot3_example.egg-info/requires.txt
[2.053s] writing top-level names to ../../build/turtlebot3_example/turtlebot3_example.egg-info/top_level.txt
[2.057s] writing manifest file '../../build/turtlebot3_example/turtlebot3_example.egg-info/SOURCES.txt'
[2.060s] reading manifest file '../../build/turtlebot3_example/turtlebot3_example.egg-info/SOURCES.txt'
[2.062s] writing manifest file '../../build/turtlebot3_example/turtlebot3_example.egg-info/SOURCES.txt'
[2.064s] running build
[2.064s] running build_py
[2.065s] creating /home/khw/simulation_ws/src/build/turtlebot3_example/build
[2.066s] creating /home/khw/simulation_ws/src/build/turtlebot3_example/build/lib
[2.067s] creating /home/khw/simulation_ws/src/build/turtlebot3_example/build/lib/turtlebot3_example
[2.067s] copying turtlebot3_example/__init__.py -> /home/khw/simulation_ws/src/build/turtlebot3_example/build/lib/turtlebot3_example
[2.068s] creating /home/khw/simulation_ws/src/build/turtlebot3_example/build/lib/turtlebot3_example/turtlebot3_relative_move
[2.068s] copying turtlebot3_example/turtlebot3_relative_move/turtlebot3_relative_move.py -> /home/khw/simulation_ws/src/build/turtlebot3_example/build/lib/turtlebot3_example/turtlebot3_relative_move
[2.069s] copying turtlebot3_example/turtlebot3_relative_move/__init__.py -> /home/khw/simulation_ws/src/build/turtlebot3_example/build/lib/turtlebot3_example/turtlebot3_relative_move
[2.070s] creating /home/khw/simulation_ws/src/build/turtlebot3_example/build/lib/turtlebot3_example/turtlebot3_absolute_move
[2.070s] copying turtlebot3_example/turtlebot3_absolute_move/turtlebot3_absolute_move.py -> /home/khw/simulation_ws/src/build/turtlebot3_example/build/lib/turtlebot3_example/turtlebot3_absolute_move
[2.071s] copying turtlebot3_example/turtlebot3_absolute_move/__init__.py -> /home/khw/simulation_ws/src/build/turtlebot3_example/build/lib/turtlebot3_example/turtlebot3_absolute_move
[2.071s] creating /home/khw/simulation_ws/src/build/turtlebot3_example/build/lib/turtlebot3_example/turtlebot3_interactive_marker
[2.072s] copying turtlebot3_example/turtlebot3_interactive_marker/turtlebot3_interactive_marker.py -> /home/khw/simulation_ws/src/build/turtlebot3_example/build/lib/turtlebot3_example/turtlebot3_interactive_marker
[2.072s] copying turtlebot3_example/turtlebot3_interactive_marker/__init__.py -> /home/khw/simulation_ws/src/build/turtlebot3_example/build/lib/turtlebot3_example/turtlebot3_interactive_marker
[2.072s] creating /home/khw/simulation_ws/src/build/turtlebot3_example/build/lib/turtlebot3_example/turtlebot3_obstacle_detection
[2.073s] copying turtlebot3_example/turtlebot3_obstacle_detection/turtlebot3_obstacle_detection.py -> /home/khw/simulation_ws/src/build/turtlebot3_example/build/lib/turtlebot3_example/turtlebot3_obstacle_detection
[2.073s] copying turtlebot3_example/turtlebot3_obstacle_detection/__init__.py -> /home/khw/simulation_ws/src/build/turtlebot3_example/build/lib/turtlebot3_example/turtlebot3_obstacle_detection
[2.074s] creating /home/khw/simulation_ws/src/build/turtlebot3_example/build/lib/turtlebot3_example/turtlebot3_patrol
[2.074s] copying turtlebot3_example/turtlebot3_patrol/turtlebot3_patrol_client.py -> /home/khw/simulation_ws/src/build/turtlebot3_example/build/lib/turtlebot3_example/turtlebot3_patrol
[2.075s] copying turtlebot3_example/turtlebot3_patrol/turtlebot3_patrol_server.py -> /home/khw/simulation_ws/src/build/turtlebot3_example/build/lib/turtlebot3_example/turtlebot3_patrol
[2.077s] copying turtlebot3_example/turtlebot3_patrol/__init__.py -> /home/khw/simulation_ws/src/build/turtlebot3_example/build/lib/turtlebot3_example/turtlebot3_patrol
[2.078s] running install
[2.078s] running install_lib
[2.080s] creating /home/khw/simulation_ws/src/install/turtlebot3_example/lib/python3.10/site-packages/turtlebot3_example
[2.081s] creating /home/khw/simulation_ws/src/install/turtlebot3_example/lib/python3.10/site-packages/turtlebot3_example/turtlebot3_relative_move
[2.081s] copying /home/khw/simulation_ws/src/build/turtlebot3_example/build/lib/turtlebot3_example/turtlebot3_relative_move/turtlebot3_relative_move.py -> /home/khw/simulation_ws/src/install/turtlebot3_example/lib/python3.10/site-packages/turtlebot3_example/turtlebot3_relative_move
[2.082s] copying /home/khw/simulation_ws/src/build/turtlebot3_example/build/lib/turtlebot3_example/turtlebot3_relative_move/__init__.py -> /home/khw/simulation_ws/src/install/turtlebot3_example/lib/python3.10/site-packages/turtlebot3_example/turtlebot3_relative_move
[2.083s] creating /home/khw/simulation_ws/src/install/turtlebot3_example/lib/python3.10/site-packages/turtlebot3_example/turtlebot3_absolute_move
[2.084s] copying /home/khw/simulation_ws/src/build/turtlebot3_example/build/lib/turtlebot3_example/turtlebot3_absolute_move/turtlebot3_absolute_move.py -> /home/khw/simulation_ws/src/install/turtlebot3_example/lib/python3.10/site-packages/turtlebot3_example/turtlebot3_absolute_move
[2.084s] copying /home/khw/simulation_ws/src/build/turtlebot3_example/build/lib/turtlebot3_example/turtlebot3_absolute_move/__init__.py -> /home/khw/simulation_ws/src/install/turtlebot3_example/lib/python3.10/site-packages/turtlebot3_example/turtlebot3_absolute_move
[2.085s] creating /home/khw/simulation_ws/src/install/turtlebot3_example/lib/python3.10/site-packages/turtlebot3_example/turtlebot3_interactive_marker
[2.086s] copying /home/khw/simulation_ws/src/build/turtlebot3_example/build/lib/turtlebot3_example/turtlebot3_interactive_marker/turtlebot3_interactive_marker.py -> /home/khw/simulation_ws/src/install/turtlebot3_example/lib/python3.10/site-packages/turtlebot3_example/turtlebot3_interactive_marker
[2.086s] copying /home/khw/simulation_ws/src/build/turtlebot3_example/build/lib/turtlebot3_example/turtlebot3_interactive_marker/__init__.py -> /home/khw/simulation_ws/src/install/turtlebot3_example/lib/python3.10/site-packages/turtlebot3_example/turtlebot3_interactive_marker
[2.087s] creating /home/khw/simulation_ws/src/install/turtlebot3_example/lib/python3.10/site-packages/turtlebot3_example/turtlebot3_obstacle_detection
[2.088s] copying /home/khw/simulation_ws/src/build/turtlebot3_example/build/lib/turtlebot3_example/turtlebot3_obstacle_detection/turtlebot3_obstacle_detection.py -> /home/khw/simulation_ws/src/install/turtlebot3_example/lib/python3.10/site-packages/turtlebot3_example/turtlebot3_obstacle_detection
[2.089s] copying /home/khw/simulation_ws/src/build/turtlebot3_example/build/lib/turtlebot3_example/turtlebot3_obstacle_detection/__init__.py -> /home/khw/simulation_ws/src/install/turtlebot3_example/lib/python3.10/site-packages/turtlebot3_example/turtlebot3_obstacle_detection
[2.089s] creating /home/khw/simulation_ws/src/install/turtlebot3_example/lib/python3.10/site-packages/turtlebot3_example/turtlebot3_patrol
[2.090s] copying /home/khw/simulation_ws/src/build/turtlebot3_example/build/lib/turtlebot3_example/turtlebot3_patrol/turtlebot3_patrol_client.py -> /home/khw/simulation_ws/src/install/turtlebot3_example/lib/python3.10/site-packages/turtlebot3_example/turtlebot3_patrol
[2.091s] copying /home/khw/simulation_ws/src/build/turtlebot3_example/build/lib/turtlebot3_example/turtlebot3_patrol/turtlebot3_patrol_server.py -> /home/khw/simulation_ws/src/install/turtlebot3_example/lib/python3.10/site-packages/turtlebot3_example/turtlebot3_patrol
[2.091s] copying /home/khw/simulation_ws/src/build/turtlebot3_example/build/lib/turtlebot3_example/turtlebot3_patrol/__init__.py -> /home/khw/simulation_ws/src/install/turtlebot3_example/lib/python3.10/site-packages/turtlebot3_example/turtlebot3_patrol
[2.092s] copying /home/khw/simulation_ws/src/build/turtlebot3_example/build/lib/turtlebot3_example/__init__.py -> /home/khw/simulation_ws/src/install/turtlebot3_example/lib/python3.10/site-packages/turtlebot3_example
[2.094s] byte-compiling /home/khw/simulation_ws/src/install/turtlebot3_example/lib/python3.10/site-packages/turtlebot3_example/turtlebot3_relative_move/turtlebot3_relative_move.py to turtlebot3_relative_move.cpython-310.pyc
[2.097s] byte-compiling /home/khw/simulation_ws/src/install/turtlebot3_example/lib/python3.10/site-packages/turtlebot3_example/turtlebot3_relative_move/__init__.py to __init__.cpython-310.pyc
[2.100s] byte-compiling /home/khw/simulation_ws/src/install/turtlebot3_example/lib/python3.10/site-packages/turtlebot3_example/turtlebot3_absolute_move/turtlebot3_absolute_move.py to turtlebot3_absolute_move.cpython-310.pyc
[2.101s] byte-compiling /home/khw/simulation_ws/src/install/turtlebot3_example/lib/python3.10/site-packages/turtlebot3_example/turtlebot3_absolute_move/__init__.py to __init__.cpython-310.pyc
[2.102s] byte-compiling /home/khw/simulation_ws/src/install/turtlebot3_example/lib/python3.10/site-packages/turtlebot3_example/turtlebot3_interactive_marker/turtlebot3_interactive_marker.py to turtlebot3_interactive_marker.cpython-310.pyc
[2.105s] byte-compiling /home/khw/simulation_ws/src/install/turtlebot3_example/lib/python3.10/site-packages/turtlebot3_example/turtlebot3_interactive_marker/__init__.py to __init__.cpython-310.pyc
[2.108s] byte-compiling /home/khw/simulation_ws/src/install/turtlebot3_example/lib/python3.10/site-packages/turtlebot3_example/turtlebot3_obstacle_detection/turtlebot3_obstacle_detection.py to turtlebot3_obstacle_detection.cpython-310.pyc
[2.110s] byte-compiling /home/khw/simulation_ws/src/install/turtlebot3_example/lib/python3.10/site-packages/turtlebot3_example/turtlebot3_obstacle_detection/__init__.py to __init__.cpython-310.pyc
[2.112s] byte-compiling /home/khw/simulation_ws/src/install/turtlebot3_example/lib/python3.10/site-packages/turtlebot3_example/turtlebot3_patrol/turtlebot3_patrol_client.py to turtlebot3_patrol_client.cpython-310.pyc
[2.117s] byte-compiling /home/khw/simulation_ws/src/install/turtlebot3_example/lib/python3.10/site-packages/turtlebot3_example/turtlebot3_patrol/turtlebot3_patrol_server.py to turtlebot3_patrol_server.cpython-310.pyc
[2.120s] byte-compiling /home/khw/simulation_ws/src/install/turtlebot3_example/lib/python3.10/site-packages/turtlebot3_example/turtlebot3_patrol/__init__.py to __init__.cpython-310.pyc
[2.121s] byte-compiling /home/khw/simulation_ws/src/install/turtlebot3_example/lib/python3.10/site-packages/turtlebot3_example/__init__.py to __init__.cpython-310.pyc
[2.122s] running install_data
[2.123s] creating /home/khw/simulation_ws/src/install/turtlebot3_example/share/ament_index
[2.124s] creating /home/khw/simulation_ws/src/install/turtlebot3_example/share/ament_index/resource_index
[2.127s] creating /home/khw/simulation_ws/src/install/turtlebot3_example/share/ament_index/resource_index/packages
[2.128s] copying resource/turtlebot3_example -> /home/khw/simulation_ws/src/install/turtlebot3_example/share/ament_index/resource_index/packages
[2.129s] copying package.xml -> /home/khw/simulation_ws/src/install/turtlebot3_example/share/turtlebot3_example
[2.130s] running install_egg_info
[2.132s] Copying ../../build/turtlebot3_example/turtlebot3_example.egg-info to /home/khw/simulation_ws/src/install/turtlebot3_example/lib/python3.10/site-packages/turtlebot3_example-2.2.8-py3.10.egg-info
[2.133s] running install_scripts
[2.181s] Installing turtlebot3_absolute_move script to /home/khw/simulation_ws/src/install/turtlebot3_example/lib/turtlebot3_example
[2.181s] Installing turtlebot3_interactive_marker script to /home/khw/simulation_ws/src/install/turtlebot3_example/lib/turtlebot3_example
[2.181s] Installing turtlebot3_obstacle_detection script to /home/khw/simulation_ws/src/install/turtlebot3_example/lib/turtlebot3_example
[2.189s] Installing turtlebot3_patrol_client script to /home/khw/simulation_ws/src/install/turtlebot3_example/lib/turtlebot3_example
[2.193s] Installing turtlebot3_patrol_server script to /home/khw/simulation_ws/src/install/turtlebot3_example/lib/turtlebot3_example
[2.193s] Installing turtlebot3_relative_move script to /home/khw/simulation_ws/src/install/turtlebot3_example/lib/turtlebot3_example
[2.193s] writing list of installed files to '/home/khw/simulation_ws/src/build/turtlebot3_example/install.log'
[2.225s] Invoked command in '/home/khw/simulation_ws/src/turtlebot3/turtlebot3_example' returned '0': AMENT_PREFIX_PATH=/home/khw/simulation_ws/src/install/turtlebot3_msgs:${AMENT_PREFIX_PATH} CMAKE_PREFIX_PATH=/home/khw/simulation_ws/src/install/turtlebot3_msgs:${CMAKE_PREFIX_PATH} LD_LIBRARY_PATH=/home/khw/simulation_ws/src/install/turtlebot3_msgs/lib:/usr/lib/x86_64-linux-gnu/gazebo-11/plugins:/opt/ros/humble/opt/rviz_ogre_vendor/lib:/opt/ros/humble/lib/x86_64-linux-gnu:/opt/ros/humble/lib:/home/khw/simulation_ws/install/turtlebot3_msgs/lib:/home/khw/simulation_ws/install/dynamixel_sdk_custom_interfaces/lib:/home/khw/simulation_ws/install/dynamixel_sdk/lib:/usr/lib/x86_64-linux-gnu/gazebo-11/plugins:/usr/lib/x86_64-linux-gnu/gazebo-11/plugins:/usr/lib/x86_64-linux-gnu/gazebo-11/plugins PYTHONPATH=/home/khw/simulation_ws/src/build/turtlebot3_example/prefix_override:/usr/lib/python3/dist-packages/colcon_core/task/python/colcon_distutils_commands:/home/khw/simulation_ws/src/install/turtlebot3_example/lib/python3.10/site-packages:/home/khw/simulation_ws/src/install/turtlebot3_msgs/local/lib/python3.10/dist-packages:${PYTHONPATH} /usr/bin/python3 -W ignore:setup.py install is deprecated -W ignore:easy_install command is deprecated setup.py egg_info --egg-base ../../build/turtlebot3_example build --build-base /home/khw/simulation_ws/src/build/turtlebot3_example/build install --record /home/khw/simulation_ws/src/build/turtlebot3_example/install.log --single-version-externally-managed install_data
