[4.986s] Invoking command in '/home/khw/simulation_ws/src/turtlebot3/turtlebot3_example': AMENT_PREFIX_PATH=/home/khw/simulation_ws/install/turtlebot3_msgs CMAKE_PREFIX_PATH=/home/khw/simulation_ws/install/turtlebot3_msgs LD_LIBRARY_PATH=/home/khw/simulation_ws/install/turtlebot3_msgs/lib PYTHONPATH=/home/khw/simulation_ws/build/turtlebot3_example/prefix_override:/usr/lib/python3/dist-packages/colcon_core/task/python/colcon_distutils_commands:/home/khw/simulation_ws/install/turtlebot3_example/lib/python3.10/site-packages:/home/khw/simulation_ws/install/turtlebot3_msgs/local/lib/python3.10/dist-packages /usr/bin/python3 -W ignore:setup.py install is deprecated -W ignore:easy_install command is deprecated setup.py egg_info --egg-base ../../../build/turtlebot3_example build --build-base /home/khw/simulation_ws/build/turtlebot3_example/build install --record /home/khw/simulation_ws/build/turtlebot3_example/install.log --single-version-externally-managed install_data
[6.682s] running egg_info
[6.758s] writing ../../../build/turtlebot3_example/turtlebot3_example.egg-info/PKG-INFO
[6.759s] writing dependency_links to ../../../build/turtlebot3_example/turtlebot3_example.egg-info/dependency_links.txt
[6.761s] writing entry points to ../../../build/turtlebot3_example/turtlebot3_example.egg-info/entry_points.txt
[6.762s] writing requirements to ../../../build/turtlebot3_example/turtlebot3_example.egg-info/requires.txt
[6.763s] writing top-level names to ../../../build/turtlebot3_example/turtlebot3_example.egg-info/top_level.txt
[6.912s] reading manifest file '../../../build/turtlebot3_example/turtlebot3_example.egg-info/SOURCES.txt'
[6.921s] writing manifest file '../../../build/turtlebot3_example/turtlebot3_example.egg-info/SOURCES.txt'
[6.922s] running build
[6.923s] running build_py
[6.931s] running install
[6.969s] running install_lib
[7.053s] running install_data
[7.054s] running install_egg_info
[7.128s] removing '/home/khw/simulation_ws/install/turtlebot3_example/lib/python3.10/site-packages/turtlebot3_example-2.2.9-py3.10.egg-info' (and everything under it)
[7.129s] Copying ../../../build/turtlebot3_example/turtlebot3_example.egg-info to /home/khw/simulation_ws/install/turtlebot3_example/lib/python3.10/site-packages/turtlebot3_example-2.2.9-py3.10.egg-info
[7.132s] running install_scripts
[7.476s] Installing turtlebot3_absolute_move script to /home/khw/simulation_ws/install/turtlebot3_example/lib/turtlebot3_example
[7.478s] Installing turtlebot3_interactive_marker script to /home/khw/simulation_ws/install/turtlebot3_example/lib/turtlebot3_example
[7.479s] Installing turtlebot3_obstacle_detection script to /home/khw/simulation_ws/install/turtlebot3_example/lib/turtlebot3_example
[7.479s] Installing turtlebot3_patrol_client script to /home/khw/simulation_ws/install/turtlebot3_example/lib/turtlebot3_example
[7.480s] Installing turtlebot3_patrol_server script to /home/khw/simulation_ws/install/turtlebot3_example/lib/turtlebot3_example
[7.480s] Installing turtlebot3_relative_move script to /home/khw/simulation_ws/install/turtlebot3_example/lib/turtlebot3_example
[7.482s] writing list of installed files to '/home/khw/simulation_ws/build/turtlebot3_example/install.log'
[7.677s] Invoked command in '/home/khw/simulation_ws/src/turtlebot3/turtlebot3_example' returned '0': AMENT_PREFIX_PATH=/home/khw/simulation_ws/install/turtlebot3_msgs CMAKE_PREFIX_PATH=/home/khw/simulation_ws/install/turtlebot3_msgs LD_LIBRARY_PATH=/home/khw/simulation_ws/install/turtlebot3_msgs/lib PYTHONPATH=/home/khw/simulation_ws/build/turtlebot3_example/prefix_override:/usr/lib/python3/dist-packages/colcon_core/task/python/colcon_distutils_commands:/home/khw/simulation_ws/install/turtlebot3_example/lib/python3.10/site-packages:/home/khw/simulation_ws/install/turtlebot3_msgs/local/lib/python3.10/dist-packages /usr/bin/python3 -W ignore:setup.py install is deprecated -W ignore:easy_install command is deprecated setup.py egg_info --egg-base ../../../build/turtlebot3_example build --build-base /home/khw/simulation_ws/build/turtlebot3_example/build install --record /home/khw/simulation_ws/build/turtlebot3_example/install.log --single-version-externally-managed install_data
