[0.129s] Invoking command in '/home/khw/simulation_ws/build/turtlebot3_navigation2': CMAKE_PREFIX_PATH=${CMAKE_PREFIX_PATH}:/opt/ros/humble:/home/khw/simulation_ws/install/turtlebot3_teleop:/home/khw/simulation_ws/install/turtlebot3_example:/home/khw/simulation_ws/install/odom_tools /usr/bin/cmake /home/khw/simulation_ws/src/turtlebot3/turtlebot3_navigation2 -DAMENT_CMAKE_SYMLINK_INSTALL=1 -DCMAKE_INSTALL_PREFIX=/home/khw/simulation_ws/install/turtlebot3_navigation2
[1.889s] -- The C compiler identification is GNU 11.4.0
[1.890s] -- The CXX compiler identification is GNU 11.4.0
[1.890s] -- Detecting C compiler ABI info
[1.890s] -- Detecting C compiler ABI info - done
[1.890s] -- Check for working C compiler: /usr/bin/cc - skipped
[1.891s] -- Detecting C compile features
[1.891s] -- Detecting C compile features - done
[1.891s] -- Detecting CXX compiler ABI info
[1.891s] -- Detecting CXX compiler ABI info - done
[1.892s] -- Check for working CXX compiler: /usr/bin/c++ - skipped
[1.892s] -- Detecting CXX compile features
[1.892s] -- Detecting CXX compile features - done
[1.892s] -- Found ament_cmake: 1.3.11 (/opt/ros/humble/share/ament_cmake/cmake)
[4.018s] -- Found Python3: /usr/bin/python3 (found version "3.10.12") found components: Interpreter 
[4.522s] -- Override CMake install command with custom implementation using symlinks instead of copying resources
[4.886s] -- Configuring done
[4.895s] -- Generating done
[4.903s] -- Build files have been written to: /home/khw/simulation_ws/build/turtlebot3_navigation2
[4.937s] Invoked command in '/home/khw/simulation_ws/build/turtlebot3_navigation2' returned '0': CMAKE_PREFIX_PATH=${CMAKE_PREFIX_PATH}:/opt/ros/humble:/home/khw/simulation_ws/install/turtlebot3_teleop:/home/khw/simulation_ws/install/turtlebot3_example:/home/khw/simulation_ws/install/odom_tools /usr/bin/cmake /home/khw/simulation_ws/src/turtlebot3/turtlebot3_navigation2 -DAMENT_CMAKE_SYMLINK_INSTALL=1 -DCMAKE_INSTALL_PREFIX=/home/khw/simulation_ws/install/turtlebot3_navigation2
[4.940s] Invoking command in '/home/khw/simulation_ws/build/turtlebot3_navigation2': CMAKE_PREFIX_PATH=${CMAKE_PREFIX_PATH}:/opt/ros/humble:/home/khw/simulation_ws/install/turtlebot3_teleop:/home/khw/simulation_ws/install/turtlebot3_example:/home/khw/simulation_ws/install/odom_tools /usr/bin/cmake --build /home/khw/simulation_ws/build/turtlebot3_navigation2 -- -j12 -l12
[5.073s] Invoked command in '/home/khw/simulation_ws/build/turtlebot3_navigation2' returned '0': CMAKE_PREFIX_PATH=${CMAKE_PREFIX_PATH}:/opt/ros/humble:/home/khw/simulation_ws/install/turtlebot3_teleop:/home/khw/simulation_ws/install/turtlebot3_example:/home/khw/simulation_ws/install/odom_tools /usr/bin/cmake --build /home/khw/simulation_ws/build/turtlebot3_navigation2 -- -j12 -l12
[5.078s] Invoking command in '/home/khw/simulation_ws/build/turtlebot3_navigation2': CMAKE_PREFIX_PATH=${CMAKE_PREFIX_PATH}:/opt/ros/humble:/home/khw/simulation_ws/install/turtlebot3_teleop:/home/khw/simulation_ws/install/turtlebot3_example:/home/khw/simulation_ws/install/odom_tools /usr/bin/cmake --install /home/khw/simulation_ws/build/turtlebot3_navigation2
[5.100s] -- Install configuration: ""
[5.109s] -- Execute custom install script
[5.114s] -- Symlinking: /home/khw/simulation_ws/install/turtlebot3_navigation2/share/turtlebot3_navigation2/launch/navigation2.launch.py
[5.136s] -- Symlinking: /home/khw/simulation_ws/install/turtlebot3_navigation2/share/turtlebot3_navigation2/map/map.pgm
[5.166s] -- Symlinking: /home/khw/simulation_ws/install/turtlebot3_navigation2/share/turtlebot3_navigation2/map/map.yaml
[5.193s] -- Symlinking: /home/khw/simulation_ws/install/turtlebot3_navigation2/share/turtlebot3_navigation2/param/burger.yaml
[5.226s] -- Symlinking: /home/khw/simulation_ws/install/turtlebot3_navigation2/share/turtlebot3_navigation2/param/burger_cam.yaml
[5.255s] -- Symlinking: /home/khw/simulation_ws/install/turtlebot3_navigation2/share/turtlebot3_navigation2/param/humble/burger.yaml
[5.288s] -- Symlinking: /home/khw/simulation_ws/install/turtlebot3_navigation2/share/turtlebot3_navigation2/param/humble/burger_cam.yaml
[5.321s] -- Symlinking: /home/khw/simulation_ws/install/turtlebot3_navigation2/share/turtlebot3_navigation2/param/humble/waffle.yaml
[5.357s] -- Symlinking: /home/khw/simulation_ws/install/turtlebot3_navigation2/share/turtlebot3_navigation2/param/humble/waffle_pi.yaml
[5.383s] -- Symlinking: /home/khw/simulation_ws/install/turtlebot3_navigation2/share/turtlebot3_navigation2/param/waffle.yaml
[5.424s] -- Symlinking: /home/khw/simulation_ws/install/turtlebot3_navigation2/share/turtlebot3_navigation2/param/waffle_pi.yaml
[5.461s] -- Symlinking: /home/khw/simulation_ws/install/turtlebot3_navigation2/share/turtlebot3_navigation2/rviz/tb3_navigation2.rviz
[5.541s] -- Symlinking: /home/khw/simulation_ws/install/turtlebot3_navigation2/share/ament_index/resource_index/package_run_dependencies/turtlebot3_navigation2
[5.645s] -- Symlinking: /home/khw/simulation_ws/install/turtlebot3_navigation2/share/ament_index/resource_index/parent_prefix_path/turtlebot3_navigation2
[5.762s] -- Symlinking: /home/khw/simulation_ws/install/turtlebot3_navigation2/share/turtlebot3_navigation2/environment/ament_prefix_path.sh
[5.865s] -- Symlinking: /home/khw/simulation_ws/install/turtlebot3_navigation2/share/turtlebot3_navigation2/environment/ament_prefix_path.dsv
[5.958s] -- Symlinking: /home/khw/simulation_ws/install/turtlebot3_navigation2/share/turtlebot3_navigation2/environment/path.sh
[5.988s] -- Symlinking: /home/khw/simulation_ws/install/turtlebot3_navigation2/share/turtlebot3_navigation2/environment/path.dsv
[6.075s] -- Symlinking: /home/khw/simulation_ws/install/turtlebot3_navigation2/share/turtlebot3_navigation2/local_setup.bash
[6.143s] -- Symlinking: /home/khw/simulation_ws/install/turtlebot3_navigation2/share/turtlebot3_navigation2/local_setup.sh
[6.224s] -- Symlinking: /home/khw/simulation_ws/install/turtlebot3_navigation2/share/turtlebot3_navigation2/local_setup.zsh
[6.288s] -- Symlinking: /home/khw/simulation_ws/install/turtlebot3_navigation2/share/turtlebot3_navigation2/local_setup.dsv
[6.358s] -- Symlinking: /home/khw/simulation_ws/install/turtlebot3_navigation2/share/turtlebot3_navigation2/package.dsv
[6.410s] -- Symlinking: /home/khw/simulation_ws/install/turtlebot3_navigation2/share/ament_index/resource_index/packages/turtlebot3_navigation2
[6.452s] -- Symlinking: /home/khw/simulation_ws/install/turtlebot3_navigation2/share/turtlebot3_navigation2/cmake/turtlebot3_navigation2Config.cmake
[6.533s] -- Symlinking: /home/khw/simulation_ws/install/turtlebot3_navigation2/share/turtlebot3_navigation2/cmake/turtlebot3_navigation2Config-version.cmake
[6.604s] -- Symlinking: /home/khw/simulation_ws/install/turtlebot3_navigation2/share/turtlebot3_navigation2/package.xml
[6.644s] Invoked command in '/home/khw/simulation_ws/build/turtlebot3_navigation2' returned '0': CMAKE_PREFIX_PATH=${CMAKE_PREFIX_PATH}:/opt/ros/humble:/home/khw/simulation_ws/install/turtlebot3_teleop:/home/khw/simulation_ws/install/turtlebot3_example:/home/khw/simulation_ws/install/odom_tools /usr/bin/cmake --install /home/khw/simulation_ws/build/turtlebot3_navigation2
