[6.107s] Invoking command in '/home/khw/simulation_ws/src/odom_tools': PYTHONPATH=/home/khw/simulation_ws/build/odom_tools/prefix_override:/usr/lib/python3/dist-packages/colcon_core/task/python/colcon_distutils_commands:/home/khw/simulation_ws/install/odom_tools/lib/python3.10/site-packages:${PYTHONPATH} /usr/bin/python3 -W ignore:setup.py install is deprecated -W ignore:easy_install command is deprecated setup.py egg_info --egg-base ../../build/odom_tools build --build-base /home/khw/simulation_ws/build/odom_tools/build install --record /home/khw/simulation_ws/build/odom_tools/install.log --single-version-externally-managed install_data
[7.783s] running egg_info
[7.830s] writing ../../build/odom_tools/odom_tools.egg-info/PKG-INFO
[7.831s] writing dependency_links to ../../build/odom_tools/odom_tools.egg-info/dependency_links.txt
[7.832s] writing entry points to ../../build/odom_tools/odom_tools.egg-info/entry_points.txt
[7.833s] writing requirements to ../../build/odom_tools/odom_tools.egg-info/requires.txt
[7.833s] writing top-level names to ../../build/odom_tools/odom_tools.egg-info/top_level.txt
[7.934s] reading manifest file '../../build/odom_tools/odom_tools.egg-info/SOURCES.txt'
[7.938s] writing manifest file '../../build/odom_tools/odom_tools.egg-info/SOURCES.txt'
[7.939s] running build
[7.939s] running build_py
[7.940s] copying odom_tools/move_turtlebot.py -> /home/khw/simulation_ws/build/odom_tools/build/lib/odom_tools
[7.942s] running install
[7.962s] running install_lib
[8.038s] copying /home/khw/simulation_ws/build/odom_tools/build/lib/odom_tools/move_turtlebot.py -> /home/khw/simulation_ws/install/odom_tools/lib/python3.10/site-packages/odom_tools
[8.041s] byte-compiling /home/khw/simulation_ws/install/odom_tools/lib/python3.10/site-packages/odom_tools/move_turtlebot.py to move_turtlebot.cpython-310.pyc
[8.048s] running install_data
[8.048s] running install_egg_info
[8.108s] removing '/home/khw/simulation_ws/install/odom_tools/lib/python3.10/site-packages/odom_tools-0.0.0-py3.10.egg-info' (and everything under it)
[8.109s] Copying ../../build/odom_tools/odom_tools.egg-info to /home/khw/simulation_ws/install/odom_tools/lib/python3.10/site-packages/odom_tools-0.0.0-py3.10.egg-info
[8.111s] running install_scripts
[8.367s] Installing kiosk script to /home/khw/simulation_ws/install/odom_tools/lib/odom_tools
[8.369s] Installing move_turtlebot script to /home/khw/simulation_ws/install/odom_tools/lib/odom_tools
[8.370s] Installing mqtt_goal_sender script to /home/khw/simulation_ws/install/odom_tools/lib/odom_tools
[8.374s] Installing mqtt_receiver script to /home/khw/simulation_ws/install/odom_tools/lib/odom_tools
[8.384s] Installing object_detection script to /home/khw/simulation_ws/install/odom_tools/lib/odom_tools
[8.385s] Installing odom_listener script to /home/khw/simulation_ws/install/odom_tools/lib/odom_tools
[8.386s] Installing video_publisher script to /home/khw/simulation_ws/install/odom_tools/lib/odom_tools
[8.386s] writing list of installed files to '/home/khw/simulation_ws/build/odom_tools/install.log'
[8.574s] Invoked command in '/home/khw/simulation_ws/src/odom_tools' returned '0': PYTHONPATH=/home/khw/simulation_ws/build/odom_tools/prefix_override:/usr/lib/python3/dist-packages/colcon_core/task/python/colcon_distutils_commands:/home/khw/simulation_ws/install/odom_tools/lib/python3.10/site-packages:${PYTHONPATH} /usr/bin/python3 -W ignore:setup.py install is deprecated -W ignore:easy_install command is deprecated setup.py egg_info --egg-base ../../build/odom_tools build --build-base /home/khw/simulation_ws/build/odom_tools/build install --record /home/khw/simulation_ws/build/odom_tools/install.log --single-version-externally-managed install_data
