[0.041s] Invoking command in '/home/khw/simulation_ws/build/dynamixel_sdk': CMAKE_PREFIX_PATH=${CMAKE_PREFIX_PATH}:/opt/ros/humble:/home/khw/simulation_ws/install/turtlebot3_teleop:/home/khw/simulation_ws/install/turtlebot3_example:/home/khw/simulation_ws/install/odom_tools /usr/bin/cmake /home/khw/simulation_ws/src/DynamixelSDK/ros/dynamixel_sdk -DCMAKE_INSTALL_PREFIX=/home/khw/simulation_ws/install/dynamixel_sdk
[0.506s] -- Found ament_cmake: 1.3.11 (/opt/ros/humble/share/ament_cmake/cmake)
[0.506s] -- Override CMake install command with custom implementation using symlinks instead of copying resources
[0.508s] -- Configuring done
[0.509s] -- Generating done
[0.509s] -- Build files have been written to: /home/khw/simulation_ws/build/dynamixel_sdk
[0.817s] Invoked command in '/home/khw/simulation_ws/build/dynamixel_sdk' returned '0': CMAKE_PREFIX_PATH=${CMAKE_PREFIX_PATH}:/opt/ros/humble:/home/khw/simulation_ws/install/turtlebot3_teleop:/home/khw/simulation_ws/install/turtlebot3_example:/home/khw/simulation_ws/install/odom_tools /usr/bin/cmake /home/khw/simulation_ws/src/DynamixelSDK/ros/dynamixel_sdk -DCMAKE_INSTALL_PREFIX=/home/khw/simulation_ws/install/dynamixel_sdk
[0.818s] Invoking command in '/home/khw/simulation_ws/build/dynamixel_sdk': CMAKE_PREFIX_PATH=${CMAKE_PREFIX_PATH}:/opt/ros/humble:/home/khw/simulation_ws/install/turtlebot3_teleop:/home/khw/simulation_ws/install/turtlebot3_example:/home/khw/simulation_ws/install/odom_tools /usr/bin/cmake --build /home/khw/simulation_ws/build/dynamixel_sdk -- -j12 -l12
[0.856s] [35m[1mConsolidate compiler generated dependencies of target dynamixel_sdk[0m
[0.878s] [100%] Built target dynamixel_sdk
[0.882s] [100%] Built target ament_cmake_python_symlink_dynamixel_sdk
[1.255s] running egg_info
[1.277s] writing dynamixel_sdk.egg-info/PKG-INFO
[1.277s] writing dependency_links to dynamixel_sdk.egg-info/dependency_links.txt
[1.277s] writing top-level names to dynamixel_sdk.egg-info/top_level.txt
[1.351s] reading manifest file 'dynamixel_sdk.egg-info/SOURCES.txt'
[1.352s] writing manifest file 'dynamixel_sdk.egg-info/SOURCES.txt'
[1.407s] [100%] Built target ament_cmake_python_build_dynamixel_sdk_egg
[1.420s] Invoked command in '/home/khw/simulation_ws/build/dynamixel_sdk' returned '0': CMAKE_PREFIX_PATH=${CMAKE_PREFIX_PATH}:/opt/ros/humble:/home/khw/simulation_ws/install/turtlebot3_teleop:/home/khw/simulation_ws/install/turtlebot3_example:/home/khw/simulation_ws/install/odom_tools /usr/bin/cmake --build /home/khw/simulation_ws/build/dynamixel_sdk -- -j12 -l12
[1.422s] Invoking command in '/home/khw/simulation_ws/build/dynamixel_sdk': CMAKE_PREFIX_PATH=${CMAKE_PREFIX_PATH}:/opt/ros/humble:/home/khw/simulation_ws/install/turtlebot3_teleop:/home/khw/simulation_ws/install/turtlebot3_example:/home/khw/simulation_ws/install/odom_tools /usr/bin/cmake --install /home/khw/simulation_ws/build/dynamixel_sdk
[1.428s] -- Install configuration: ""
[1.429s] -- Execute custom install script
[1.429s] -- Up-to-date symlink: /home/khw/simulation_ws/install/dynamixel_sdk/include//dynamixel_sdk/dynamixel_sdk.h
[1.429s] -- Up-to-date symlink: /home/khw/simulation_ws/install/dynamixel_sdk/include//dynamixel_sdk/group_bulk_read.h
[1.429s] -- Up-to-date symlink: /home/khw/simulation_ws/install/dynamixel_sdk/include//dynamixel_sdk/group_bulk_write.h
[1.429s] -- Up-to-date symlink: /home/khw/simulation_ws/install/dynamixel_sdk/include//dynamixel_sdk/group_fast_bulk_read.h
[1.430s] -- Up-to-date symlink: /home/khw/simulation_ws/install/dynamixel_sdk/include//dynamixel_sdk/group_fast_sync_read.h
[1.430s] -- Up-to-date symlink: /home/khw/simulation_ws/install/dynamixel_sdk/include//dynamixel_sdk/group_handler.h
[1.430s] -- Up-to-date symlink: /home/khw/simulation_ws/install/dynamixel_sdk/include//dynamixel_sdk/group_sync_read.h
[1.430s] -- Up-to-date symlink: /home/khw/simulation_ws/install/dynamixel_sdk/include//dynamixel_sdk/group_sync_write.h
[1.430s] -- Up-to-date symlink: /home/khw/simulation_ws/install/dynamixel_sdk/include//dynamixel_sdk/packet_handler.h
[1.430s] -- Up-to-date symlink: /home/khw/simulation_ws/install/dynamixel_sdk/include//dynamixel_sdk/port_handler.h
[1.430s] -- Up-to-date symlink: /home/khw/simulation_ws/install/dynamixel_sdk/include//dynamixel_sdk/port_handler_arduino.h
[1.431s] -- Up-to-date symlink: /home/khw/simulation_ws/install/dynamixel_sdk/include//dynamixel_sdk/port_handler_linux.h
[1.431s] -- Up-to-date symlink: /home/khw/simulation_ws/install/dynamixel_sdk/include//dynamixel_sdk/port_handler_mac.h
[1.431s] -- Up-to-date symlink: /home/khw/simulation_ws/install/dynamixel_sdk/include//dynamixel_sdk/port_handler_windows.h
[1.431s] -- Up-to-date symlink: /home/khw/simulation_ws/install/dynamixel_sdk/include//dynamixel_sdk/protocol1_packet_handler.h
[1.431s] -- Up-to-date symlink: /home/khw/simulation_ws/install/dynamixel_sdk/include//dynamixel_sdk/protocol2_packet_handler.h
[1.431s] -- Up-to-date symlink: /home/khw/simulation_ws/install/dynamixel_sdk/lib/libdynamixel_sdk.so
[1.431s] -- Up-to-date symlink: /home/khw/simulation_ws/install/dynamixel_sdk/share/dynamixel_sdk/environment/pythonpath.sh
[1.431s] -- Up-to-date symlink: /home/khw/simulation_ws/install/dynamixel_sdk/share/dynamixel_sdk/environment/pythonpath.dsv
[1.432s] -- Up-to-date symlink: /home/khw/simulation_ws/install/dynamixel_sdk/local/lib/python3.10/dist-packages/dynamixel_sdk-3.8.3-py3.10.egg-info/PKG-INFO
[1.432s] -- Up-to-date symlink: /home/khw/simulation_ws/install/dynamixel_sdk/local/lib/python3.10/dist-packages/dynamixel_sdk-3.8.3-py3.10.egg-info/SOURCES.txt
[1.432s] -- Up-to-date symlink: /home/khw/simulation_ws/install/dynamixel_sdk/local/lib/python3.10/dist-packages/dynamixel_sdk-3.8.3-py3.10.egg-info/dependency_links.txt
[1.432s] -- Up-to-date symlink: /home/khw/simulation_ws/install/dynamixel_sdk/local/lib/python3.10/dist-packages/dynamixel_sdk-3.8.3-py3.10.egg-info/top_level.txt
[1.432s] -- Up-to-date symlink: /home/khw/simulation_ws/install/dynamixel_sdk/local/lib/python3.10/dist-packages/dynamixel_sdk/__init__.py
[1.432s] -- Up-to-date symlink: /home/khw/simulation_ws/install/dynamixel_sdk/local/lib/python3.10/dist-packages/dynamixel_sdk/group_bulk_read.cpp
[1.433s] -- Up-to-date symlink: /home/khw/simulation_ws/install/dynamixel_sdk/local/lib/python3.10/dist-packages/dynamixel_sdk/group_bulk_read.py
[1.433s] -- Up-to-date symlink: /home/khw/simulation_ws/install/dynamixel_sdk/local/lib/python3.10/dist-packages/dynamixel_sdk/group_bulk_write.cpp
[1.433s] -- Up-to-date symlink: /home/khw/simulation_ws/install/dynamixel_sdk/local/lib/python3.10/dist-packages/dynamixel_sdk/group_bulk_write.py
[1.433s] -- Up-to-date symlink: /home/khw/simulation_ws/install/dynamixel_sdk/local/lib/python3.10/dist-packages/dynamixel_sdk/group_fast_bulk_read.cpp
[1.433s] -- Up-to-date symlink: /home/khw/simulation_ws/install/dynamixel_sdk/local/lib/python3.10/dist-packages/dynamixel_sdk/group_fast_sync_read.cpp
[1.433s] -- Up-to-date symlink: /home/khw/simulation_ws/install/dynamixel_sdk/local/lib/python3.10/dist-packages/dynamixel_sdk/group_handler.cpp
[1.433s] -- Up-to-date symlink: /home/khw/simulation_ws/install/dynamixel_sdk/local/lib/python3.10/dist-packages/dynamixel_sdk/group_sync_read.cpp
[1.434s] -- Up-to-date symlink: /home/khw/simulation_ws/install/dynamixel_sdk/local/lib/python3.10/dist-packages/dynamixel_sdk/group_sync_read.py
[1.434s] -- Up-to-date symlink: /home/khw/simulation_ws/install/dynamixel_sdk/local/lib/python3.10/dist-packages/dynamixel_sdk/group_sync_write.cpp
[1.434s] -- Up-to-date symlink: /home/khw/simulation_ws/install/dynamixel_sdk/local/lib/python3.10/dist-packages/dynamixel_sdk/group_sync_write.py
[1.434s] -- Up-to-date symlink: /home/khw/simulation_ws/install/dynamixel_sdk/local/lib/python3.10/dist-packages/dynamixel_sdk/packet_handler.cpp
[1.434s] -- Up-to-date symlink: /home/khw/simulation_ws/install/dynamixel_sdk/local/lib/python3.10/dist-packages/dynamixel_sdk/packet_handler.py
[1.434s] -- Up-to-date symlink: /home/khw/simulation_ws/install/dynamixel_sdk/local/lib/python3.10/dist-packages/dynamixel_sdk/port_handler.cpp
[1.434s] -- Up-to-date symlink: /home/khw/simulation_ws/install/dynamixel_sdk/local/lib/python3.10/dist-packages/dynamixel_sdk/port_handler.py
[1.434s] -- Up-to-date symlink: /home/khw/simulation_ws/install/dynamixel_sdk/local/lib/python3.10/dist-packages/dynamixel_sdk/port_handler_arduino.cpp
[1.434s] -- Up-to-date symlink: /home/khw/simulation_ws/install/dynamixel_sdk/local/lib/python3.10/dist-packages/dynamixel_sdk/port_handler_linux.cpp
[1.435s] -- Up-to-date symlink: /home/khw/simulation_ws/install/dynamixel_sdk/local/lib/python3.10/dist-packages/dynamixel_sdk/port_handler_mac.cpp
[1.435s] -- Up-to-date symlink: /home/khw/simulation_ws/install/dynamixel_sdk/local/lib/python3.10/dist-packages/dynamixel_sdk/port_handler_windows.cpp
[1.435s] -- Up-to-date symlink: /home/khw/simulation_ws/install/dynamixel_sdk/local/lib/python3.10/dist-packages/dynamixel_sdk/protocol1_packet_handler.cpp
[1.435s] -- Up-to-date symlink: /home/khw/simulation_ws/install/dynamixel_sdk/local/lib/python3.10/dist-packages/dynamixel_sdk/protocol1_packet_handler.py
[1.435s] -- Up-to-date symlink: /home/khw/simulation_ws/install/dynamixel_sdk/local/lib/python3.10/dist-packages/dynamixel_sdk/protocol2_packet_handler.cpp
[1.435s] -- Up-to-date symlink: /home/khw/simulation_ws/install/dynamixel_sdk/local/lib/python3.10/dist-packages/dynamixel_sdk/protocol2_packet_handler.py
[1.435s] -- Up-to-date symlink: /home/khw/simulation_ws/install/dynamixel_sdk/local/lib/python3.10/dist-packages/dynamixel_sdk/robotis_def.py
[1.435s] -- Up-to-date symlink: /home/khw/simulation_ws/install/dynamixel_sdk/share/dynamixel_sdk/environment/library_path.sh
[1.435s] -- Up-to-date symlink: /home/khw/simulation_ws/install/dynamixel_sdk/share/dynamixel_sdk/environment/library_path.dsv
[1.436s] -- Up-to-date symlink: /home/khw/simulation_ws/install/dynamixel_sdk/share/ament_index/resource_index/package_run_dependencies/dynamixel_sdk
[1.436s] -- Up-to-date symlink: /home/khw/simulation_ws/install/dynamixel_sdk/share/ament_index/resource_index/parent_prefix_path/dynamixel_sdk
[1.436s] -- Up-to-date symlink: /home/khw/simulation_ws/install/dynamixel_sdk/share/dynamixel_sdk/environment/ament_prefix_path.sh
[1.436s] -- Up-to-date symlink: /home/khw/simulation_ws/install/dynamixel_sdk/share/dynamixel_sdk/environment/ament_prefix_path.dsv
[1.436s] -- Up-to-date symlink: /home/khw/simulation_ws/install/dynamixel_sdk/share/dynamixel_sdk/environment/path.sh
[1.436s] -- Up-to-date symlink: /home/khw/simulation_ws/install/dynamixel_sdk/share/dynamixel_sdk/environment/path.dsv
[1.436s] -- Up-to-date symlink: /home/khw/simulation_ws/install/dynamixel_sdk/share/dynamixel_sdk/local_setup.bash
[1.436s] -- Up-to-date symlink: /home/khw/simulation_ws/install/dynamixel_sdk/share/dynamixel_sdk/local_setup.sh
[1.436s] -- Up-to-date symlink: /home/khw/simulation_ws/install/dynamixel_sdk/share/dynamixel_sdk/local_setup.zsh
[1.437s] -- Up-to-date symlink: /home/khw/simulation_ws/install/dynamixel_sdk/share/dynamixel_sdk/local_setup.dsv
[1.437s] -- Symlinking: /home/khw/simulation_ws/install/dynamixel_sdk/share/dynamixel_sdk/package.dsv
[1.442s] -- Up-to-date symlink: /home/khw/simulation_ws/install/dynamixel_sdk/share/ament_index/resource_index/packages/dynamixel_sdk
[1.442s] -- Up-to-date symlink: /home/khw/simulation_ws/install/dynamixel_sdk/share/dynamixel_sdk/cmake/ament_cmake_export_include_directories-extras.cmake
[1.442s] -- Up-to-date symlink: /home/khw/simulation_ws/install/dynamixel_sdk/share/dynamixel_sdk/cmake/ament_cmake_export_libraries-extras.cmake
[1.442s] -- Up-to-date symlink: /home/khw/simulation_ws/install/dynamixel_sdk/share/dynamixel_sdk/cmake/dynamixel_sdkConfig.cmake
[1.442s] -- Up-to-date symlink: /home/khw/simulation_ws/install/dynamixel_sdk/share/dynamixel_sdk/cmake/dynamixel_sdkConfig-version.cmake
[1.442s] -- Up-to-date symlink: /home/khw/simulation_ws/install/dynamixel_sdk/share/dynamixel_sdk/package.xml
[1.477s] Listing '/home/khw/simulation_ws/install/dynamixel_sdk/local/lib/python3.10/dist-packages/dynamixel_sdk'...
[1.484s] Invoked command in '/home/khw/simulation_ws/build/dynamixel_sdk' returned '0': CMAKE_PREFIX_PATH=${CMAKE_PREFIX_PATH}:/opt/ros/humble:/home/khw/simulation_ws/install/turtlebot3_teleop:/home/khw/simulation_ws/install/turtlebot3_example:/home/khw/simulation_ws/install/odom_tools /usr/bin/cmake --install /home/khw/simulation_ws/build/dynamixel_sdk
