[1.511s] Invoking command in '/home/khw/simulation_ws/build/odom_tools': PYTHONPATH=/home/khw/simulation_ws/build/odom_tools/prefix_override:/usr/lib/python3/dist-packages/colcon_core/task/python/colcon_distutils_commands:/home/khw/simulation_ws/install/odom_tools/lib/python3.10/site-packages:${PYTHONPATH} /usr/bin/python3 -W ignore:setup.py install is deprecated -W ignore:easy_install command is deprecated setup.py develop --uninstall --editable --build-directory /home/khw/simulation_ws/build/odom_tools/build
[1.859s] running develop
[2.177s] Removing /home/khw/simulation_ws/install/odom_tools/lib/python3.10/site-packages/odom-tools.egg-link (link to .)
[2.247s] Invoked command in '/home/khw/simulation_ws/build/odom_tools' returned '0': PYTHONPATH=/home/khw/simulation_ws/build/odom_tools/prefix_override:/usr/lib/python3/dist-packages/colcon_core/task/python/colcon_distutils_commands:/home/khw/simulation_ws/install/odom_tools/lib/python3.10/site-packages:${PYTHONPATH} /usr/bin/python3 -W ignore:setup.py install is deprecated -W ignore:easy_install command is deprecated setup.py develop --uninstall --editable --build-directory /home/khw/simulation_ws/build/odom_tools/build
[2.250s] Invoking command in '/home/khw/simulation_ws/src/odom_tools': PYTHONPATH=/home/khw/simulation_ws/build/odom_tools/prefix_override:/usr/lib/python3/dist-packages/colcon_core/task/python/colcon_distutils_commands:/home/khw/simulation_ws/install/odom_tools/lib/python3.10/site-packages:${PYTHONPATH} /usr/bin/python3 -W ignore:setup.py install is deprecated -W ignore:easy_install command is deprecated setup.py egg_info --egg-base ../../build/odom_tools build --build-base /home/khw/simulation_ws/build/odom_tools/build install --record /home/khw/simulation_ws/build/odom_tools/install.log --single-version-externally-managed install_data --force
[2.836s] running egg_info
[2.852s] writing ../../build/odom_tools/odom_tools.egg-info/PKG-INFO
[2.852s] writing dependency_links to ../../build/odom_tools/odom_tools.egg-info/dependency_links.txt
[2.852s] writing entry points to ../../build/odom_tools/odom_tools.egg-info/entry_points.txt
[2.852s] writing requirements to ../../build/odom_tools/odom_tools.egg-info/requires.txt
[2.852s] writing top-level names to ../../build/odom_tools/odom_tools.egg-info/top_level.txt
[2.875s] reading manifest file '../../build/odom_tools/odom_tools.egg-info/SOURCES.txt'
[2.876s] writing manifest file '../../build/odom_tools/odom_tools.egg-info/SOURCES.txt'
[2.876s] running build
[2.876s] running build_py
[2.876s] creating /home/khw/simulation_ws/build/odom_tools/build
[2.876s] creating /home/khw/simulation_ws/build/odom_tools/build/lib
[2.876s] creating /home/khw/simulation_ws/build/odom_tools/build/lib/odom_tools
[2.876s] copying odom_tools/odom_listener.py -> /home/khw/simulation_ws/build/odom_tools/build/lib/odom_tools
[2.876s] copying odom_tools/mqtt_receiver.py -> /home/khw/simulation_ws/build/odom_tools/build/lib/odom_tools
[2.877s] copying odom_tools/move_turtlebot.py -> /home/khw/simulation_ws/build/odom_tools/build/lib/odom_tools
[2.877s] copying odom_tools/kiosk.py -> /home/khw/simulation_ws/build/odom_tools/build/lib/odom_tools
[2.877s] copying odom_tools/__init__.py -> /home/khw/simulation_ws/build/odom_tools/build/lib/odom_tools
[2.877s] copying odom_tools/video_publisher.py -> /home/khw/simulation_ws/build/odom_tools/build/lib/odom_tools
[2.877s] copying odom_tools/object_detection.py -> /home/khw/simulation_ws/build/odom_tools/build/lib/odom_tools
[2.877s] running install
[2.881s] running install_lib
[2.896s] creating /home/khw/simulation_ws/install/odom_tools/lib/python3.10/site-packages/odom_tools
[2.896s] copying /home/khw/simulation_ws/build/odom_tools/build/lib/odom_tools/odom_listener.py -> /home/khw/simulation_ws/install/odom_tools/lib/python3.10/site-packages/odom_tools
[2.896s] copying /home/khw/simulation_ws/build/odom_tools/build/lib/odom_tools/mqtt_receiver.py -> /home/khw/simulation_ws/install/odom_tools/lib/python3.10/site-packages/odom_tools
[2.896s] copying /home/khw/simulation_ws/build/odom_tools/build/lib/odom_tools/move_turtlebot.py -> /home/khw/simulation_ws/install/odom_tools/lib/python3.10/site-packages/odom_tools
[2.897s] copying /home/khw/simulation_ws/build/odom_tools/build/lib/odom_tools/kiosk.py -> /home/khw/simulation_ws/install/odom_tools/lib/python3.10/site-packages/odom_tools
[2.897s] copying /home/khw/simulation_ws/build/odom_tools/build/lib/odom_tools/__init__.py -> /home/khw/simulation_ws/install/odom_tools/lib/python3.10/site-packages/odom_tools
[2.897s] copying /home/khw/simulation_ws/build/odom_tools/build/lib/odom_tools/video_publisher.py -> /home/khw/simulation_ws/install/odom_tools/lib/python3.10/site-packages/odom_tools
[2.897s] copying /home/khw/simulation_ws/build/odom_tools/build/lib/odom_tools/object_detection.py -> /home/khw/simulation_ws/install/odom_tools/lib/python3.10/site-packages/odom_tools
[2.897s] byte-compiling /home/khw/simulation_ws/install/odom_tools/lib/python3.10/site-packages/odom_tools/odom_listener.py to odom_listener.cpython-310.pyc
[2.898s] byte-compiling /home/khw/simulation_ws/install/odom_tools/lib/python3.10/site-packages/odom_tools/mqtt_receiver.py to mqtt_receiver.cpython-310.pyc
[2.898s] byte-compiling /home/khw/simulation_ws/install/odom_tools/lib/python3.10/site-packages/odom_tools/move_turtlebot.py to move_turtlebot.cpython-310.pyc
[2.899s] byte-compiling /home/khw/simulation_ws/install/odom_tools/lib/python3.10/site-packages/odom_tools/kiosk.py to kiosk.cpython-310.pyc
[2.901s] byte-compiling /home/khw/simulation_ws/install/odom_tools/lib/python3.10/site-packages/odom_tools/__init__.py to __init__.cpython-310.pyc
[2.901s] byte-compiling /home/khw/simulation_ws/install/odom_tools/lib/python3.10/site-packages/odom_tools/video_publisher.py to video_publisher.cpython-310.pyc
[2.901s] byte-compiling /home/khw/simulation_ws/install/odom_tools/lib/python3.10/site-packages/odom_tools/object_detection.py to object_detection.cpython-310.pyc
[2.902s] running install_data
[2.902s] copying resource/odom_tools -> /home/khw/simulation_ws/install/odom_tools/share/ament_index/resource_index/packages
[2.902s] copying package.xml -> /home/khw/simulation_ws/install/odom_tools/share/odom_tools
[2.902s] running install_egg_info
[2.919s] Copying ../../build/odom_tools/odom_tools.egg-info to /home/khw/simulation_ws/install/odom_tools/lib/python3.10/site-packages/odom_tools-0.0.0-py3.10.egg-info
[2.920s] running install_scripts
[2.975s] Installing kiosk script to /home/khw/simulation_ws/install/odom_tools/lib/odom_tools
[2.976s] Installing move_turtlebot script to /home/khw/simulation_ws/install/odom_tools/lib/odom_tools
[2.976s] Installing mqtt_goal_sender script to /home/khw/simulation_ws/install/odom_tools/lib/odom_tools
[2.976s] Installing mqtt_receiver script to /home/khw/simulation_ws/install/odom_tools/lib/odom_tools
[2.976s] Installing object_detection script to /home/khw/simulation_ws/install/odom_tools/lib/odom_tools
[2.976s] Installing odom_listener script to /home/khw/simulation_ws/install/odom_tools/lib/odom_tools
[2.976s] Installing video_publisher script to /home/khw/simulation_ws/install/odom_tools/lib/odom_tools
[2.976s] writing list of installed files to '/home/khw/simulation_ws/build/odom_tools/install.log'
[3.024s] Invoked command in '/home/khw/simulation_ws/src/odom_tools' returned '0': PYTHONPATH=/home/khw/simulation_ws/build/odom_tools/prefix_override:/usr/lib/python3/dist-packages/colcon_core/task/python/colcon_distutils_commands:/home/khw/simulation_ws/install/odom_tools/lib/python3.10/site-packages:${PYTHONPATH} /usr/bin/python3 -W ignore:setup.py install is deprecated -W ignore:easy_install command is deprecated setup.py egg_info --egg-base ../../build/odom_tools build --build-base /home/khw/simulation_ws/build/odom_tools/build install --record /home/khw/simulation_ws/build/odom_tools/install.log --single-version-externally-managed install_data --force
