[5.213s] Invoking command in '/home/khw/simulation_ws/src/odom_tools': PYTHONPATH=/home/khw/simulation_ws/build/odom_tools/prefix_override:/usr/lib/python3/dist-packages/colcon_core/task/python/colcon_distutils_commands:/home/khw/simulation_ws/install/odom_tools/lib/python3.10/site-packages:${PYTHONPATH} /usr/bin/python3 -W ignore:setup.py install is deprecated -W ignore:easy_install command is deprecated setup.py egg_info --egg-base ../../build/odom_tools build --build-base /home/khw/simulation_ws/build/odom_tools/build install --record /home/khw/simulation_ws/build/odom_tools/install.log --single-version-externally-managed install_data
[7.050s] running egg_info
[7.116s] writing ../../build/odom_tools/odom_tools.egg-info/PKG-INFO
[7.117s] writing dependency_links to ../../build/odom_tools/odom_tools.egg-info/dependency_links.txt
[7.118s] writing entry points to ../../build/odom_tools/odom_tools.egg-info/entry_points.txt
[7.118s] writing requirements to ../../build/odom_tools/odom_tools.egg-info/requires.txt
[7.119s] writing top-level names to ../../build/odom_tools/odom_tools.egg-info/top_level.txt
[7.247s] reading manifest file '../../build/odom_tools/odom_tools.egg-info/SOURCES.txt'
[7.250s] writing manifest file '../../build/odom_tools/odom_tools.egg-info/SOURCES.txt'
[7.251s] running build
[7.251s] running build_py
[7.252s] copying odom_tools/move_turtlebot.py -> /home/khw/simulation_ws/build/odom_tools/build/lib/odom_tools
[7.253s] running install
[7.271s] running install_lib
[7.342s] copying /home/khw/simulation_ws/build/odom_tools/build/lib/odom_tools/move_turtlebot.py -> /home/khw/simulation_ws/install/odom_tools/lib/python3.10/site-packages/odom_tools
[7.345s] byte-compiling /home/khw/simulation_ws/install/odom_tools/lib/python3.10/site-packages/odom_tools/move_turtlebot.py to move_turtlebot.cpython-310.pyc
[7.351s] running install_data
[7.351s] running install_egg_info
[7.423s] removing '/home/khw/simulation_ws/install/odom_tools/lib/python3.10/site-packages/odom_tools-0.0.0-py3.10.egg-info' (and everything under it)
[7.424s] Copying ../../build/odom_tools/odom_tools.egg-info to /home/khw/simulation_ws/install/odom_tools/lib/python3.10/site-packages/odom_tools-0.0.0-py3.10.egg-info
[7.429s] running install_scripts
[7.740s] Installing kiosk script to /home/khw/simulation_ws/install/odom_tools/lib/odom_tools
[7.742s] Installing move_turtlebot script to /home/khw/simulation_ws/install/odom_tools/lib/odom_tools
[7.742s] Installing mqtt_goal_sender script to /home/khw/simulation_ws/install/odom_tools/lib/odom_tools
[7.743s] Installing mqtt_receiver script to /home/khw/simulation_ws/install/odom_tools/lib/odom_tools
[7.743s] Installing object_detection script to /home/khw/simulation_ws/install/odom_tools/lib/odom_tools
[7.744s] Installing odom_listener script to /home/khw/simulation_ws/install/odom_tools/lib/odom_tools
[7.744s] Installing video_publisher script to /home/khw/simulation_ws/install/odom_tools/lib/odom_tools
[7.745s] writing list of installed files to '/home/khw/simulation_ws/build/odom_tools/install.log'
[7.964s] Invoked command in '/home/khw/simulation_ws/src/odom_tools' returned '0': PYTHONPATH=/home/khw/simulation_ws/build/odom_tools/prefix_override:/usr/lib/python3/dist-packages/colcon_core/task/python/colcon_distutils_commands:/home/khw/simulation_ws/install/odom_tools/lib/python3.10/site-packages:${PYTHONPATH} /usr/bin/python3 -W ignore:setup.py install is deprecated -W ignore:easy_install command is deprecated setup.py egg_info --egg-base ../../build/odom_tools build --build-base /home/khw/simulation_ws/build/odom_tools/build install --record /home/khw/simulation_ws/build/odom_tools/install.log --single-version-externally-managed install_data
