[0.727s] Invoking command in '/home/khw/simulation_ws/src/turtlebot3/turtlebot3_example': AMENT_PREFIX_PATH=/home/khw/simulation_ws/install/turtlebot3_msgs CMAKE_PREFIX_PATH=/home/khw/simulation_ws/install/turtlebot3_msgs LD_LIBRARY_PATH=/home/khw/simulation_ws/install/turtlebot3_msgs/lib PYTHONPATH=/home/khw/simulation_ws/build/turtlebot3_example/prefix_override:/usr/lib/python3/dist-packages/colcon_core/task/python/colcon_distutils_commands:/home/khw/simulation_ws/install/turtlebot3_example/lib/python3.10/site-packages:/home/khw/simulation_ws/install/turtlebot3_msgs/local/lib/python3.10/dist-packages /usr/bin/python3 -W ignore:setup.py install is deprecated -W ignore:easy_install command is deprecated setup.py egg_info --egg-base ../../../build/turtlebot3_example build --build-base /home/khw/simulation_ws/build/turtlebot3_example/build install --record /home/khw/simulation_ws/build/turtlebot3_example/install.log --single-version-externally-managed install_data
[0.953s] running egg_info
[0.963s] writing ../../../build/turtlebot3_example/turtlebot3_example.egg-info/PKG-INFO
[0.963s] writing dependency_links to ../../../build/turtlebot3_example/turtlebot3_example.egg-info/dependency_links.txt
[0.963s] writing entry points to ../../../build/turtlebot3_example/turtlebot3_example.egg-info/entry_points.txt
[0.963s] writing requirements to ../../../build/turtlebot3_example/turtlebot3_example.egg-info/requires.txt
[0.963s] writing top-level names to ../../../build/turtlebot3_example/turtlebot3_example.egg-info/top_level.txt
[0.978s] reading manifest file '../../../build/turtlebot3_example/turtlebot3_example.egg-info/SOURCES.txt'
[0.979s] writing manifest file '../../../build/turtlebot3_example/turtlebot3_example.egg-info/SOURCES.txt'
[0.979s] running build
[0.979s] running build_py
[0.979s] running install
[0.983s] running install_lib
[0.990s] running install_data
[0.990s] running install_egg_info
[0.998s] removing '/home/khw/simulation_ws/install/turtlebot3_example/lib/python3.10/site-packages/turtlebot3_example-2.2.9-py3.10.egg-info' (and everything under it)
[0.998s] Copying ../../../build/turtlebot3_example/turtlebot3_example.egg-info to /home/khw/simulation_ws/install/turtlebot3_example/lib/python3.10/site-packages/turtlebot3_example-2.2.9-py3.10.egg-info
[0.999s] running install_scripts
[1.038s] Installing turtlebot3_absolute_move script to /home/khw/simulation_ws/install/turtlebot3_example/lib/turtlebot3_example
[1.038s] Installing turtlebot3_interactive_marker script to /home/khw/simulation_ws/install/turtlebot3_example/lib/turtlebot3_example
[1.038s] Installing turtlebot3_obstacle_detection script to /home/khw/simulation_ws/install/turtlebot3_example/lib/turtlebot3_example
[1.038s] Installing turtlebot3_patrol_client script to /home/khw/simulation_ws/install/turtlebot3_example/lib/turtlebot3_example
[1.038s] Installing turtlebot3_patrol_server script to /home/khw/simulation_ws/install/turtlebot3_example/lib/turtlebot3_example
[1.038s] Installing turtlebot3_relative_move script to /home/khw/simulation_ws/install/turtlebot3_example/lib/turtlebot3_example
[1.038s] writing list of installed files to '/home/khw/simulation_ws/build/turtlebot3_example/install.log'
[1.064s] Invoked command in '/home/khw/simulation_ws/src/turtlebot3/turtlebot3_example' returned '0': AMENT_PREFIX_PATH=/home/khw/simulation_ws/install/turtlebot3_msgs CMAKE_PREFIX_PATH=/home/khw/simulation_ws/install/turtlebot3_msgs LD_LIBRARY_PATH=/home/khw/simulation_ws/install/turtlebot3_msgs/lib PYTHONPATH=/home/khw/simulation_ws/build/turtlebot3_example/prefix_override:/usr/lib/python3/dist-packages/colcon_core/task/python/colcon_distutils_commands:/home/khw/simulation_ws/install/turtlebot3_example/lib/python3.10/site-packages:/home/khw/simulation_ws/install/turtlebot3_msgs/local/lib/python3.10/dist-packages /usr/bin/python3 -W ignore:setup.py install is deprecated -W ignore:easy_install command is deprecated setup.py egg_info --egg-base ../../../build/turtlebot3_example build --build-base /home/khw/simulation_ws/build/turtlebot3_example/build install --record /home/khw/simulation_ws/build/turtlebot3_example/install.log --single-version-externally-managed install_data
