[0.018s] Invoking command in '/home/khw/simulation_ws/build/turtlebot3_msgs': /usr/bin/cmake /home/khw/simulation_ws/src/turtlebot3_msgs -DCMAKE_INSTALL_PREFIX=/home/khw/simulation_ws/install/turtlebot3_msgs
[0.381s] Traceback (most recent call last):
[0.381s]   File "/opt/ros/humble/share/ament_cmake_core/cmake/package_templates/templates_2_cmake.py", line 21, in <module>
[0.381s]     from ament_package.templates import get_environment_hook_template_path
[0.382s] ModuleNotFoundError: No module named 'ament_package'
[0.382s] [31mCMake Error at /opt/ros/humble/share/ament_cmake_core/cmake/ament_cmake_package_templates-extras.cmake:41 (message):
[0.382s]   execute_process(/usr/bin/python3
[0.382s]   /opt/ros/humble/share/ament_cmake_core/cmake/package_templates/templates_2_cmake.py
[0.382s]   /home/khw/simulation_ws/build/turtlebot3_msgs/ament_cmake_package_templates/templates.cmake)
[0.382s]   returned error code 1
[0.382s] Call Stack (most recent call first):
[0.382s]   /opt/ros/humble/share/ament_cmake_core/cmake/ament_cmake_coreConfig.cmake:41 (include)
[0.382s]   /opt/ros/humble/share/action_msgs/cmake/ament_cmake_export_dependencies-extras.cmake:15 (find_package)
[0.382s]   /opt/ros/humble/share/action_msgs/cmake/action_msgsConfig.cmake:41 (include)
[0.382s]   CMakeLists.txt:18 (find_package)
[0.382s] 
[0.382s] [0m
[0.386s] -- Found action_msgs: 1.2.1 (/opt/ros/humble/share/action_msgs/cmake)
[0.386s] -- Configuring incomplete, errors occurred!
[0.386s] See also "/home/khw/simulation_ws/build/turtlebot3_msgs/CMakeFiles/CMakeOutput.log".
[0.657s] Invoked command in '/home/khw/simulation_ws/build/turtlebot3_msgs' returned '1': /usr/bin/cmake /home/khw/simulation_ws/src/turtlebot3_msgs -DCMAKE_INSTALL_PREFIX=/home/khw/simulation_ws/install/turtlebot3_msgs
