[1.226s] Invoking command in '/home/khw/simulation_ws/src/odom_tools': PYTHONPATH=/home/khw/simulation_ws/build/odom_tools/prefix_override:/usr/lib/python3/dist-packages/colcon_core/task/python/colcon_distutils_commands:/home/khw/simulation_ws/install/odom_tools/lib/python3.10/site-packages: /usr/bin/python3 -W ignore:setup.py install is deprecated -W ignore:easy_install command is deprecated setup.py egg_info --egg-base ../../build/odom_tools build --build-base /home/khw/simulation_ws/build/odom_tools/build install --record /home/khw/simulation_ws/build/odom_tools/install.log --single-version-externally-managed install_data
[1.450s] running egg_info
[1.457s] writing ../../build/odom_tools/odom_tools.egg-info/PKG-INFO
[1.457s] writing dependency_links to ../../build/odom_tools/odom_tools.egg-info/dependency_links.txt
[1.457s] writing entry points to ../../build/odom_tools/odom_tools.egg-info/entry_points.txt
[1.457s] writing requirements to ../../build/odom_tools/odom_tools.egg-info/requires.txt
[1.457s] writing top-level names to ../../build/odom_tools/odom_tools.egg-info/top_level.txt
[1.470s] reading manifest file '../../build/odom_tools/odom_tools.egg-info/SOURCES.txt'
[1.471s] writing manifest file '../../build/odom_tools/odom_tools.egg-info/SOURCES.txt'
[1.471s] running build
[1.471s] running build_py
[1.471s] copying odom_tools/temp_kiosk.py -> /home/khw/simulation_ws/build/odom_tools/build/lib/odom_tools
[1.471s] copying odom_tools/kiosk.py -> /home/khw/simulation_ws/build/odom_tools/build/lib/odom_tools
[1.472s] running install
[1.475s] running install_lib
[1.482s] copying /home/khw/simulation_ws/build/odom_tools/build/lib/odom_tools/temp_kiosk.py -> /home/khw/simulation_ws/install/odom_tools/lib/python3.10/site-packages/odom_tools
[1.482s] copying /home/khw/simulation_ws/build/odom_tools/build/lib/odom_tools/kiosk.py -> /home/khw/simulation_ws/install/odom_tools/lib/python3.10/site-packages/odom_tools
[1.483s] byte-compiling /home/khw/simulation_ws/install/odom_tools/lib/python3.10/site-packages/odom_tools/temp_kiosk.py to temp_kiosk.cpython-310.pyc
[1.484s] byte-compiling /home/khw/simulation_ws/install/odom_tools/lib/python3.10/site-packages/odom_tools/kiosk.py to kiosk.cpython-310.pyc
[1.485s] running install_data
[1.485s] running install_egg_info
[1.492s] removing '/home/khw/simulation_ws/install/odom_tools/lib/python3.10/site-packages/odom_tools-0.0.0-py3.10.egg-info' (and everything under it)
[1.492s] Copying ../../build/odom_tools/odom_tools.egg-info to /home/khw/simulation_ws/install/odom_tools/lib/python3.10/site-packages/odom_tools-0.0.0-py3.10.egg-info
[1.493s] running install_scripts
[1.533s] Installing kiosk script to /home/khw/simulation_ws/install/odom_tools/lib/odom_tools
[1.533s] Installing latency_measurement script to /home/khw/simulation_ws/install/odom_tools/lib/odom_tools
[1.533s] Installing move_turtlebot script to /home/khw/simulation_ws/install/odom_tools/lib/odom_tools
[1.533s] Installing mqtt_goal_sender script to /home/khw/simulation_ws/install/odom_tools/lib/odom_tools
[1.533s] Installing mqtt_receiver script to /home/khw/simulation_ws/install/odom_tools/lib/odom_tools
[1.533s] Installing object_detection script to /home/khw/simulation_ws/install/odom_tools/lib/odom_tools
[1.533s] Installing odom_listener script to /home/khw/simulation_ws/install/odom_tools/lib/odom_tools
[1.533s] Installing video_publisher script to /home/khw/simulation_ws/install/odom_tools/lib/odom_tools
[1.533s] writing list of installed files to '/home/khw/simulation_ws/build/odom_tools/install.log'
[1.562s] Invoked command in '/home/khw/simulation_ws/src/odom_tools' returned '0': PYTHONPATH=/home/khw/simulation_ws/build/odom_tools/prefix_override:/usr/lib/python3/dist-packages/colcon_core/task/python/colcon_distutils_commands:/home/khw/simulation_ws/install/odom_tools/lib/python3.10/site-packages: /usr/bin/python3 -W ignore:setup.py install is deprecated -W ignore:easy_install command is deprecated setup.py egg_info --egg-base ../../build/odom_tools build --build-base /home/khw/simulation_ws/build/odom_tools/build install --record /home/khw/simulation_ws/build/odom_tools/install.log --single-version-externally-managed install_data
