gmake[2]: *** [CMakeFiles/turtlebot3_msgs__rosidl_typesupport_introspection_cpp.dir/build.make:221: CMakeFiles/turtlebot3_msgs__rosidl_typesupport_introspection_cpp.dir/rosidl_typesupport_introspection_cpp/turtlebot3_msgs/msg/detail/version_info__type_support.cpp.o] Interrupt
gmake[2]: *** Deleting file 'rosidl_typesupport_fastrtps_c/turtlebot3_msgs/msg/detail/version_info__rosidl_typesupport_fastrtps_c.h'
gmake[2]: *** [CMakeFiles/turtlebot3_msgs__rosidl_typesupport_introspection_cpp.dir/build.make:235: CMakeFiles/turtlebot3_msgs__rosidl_typesupport_introspection_cpp.dir/rosidl_typesupport_introspection_cpp/turtlebot3_msgs/srv/detail/sound__type_support.cpp.o] Interrupt
gmake[2]: *** [CMakeFiles/turtlebot3_msgs__rosidl_typesupport_c.dir/build.make:201: CMakeFiles/turtlebot3_msgs__rosidl_typesupport_c.dir/rosidl_typesupport_c/turtlebot3_msgs/msg/version_info__type_support.cpp.o] Interrupt
gmake[2]: *** [CMakeFiles/turtlebot3_msgs__rosidl_typesupport_introspection_cpp.dir/build.make:207: CMakeFiles/turtlebot3_msgs__rosidl_typesupport_introspection_cpp.dir/rosidl_typesupport_introspection_cpp/turtlebot3_msgs/msg/detail/sound__type_support.cpp.o] Interrupt
gmake[1]: *** [CMakeFiles/Makefile2:343: CMakeFiles/turtlebot3_msgs__rosidl_typesupport_c.dir/all] Interrupt
gmake[2]: *** [CMakeFiles/turtlebot3_msgs__rosidl_typesupport_introspection_cpp.dir/build.make:193: CMakeFiles/turtlebot3_msgs__rosidl_typesupport_introspection_cpp.dir/rosidl_typesupport_introspection_cpp/turtlebot3_msgs/msg/detail/sensor_state__type_support.cpp.o] Interrupt
gmake[1]: *** [CMakeFiles/Makefile2:369: CMakeFiles/turtlebot3_msgs__rosidl_typesupport_introspection_cpp.dir/all] Interrupt
gmake[2]: *** [CMakeFiles/turtlebot3_msgs__rosidl_typesupport_fastrtps_cpp.dir/build.make:193: CMakeFiles/turtlebot3_msgs__rosidl_typesupport_fastrtps_cpp.dir/rosidl_typesupport_fastrtps_cpp/turtlebot3_msgs/msg/detail/dds_fastrtps/sensor_state__type_support.cpp.o] Interrupt
gmake[2]: *** [CMakeFiles/turtlebot3_msgs__rosidl_typesupport_fastrtps_cpp.dir/build.make:207: CMakeFiles/turtlebot3_msgs__rosidl_typesupport_fastrtps_cpp.dir/rosidl_typesupport_fastrtps_cpp/turtlebot3_msgs/msg/detail/dds_fastrtps/sound__type_support.cpp.o] Interrupt
gmake[2]: *** Deleting file 'rosidl_typesupport_introspection_c/turtlebot3_msgs/srv/detail/dqn__rosidl_typesupport_introspection_c.h'
gmake[2]: *** [CMakeFiles/turtlebot3_msgs__rosidl_typesupport_fastrtps_c.dir/build.make:166: rosidl_typesupport_fastrtps_c/turtlebot3_msgs/msg/detail/version_info__rosidl_typesupport_fastrtps_c.h] Interrupt
gmake[1]: *** [CMakeFiles/Makefile2:238: CMakeFiles/turtlebot3_msgs__rosidl_typesupport_fastrtps_c.dir/all] Interrupt
gmake[2]: *** [CMakeFiles/turtlebot3_msgs__rosidl_typesupport_introspection_c.dir/build.make:166: rosidl_typesupport_introspection_c/turtlebot3_msgs/srv/detail/dqn__rosidl_typesupport_introspection_c.h] Interrupt
gmake[2]: *** [CMakeFiles/turtlebot3_msgs__rosidl_typesupport_fastrtps_cpp.dir/build.make:220: CMakeFiles/turtlebot3_msgs__rosidl_typesupport_fastrtps_cpp.dir/rosidl_typesupport_fastrtps_cpp/turtlebot3_msgs/msg/detail/dds_fastrtps/version_info__type_support.cpp.o] Interrupt
gmake[2]: *** [CMakeFiles/turtlebot3_msgs__rosidl_typesupport_cpp.dir/build.make:229: CMakeFiles/turtlebot3_msgs__rosidl_typesupport_cpp.dir/rosidl_typesupport_cpp/turtlebot3_msgs/srv/dqn__type_support.cpp.o] Interrupt
gmake[2]: *** wait: No child processes.  Stop.
gmake[2]: *** Waiting for unfinished jobs....
gmake[2]: *** wait: No child processes.  Stop.
gmake[1]: *** [CMakeFiles/Makefile2:316: CMakeFiles/turtlebot3_msgs__rosidl_typesupport_introspection_c.dir/all] Interrupt
gmake[1]: *** [CMakeFiles/Makefile2:395: CMakeFiles/turtlebot3_msgs__rosidl_typesupport_cpp.dir/all] Error 2
gmake[1]: *** [CMakeFiles/Makefile2:291: CMakeFiles/turtlebot3_msgs__rosidl_typesupport_fastrtps_cpp.dir/all] Interrupt
gmake: *** [Makefile:146: all] Interrupt
