[0.063s] Invoking command in '/home/khw/simulation_ws/src/build/turtlebot3_msgs': CMAKE_PREFIX_PATH=${CMAKE_PREFIX_PATH}:/opt/ros/humble:/home/khw/simulation_ws/install/turtlebot3_teleop:/home/khw/simulation_ws/install/turtlebot3_example:/home/khw/simulation_ws/install/odom_tools /usr/bin/cmake /home/khw/simulation_ws/src/turtlebot3_msgs -DCMAKE_INSTALL_PREFIX=/home/khw/simulation_ws/src/install/turtlebot3_msgs
[0.893s] -- The C compiler identification is GNU 11.4.0
[0.894s] -- The CXX compiler identification is GNU 11.4.0
[0.895s] -- Detecting C compiler ABI info
[0.896s] -- Detecting C compiler ABI info - done
[0.896s] -- Check for working C compiler: /usr/bin/cc - skipped
[0.896s] -- Detecting C compile features
[0.897s] -- Detecting C compile features - done
[0.898s] -- Detecting CXX compiler ABI info
[0.900s] -- Detecting CXX compiler ABI info - done
[0.900s] -- Check for working CXX compiler: /usr/bin/c++ - skipped
[0.901s] -- Detecting CXX compile features
[0.901s] -- Detecting CXX compile features - done
[0.901s] -- Found action_msgs: 1.2.1 (/opt/ros/humble/share/action_msgs/cmake)
[0.901s] -- Found Python3: /usr/bin/python3 (found version "3.10.12") found components: Interpreter 
[0.968s] -- Found rosidl_generator_c: 3.1.6 (/opt/ros/humble/share/rosidl_generator_c/cmake)
[0.980s] -- Found rosidl_adapter: 3.1.6 (/opt/ros/humble/share/rosidl_adapter/cmake)
[1.000s] -- Found rosidl_generator_cpp: 3.1.6 (/opt/ros/humble/share/rosidl_generator_cpp/cmake)
[1.030s] -- Using all available rosidl_typesupport_c: rosidl_typesupport_fastrtps_c;rosidl_typesupport_introspection_c
[1.065s] -- Using all available rosidl_typesupport_cpp: rosidl_typesupport_fastrtps_cpp;rosidl_typesupport_introspection_cpp
[1.147s] -- Found rosidl_default_generators: 1.2.0 (/opt/ros/humble/share/rosidl_default_generators/cmake)
[1.167s] -- Found std_msgs: 4.8.0 (/opt/ros/humble/share/std_msgs/cmake)
[1.191s] -- Found geometry_msgs: 4.8.0 (/opt/ros/humble/share/geometry_msgs/cmake)
[2.042s] -- Found ament_cmake_cppcheck: 0.12.12 (/opt/ros/humble/share/ament_cmake_cppcheck/cmake)
[2.048s] -- Found ament_cmake_cpplint: 0.12.12 (/opt/ros/humble/share/ament_cmake_cpplint/cmake)
[2.055s] -- Found ament_cmake_uncrustify: 0.12.12 (/opt/ros/humble/share/ament_cmake_uncrustify/cmake)
[2.063s] -- Found ament_cmake_ros: 0.10.0 (/opt/ros/humble/share/ament_cmake_ros/cmake)
[2.625s] -- Using all available rosidl_typesupport_c: rosidl_typesupport_fastrtps_c;rosidl_typesupport_introspection_c
[2.855s] -- Using all available rosidl_typesupport_cpp: rosidl_typesupport_fastrtps_cpp;rosidl_typesupport_introspection_cpp
[2.890s] -- Found PythonInterp: /usr/bin/python3 (found suitable version "3.10.12", minimum required is "3.6") 
[2.893s] -- Found python_cmake_module: 0.10.0 (/opt/ros/humble/share/python_cmake_module/cmake)
[2.929s] -- Found PythonLibs: /usr/lib/x86_64-linux-gnu/libpython3.10.so (found suitable version "3.10.12", minimum required is "3.5") 
[2.929s] -- Using PYTHON_EXECUTABLE: /usr/bin/python3
[2.929s] -- Using PYTHON_INCLUDE_DIRS: /usr/include/python3.10
[2.929s] -- Using PYTHON_LIBRARIES: /usr/lib/x86_64-linux-gnu/libpython3.10.so
[2.958s] -- Found PythonExtra: .so  
[3.053s] -- Found ament_cmake_flake8: 0.12.12 (/opt/ros/humble/share/ament_cmake_flake8/cmake)
[3.058s] -- Found ament_cmake_pep257: 0.12.12 (/opt/ros/humble/share/ament_cmake_pep257/cmake)
[3.069s] -- Configuring done
[3.135s] -- Generating done
[3.157s] -- Build files have been written to: /home/khw/simulation_ws/src/build/turtlebot3_msgs
[3.170s] Invoked command in '/home/khw/simulation_ws/src/build/turtlebot3_msgs' returned '0': CMAKE_PREFIX_PATH=${CMAKE_PREFIX_PATH}:/opt/ros/humble:/home/khw/simulation_ws/install/turtlebot3_teleop:/home/khw/simulation_ws/install/turtlebot3_example:/home/khw/simulation_ws/install/odom_tools /usr/bin/cmake /home/khw/simulation_ws/src/turtlebot3_msgs -DCMAKE_INSTALL_PREFIX=/home/khw/simulation_ws/src/install/turtlebot3_msgs
[3.173s] Invoking command in '/home/khw/simulation_ws/src/build/turtlebot3_msgs': CMAKE_PREFIX_PATH=${CMAKE_PREFIX_PATH}:/opt/ros/humble:/home/khw/simulation_ws/install/turtlebot3_teleop:/home/khw/simulation_ws/install/turtlebot3_example:/home/khw/simulation_ws/install/odom_tools /usr/bin/cmake --build /home/khw/simulation_ws/src/build/turtlebot3_msgs -- -j12 -l12
[3.225s] [  1%] [34m[1mGenerating C code for ROS interfaces[0m
[3.239s] [  2%] [34m[1mGenerating C++ code for ROS interfaces[0m
[3.248s] [  2%] Built target ament_cmake_python_copy_turtlebot3_msgs
[3.662s] running egg_info
[3.663s] creating turtlebot3_msgs.egg-info
[3.667s] writing turtlebot3_msgs.egg-info/PKG-INFO
[3.667s] writing dependency_links to turtlebot3_msgs.egg-info/dependency_links.txt
[3.667s] writing top-level names to turtlebot3_msgs.egg-info/top_level.txt
[3.667s] writing manifest file 'turtlebot3_msgs.egg-info/SOURCES.txt'
[3.668s] reading manifest file 'turtlebot3_msgs.egg-info/SOURCES.txt'
[3.669s] writing manifest file 'turtlebot3_msgs.egg-info/SOURCES.txt'
[3.713s] [  2%] Built target ament_cmake_python_build_turtlebot3_msgs_egg
[4.904s] [  2%] Built target turtlebot3_msgs__cpp
[4.921s] [  5%] [34m[1mGenerating C++ introspection for ROS interfaces[0m
[4.921s] [  7%] [34m[1mGenerating C++ type support dispatch for ROS interfaces[0m
[4.922s] [  7%] [32mBuilding C object CMakeFiles/turtlebot3_msgs__rosidl_generator_c.dir/rosidl_generator_c/turtlebot3_msgs/msg/detail/sensor_state__functions.c.o[0m
[4.932s] [  8%] [34m[1mGenerating C++ type support for eProsima Fast-RTPS[0m
[4.932s] [  9%] [32mBuilding C object CMakeFiles/turtlebot3_msgs__rosidl_generator_c.dir/rosidl_generator_c/turtlebot3_msgs/msg/detail/version_info__functions.c.o[0m
[4.932s] [ 11%] [32mBuilding C object CMakeFiles/turtlebot3_msgs__rosidl_generator_c.dir/rosidl_generator_c/turtlebot3_msgs/msg/detail/sound__functions.c.o[0m
[4.933s] [ 12%] [32mBuilding C object CMakeFiles/turtlebot3_msgs__rosidl_generator_c.dir/rosidl_generator_c/turtlebot3_msgs/srv/detail/dqn__functions.c.o[0m
[4.933s] [ 14%] [32mBuilding C object CMakeFiles/turtlebot3_msgs__rosidl_generator_c.dir/rosidl_generator_c/turtlebot3_msgs/srv/detail/sound__functions.c.o[0m
[4.942s] [ 15%] [32mBuilding C object CMakeFiles/turtlebot3_msgs__rosidl_generator_c.dir/rosidl_generator_c/turtlebot3_msgs/action/detail/patrol__functions.c.o[0m
[5.216s] [ 16%] [32m[1mLinking C shared library libturtlebot3_msgs__rosidl_generator_c.so[0m
[5.302s] [ 16%] Built target turtlebot3_msgs__rosidl_generator_c
[5.318s] [ 19%] [34m[1mGenerating C introspection for ROS interfaces[0m
[5.318s] [ 19%] [34m[1mGenerating C type support dispatch for ROS interfaces[0m
[5.324s] [ 21%] [34m[1mGenerating C type support for eProsima Fast-RTPS[0m
[6.282s] [ 23%] [32mBuilding CXX object CMakeFiles/turtlebot3_msgs__rosidl_typesupport_cpp.dir/rosidl_typesupport_cpp/turtlebot3_msgs/msg/version_info__type_support.cpp.o[0m
[6.282s] [ 23%] [32mBuilding CXX object CMakeFiles/turtlebot3_msgs__rosidl_typesupport_cpp.dir/rosidl_typesupport_cpp/turtlebot3_msgs/msg/sensor_state__type_support.cpp.o[0m
[6.283s] [ 25%] [32mBuilding CXX object CMakeFiles/turtlebot3_msgs__rosidl_typesupport_cpp.dir/rosidl_typesupport_cpp/turtlebot3_msgs/srv/dqn__type_support.cpp.o[0m
[6.285s] [ 26%] [32mBuilding CXX object CMakeFiles/turtlebot3_msgs__rosidl_typesupport_cpp.dir/rosidl_typesupport_cpp/turtlebot3_msgs/srv/sound__type_support.cpp.o[0m
[6.286s] [ 28%] [32mBuilding CXX object CMakeFiles/turtlebot3_msgs__rosidl_typesupport_cpp.dir/rosidl_typesupport_cpp/turtlebot3_msgs/action/patrol__type_support.cpp.o[0m
[6.286s] [ 29%] [32mBuilding CXX object CMakeFiles/turtlebot3_msgs__rosidl_typesupport_cpp.dir/rosidl_typesupport_cpp/turtlebot3_msgs/msg/sound__type_support.cpp.o[0m
[6.470s] [ 30%] [32mBuilding CXX object CMakeFiles/turtlebot3_msgs__rosidl_typesupport_introspection_cpp.dir/rosidl_typesupport_introspection_cpp/turtlebot3_msgs/msg/detail/sound__type_support.cpp.o[0m
[6.489s] [ 32%] [32mBuilding CXX object CMakeFiles/turtlebot3_msgs__rosidl_typesupport_introspection_cpp.dir/rosidl_typesupport_introspection_cpp/turtlebot3_msgs/msg/detail/sensor_state__type_support.cpp.o[0m
[6.977s] [ 33%] [32mBuilding CXX object CMakeFiles/turtlebot3_msgs__rosidl_typesupport_introspection_cpp.dir/rosidl_typesupport_introspection_cpp/turtlebot3_msgs/msg/detail/version_info__type_support.cpp.o[0m
[7.111s] [ 35%] [32mBuilding CXX object CMakeFiles/turtlebot3_msgs__rosidl_typesupport_c.dir/rosidl_typesupport_c/turtlebot3_msgs/msg/sensor_state__type_support.cpp.o[0m
[7.129s] [ 36%] [32mBuilding CXX object CMakeFiles/turtlebot3_msgs__rosidl_typesupport_fastrtps_cpp.dir/rosidl_typesupport_fastrtps_cpp/turtlebot3_msgs/msg/detail/dds_fastrtps/sensor_state__type_support.cpp.o[0m
[7.160s] [ 38%] [32mBuilding CXX object CMakeFiles/turtlebot3_msgs__rosidl_typesupport_c.dir/rosidl_typesupport_c/turtlebot3_msgs/msg/sound__type_support.cpp.o[0m
[7.203s] [ 39%] [32mBuilding CXX object CMakeFiles/turtlebot3_msgs__rosidl_typesupport_introspection_cpp.dir/rosidl_typesupport_introspection_cpp/turtlebot3_msgs/srv/detail/sound__type_support.cpp.o[0m
[7.241s] [ 40%] [32mBuilding CXX object CMakeFiles/turtlebot3_msgs__rosidl_typesupport_c.dir/rosidl_typesupport_c/turtlebot3_msgs/msg/version_info__type_support.cpp.o[0m
[7.250s] [ 42%] [32mBuilding CXX object CMakeFiles/turtlebot3_msgs__rosidl_typesupport_fastrtps_cpp.dir/rosidl_typesupport_fastrtps_cpp/turtlebot3_msgs/msg/detail/dds_fastrtps/sound__type_support.cpp.o[0m
[7.288s] gmake[2]: *** [CMakeFiles/turtlebot3_msgs__rosidl_typesupport_introspection_cpp.dir/build.make:221: CMakeFiles/turtlebot3_msgs__rosidl_typesupport_introspection_cpp.dir/rosidl_typesupport_introspection_cpp/turtlebot3_msgs/msg/detail/version_info__type_support.cpp.o] Interrupt
[7.288s] gmake[2]: *** Deleting file 'rosidl_typesupport_fastrtps_c/turtlebot3_msgs/msg/detail/version_info__rosidl_typesupport_fastrtps_c.h'
[7.288s] gmake[2]: *** [CMakeFiles/turtlebot3_msgs__rosidl_typesupport_introspection_cpp.dir/build.make:235: CMakeFiles/turtlebot3_msgs__rosidl_typesupport_introspection_cpp.dir/rosidl_typesupport_introspection_cpp/turtlebot3_msgs/srv/detail/sound__type_support.cpp.o] Interrupt
[7.288s] gmake[2]: *** [CMakeFiles/turtlebot3_msgs__rosidl_typesupport_c.dir/build.make:201: CMakeFiles/turtlebot3_msgs__rosidl_typesupport_c.dir/rosidl_typesupport_c/turtlebot3_msgs/msg/version_info__type_support.cpp.o] Interrupt
[7.289s] gmake[2]: *** [CMakeFiles/turtlebot3_msgs__rosidl_typesupport_introspection_cpp.dir/build.make:207: CMakeFiles/turtlebot3_msgs__rosidl_typesupport_introspection_cpp.dir/rosidl_typesupport_introspection_cpp/turtlebot3_msgs/msg/detail/sound__type_support.cpp.o] Interrupt
[7.289s] gmake[1]: *** [CMakeFiles/Makefile2:343: CMakeFiles/turtlebot3_msgs__rosidl_typesupport_c.dir/all] Interrupt
[7.290s] gmake[2]: *** [CMakeFiles/turtlebot3_msgs__rosidl_typesupport_introspection_cpp.dir/build.make:193: CMakeFiles/turtlebot3_msgs__rosidl_typesupport_introspection_cpp.dir/rosidl_typesupport_introspection_cpp/turtlebot3_msgs/msg/detail/sensor_state__type_support.cpp.o] Interrupt
[7.290s] gmake[1]: *** [CMakeFiles/Makefile2:369: CMakeFiles/turtlebot3_msgs__rosidl_typesupport_introspection_cpp.dir/all] Interrupt
[7.291s] gmake[2]: *** [CMakeFiles/turtlebot3_msgs__rosidl_typesupport_fastrtps_cpp.dir/build.make:193: CMakeFiles/turtlebot3_msgs__rosidl_typesupport_fastrtps_cpp.dir/rosidl_typesupport_fastrtps_cpp/turtlebot3_msgs/msg/detail/dds_fastrtps/sensor_state__type_support.cpp.o] Interrupt
[7.291s] gmake[2]: *** [CMakeFiles/turtlebot3_msgs__rosidl_typesupport_fastrtps_cpp.dir/build.make:207: CMakeFiles/turtlebot3_msgs__rosidl_typesupport_fastrtps_cpp.dir/rosidl_typesupport_fastrtps_cpp/turtlebot3_msgs/msg/detail/dds_fastrtps/sound__type_support.cpp.o] Interrupt
[7.291s] gmake[2]: *** Deleting file 'rosidl_typesupport_introspection_c/turtlebot3_msgs/srv/detail/dqn__rosidl_typesupport_introspection_c.h'
[7.291s] gmake[2]: *** [CMakeFiles/turtlebot3_msgs__rosidl_typesupport_fastrtps_c.dir/build.make:166: rosidl_typesupport_fastrtps_c/turtlebot3_msgs/msg/detail/version_info__rosidl_typesupport_fastrtps_c.h] Interrupt
[7.293s] gmake[1]: *** [CMakeFiles/Makefile2:238: CMakeFiles/turtlebot3_msgs__rosidl_typesupport_fastrtps_c.dir/all] Interrupt
[7.293s] gmake[2]: *** [CMakeFiles/turtlebot3_msgs__rosidl_typesupport_introspection_c.dir/build.make:166: rosidl_typesupport_introspection_c/turtlebot3_msgs/srv/detail/dqn__rosidl_typesupport_introspection_c.h] Interrupt
[7.296s] gmake[2]: *** [CMakeFiles/turtlebot3_msgs__rosidl_typesupport_fastrtps_cpp.dir/build.make:220: CMakeFiles/turtlebot3_msgs__rosidl_typesupport_fastrtps_cpp.dir/rosidl_typesupport_fastrtps_cpp/turtlebot3_msgs/msg/detail/dds_fastrtps/version_info__type_support.cpp.o] Interrupt
[7.296s] gmake[2]: *** [CMakeFiles/turtlebot3_msgs__rosidl_typesupport_cpp.dir/build.make:229: CMakeFiles/turtlebot3_msgs__rosidl_typesupport_cpp.dir/rosidl_typesupport_cpp/turtlebot3_msgs/srv/dqn__type_support.cpp.o] Interrupt
[7.296s] gmake[2]: *** wait: No child processes.  Stop.
[7.296s] gmake[2]: *** Waiting for unfinished jobs....
[7.296s] gmake[2]: *** wait: No child processes.  Stop.
[7.297s] gmake[1]: *** [CMakeFiles/Makefile2:316: CMakeFiles/turtlebot3_msgs__rosidl_typesupport_introspection_c.dir/all] Interrupt
[7.297s] gmake[1]: *** [CMakeFiles/Makefile2:395: CMakeFiles/turtlebot3_msgs__rosidl_typesupport_cpp.dir/all] Error 2
[7.297s] gmake[1]: *** [CMakeFiles/Makefile2:291: CMakeFiles/turtlebot3_msgs__rosidl_typesupport_fastrtps_cpp.dir/all] Interrupt
[7.297s] gmake: *** [Makefile:146: all] Interrupt
