[0.049s] Invoking command in '/home/khw/simulation_ws/src/build/turtlebot3_cartographer': CMAKE_PREFIX_PATH=${CMAKE_PREFIX_PATH}:/opt/ros/humble:/home/khw/simulation_ws/install/turtlebot3_teleop:/home/khw/simulation_ws/install/turtlebot3_example:/home/khw/simulation_ws/install/odom_tools /usr/bin/cmake --build /home/khw/simulation_ws/src/build/turtlebot3_cartographer -- -j12 -l12
[2.645s] Invoked command in '/home/khw/simulation_ws/src/build/turtlebot3_cartographer' returned '0': CMAKE_PREFIX_PATH=${CMAKE_PREFIX_PATH}:/opt/ros/humble:/home/khw/simulation_ws/install/turtlebot3_teleop:/home/khw/simulation_ws/install/turtlebot3_example:/home/khw/simulation_ws/install/odom_tools /usr/bin/cmake --build /home/khw/simulation_ws/src/build/turtlebot3_cartographer -- -j12 -l12
[2.646s] Invoking command in '/home/khw/simulation_ws/src/build/turtlebot3_cartographer': CMAKE_PREFIX_PATH=${CMAKE_PREFIX_PATH}:/opt/ros/humble:/home/khw/simulation_ws/install/turtlebot3_teleop:/home/khw/simulation_ws/install/turtlebot3_example:/home/khw/simulation_ws/install/odom_tools /usr/bin/cmake --install /home/khw/simulation_ws/src/build/turtlebot3_cartographer
[2.744s] -- Install configuration: ""
[2.744s] -- Up-to-date: /home/khw/simulation_ws/src/install/turtlebot3_cartographer/share/turtlebot3_cartographer/config
[2.744s] -- Up-to-date: /home/khw/simulation_ws/src/install/turtlebot3_cartographer/share/turtlebot3_cartographer/config/turtlebot3_lds_2d.lua
[2.744s] -- Up-to-date: /home/khw/simulation_ws/src/install/turtlebot3_cartographer/share/turtlebot3_cartographer/launch
[2.745s] -- Up-to-date: /home/khw/simulation_ws/src/install/turtlebot3_cartographer/share/turtlebot3_cartographer/launch/occupancy_grid.launch.py
[2.745s] -- Up-to-date: /home/khw/simulation_ws/src/install/turtlebot3_cartographer/share/turtlebot3_cartographer/launch/cartographer.launch.py
[2.745s] -- Up-to-date: /home/khw/simulation_ws/src/install/turtlebot3_cartographer/share/turtlebot3_cartographer/rviz
[2.745s] -- Up-to-date: /home/khw/simulation_ws/src/install/turtlebot3_cartographer/share/turtlebot3_cartographer/rviz/tb3_cartographer.rviz
[2.745s] -- Up-to-date: /home/khw/simulation_ws/src/install/turtlebot3_cartographer/share/ament_index/resource_index/package_run_dependencies/turtlebot3_cartographer
[2.747s] -- Up-to-date: /home/khw/simulation_ws/src/install/turtlebot3_cartographer/share/ament_index/resource_index/parent_prefix_path/turtlebot3_cartographer
[2.750s] -- Up-to-date: /home/khw/simulation_ws/src/install/turtlebot3_cartographer/share/turtlebot3_cartographer/environment/ament_prefix_path.sh
[2.751s] -- Up-to-date: /home/khw/simulation_ws/src/install/turtlebot3_cartographer/share/turtlebot3_cartographer/environment/ament_prefix_path.dsv
[2.751s] -- Up-to-date: /home/khw/simulation_ws/src/install/turtlebot3_cartographer/share/turtlebot3_cartographer/environment/path.sh
[2.751s] -- Up-to-date: /home/khw/simulation_ws/src/install/turtlebot3_cartographer/share/turtlebot3_cartographer/environment/path.dsv
[2.751s] -- Up-to-date: /home/khw/simulation_ws/src/install/turtlebot3_cartographer/share/turtlebot3_cartographer/local_setup.bash
[2.751s] -- Up-to-date: /home/khw/simulation_ws/src/install/turtlebot3_cartographer/share/turtlebot3_cartographer/local_setup.sh
[2.752s] -- Up-to-date: /home/khw/simulation_ws/src/install/turtlebot3_cartographer/share/turtlebot3_cartographer/local_setup.zsh
[2.752s] -- Up-to-date: /home/khw/simulation_ws/src/install/turtlebot3_cartographer/share/turtlebot3_cartographer/local_setup.dsv
[2.752s] -- Up-to-date: /home/khw/simulation_ws/src/install/turtlebot3_cartographer/share/turtlebot3_cartographer/package.dsv
[2.752s] -- Up-to-date: /home/khw/simulation_ws/src/install/turtlebot3_cartographer/share/ament_index/resource_index/packages/turtlebot3_cartographer
[2.754s] -- Up-to-date: /home/khw/simulation_ws/src/install/turtlebot3_cartographer/share/turtlebot3_cartographer/cmake/turtlebot3_cartographerConfig.cmake
[2.754s] -- Up-to-date: /home/khw/simulation_ws/src/install/turtlebot3_cartographer/share/turtlebot3_cartographer/cmake/turtlebot3_cartographerConfig-version.cmake
[2.754s] -- Up-to-date: /home/khw/simulation_ws/src/install/turtlebot3_cartographer/share/turtlebot3_cartographer/package.xml
[2.868s] Invoked command in '/home/khw/simulation_ws/src/build/turtlebot3_cartographer' returned '0': CMAKE_PREFIX_PATH=${CMAKE_PREFIX_PATH}:/opt/ros/humble:/home/khw/simulation_ws/install/turtlebot3_teleop:/home/khw/simulation_ws/install/turtlebot3_example:/home/khw/simulation_ws/install/odom_tools /usr/bin/cmake --install /home/khw/simulation_ws/src/build/turtlebot3_cartographer
