[4.780s] Invoking command in '/home/khw/simulation_ws/src/turtlebot3/turtlebot3_teleop': PYTHONPATH=/home/khw/simulation_ws/build/turtlebot3_teleop/prefix_override:/usr/lib/python3/dist-packages/colcon_core/task/python/colcon_distutils_commands:/home/khw/simulation_ws/install/turtlebot3_teleop/lib/python3.10/site-packages:${PYTHONPATH} /usr/bin/python3 -W ignore:setup.py install is deprecated -W ignore:easy_install command is deprecated setup.py egg_info --egg-base ../../../build/turtlebot3_teleop build --build-base /home/khw/simulation_ws/build/turtlebot3_teleop/build install --record /home/khw/simulation_ws/build/turtlebot3_teleop/install.log --single-version-externally-managed install_data
[6.661s] running egg_info
[6.741s] writing ../../../build/turtlebot3_teleop/turtlebot3_teleop.egg-info/PKG-INFO
[6.742s] writing dependency_links to ../../../build/turtlebot3_teleop/turtlebot3_teleop.egg-info/dependency_links.txt
[6.743s] writing entry points to ../../../build/turtlebot3_teleop/turtlebot3_teleop.egg-info/entry_points.txt
[6.744s] writing requirements to ../../../build/turtlebot3_teleop/turtlebot3_teleop.egg-info/requires.txt
[6.744s] writing top-level names to ../../../build/turtlebot3_teleop/turtlebot3_teleop.egg-info/top_level.txt
[6.916s] reading manifest file '../../../build/turtlebot3_teleop/turtlebot3_teleop.egg-info/SOURCES.txt'
[6.921s] writing manifest file '../../../build/turtlebot3_teleop/turtlebot3_teleop.egg-info/SOURCES.txt'
[6.921s] running build
[6.922s] running build_py
[6.923s] running install
[6.947s] running install_lib
[7.050s] running install_data
[7.051s] running install_egg_info
[7.151s] removing '/home/khw/simulation_ws/install/turtlebot3_teleop/lib/python3.10/site-packages/turtlebot3_teleop-2.2.9-py3.10.egg-info' (and everything under it)
[7.152s] Copying ../../../build/turtlebot3_teleop/turtlebot3_teleop.egg-info to /home/khw/simulation_ws/install/turtlebot3_teleop/lib/python3.10/site-packages/turtlebot3_teleop-2.2.9-py3.10.egg-info
[7.152s] running install_scripts
[7.435s] Installing teleop_keyboard script to /home/khw/simulation_ws/install/turtlebot3_teleop/lib/turtlebot3_teleop
[7.436s] writing list of installed files to '/home/khw/simulation_ws/build/turtlebot3_teleop/install.log'
[7.635s] Invoked command in '/home/khw/simulation_ws/src/turtlebot3/turtlebot3_teleop' returned '0': PYTHONPATH=/home/khw/simulation_ws/build/turtlebot3_teleop/prefix_override:/usr/lib/python3/dist-packages/colcon_core/task/python/colcon_distutils_commands:/home/khw/simulation_ws/install/turtlebot3_teleop/lib/python3.10/site-packages:${PYTHONPATH} /usr/bin/python3 -W ignore:setup.py install is deprecated -W ignore:easy_install command is deprecated setup.py egg_info --egg-base ../../../build/turtlebot3_teleop build --build-base /home/khw/simulation_ws/build/turtlebot3_teleop/build install --record /home/khw/simulation_ws/build/turtlebot3_teleop/install.log --single-version-externally-managed install_data
