[1.978s] Invoking command in '/home/khw/simulation_ws/src/odom_tools': PYTHONPATH=/home/khw/simulation_ws/build/odom_tools/prefix_override:/usr/lib/python3/dist-packages/colcon_core/task/python/colcon_distutils_commands:/home/khw/simulation_ws/install/odom_tools/lib/python3.10/site-packages:${PYTHONPATH} /usr/bin/python3 -W ignore:setup.py install is deprecated -W ignore:easy_install command is deprecated setup.py egg_info --egg-base ../../build/odom_tools build --build-base /home/khw/simulation_ws/build/odom_tools/build install --record /home/khw/simulation_ws/build/odom_tools/install.log --single-version-externally-managed install_data
[2.411s] running egg_info
[2.424s] writing ../../build/odom_tools/odom_tools.egg-info/PKG-INFO
[2.424s] writing dependency_links to ../../build/odom_tools/odom_tools.egg-info/dependency_links.txt
[2.424s] writing entry points to ../../build/odom_tools/odom_tools.egg-info/entry_points.txt
[2.424s] writing requirements to ../../build/odom_tools/odom_tools.egg-info/requires.txt
[2.424s] writing top-level names to ../../build/odom_tools/odom_tools.egg-info/top_level.txt
[2.448s] reading manifest file '../../build/odom_tools/odom_tools.egg-info/SOURCES.txt'
[2.449s] writing manifest file '../../build/odom_tools/odom_tools.egg-info/SOURCES.txt'
[2.449s] running build
[2.449s] running build_py
[2.450s] copying odom_tools/move_turtlebot.py -> /home/khw/simulation_ws/build/odom_tools/build/lib/odom_tools
[2.451s] running install
[2.457s] running install_lib
[2.483s] copying /home/khw/simulation_ws/build/odom_tools/build/lib/odom_tools/move_turtlebot.py -> /home/khw/simulation_ws/install/odom_tools/lib/python3.10/site-packages/odom_tools
[2.484s] byte-compiling /home/khw/simulation_ws/install/odom_tools/lib/python3.10/site-packages/odom_tools/move_turtlebot.py to move_turtlebot.cpython-310.pyc
[2.487s] running install_data
[2.487s] running install_egg_info
[2.510s] removing '/home/khw/simulation_ws/install/odom_tools/lib/python3.10/site-packages/odom_tools-0.0.0-py3.10.egg-info' (and everything under it)
[2.510s] Copying ../../build/odom_tools/odom_tools.egg-info to /home/khw/simulation_ws/install/odom_tools/lib/python3.10/site-packages/odom_tools-0.0.0-py3.10.egg-info
[2.512s] running install_scripts
[2.597s] Installing kiosk script to /home/khw/simulation_ws/install/odom_tools/lib/odom_tools
[2.598s] Installing move_turtlebot script to /home/khw/simulation_ws/install/odom_tools/lib/odom_tools
[2.599s] Installing mqtt_goal_sender script to /home/khw/simulation_ws/install/odom_tools/lib/odom_tools
[2.599s] Installing mqtt_receiver script to /home/khw/simulation_ws/install/odom_tools/lib/odom_tools
[2.599s] Installing object_detection script to /home/khw/simulation_ws/install/odom_tools/lib/odom_tools
[2.599s] Installing odom_listener script to /home/khw/simulation_ws/install/odom_tools/lib/odom_tools
[2.599s] Installing video_publisher script to /home/khw/simulation_ws/install/odom_tools/lib/odom_tools
[2.600s] writing list of installed files to '/home/khw/simulation_ws/build/odom_tools/install.log'
[2.657s] Invoked command in '/home/khw/simulation_ws/src/odom_tools' returned '0': PYTHONPATH=/home/khw/simulation_ws/build/odom_tools/prefix_override:/usr/lib/python3/dist-packages/colcon_core/task/python/colcon_distutils_commands:/home/khw/simulation_ws/install/odom_tools/lib/python3.10/site-packages:${PYTHONPATH} /usr/bin/python3 -W ignore:setup.py install is deprecated -W ignore:easy_install command is deprecated setup.py egg_info --egg-base ../../build/odom_tools build --build-base /home/khw/simulation_ws/build/odom_tools/build install --record /home/khw/simulation_ws/build/odom_tools/install.log --single-version-externally-managed install_data
