/home/khw/simulation_ws/install/odom_tools/lib/python3.10/site-packages/odom_tools/tempkiosk.py
/home/khw/simulation_ws/install/odom_tools/lib/python3.10/site-packages/odom_tools/odom_listener.py
/home/khw/simulation_ws/install/odom_tools/lib/python3.10/site-packages/odom_tools/mqtt_receiver.py
/home/khw/simulation_ws/install/odom_tools/lib/python3.10/site-packages/odom_tools/tempturtle.py
/home/khw/simulation_ws/install/odom_tools/lib/python3.10/site-packages/odom_tools/move_turtlebot.py
/home/khw/simulation_ws/install/odom_tools/lib/python3.10/site-packages/odom_tools/latency_measurement.py
/home/khw/simulation_ws/install/odom_tools/lib/python3.10/site-packages/odom_tools/kiosk.py
/home/khw/simulation_ws/install/odom_tools/lib/python3.10/site-packages/odom_tools/__init__.py
/home/khw/simulation_ws/install/odom_tools/lib/python3.10/site-packages/odom_tools/video_publisher.py
/home/khw/simulation_ws/install/odom_tools/lib/python3.10/site-packages/odom_tools/object_detection.py
/home/khw/simulation_ws/install/odom_tools/lib/python3.10/site-packages/odom_tools/__pycache__/tempkiosk.cpython-310.pyc
/home/khw/simulation_ws/install/odom_tools/lib/python3.10/site-packages/odom_tools/__pycache__/odom_listener.cpython-310.pyc
/home/khw/simulation_ws/install/odom_tools/lib/python3.10/site-packages/odom_tools/__pycache__/mqtt_receiver.cpython-310.pyc
/home/khw/simulation_ws/install/odom_tools/lib/python3.10/site-packages/odom_tools/__pycache__/tempturtle.cpython-310.pyc
/home/khw/simulation_ws/install/odom_tools/lib/python3.10/site-packages/odom_tools/__pycache__/move_turtlebot.cpython-310.pyc
/home/khw/simulation_ws/install/odom_tools/lib/python3.10/site-packages/odom_tools/__pycache__/latency_measurement.cpython-310.pyc
/home/khw/simulation_ws/install/odom_tools/lib/python3.10/site-packages/odom_tools/__pycache__/kiosk.cpython-310.pyc
/home/khw/simulation_ws/install/odom_tools/lib/python3.10/site-packages/odom_tools/__pycache__/__init__.cpython-310.pyc
/home/khw/simulation_ws/install/odom_tools/lib/python3.10/site-packages/odom_tools/__pycache__/video_publisher.cpython-310.pyc
/home/khw/simulation_ws/install/odom_tools/lib/python3.10/site-packages/odom_tools/__pycache__/object_detection.cpython-310.pyc
/home/khw/simulation_ws/install/odom_tools/share/ament_index/resource_index/packages/odom_tools
/home/khw/simulation_ws/install/odom_tools/share/odom_tools/package.xml
/home/khw/simulation_ws/install/odom_tools/lib/python3.10/site-packages/odom_tools-0.0.0-py3.10.egg-info/dependency_links.txt
/home/khw/simulation_ws/install/odom_tools/lib/python3.10/site-packages/odom_tools-0.0.0-py3.10.egg-info/top_level.txt
/home/khw/simulation_ws/install/odom_tools/lib/python3.10/site-packages/odom_tools-0.0.0-py3.10.egg-info/PKG-INFO
/home/khw/simulation_ws/install/odom_tools/lib/python3.10/site-packages/odom_tools-0.0.0-py3.10.egg-info/SOURCES.txt
/home/khw/simulation_ws/install/odom_tools/lib/python3.10/site-packages/odom_tools-0.0.0-py3.10.egg-info/zip-safe
/home/khw/simulation_ws/install/odom_tools/lib/python3.10/site-packages/odom_tools-0.0.0-py3.10.egg-info/entry_points.txt
/home/khw/simulation_ws/install/odom_tools/lib/python3.10/site-packages/odom_tools-0.0.0-py3.10.egg-info/requires.txt
/home/khw/simulation_ws/install/odom_tools/lib/odom_tools/kiosk
/home/khw/simulation_ws/install/odom_tools/lib/odom_tools/latency_measurement
/home/khw/simulation_ws/install/odom_tools/lib/odom_tools/move_turtlebot
/home/khw/simulation_ws/install/odom_tools/lib/odom_tools/mqtt_goal_sender
/home/khw/simulation_ws/install/odom_tools/lib/odom_tools/mqtt_receiver
/home/khw/simulation_ws/install/odom_tools/lib/odom_tools/object_detection
/home/khw/simulation_ws/install/odom_tools/lib/odom_tools/odom_listener
/home/khw/simulation_ws/install/odom_tools/lib/odom_tools/temp_kiosk
/home/khw/simulation_ws/install/odom_tools/lib/odom_tools/video_publisher
