[1.513s] Invoking command in '/home/khw/simulation_ws/src/odom_tools': PYTHONPATH=/home/khw/simulation_ws/build/odom_tools/prefix_override:/usr/lib/python3/dist-packages/colcon_core/task/python/colcon_distutils_commands:/home/khw/simulation_ws/install/odom_tools/lib/python3.10/site-packages:${PYTHONPATH} /usr/bin/python3 -W ignore:setup.py install is deprecated -W ignore:easy_install command is deprecated setup.py egg_info --egg-base ../../build/odom_tools build --build-base /home/khw/simulation_ws/build/odom_tools/build install --record /home/khw/simulation_ws/build/odom_tools/install.log --single-version-externally-managed install_data
[1.832s] running egg_info
[1.843s] writing ../../build/odom_tools/odom_tools.egg-info/PKG-INFO
[1.843s] writing dependency_links to ../../build/odom_tools/odom_tools.egg-info/dependency_links.txt
[1.843s] writing entry points to ../../build/odom_tools/odom_tools.egg-info/entry_points.txt
[1.843s] writing requirements to ../../build/odom_tools/odom_tools.egg-info/requires.txt
[1.843s] writing top-level names to ../../build/odom_tools/odom_tools.egg-info/top_level.txt
[1.866s] reading manifest file '../../build/odom_tools/odom_tools.egg-info/SOURCES.txt'
[1.867s] writing manifest file '../../build/odom_tools/odom_tools.egg-info/SOURCES.txt'
[1.867s] running build
[1.867s] running build_py
[1.867s] copying odom_tools/move_turtlebot.py -> /home/khw/simulation_ws/build/odom_tools/build/lib/odom_tools
[1.868s] running install
[1.872s] running install_lib
[1.884s] copying /home/khw/simulation_ws/build/odom_tools/build/lib/odom_tools/move_turtlebot.py -> /home/khw/simulation_ws/install/odom_tools/lib/python3.10/site-packages/odom_tools
[1.884s] byte-compiling /home/khw/simulation_ws/install/odom_tools/lib/python3.10/site-packages/odom_tools/move_turtlebot.py to move_turtlebot.cpython-310.pyc
[1.886s] running install_data
[1.886s] running install_egg_info
[1.899s] removing '/home/khw/simulation_ws/install/odom_tools/lib/python3.10/site-packages/odom_tools-0.0.0-py3.10.egg-info' (and everything under it)
[1.899s] Copying ../../build/odom_tools/odom_tools.egg-info to /home/khw/simulation_ws/install/odom_tools/lib/python3.10/site-packages/odom_tools-0.0.0-py3.10.egg-info
[1.900s] running install_scripts
[1.948s] Installing kiosk script to /home/khw/simulation_ws/install/odom_tools/lib/odom_tools
[1.948s] Installing latency_measurement script to /home/khw/simulation_ws/install/odom_tools/lib/odom_tools
[1.948s] Installing move_turtlebot script to /home/khw/simulation_ws/install/odom_tools/lib/odom_tools
[1.948s] Installing mqtt_goal_sender script to /home/khw/simulation_ws/install/odom_tools/lib/odom_tools
[1.948s] Installing mqtt_receiver script to /home/khw/simulation_ws/install/odom_tools/lib/odom_tools
[1.949s] Installing object_detection script to /home/khw/simulation_ws/install/odom_tools/lib/odom_tools
[1.949s] Installing odom_listener script to /home/khw/simulation_ws/install/odom_tools/lib/odom_tools
[1.949s] Installing temp_kiosk script to /home/khw/simulation_ws/install/odom_tools/lib/odom_tools
[1.949s] Installing video_publisher script to /home/khw/simulation_ws/install/odom_tools/lib/odom_tools
[1.949s] writing list of installed files to '/home/khw/simulation_ws/build/odom_tools/install.log'
[1.982s] Invoked command in '/home/khw/simulation_ws/src/odom_tools' returned '0': PYTHONPATH=/home/khw/simulation_ws/build/odom_tools/prefix_override:/usr/lib/python3/dist-packages/colcon_core/task/python/colcon_distutils_commands:/home/khw/simulation_ws/install/odom_tools/lib/python3.10/site-packages:${PYTHONPATH} /usr/bin/python3 -W ignore:setup.py install is deprecated -W ignore:easy_install command is deprecated setup.py egg_info --egg-base ../../build/odom_tools build --build-base /home/khw/simulation_ws/build/odom_tools/build install --record /home/khw/simulation_ws/build/odom_tools/install.log --single-version-externally-managed install_data
