[0.038s] Invoking command in '/home/khw/simulation_ws/src/build/turtlebot3_gazebo': CMAKE_PREFIX_PATH=${CMAKE_PREFIX_PATH}:/opt/ros/humble:/home/khw/simulation_ws/install/turtlebot3_teleop:/home/khw/simulation_ws/install/turtlebot3_example:/home/khw/simulation_ws/install/odom_tools /usr/bin/cmake --build /home/khw/simulation_ws/src/build/turtlebot3_gazebo -- -j12 -l12
[0.410s] [ 16%] Built target obstacle1
[0.410s] [ 33%] Built target turtlebot3_drive
[0.410s] [ 50%] Built target traffic_light_plugin
[0.411s] [ 66%] Built target obstacles
[0.411s] [ 83%] Built target obstacle2
[0.411s] [100%] Built target traffic_bar_plugin
[0.707s] Invoked command in '/home/khw/simulation_ws/src/build/turtlebot3_gazebo' returned '0': CMAKE_PREFIX_PATH=${CMAKE_PREFIX_PATH}:/opt/ros/humble:/home/khw/simulation_ws/install/turtlebot3_teleop:/home/khw/simulation_ws/install/turtlebot3_example:/home/khw/simulation_ws/install/odom_tools /usr/bin/cmake --build /home/khw/simulation_ws/src/build/turtlebot3_gazebo -- -j12 -l12
[0.710s] Invoking command in '/home/khw/simulation_ws/src/build/turtlebot3_gazebo': CMAKE_PREFIX_PATH=${CMAKE_PREFIX_PATH}:/opt/ros/humble:/home/khw/simulation_ws/install/turtlebot3_teleop:/home/khw/simulation_ws/install/turtlebot3_example:/home/khw/simulation_ws/install/odom_tools /usr/bin/cmake --install /home/khw/simulation_ws/src/build/turtlebot3_gazebo
[0.733s] -- Install configuration: ""
[0.734s] -- Up-to-date: /home/khw/simulation_ws/src/install/turtlebot3_gazebo/lib/turtlebot3_gazebo/turtlebot3_drive
[0.734s] -- Up-to-date: /home/khw/simulation_ws/src/install/turtlebot3_gazebo/share/turtlebot3_gazebo//launch
[0.734s] -- Up-to-date: /home/khw/simulation_ws/src/install/turtlebot3_gazebo/share/turtlebot3_gazebo//launch/project.launch.py
[0.735s] -- Up-to-date: /home/khw/simulation_ws/src/install/turtlebot3_gazebo/share/turtlebot3_gazebo//launch/turtlebot3_dqn_stage2.launch.py
[0.735s] -- Up-to-date: /home/khw/simulation_ws/src/install/turtlebot3_gazebo/share/turtlebot3_gazebo//launch/multi_spawn_turtlebot3.launch.py
[0.735s] -- Up-to-date: /home/khw/simulation_ws/src/install/turtlebot3_gazebo/share/turtlebot3_gazebo//launch/empty_world.launch.py
[0.735s] -- Up-to-date: /home/khw/simulation_ws/src/install/turtlebot3_gazebo/share/turtlebot3_gazebo//launch/spawn_turtlebot3.launch.py
[0.735s] -- Up-to-date: /home/khw/simulation_ws/src/install/turtlebot3_gazebo/share/turtlebot3_gazebo//launch/robot_state_publisher.launch.py
[0.735s] -- Up-to-date: /home/khw/simulation_ws/src/install/turtlebot3_gazebo/share/turtlebot3_gazebo//launch/turtlebot3_autorace_2020.launch.py
[0.735s] -- Up-to-date: /home/khw/simulation_ws/src/install/turtlebot3_gazebo/share/turtlebot3_gazebo//launch/turtlebot3_dqn_stage4.launch.py
[0.735s] -- Up-to-date: /home/khw/simulation_ws/src/install/turtlebot3_gazebo/share/turtlebot3_gazebo//launch/turtlebot3_house.launch.py
[0.735s] -- Up-to-date: /home/khw/simulation_ws/src/install/turtlebot3_gazebo/share/turtlebot3_gazebo//launch/turtlebot3_world.launch.py
[0.735s] -- Up-to-date: /home/khw/simulation_ws/src/install/turtlebot3_gazebo/share/turtlebot3_gazebo//launch/turtlebot3_dqn_stage1.launch.py
[0.735s] -- Up-to-date: /home/khw/simulation_ws/src/install/turtlebot3_gazebo/share/turtlebot3_gazebo//launch/multi_robot.launch.py
[0.736s] -- Up-to-date: /home/khw/simulation_ws/src/install/turtlebot3_gazebo/share/turtlebot3_gazebo//launch/turtlebot3_dqn_stage3.launch.py
[0.736s] -- Up-to-date: /home/khw/simulation_ws/src/install/turtlebot3_gazebo/share/turtlebot3_gazebo//models
[0.736s] -- Up-to-date: /home/khw/simulation_ws/src/install/turtlebot3_gazebo/share/turtlebot3_gazebo//models/turtlebot3_waffle
[0.736s] -- Up-to-date: /home/khw/simulation_ws/src/install/turtlebot3_gazebo/share/turtlebot3_gazebo//models/turtlebot3_waffle/model-1_4.sdf
[0.736s] -- Up-to-date: /home/khw/simulation_ws/src/install/turtlebot3_gazebo/share/turtlebot3_gazebo//models/turtlebot3_waffle/model.sdf
[0.736s] -- Up-to-date: /home/khw/simulation_ws/src/install/turtlebot3_gazebo/share/turtlebot3_gazebo//models/turtlebot3_waffle/model.config
[0.737s] -- Up-to-date: /home/khw/simulation_ws/src/install/turtlebot3_gazebo/share/turtlebot3_gazebo//models/turtlebot3_autorace_2020
[0.737s] -- Up-to-date: /home/khw/simulation_ws/src/install/turtlebot3_gazebo/share/turtlebot3_gazebo//models/turtlebot3_autorace_2020/traffic_right
[0.737s] -- Up-to-date: /home/khw/simulation_ws/src/install/turtlebot3_gazebo/share/turtlebot3_gazebo//models/turtlebot3_autorace_2020/traffic_right/materials
[0.737s] -- Up-to-date: /home/khw/simulation_ws/src/install/turtlebot3_gazebo/share/turtlebot3_gazebo//models/turtlebot3_autorace_2020/traffic_right/materials/scripts
[0.737s] -- Up-to-date: /home/khw/simulation_ws/src/install/turtlebot3_gazebo/share/turtlebot3_gazebo//models/turtlebot3_autorace_2020/traffic_right/materials/scripts/traffic_right.material
[0.737s] -- Up-to-date: /home/khw/simulation_ws/src/install/turtlebot3_gazebo/share/turtlebot3_gazebo//models/turtlebot3_autorace_2020/traffic_right/materials/textures
[0.737s] -- Up-to-date: /home/khw/simulation_ws/src/install/turtlebot3_gazebo/share/turtlebot3_gazebo//models/turtlebot3_autorace_2020/traffic_right/materials/textures/traffic_right.png
[0.737s] -- Up-to-date: /home/khw/simulation_ws/src/install/turtlebot3_gazebo/share/turtlebot3_gazebo//models/turtlebot3_autorace_2020/traffic_right/model.sdf
[0.738s] -- Up-to-date: /home/khw/simulation_ws/src/install/turtlebot3_gazebo/share/turtlebot3_gazebo//models/turtlebot3_autorace_2020/traffic_right/model.config
[0.738s] -- Up-to-date: /home/khw/simulation_ws/src/install/turtlebot3_gazebo/share/turtlebot3_gazebo//models/turtlebot3_autorace_2020/traffic_pl_left
[0.738s] -- Up-to-date: /home/khw/simulation_ws/src/install/turtlebot3_gazebo/share/turtlebot3_gazebo//models/turtlebot3_autorace_2020/traffic_pl_left/materials
[0.738s] -- Up-to-date: /home/khw/simulation_ws/src/install/turtlebot3_gazebo/share/turtlebot3_gazebo//models/turtlebot3_autorace_2020/traffic_pl_left/materials/scripts
[0.738s] -- Up-to-date: /home/khw/simulation_ws/src/install/turtlebot3_gazebo/share/turtlebot3_gazebo//models/turtlebot3_autorace_2020/traffic_pl_left/materials/scripts/traffic_pl_left.material
[0.738s] -- Up-to-date: /home/khw/simulation_ws/src/install/turtlebot3_gazebo/share/turtlebot3_gazebo//models/turtlebot3_autorace_2020/traffic_pl_left/materials/textures
[0.738s] -- Up-to-date: /home/khw/simulation_ws/src/install/turtlebot3_gazebo/share/turtlebot3_gazebo//models/turtlebot3_autorace_2020/traffic_pl_left/materials/textures/traffic_pl_left.png
[0.738s] -- Up-to-date: /home/khw/simulation_ws/src/install/turtlebot3_gazebo/share/turtlebot3_gazebo//models/turtlebot3_autorace_2020/traffic_pl_left/model.sdf
[0.738s] -- Up-to-date: /home/khw/simulation_ws/src/install/turtlebot3_gazebo/share/turtlebot3_gazebo//models/turtlebot3_autorace_2020/traffic_pl_left/model.config
[0.738s] -- Up-to-date: /home/khw/simulation_ws/src/install/turtlebot3_gazebo/share/turtlebot3_gazebo//models/turtlebot3_autorace_2020/traffic_parking
[0.739s] -- Up-to-date: /home/khw/simulation_ws/src/install/turtlebot3_gazebo/share/turtlebot3_gazebo//models/turtlebot3_autorace_2020/traffic_parking/materials
[0.739s] -- Up-to-date: /home/khw/simulation_ws/src/install/turtlebot3_gazebo/share/turtlebot3_gazebo//models/turtlebot3_autorace_2020/traffic_parking/materials/scripts
[0.739s] -- Up-to-date: /home/khw/simulation_ws/src/install/turtlebot3_gazebo/share/turtlebot3_gazebo//models/turtlebot3_autorace_2020/traffic_parking/materials/scripts/traffic_parking.material
[0.739s] -- Up-to-date: /home/khw/simulation_ws/src/install/turtlebot3_gazebo/share/turtlebot3_gazebo//models/turtlebot3_autorace_2020/traffic_parking/materials/textures
[0.739s] -- Up-to-date: /home/khw/simulation_ws/src/install/turtlebot3_gazebo/share/turtlebot3_gazebo//models/turtlebot3_autorace_2020/traffic_parking/materials/textures/traffic_parking.png
[0.739s] -- Up-to-date: /home/khw/simulation_ws/src/install/turtlebot3_gazebo/share/turtlebot3_gazebo//models/turtlebot3_autorace_2020/traffic_parking/model.sdf
[0.739s] -- Up-to-date: /home/khw/simulation_ws/src/install/turtlebot3_gazebo/share/turtlebot3_gazebo//models/turtlebot3_autorace_2020/traffic_parking/model.config
[0.739s] -- Up-to-date: /home/khw/simulation_ws/src/install/turtlebot3_gazebo/share/turtlebot3_gazebo//models/turtlebot3_autorace_2020/checker
[0.740s] -- Up-to-date: /home/khw/simulation_ws/src/install/turtlebot3_gazebo/share/turtlebot3_gazebo//models/turtlebot3_autorace_2020/checker/materials
[0.742s] -- Up-to-date: /home/khw/simulation_ws/src/install/turtlebot3_gazebo/share/turtlebot3_gazebo//models/turtlebot3_autorace_2020/checker/materials/scripts
[0.742s] -- Up-to-date: /home/khw/simulation_ws/src/install/turtlebot3_gazebo/share/turtlebot3_gazebo//models/turtlebot3_autorace_2020/checker/materials/scripts/checker.material
[0.743s] -- Up-to-date: /home/khw/simulation_ws/src/install/turtlebot3_gazebo/share/turtlebot3_gazebo//models/turtlebot3_autorace_2020/checker/materials/checker.png
[0.743s] -- Up-to-date: /home/khw/simulation_ws/src/install/turtlebot3_gazebo/share/turtlebot3_gazebo//models/turtlebot3_autorace_2020/checker/materials/textures
[0.743s] -- Up-to-date: /home/khw/simulation_ws/src/install/turtlebot3_gazebo/share/turtlebot3_gazebo//models/turtlebot3_autorace_2020/checker/materials/textures/checker.png
[0.743s] -- Up-to-date: /home/khw/simulation_ws/src/install/turtlebot3_gazebo/share/turtlebot3_gazebo//models/turtlebot3_autorace_2020/checker/model.sdf
[0.743s] -- Up-to-date: /home/khw/simulation_ws/src/install/turtlebot3_gazebo/share/turtlebot3_gazebo//models/turtlebot3_autorace_2020/checker/model.config
[0.743s] -- Up-to-date: /home/khw/simulation_ws/src/install/turtlebot3_gazebo/share/turtlebot3_gazebo//models/turtlebot3_autorace_2020/traffic_noentry
[0.743s] -- Up-to-date: /home/khw/simulation_ws/src/install/turtlebot3_gazebo/share/turtlebot3_gazebo//models/turtlebot3_autorace_2020/traffic_noentry/materials
[0.743s] -- Up-to-date: /home/khw/simulation_ws/src/install/turtlebot3_gazebo/share/turtlebot3_gazebo//models/turtlebot3_autorace_2020/traffic_noentry/materials/scripts
[0.744s] -- Up-to-date: /home/khw/simulation_ws/src/install/turtlebot3_gazebo/share/turtlebot3_gazebo//models/turtlebot3_autorace_2020/traffic_noentry/materials/scripts/traffic_noentry.material
[0.744s] -- Up-to-date: /home/khw/simulation_ws/src/install/turtlebot3_gazebo/share/turtlebot3_gazebo//models/turtlebot3_autorace_2020/traffic_noentry/materials/textures
[0.744s] -- Up-to-date: /home/khw/simulation_ws/src/install/turtlebot3_gazebo/share/turtlebot3_gazebo//models/turtlebot3_autorace_2020/traffic_noentry/materials/textures/traffic_noentry.png
[0.744s] -- Up-to-date: /home/khw/simulation_ws/src/install/turtlebot3_gazebo/share/turtlebot3_gazebo//models/turtlebot3_autorace_2020/traffic_noentry/model.sdf
[0.744s] -- Up-to-date: /home/khw/simulation_ws/src/install/turtlebot3_gazebo/share/turtlebot3_gazebo//models/turtlebot3_autorace_2020/traffic_noentry/model.config
[0.744s] -- Up-to-date: /home/khw/simulation_ws/src/install/turtlebot3_gazebo/share/turtlebot3_gazebo//models/turtlebot3_autorace_2020/traffic_left
[0.744s] -- Up-to-date: /home/khw/simulation_ws/src/install/turtlebot3_gazebo/share/turtlebot3_gazebo//models/turtlebot3_autorace_2020/traffic_left/materials
[0.744s] -- Up-to-date: /home/khw/simulation_ws/src/install/turtlebot3_gazebo/share/turtlebot3_gazebo//models/turtlebot3_autorace_2020/traffic_left/materials/scripts
[0.744s] -- Up-to-date: /home/khw/simulation_ws/src/install/turtlebot3_gazebo/share/turtlebot3_gazebo//models/turtlebot3_autorace_2020/traffic_left/materials/scripts/traffic_is_left.material
[0.745s] -- Up-to-date: /home/khw/simulation_ws/src/install/turtlebot3_gazebo/share/turtlebot3_gazebo//models/turtlebot3_autorace_2020/traffic_left/materials/textures
[0.745s] -- Up-to-date: /home/khw/simulation_ws/src/install/turtlebot3_gazebo/share/turtlebot3_gazebo//models/turtlebot3_autorace_2020/traffic_left/materials/textures/traffic_left.png
[0.745s] -- Up-to-date: /home/khw/simulation_ws/src/install/turtlebot3_gazebo/share/turtlebot3_gazebo//models/turtlebot3_autorace_2020/traffic_left/model.sdf
[0.745s] -- Up-to-date: /home/khw/simulation_ws/src/install/turtlebot3_gazebo/share/turtlebot3_gazebo//models/turtlebot3_autorace_2020/traffic_left/model.config
[0.745s] -- Up-to-date: /home/khw/simulation_ws/src/install/turtlebot3_gazebo/share/turtlebot3_gazebo//models/turtlebot3_autorace_2020/traffic_construction
[0.745s] -- Up-to-date: /home/khw/simulation_ws/src/install/turtlebot3_gazebo/share/turtlebot3_gazebo//models/turtlebot3_autorace_2020/traffic_construction/materials
[0.745s] -- Up-to-date: /home/khw/simulation_ws/src/install/turtlebot3_gazebo/share/turtlebot3_gazebo//models/turtlebot3_autorace_2020/traffic_construction/materials/scripts
[0.745s] -- Up-to-date: /home/khw/simulation_ws/src/install/turtlebot3_gazebo/share/turtlebot3_gazebo//models/turtlebot3_autorace_2020/traffic_construction/materials/scripts/traffic_construction.material
[0.746s] -- Up-to-date: /home/khw/simulation_ws/src/install/turtlebot3_gazebo/share/turtlebot3_gazebo//models/turtlebot3_autorace_2020/traffic_construction/materials/textures
[0.746s] -- Up-to-date: /home/khw/simulation_ws/src/install/turtlebot3_gazebo/share/turtlebot3_gazebo//models/turtlebot3_autorace_2020/traffic_construction/materials/textures/traffic_construction.png
[0.746s] -- Up-to-date: /home/khw/simulation_ws/src/install/turtlebot3_gazebo/share/turtlebot3_gazebo//models/turtlebot3_autorace_2020/traffic_construction/model.sdf
[0.746s] -- Up-to-date: /home/khw/simulation_ws/src/install/turtlebot3_gazebo/share/turtlebot3_gazebo//models/turtlebot3_autorace_2020/traffic_construction/model.config
[0.746s] -- Up-to-date: /home/khw/simulation_ws/src/install/turtlebot3_gazebo/share/turtlebot3_gazebo//models/turtlebot3_autorace_2020/traffic_tunnel
[0.746s] -- Up-to-date: /home/khw/simulation_ws/src/install/turtlebot3_gazebo/share/turtlebot3_gazebo//models/turtlebot3_autorace_2020/traffic_tunnel/materials
[0.746s] -- Up-to-date: /home/khw/simulation_ws/src/install/turtlebot3_gazebo/share/turtlebot3_gazebo//models/turtlebot3_autorace_2020/traffic_tunnel/materials/scripts
[0.747s] -- Up-to-date: /home/khw/simulation_ws/src/install/turtlebot3_gazebo/share/turtlebot3_gazebo//models/turtlebot3_autorace_2020/traffic_tunnel/materials/scripts/tunnel.material
[0.747s] -- Up-to-date: /home/khw/simulation_ws/src/install/turtlebot3_gazebo/share/turtlebot3_gazebo//models/turtlebot3_autorace_2020/traffic_tunnel/materials/textures
[0.747s] -- Up-to-date: /home/khw/simulation_ws/src/install/turtlebot3_gazebo/share/turtlebot3_gazebo//models/turtlebot3_autorace_2020/traffic_tunnel/materials/textures/tunnel.png
[0.747s] -- Up-to-date: /home/khw/simulation_ws/src/install/turtlebot3_gazebo/share/turtlebot3_gazebo//models/turtlebot3_autorace_2020/traffic_tunnel/model.sdf
[0.747s] -- Up-to-date: /home/khw/simulation_ws/src/install/turtlebot3_gazebo/share/turtlebot3_gazebo//models/turtlebot3_autorace_2020/traffic_tunnel/model.config
[0.747s] -- Up-to-date: /home/khw/simulation_ws/src/install/turtlebot3_gazebo/share/turtlebot3_gazebo//models/turtlebot3_autorace_2020/traffic_intersection
[0.747s] -- Up-to-date: /home/khw/simulation_ws/src/install/turtlebot3_gazebo/share/turtlebot3_gazebo//models/turtlebot3_autorace_2020/traffic_intersection/materials
[0.747s] -- Up-to-date: /home/khw/simulation_ws/src/install/turtlebot3_gazebo/share/turtlebot3_gazebo//models/turtlebot3_autorace_2020/traffic_intersection/materials/scripts
[0.747s] -- Up-to-date: /home/khw/simulation_ws/src/install/turtlebot3_gazebo/share/turtlebot3_gazebo//models/turtlebot3_autorace_2020/traffic_intersection/materials/scripts/traffic_intersection.material
[0.748s] -- Up-to-date: /home/khw/simulation_ws/src/install/turtlebot3_gazebo/share/turtlebot3_gazebo//models/turtlebot3_autorace_2020/traffic_intersection/materials/textures
[0.748s] -- Up-to-date: /home/khw/simulation_ws/src/install/turtlebot3_gazebo/share/turtlebot3_gazebo//models/turtlebot3_autorace_2020/traffic_intersection/materials/textures/traffic_intersection.png
[0.748s] -- Up-to-date: /home/khw/simulation_ws/src/install/turtlebot3_gazebo/share/turtlebot3_gazebo//models/turtlebot3_autorace_2020/traffic_intersection/model.sdf
[0.748s] -- Up-to-date: /home/khw/simulation_ws/src/install/turtlebot3_gazebo/share/turtlebot3_gazebo//models/turtlebot3_autorace_2020/traffic_intersection/model.config
[0.748s] -- Up-to-date: /home/khw/simulation_ws/src/install/turtlebot3_gazebo/share/turtlebot3_gazebo//models/turtlebot3_autorace_2020/traffic_stop
[0.748s] -- Up-to-date: /home/khw/simulation_ws/src/install/turtlebot3_gazebo/share/turtlebot3_gazebo//models/turtlebot3_autorace_2020/traffic_stop/materials
[0.748s] -- Up-to-date: /home/khw/simulation_ws/src/install/turtlebot3_gazebo/share/turtlebot3_gazebo//models/turtlebot3_autorace_2020/traffic_stop/materials/scripts
[0.749s] -- Up-to-date: /home/khw/simulation_ws/src/install/turtlebot3_gazebo/share/turtlebot3_gazebo//models/turtlebot3_autorace_2020/traffic_stop/materials/scripts/traffic_stop.material
[0.749s] -- Up-to-date: /home/khw/simulation_ws/src/install/turtlebot3_gazebo/share/turtlebot3_gazebo//models/turtlebot3_autorace_2020/traffic_stop/materials/textures
[0.749s] -- Up-to-date: /home/khw/simulation_ws/src/install/turtlebot3_gazebo/share/turtlebot3_gazebo//models/turtlebot3_autorace_2020/traffic_stop/materials/textures/traffic_stop.png
[0.749s] -- Up-to-date: /home/khw/simulation_ws/src/install/turtlebot3_gazebo/share/turtlebot3_gazebo//models/turtlebot3_autorace_2020/traffic_stop/model.sdf
[0.749s] -- Up-to-date: /home/khw/simulation_ws/src/install/turtlebot3_gazebo/share/turtlebot3_gazebo//models/turtlebot3_autorace_2020/traffic_stop/model.config
[0.749s] -- Up-to-date: /home/khw/simulation_ws/src/install/turtlebot3_gazebo/share/turtlebot3_gazebo//models/turtlebot3_autorace_2020/course
[0.749s] -- Up-to-date: /home/khw/simulation_ws/src/install/turtlebot3_gazebo/share/turtlebot3_gazebo//models/turtlebot3_autorace_2020/course/materials
[0.749s] -- Up-to-date: /home/khw/simulation_ws/src/install/turtlebot3_gazebo/share/turtlebot3_gazebo//models/turtlebot3_autorace_2020/course/materials/scripts
[0.749s] -- Up-to-date: /home/khw/simulation_ws/src/install/turtlebot3_gazebo/share/turtlebot3_gazebo//models/turtlebot3_autorace_2020/course/materials/scripts/course.material
[0.749s] -- Up-to-date: /home/khw/simulation_ws/src/install/turtlebot3_gazebo/share/turtlebot3_gazebo//models/turtlebot3_autorace_2020/course/materials/textures
[0.750s] -- Up-to-date: /home/khw/simulation_ws/src/install/turtlebot3_gazebo/share/turtlebot3_gazebo//models/turtlebot3_autorace_2020/course/materials/textures/course.png
[0.750s] -- Up-to-date: /home/khw/simulation_ws/src/install/turtlebot3_gazebo/share/turtlebot3_gazebo//models/turtlebot3_autorace_2020/course/model.sdf
[0.750s] -- Up-to-date: /home/khw/simulation_ws/src/install/turtlebot3_gazebo/share/turtlebot3_gazebo//models/turtlebot3_autorace_2020/course/model.config
[0.750s] -- Up-to-date: /home/khw/simulation_ws/src/install/turtlebot3_gazebo/share/turtlebot3_gazebo//models/turtlebot3_autorace_2020/traffic_light
[0.750s] -- Up-to-date: /home/khw/simulation_ws/src/install/turtlebot3_gazebo/share/turtlebot3_gazebo//models/turtlebot3_autorace_2020/traffic_light/materials
[0.750s] -- Up-to-date: /home/khw/simulation_ws/src/install/turtlebot3_gazebo/share/turtlebot3_gazebo//models/turtlebot3_autorace_2020/traffic_light/materials/scripts
[0.750s] -- Up-to-date: /home/khw/simulation_ws/src/install/turtlebot3_gazebo/share/turtlebot3_gazebo//models/turtlebot3_autorace_2020/traffic_light/materials/scripts/traffic_light.material
[0.751s] -- Up-to-date: /home/khw/simulation_ws/src/install/turtlebot3_gazebo/share/turtlebot3_gazebo//models/turtlebot3_autorace_2020/traffic_light/materials/textures
[0.751s] -- Up-to-date: /home/khw/simulation_ws/src/install/turtlebot3_gazebo/share/turtlebot3_gazebo//models/turtlebot3_autorace_2020/traffic_light/materials/textures/traffic_light.png
[0.751s] -- Up-to-date: /home/khw/simulation_ws/src/install/turtlebot3_gazebo/share/turtlebot3_gazebo//models/turtlebot3_autorace_2020/traffic_light/materials/textures/traffic_light_yellow.png
[0.751s] -- Up-to-date: /home/khw/simulation_ws/src/install/turtlebot3_gazebo/share/turtlebot3_gazebo//models/turtlebot3_autorace_2020/traffic_light/materials/textures/traffic_light_green.png
[0.751s] -- Up-to-date: /home/khw/simulation_ws/src/install/turtlebot3_gazebo/share/turtlebot3_gazebo//models/turtlebot3_autorace_2020/traffic_light/materials/textures/traffic_light_red.png
[0.751s] -- Up-to-date: /home/khw/simulation_ws/src/install/turtlebot3_gazebo/share/turtlebot3_gazebo//models/turtlebot3_autorace_2020/traffic_light/model.sdf
[0.751s] -- Up-to-date: /home/khw/simulation_ws/src/install/turtlebot3_gazebo/share/turtlebot3_gazebo//models/turtlebot3_autorace_2020/traffic_light/model.config
[0.752s] -- Up-to-date: /home/khw/simulation_ws/src/install/turtlebot3_gazebo/share/turtlebot3_gazebo//models/turtlebot3_autorace_2020/traffic_bar
[0.752s] -- Up-to-date: /home/khw/simulation_ws/src/install/turtlebot3_gazebo/share/turtlebot3_gazebo//models/turtlebot3_autorace_2020/traffic_bar/materials
[0.752s] -- Up-to-date: /home/khw/simulation_ws/src/install/turtlebot3_gazebo/share/turtlebot3_gazebo//models/turtlebot3_autorace_2020/traffic_bar/materials/scripts
[0.752s] -- Up-to-date: /home/khw/simulation_ws/src/install/turtlebot3_gazebo/share/turtlebot3_gazebo//models/turtlebot3_autorace_2020/traffic_bar/materials/scripts/traffic_bar.material
[0.752s] -- Up-to-date: /home/khw/simulation_ws/src/install/turtlebot3_gazebo/share/turtlebot3_gazebo//models/turtlebot3_autorace_2020/traffic_bar/materials/textures
[0.752s] -- Up-to-date: /home/khw/simulation_ws/src/install/turtlebot3_gazebo/share/turtlebot3_gazebo//models/turtlebot3_autorace_2020/traffic_bar/materials/textures/traffic_bar.png
[0.753s] -- Up-to-date: /home/khw/simulation_ws/src/install/turtlebot3_gazebo/share/turtlebot3_gazebo//models/turtlebot3_autorace_2020/traffic_bar/model.sdf
[0.753s] -- Up-to-date: /home/khw/simulation_ws/src/install/turtlebot3_gazebo/share/turtlebot3_gazebo//models/turtlebot3_autorace_2020/traffic_bar/model.config
[0.753s] -- Up-to-date: /home/khw/simulation_ws/src/install/turtlebot3_gazebo/share/turtlebot3_gazebo//models/turtlebot3_dqn_world
[0.753s] -- Up-to-date: /home/khw/simulation_ws/src/install/turtlebot3_gazebo/share/turtlebot3_gazebo//models/turtlebot3_dqn_world/obstacles
[0.753s] -- Up-to-date: /home/khw/simulation_ws/src/install/turtlebot3_gazebo/share/turtlebot3_gazebo//models/turtlebot3_dqn_world/obstacles/model.sdf
[0.753s] -- Up-to-date: /home/khw/simulation_ws/src/install/turtlebot3_gazebo/share/turtlebot3_gazebo//models/turtlebot3_dqn_world/obstacles/model.config
[0.753s] -- Up-to-date: /home/khw/simulation_ws/src/install/turtlebot3_gazebo/share/turtlebot3_gazebo//models/turtlebot3_dqn_world/obstacle1
[0.754s] -- Up-to-date: /home/khw/simulation_ws/src/install/turtlebot3_gazebo/share/turtlebot3_gazebo//models/turtlebot3_dqn_world/obstacle1/model.sdf
[0.754s] -- Up-to-date: /home/khw/simulation_ws/src/install/turtlebot3_gazebo/share/turtlebot3_gazebo//models/turtlebot3_dqn_world/obstacle1/model.config
[0.754s] -- Up-to-date: /home/khw/simulation_ws/src/install/turtlebot3_gazebo/share/turtlebot3_gazebo//models/turtlebot3_dqn_world/goal_box
[0.754s] -- Up-to-date: /home/khw/simulation_ws/src/install/turtlebot3_gazebo/share/turtlebot3_gazebo//models/turtlebot3_dqn_world/goal_box/model.sdf
[0.754s] -- Up-to-date: /home/khw/simulation_ws/src/install/turtlebot3_gazebo/share/turtlebot3_gazebo//models/turtlebot3_dqn_world/goal_box/model.config
[0.754s] -- Up-to-date: /home/khw/simulation_ws/src/install/turtlebot3_gazebo/share/turtlebot3_gazebo//models/turtlebot3_dqn_world/inner_walls
[0.754s] -- Up-to-date: /home/khw/simulation_ws/src/install/turtlebot3_gazebo/share/turtlebot3_gazebo//models/turtlebot3_dqn_world/inner_walls/model.sdf
[0.754s] -- Up-to-date: /home/khw/simulation_ws/src/install/turtlebot3_gazebo/share/turtlebot3_gazebo//models/turtlebot3_dqn_world/inner_walls/model.config
[0.754s] -- Up-to-date: /home/khw/simulation_ws/src/install/turtlebot3_gazebo/share/turtlebot3_gazebo//models/turtlebot3_dqn_world/model.sdf
[0.754s] -- Up-to-date: /home/khw/simulation_ws/src/install/turtlebot3_gazebo/share/turtlebot3_gazebo//models/turtlebot3_dqn_world/model.config
[0.755s] -- Up-to-date: /home/khw/simulation_ws/src/install/turtlebot3_gazebo/share/turtlebot3_gazebo//models/turtlebot3_dqn_world/obstacle2
[0.755s] -- Up-to-date: /home/khw/simulation_ws/src/install/turtlebot3_gazebo/share/turtlebot3_gazebo//models/turtlebot3_dqn_world/obstacle2/model.sdf
[0.755s] -- Up-to-date: /home/khw/simulation_ws/src/install/turtlebot3_gazebo/share/turtlebot3_gazebo//models/turtlebot3_dqn_world/obstacle2/model.config
[0.755s] -- Up-to-date: /home/khw/simulation_ws/src/install/turtlebot3_gazebo/share/turtlebot3_gazebo//models/turtlebot3_burger
[0.755s] -- Up-to-date: /home/khw/simulation_ws/src/install/turtlebot3_gazebo/share/turtlebot3_gazebo//models/turtlebot3_burger/model-1_4.sdf
[0.755s] -- Up-to-date: /home/khw/simulation_ws/src/install/turtlebot3_gazebo/share/turtlebot3_gazebo//models/turtlebot3_burger/model.sdf
[0.755s] -- Up-to-date: /home/khw/simulation_ws/src/install/turtlebot3_gazebo/share/turtlebot3_gazebo//models/turtlebot3_burger/model.config
[0.755s] -- Up-to-date: /home/khw/simulation_ws/src/install/turtlebot3_gazebo/share/turtlebot3_gazebo//models/turtlebot3_waffle_pi
[0.756s] -- Up-to-date: /home/khw/simulation_ws/src/install/turtlebot3_gazebo/share/turtlebot3_gazebo//models/turtlebot3_waffle_pi/model.sdf
[0.756s] -- Up-to-date: /home/khw/simulation_ws/src/install/turtlebot3_gazebo/share/turtlebot3_gazebo//models/turtlebot3_waffle_pi/model-1_4_.sdf
[0.756s] -- Up-to-date: /home/khw/simulation_ws/src/install/turtlebot3_gazebo/share/turtlebot3_gazebo//models/turtlebot3_waffle_pi/model.config
[0.756s] -- Up-to-date: /home/khw/simulation_ws/src/install/turtlebot3_gazebo/share/turtlebot3_gazebo//models/turtlebot3_house
[0.756s] -- Up-to-date: /home/khw/simulation_ws/src/install/turtlebot3_gazebo/share/turtlebot3_gazebo//models/turtlebot3_house/model.sdf
[0.756s] -- Up-to-date: /home/khw/simulation_ws/src/install/turtlebot3_gazebo/share/turtlebot3_gazebo//models/turtlebot3_house/model.config
[0.756s] -- Up-to-date: /home/khw/simulation_ws/src/install/turtlebot3_gazebo/share/turtlebot3_gazebo//models/turtlebot3_world
[0.756s] -- Up-to-date: /home/khw/simulation_ws/src/install/turtlebot3_gazebo/share/turtlebot3_gazebo//models/turtlebot3_world/model-1_4.sdf
[0.757s] -- Up-to-date: /home/khw/simulation_ws/src/install/turtlebot3_gazebo/share/turtlebot3_gazebo//models/turtlebot3_world/meshes
[0.757s] -- Up-to-date: /home/khw/simulation_ws/src/install/turtlebot3_gazebo/share/turtlebot3_gazebo//models/turtlebot3_world/meshes/hexagon.dae
[0.757s] -- Up-to-date: /home/khw/simulation_ws/src/install/turtlebot3_gazebo/share/turtlebot3_gazebo//models/turtlebot3_world/meshes/wall.dae
[0.757s] -- Up-to-date: /home/khw/simulation_ws/src/install/turtlebot3_gazebo/share/turtlebot3_gazebo//models/turtlebot3_world/model.sdf
[0.757s] -- Up-to-date: /home/khw/simulation_ws/src/install/turtlebot3_gazebo/share/turtlebot3_gazebo//models/turtlebot3_world/model.config
[0.757s] -- Up-to-date: /home/khw/simulation_ws/src/install/turtlebot3_gazebo/share/turtlebot3_gazebo//models/turtlebot3_common
[0.757s] -- Up-to-date: /home/khw/simulation_ws/src/install/turtlebot3_gazebo/share/turtlebot3_gazebo//models/turtlebot3_common/meshes
[0.757s] -- Up-to-date: /home/khw/simulation_ws/src/install/turtlebot3_gazebo/share/turtlebot3_gazebo//models/turtlebot3_common/meshes/tire.dae
[0.758s] -- Up-to-date: /home/khw/simulation_ws/src/install/turtlebot3_gazebo/share/turtlebot3_gazebo//models/turtlebot3_common/meshes/wheels
[0.758s] -- Up-to-date: /home/khw/simulation_ws/src/install/turtlebot3_gazebo/share/turtlebot3_gazebo//models/turtlebot3_common/meshes/wheels/left_tire.stl
[0.758s] -- Up-to-date: /home/khw/simulation_ws/src/install/turtlebot3_gazebo/share/turtlebot3_gazebo//models/turtlebot3_common/meshes/wheels/right_tire.stl
[0.758s] -- Up-to-date: /home/khw/simulation_ws/src/install/turtlebot3_gazebo/share/turtlebot3_gazebo//models/turtlebot3_common/meshes/bases
[0.758s] -- Up-to-date: /home/khw/simulation_ws/src/install/turtlebot3_gazebo/share/turtlebot3_gazebo//models/turtlebot3_common/meshes/bases/burger_base.stl
[0.758s] -- Up-to-date: /home/khw/simulation_ws/src/install/turtlebot3_gazebo/share/turtlebot3_gazebo//models/turtlebot3_common/meshes/bases/waffle_pi_base.stl
[0.758s] -- Up-to-date: /home/khw/simulation_ws/src/install/turtlebot3_gazebo/share/turtlebot3_gazebo//models/turtlebot3_common/meshes/bases/waffle_base.stl
[0.759s] -- Up-to-date: /home/khw/simulation_ws/src/install/turtlebot3_gazebo/share/turtlebot3_gazebo//models/turtlebot3_common/meshes/lds.dae
[0.759s] -- Up-to-date: /home/khw/simulation_ws/src/install/turtlebot3_gazebo/share/turtlebot3_gazebo//models/turtlebot3_common/meshes/burger_base.dae
[0.759s] -- Up-to-date: /home/khw/simulation_ws/src/install/turtlebot3_gazebo/share/turtlebot3_gazebo//models/turtlebot3_common/meshes/r200.dae
[0.759s] -- Up-to-date: /home/khw/simulation_ws/src/install/turtlebot3_gazebo/share/turtlebot3_gazebo//models/turtlebot3_common/meshes/waffle_pi_base.dae
[0.759s] -- Up-to-date: /home/khw/simulation_ws/src/install/turtlebot3_gazebo/share/turtlebot3_gazebo//models/turtlebot3_common/meshes/sensors
[0.759s] -- Up-to-date: /home/khw/simulation_ws/src/install/turtlebot3_gazebo/share/turtlebot3_gazebo//models/turtlebot3_common/meshes/sensors/astra.dae
[0.759s] -- Up-to-date: /home/khw/simulation_ws/src/install/turtlebot3_gazebo/share/turtlebot3_gazebo//models/turtlebot3_common/meshes/sensors/lds.stl
[0.759s] -- Up-to-date: /home/khw/simulation_ws/src/install/turtlebot3_gazebo/share/turtlebot3_gazebo//models/turtlebot3_common/meshes/sensors/r200.jpg
[0.760s] -- Up-to-date: /home/khw/simulation_ws/src/install/turtlebot3_gazebo/share/turtlebot3_gazebo//models/turtlebot3_common/meshes/sensors/astra.jpg
[0.760s] -- Up-to-date: /home/khw/simulation_ws/src/install/turtlebot3_gazebo/share/turtlebot3_gazebo//models/turtlebot3_common/meshes/sensors/r200.dae
[0.760s] -- Up-to-date: /home/khw/simulation_ws/src/install/turtlebot3_gazebo/share/turtlebot3_gazebo//models/turtlebot3_common/meshes/waffle_base.dae
[0.761s] -- Up-to-date: /home/khw/simulation_ws/src/install/turtlebot3_gazebo/share/turtlebot3_gazebo//models/turtlebot3_common/model.config
[0.761s] -- Up-to-date: /home/khw/simulation_ws/src/install/turtlebot3_gazebo/share/turtlebot3_gazebo//models/turtlebot3_burger_cam
[0.761s] -- Up-to-date: /home/khw/simulation_ws/src/install/turtlebot3_gazebo/share/turtlebot3_gazebo//models/turtlebot3_burger_cam/model-1_4.sdf
[0.761s] -- Up-to-date: /home/khw/simulation_ws/src/install/turtlebot3_gazebo/share/turtlebot3_gazebo//models/turtlebot3_burger_cam/model.sdf
[0.762s] -- Up-to-date: /home/khw/simulation_ws/src/install/turtlebot3_gazebo/share/turtlebot3_gazebo//models/turtlebot3_burger_cam/model.config
[0.762s] -- Up-to-date: /home/khw/simulation_ws/src/install/turtlebot3_gazebo/share/turtlebot3_gazebo//rviz
[0.763s] -- Up-to-date: /home/khw/simulation_ws/src/install/turtlebot3_gazebo/share/turtlebot3_gazebo//rviz/tb3_gazebo.rviz
[0.763s] -- Up-to-date: /home/khw/simulation_ws/src/install/turtlebot3_gazebo/share/turtlebot3_gazebo//urdf
[0.764s] -- Up-to-date: /home/khw/simulation_ws/src/install/turtlebot3_gazebo/share/turtlebot3_gazebo//urdf/turtlebot3_waffle_pi.urdf
[0.764s] -- Up-to-date: /home/khw/simulation_ws/src/install/turtlebot3_gazebo/share/turtlebot3_gazebo//urdf/common_properties.urdf
[0.764s] -- Up-to-date: /home/khw/simulation_ws/src/install/turtlebot3_gazebo/share/turtlebot3_gazebo//urdf/turtlebot3_burger_cam.urdf
[0.764s] -- Up-to-date: /home/khw/simulation_ws/src/install/turtlebot3_gazebo/share/turtlebot3_gazebo//urdf/turtlebot3_waffle.urdf
[0.764s] -- Up-to-date: /home/khw/simulation_ws/src/install/turtlebot3_gazebo/share/turtlebot3_gazebo//urdf/turtlebot3_burger.urdf
[0.764s] -- Up-to-date: /home/khw/simulation_ws/src/install/turtlebot3_gazebo/share/turtlebot3_gazebo//worlds
[0.764s] -- Up-to-date: /home/khw/simulation_ws/src/install/turtlebot3_gazebo/share/turtlebot3_gazebo//worlds/turtlebot3_dqn_stage2.world
[0.764s] -- Up-to-date: /home/khw/simulation_ws/src/install/turtlebot3_gazebo/share/turtlebot3_gazebo//worlds/turtlebot3_autorace_2020.world
[0.764s] -- Up-to-date: /home/khw/simulation_ws/src/install/turtlebot3_gazebo/share/turtlebot3_gazebo//worlds/empty_world.world
[0.765s] -- Up-to-date: /home/khw/simulation_ws/src/install/turtlebot3_gazebo/share/turtlebot3_gazebo//worlds/turtlebot3_dqn_stage4.world
[0.765s] -- Up-to-date: /home/khw/simulation_ws/src/install/turtlebot3_gazebo/share/turtlebot3_gazebo//worlds/turtlebot3_dqn_stage1.world
[0.765s] -- Up-to-date: /home/khw/simulation_ws/src/install/turtlebot3_gazebo/share/turtlebot3_gazebo//worlds/turtlebot3_dqn_stage3.world
[0.765s] -- Up-to-date: /home/khw/simulation_ws/src/install/turtlebot3_gazebo/share/turtlebot3_gazebo//worlds/turtlebot3_world.world
[0.765s] -- Up-to-date: /home/khw/simulation_ws/src/install/turtlebot3_gazebo/share/turtlebot3_gazebo//worlds/project.world
[0.765s] -- Up-to-date: /home/khw/simulation_ws/src/install/turtlebot3_gazebo/share/turtlebot3_gazebo//worlds/turtlebot3_house.world
[0.765s] -- Up-to-date: /home/khw/simulation_ws/src/install/turtlebot3_gazebo/include/
[0.765s] -- Up-to-date: /home/khw/simulation_ws/src/install/turtlebot3_gazebo/include//turtlebot3_gazebo
[0.766s] -- Up-to-date: /home/khw/simulation_ws/src/install/turtlebot3_gazebo/include//turtlebot3_gazebo/obstacles.hpp
[0.766s] -- Up-to-date: /home/khw/simulation_ws/src/install/turtlebot3_gazebo/include//turtlebot3_gazebo/turtlebot3_drive.hpp
[0.766s] -- Up-to-date: /home/khw/simulation_ws/src/install/turtlebot3_gazebo/include//turtlebot3_gazebo/traffic_bar_plugin.hpp
[0.766s] -- Up-to-date: /home/khw/simulation_ws/src/install/turtlebot3_gazebo/include//turtlebot3_gazebo/traffic_light_plugin.hpp
[0.766s] -- Up-to-date: /home/khw/simulation_ws/src/install/turtlebot3_gazebo/include//turtlebot3_gazebo/obstacle1.hpp
[0.767s] -- Up-to-date: /home/khw/simulation_ws/src/install/turtlebot3_gazebo/include//turtlebot3_gazebo/obstacle2.hpp
[0.767s] -- Up-to-date: /home/khw/simulation_ws/src/install/turtlebot3_gazebo/share/ament_index/resource_index/package_run_dependencies/turtlebot3_gazebo
[0.767s] -- Up-to-date: /home/khw/simulation_ws/src/install/turtlebot3_gazebo/share/ament_index/resource_index/parent_prefix_path/turtlebot3_gazebo
[0.767s] -- Up-to-date: /home/khw/simulation_ws/src/install/turtlebot3_gazebo/share/turtlebot3_gazebo/environment/ament_prefix_path.sh
[0.767s] -- Up-to-date: /home/khw/simulation_ws/src/install/turtlebot3_gazebo/share/turtlebot3_gazebo/environment/ament_prefix_path.dsv
[0.767s] -- Up-to-date: /home/khw/simulation_ws/src/install/turtlebot3_gazebo/share/turtlebot3_gazebo/environment/path.sh
[0.767s] -- Up-to-date: /home/khw/simulation_ws/src/install/turtlebot3_gazebo/share/turtlebot3_gazebo/environment/path.dsv
[0.767s] -- Up-to-date: /home/khw/simulation_ws/src/install/turtlebot3_gazebo/share/turtlebot3_gazebo/local_setup.bash
[0.767s] -- Up-to-date: /home/khw/simulation_ws/src/install/turtlebot3_gazebo/share/turtlebot3_gazebo/local_setup.sh
[0.768s] -- Up-to-date: /home/khw/simulation_ws/src/install/turtlebot3_gazebo/share/turtlebot3_gazebo/local_setup.zsh
[0.768s] -- Up-to-date: /home/khw/simulation_ws/src/install/turtlebot3_gazebo/share/turtlebot3_gazebo/local_setup.dsv
[0.768s] -- Up-to-date: /home/khw/simulation_ws/src/install/turtlebot3_gazebo/share/turtlebot3_gazebo/package.dsv
[0.768s] -- Up-to-date: /home/khw/simulation_ws/src/install/turtlebot3_gazebo/share/ament_index/resource_index/packages/turtlebot3_gazebo
[0.768s] -- Up-to-date: /home/khw/simulation_ws/src/install/turtlebot3_gazebo/share/turtlebot3_gazebo/cmake/ament_cmake_export_include_directories-extras.cmake
[0.768s] -- Up-to-date: /home/khw/simulation_ws/src/install/turtlebot3_gazebo/share/turtlebot3_gazebo/cmake/ament_cmake_export_dependencies-extras.cmake
[0.768s] -- Up-to-date: /home/khw/simulation_ws/src/install/turtlebot3_gazebo/share/turtlebot3_gazebo/cmake/turtlebot3_gazeboConfig.cmake
[0.768s] -- Up-to-date: /home/khw/simulation_ws/src/install/turtlebot3_gazebo/share/turtlebot3_gazebo/cmake/turtlebot3_gazeboConfig-version.cmake
[0.768s] -- Up-to-date: /home/khw/simulation_ws/src/install/turtlebot3_gazebo/share/turtlebot3_gazebo/package.xml
