[0.021s] Invoking command in '/home/khw/simulation_ws/build/dynamixel_sdk_custom_interfaces': /usr/bin/cmake /home/khw/simulation_ws/src/DynamixelSDK/ros/dynamixel_sdk_custom_interfaces -DCMAKE_INSTALL_PREFIX=/home/khw/simulation_ws/install/dynamixel_sdk_custom_interfaces
[0.385s] -- Found ament_cmake: 1.3.11 (/opt/ros/humble/share/ament_cmake/cmake)
[0.385s] -- Configuring incomplete, errors occurred!
[0.385s] See also "/home/khw/simulation_ws/build/dynamixel_sdk_custom_interfaces/CMakeFiles/CMakeOutput.log".
[0.386s] Traceback (most recent call last):
[0.386s]   File "/opt/ros/humble/share/ament_cmake_core/cmake/package_templates/templates_2_cmake.py", line 21, in <module>
[0.386s]     from ament_package.templates import get_environment_hook_template_path
[0.386s] ModuleNotFoundError: No module named 'ament_package'
[0.386s] [31mCMake Error at /opt/ros/humble/share/ament_cmake_core/cmake/ament_cmake_package_templates-extras.cmake:41 (message):
[0.386s]   execute_process(/usr/bin/python3
[0.386s]   /opt/ros/humble/share/ament_cmake_core/cmake/package_templates/templates_2_cmake.py
[0.386s]   /home/khw/simulation_ws/build/dynamixel_sdk_custom_interfaces/ament_cmake_package_templates/templates.cmake)
[0.386s]   returned error code 1
[0.386s] Call Stack (most recent call first):
[0.386s]   /opt/ros/humble/share/ament_cmake_core/cmake/ament_cmake_coreConfig.cmake:41 (include)
[0.386s]   /opt/ros/humble/share/ament_cmake/cmake/ament_cmake_export_dependencies-extras.cmake:15 (find_package)
[0.386s]   /opt/ros/humble/share/ament_cmake/cmake/ament_cmakeConfig.cmake:41 (include)
[0.386s]   CMakeLists.txt:14 (find_package)
[0.386s] 
[0.386s] [0m
[0.631s] Invoked command in '/home/khw/simulation_ws/build/dynamixel_sdk_custom_interfaces' returned '1': /usr/bin/cmake /home/khw/simulation_ws/src/DynamixelSDK/ros/dynamixel_sdk_custom_interfaces -DCMAKE_INSTALL_PREFIX=/home/khw/simulation_ws/install/dynamixel_sdk_custom_interfaces
