[0.148s] Invoking command in '/home/khw/simulation_ws/build/turtlebot3_description': CMAKE_PREFIX_PATH=${CMAKE_PREFIX_PATH}:/opt/ros/humble:/home/khw/simulation_ws/install/turtlebot3_teleop:/home/khw/simulation_ws/install/turtlebot3_example:/home/khw/simulation_ws/install/odom_tools /usr/bin/cmake --build /home/khw/simulation_ws/build/turtlebot3_description -- -j12 -l12
[2.449s] Invoked command in '/home/khw/simulation_ws/build/turtlebot3_description' returned '0': CMAKE_PREFIX_PATH=${CMAKE_PREFIX_PATH}:/opt/ros/humble:/home/khw/simulation_ws/install/turtlebot3_teleop:/home/khw/simulation_ws/install/turtlebot3_example:/home/khw/simulation_ws/install/odom_tools /usr/bin/cmake --build /home/khw/simulation_ws/build/turtlebot3_description -- -j12 -l12
[2.456s] Invoking command in '/home/khw/simulation_ws/build/turtlebot3_description': CMAKE_PREFIX_PATH=${CMAKE_PREFIX_PATH}:/opt/ros/humble:/home/khw/simulation_ws/install/turtlebot3_teleop:/home/khw/simulation_ws/install/turtlebot3_example:/home/khw/simulation_ws/install/odom_tools /usr/bin/cmake --install /home/khw/simulation_ws/build/turtlebot3_description
[2.547s] -- Install configuration: ""
[2.550s] -- Execute custom install script
[2.552s] -- Up-to-date symlink: /home/khw/simulation_ws/install/turtlebot3_description/share/turtlebot3_description/meshes/bases/burger_base.stl
[2.553s] -- Up-to-date symlink: /home/khw/simulation_ws/install/turtlebot3_description/share/turtlebot3_description/meshes/bases/waffle_base.stl
[2.555s] -- Up-to-date symlink: /home/khw/simulation_ws/install/turtlebot3_description/share/turtlebot3_description/meshes/bases/waffle_pi_base.stl
[2.558s] -- Up-to-date symlink: /home/khw/simulation_ws/install/turtlebot3_description/share/turtlebot3_description/meshes/sensors/astra.dae
[2.561s] -- Up-to-date symlink: /home/khw/simulation_ws/install/turtlebot3_description/share/turtlebot3_description/meshes/sensors/astra.jpg
[2.563s] -- Up-to-date symlink: /home/khw/simulation_ws/install/turtlebot3_description/share/turtlebot3_description/meshes/sensors/lds.stl
[2.565s] -- Up-to-date symlink: /home/khw/simulation_ws/install/turtlebot3_description/share/turtlebot3_description/meshes/sensors/r200.dae
[2.566s] -- Up-to-date symlink: /home/khw/simulation_ws/install/turtlebot3_description/share/turtlebot3_description/meshes/sensors/r200.jpg
[2.566s] -- Up-to-date symlink: /home/khw/simulation_ws/install/turtlebot3_description/share/turtlebot3_description/meshes/wheels/left_tire.stl
[2.566s] -- Up-to-date symlink: /home/khw/simulation_ws/install/turtlebot3_description/share/turtlebot3_description/meshes/wheels/right_tire.stl
[2.566s] -- Up-to-date symlink: /home/khw/simulation_ws/install/turtlebot3_description/share/turtlebot3_description/rviz/model.rviz
[2.567s] -- Up-to-date symlink: /home/khw/simulation_ws/install/turtlebot3_description/share/turtlebot3_description/urdf/common_properties.urdf
[2.569s] -- Up-to-date symlink: /home/khw/simulation_ws/install/turtlebot3_description/share/turtlebot3_description/urdf/turtlebot3_burger.urdf
[2.570s] -- Up-to-date symlink: /home/khw/simulation_ws/install/turtlebot3_description/share/turtlebot3_description/urdf/turtlebot3_waffle.urdf
[2.571s] -- Up-to-date symlink: /home/khw/simulation_ws/install/turtlebot3_description/share/turtlebot3_description/urdf/turtlebot3_waffle_pi.urdf
[2.571s] -- Up-to-date symlink: /home/khw/simulation_ws/install/turtlebot3_description/share/ament_index/resource_index/package_run_dependencies/turtlebot3_description
[2.572s] -- Up-to-date symlink: /home/khw/simulation_ws/install/turtlebot3_description/share/ament_index/resource_index/parent_prefix_path/turtlebot3_description
[2.572s] -- Up-to-date symlink: /home/khw/simulation_ws/install/turtlebot3_description/share/turtlebot3_description/environment/ament_prefix_path.sh
[2.573s] -- Up-to-date symlink: /home/khw/simulation_ws/install/turtlebot3_description/share/turtlebot3_description/environment/ament_prefix_path.dsv
[2.573s] -- Up-to-date symlink: /home/khw/simulation_ws/install/turtlebot3_description/share/turtlebot3_description/environment/path.sh
[2.574s] -- Up-to-date symlink: /home/khw/simulation_ws/install/turtlebot3_description/share/turtlebot3_description/environment/path.dsv
[2.574s] -- Up-to-date symlink: /home/khw/simulation_ws/install/turtlebot3_description/share/turtlebot3_description/local_setup.bash
[2.575s] -- Up-to-date symlink: /home/khw/simulation_ws/install/turtlebot3_description/share/turtlebot3_description/local_setup.sh
[2.576s] -- Up-to-date symlink: /home/khw/simulation_ws/install/turtlebot3_description/share/turtlebot3_description/local_setup.zsh
[2.578s] -- Up-to-date symlink: /home/khw/simulation_ws/install/turtlebot3_description/share/turtlebot3_description/local_setup.dsv
[2.579s] -- Symlinking: /home/khw/simulation_ws/install/turtlebot3_description/share/turtlebot3_description/package.dsv
[2.670s] -- Up-to-date symlink: /home/khw/simulation_ws/install/turtlebot3_description/share/ament_index/resource_index/packages/turtlebot3_description
[2.674s] -- Up-to-date symlink: /home/khw/simulation_ws/install/turtlebot3_description/share/turtlebot3_description/cmake/turtlebot3_descriptionConfig.cmake
[2.675s] -- Up-to-date symlink: /home/khw/simulation_ws/install/turtlebot3_description/share/turtlebot3_description/cmake/turtlebot3_descriptionConfig-version.cmake
[2.675s] -- Up-to-date symlink: /home/khw/simulation_ws/install/turtlebot3_description/share/turtlebot3_description/package.xml
[2.869s] Invoked command in '/home/khw/simulation_ws/build/turtlebot3_description' returned '0': CMAKE_PREFIX_PATH=${CMAKE_PREFIX_PATH}:/opt/ros/humble:/home/khw/simulation_ws/install/turtlebot3_teleop:/home/khw/simulation_ws/install/turtlebot3_example:/home/khw/simulation_ws/install/odom_tools /usr/bin/cmake --install /home/khw/simulation_ws/build/turtlebot3_description
